============================================================
  Generated by:           Encounter(R) RTL Compiler v10.10-s209_1
  Generated on:           Dec 17 2014  06:54:17 pm
  Module:                 GCC
  Technology libraries:   tcbn65gpluswc 121
                          physical_cells 
  Operating conditions:   WCCOM 
  Interconnect mode:      ple
  Area mode:              physical library
============================================================

    Pin             Type     Fanout Load Slew Delay Arrival   
                                    (fF) (ps)  (ps)   (ps)    
--------------------------------------------------------------
(clock CLK)        launch                                 0 R 
Ycc_reg[2]/CP                               0             0 R 
Ycc_reg[2]/Q       DFD1           1  0.6   17  +126     126 F 
Yc[2]         <<<  out port                      +0     126 F 
--------------------------------------------------------------
Timing slack :  UNCONSTRAINED
Start-point  : Ycc_reg[2]/CP
End-point    : Yc[2]
