============================================================
  Generated by:           Encounter(R) RTL Compiler v10.10-s209_1
  Generated on:           Dec 17 2014  06:33:57 pm
  Module:                 GCC
  Technology libraries:   tcbn65gpluswc 121
                          physical_cells 
  Operating conditions:   WCCOM 
  Interconnect mode:      ple
  Area mode:              physical library
============================================================

     Pin                Type         Fanout Load Slew Delay Arrival   
                                            (fF) (ps)  (ps)   (ps)    
----------------------------------------------------------------------
(clock CLK)         launch                                        0 R 
Ycc_reg[0]/clk                                      0             0 R 
Ycc_reg[0]/q        unmapped_d_flop       1  0.6    0  +128     128 R 
Yc[0]          <<<  out port                             +0     128 R 
----------------------------------------------------------------------
Timing slack :  UNCONSTRAINED
Start-point  : Ycc_reg[0]/clk
End-point    : Yc[0]
