============================================================
  Generated by:           Encounter(R) RTL Compiler v12.10-s012_1
  Generated on:           Oct 09 2015  03:48:52 pm
  Module:                 ALT_MULTADD
  Technology library:     tcbn65gpluswc 121
  Operating conditions:   WCCOM (balanced_tree)
  Wireload mode:          segmented
  Area mode:              timing library
============================================================

	Timing
	------

 Slack    Endpoint   Cost Group 
-------------------------------------
  +69ps oR_reg[16]/D iCLK       


	Area
	----

  Instance   Cells  Cell Area  Net Area  Total Area    Wireload      
---------------------------------------------------------------------
ALT_MULTADD   1018       4104         0        4104 ZeroWireload (S) 

 (S) = wireload was automatically selected

	Design Rule Check
	-----------------

Max_transition design rule: no violations.

Max_capacitance design rule: no violations.


