============================================================
  Generated by:           Encounter(R) RTL Compiler v12.10-s012_1
  Generated on:           Oct 14 2015  04:30:11 pm
  Module:                 ALT_MULTADD
  Technology library:     tcbn65gpluswc 121
  Operating conditions:   WCCOM (balanced_tree)
  Wireload mode:          segmented
  Area mode:              timing library
============================================================

                               
   Gate    Instances    Area        Library     
------------------------------------------------
AN2XD1            24    51.840    tcbn65gpluswc 
AO21D1             4    10.080    tcbn65gpluswc 
AO221D0            2     7.200    tcbn65gpluswc 
AO22D0            25    72.000    tcbn65gpluswc 
AOI211XD0          1     2.520    tcbn65gpluswc 
AOI21D1           12    25.920    tcbn65gpluswc 
AOI22D1           54   136.080    tcbn65gpluswc 
CKND0              2     2.160    tcbn65gpluswc 
CKND1             37    39.960    tcbn65gpluswc 
CKND2D1           53    76.320    tcbn65gpluswc 
CKXOR2D1           4    14.400    tcbn65gpluswc 
CMPE42D1           1    16.560    tcbn65gpluswc 
DFQD1             50   342.000    tcbn65gpluswc 
FCICIND1           3    14.040    tcbn65gpluswc 
FICIND1            3    31.320    tcbn65gpluswc 
HA1D0             11    63.360    tcbn65gpluswc 
IAO21D1            2     5.040    tcbn65gpluswc 
IND2D1            21    45.360    tcbn65gpluswc 
INR2D1             7    15.120    tcbn65gpluswc 
INR2XD0           21    45.360    tcbn65gpluswc 
INVD1             50    54.000    tcbn65gpluswc 
MAOI222D0         10    28.800    tcbn65gpluswc 
MAOI222D1        198   570.240    tcbn65gpluswc 
MAOI22D1          91   262.080    tcbn65gpluswc 
MOAI22D1         141   406.080    tcbn65gpluswc 
MUX2D0             1     3.240    tcbn65gpluswc 
MUX2ND0            3     8.640    tcbn65gpluswc 
ND2D1            187   269.280    tcbn65gpluswc 
NR2D1             25    36.000    tcbn65gpluswc 
NR2XD0            45    64.800    tcbn65gpluswc 
OA21D1            11    27.720    tcbn65gpluswc 
OA221D0            1     3.600    tcbn65gpluswc 
OA22D0            20    57.600    tcbn65gpluswc 
OAI211D1           1     2.520    tcbn65gpluswc 
OAI21D1           14    30.240    tcbn65gpluswc 
OAI221D0           4    11.520    tcbn65gpluswc 
OAI22D1           42   105.840    tcbn65gpluswc 
OR2D1              1     2.160    tcbn65gpluswc 
OR2XD1             1     2.160    tcbn65gpluswc 
XNR2D1            14    50.400    tcbn65gpluswc 
XNR3D1           120   734.400    tcbn65gpluswc 
XNR4D1             1     9.000    tcbn65gpluswc 
XOR2D1             3    10.800    tcbn65gpluswc 
XOR3D1            78   477.360    tcbn65gpluswc 
------------------------------------------------
total           1399  4245.120                  


                                     
   Type    Instances   Area   Area % 
-------------------------------------
sequential        50  342.000    8.1 
inverter          89   96.120    2.3 
logic           1260 3807.000   89.7 
-------------------------------------
total           1399 4245.120  100.0 

