============================================================
  Generated by:           Encounter(R) RTL Compiler v12.10-s012_1
  Generated on:           Oct 18 2015  06:35:35 pm
  Module:                 ALT_MULTADD_pipe
  Technology library:     tcbn65gpluswc 121
  Operating conditions:   WCCOM (balanced_tree)
  Wireload mode:          segmented
  Area mode:              timing library
============================================================

            Pin                 Type     Fanout Load Slew Delay Arrival   
                                                (fF) (ps)  (ps)   (ps)    
--------------------------------------------------------------------------
(clock iCLK)                   launch                                 0 R 
M1_reg[3]/CP                                            0             0 R 
M1_reg[3]/Q                    DFQD4          5  9.4   33  +127     127 F 
g11957/I                                                     +0     127   
g11957/ZN                      CKND4          6  9.2   26   +25     152 R 
csa_tree_add_25_28_g13816/I                                  +0     152   
csa_tree_add_25_28_g13816/ZN   CKND2          5  8.7   33   +28     180 F 
csa_tree_add_25_28_g8295/A2                                  +0     180   
csa_tree_add_25_28_g8295/ZN    CKND2D2        1  3.4   34   +31     211 R 
csa_tree_add_25_28_g8105/A2                                  +0     211   
csa_tree_add_25_28_g8105/ZN    ND2D3          6  6.8   34   +34     245 F 
csa_tree_add_25_28_g7643/B1                                  +0     245   
csa_tree_add_25_28_g7643/ZN    MOAI22D1       2  2.3   43   +64     309 F 
csa_tree_add_25_28_g7515/A1                                  +0     309   
csa_tree_add_25_28_g7515/ZN    CKND2D1        2  3.3   54   +42     351 R 
g13591/A2                                                    +0     351   
g13591/ZN                      CKND2D2        2  2.3   23   +30     380 F 
g319/A1                                                      +0     380   
g319/Z                         OA21D1         2  2.8   31   +62     443 F 
g10928/A1                                                    +0     443   
g10928/ZN                      NR2XD1         2  2.1   32   +27     470 R 
g10931/A1                                                    +0     470   
g10931/ZN                      MOAI22D1       1  1.1   32   +26     496 F 
g12279/A1                                                    +0     496   
g12279/ZN                      CKND2D1        1  1.2   32   +27     522 R 
g12278/B                                                     +0     522   
g12278/ZN                      IOA21D1        2  2.8   43   +35     557 F 
g13149/A2                                                    +0     557   
g13149/ZN                      NR2XD1         3  3.8   46   +45     602 R 
g11685/A1                                                    +0     602   
g11685/ZN                      NR2XD1         1  2.1   25   +26     628 F 
g11684/A1                                                    +0     628   
g11684/ZN                      NR2D2          3  3.3   46   +34     663 R 
g12706/A1                                                    +0     663   
g12706/ZN                      NR3D1          1  1.7   31   +26     689 F 
g13640/A1                                                    +0     689   
g13640/ZN                      NR2XD1         1  4.0   48   +36     724 R 
g13249/A1                                                    +0     724   
g13249/ZN                      CKND2D4        8  8.8   33   +32     757 F 
g11694/I                                                     +0     757   
g11694/ZN                      CKND0          1  1.2   32   +29     786 R 
g35/A1                                                       +0     786   
g35/ZN                         NR2D1          2  2.4   25   +22     808 F 
g12966/A1                                                    +0     808   
g12966/ZN                      OAI21D1        1  1.2   47   +35     843 R 
g845/A1                                                      +0     843   
g845/ZN                        ND3D1          1  1.2   46   +41     884 F 
g844/A1                                                      +0     884   
g844/ZN                        ND2D1          1  1.1   26   +26     909 R 
oRESULT_reg[11]/D              DFQD1                         +0     909   
oRESULT_reg[11]/CP             setup                    0   +31     940 R 
- - - - - - - - - - - - - - - - - - - - - - - - - - - - - - - - - - - - - 
(clock iCLK)                   capture                              940 R 
--------------------------------------------------------------------------
Cost Group   : 'iCLK' (path_group 'iCLK')
Timing slack :       0ps 
Start-point  : M1_reg[3]/CP
End-point    : oRESULT_reg[11]/D
