============================================================
  Generated by:           Encounter(R) RTL Compiler v12.10-s012_1
  Generated on:           Oct 18 2015  06:35:35 pm
  Module:                 ALT_MULTADD_pipe
  Technology library:     tcbn65gpluswc 121
  Operating conditions:   WCCOM (balanced_tree)
  Wireload mode:          segmented
  Area mode:              timing library
============================================================

                               
   Gate    Instances    Area        Library     
------------------------------------------------
AN2D2              2     5.040    tcbn65gpluswc 
AN2D4              4    17.280    tcbn65gpluswc 
AN2XD1            49   105.840    tcbn65gpluswc 
AN3XD1             1     2.520    tcbn65gpluswc 
AO21D1            14    35.280    tcbn65gpluswc 
AO22D0             1     2.880    tcbn65gpluswc 
AO22D1             6    19.440    tcbn65gpluswc 
AO22D2             2     7.920    tcbn65gpluswc 
AOI21D1           17    36.720    tcbn65gpluswc 
AOI21D2            8    25.920    tcbn65gpluswc 
AOI22D0            1     2.520    tcbn65gpluswc 
AOI22D1            9    22.680    tcbn65gpluswc 
AOI22D2           10    43.200    tcbn65gpluswc 
AOI31D2            1     4.320    tcbn65gpluswc 
AOI32D0            1     2.880    tcbn65gpluswc 
AOI32D1            1     2.880    tcbn65gpluswc 
BUFFD0             3     4.320    tcbn65gpluswc 
BUFFD1             5     7.200    tcbn65gpluswc 
BUFFD2             7    15.120    tcbn65gpluswc 
BUFFD4             2     6.480    tcbn65gpluswc 
BUFFD8             1     5.760    tcbn65gpluswc 
CKAN2D1            2     4.320    tcbn65gpluswc 
CKBD1             11    15.840    tcbn65gpluswc 
CKBD2              2     4.320    tcbn65gpluswc 
CKLNQD1            1     6.480    tcbn65gpluswc 
CKND0             12    12.960    tcbn65gpluswc 
CKND1            143   154.440    tcbn65gpluswc 
CKND2             85   122.400    tcbn65gpluswc 
CKND2D0            4     5.760    tcbn65gpluswc 
CKND2D1          183   263.520    tcbn65gpluswc 
CKND2D2          134   337.680    tcbn65gpluswc 
CKND2D3            5    16.200    tcbn65gpluswc 
CKND2D4            2     8.640    tcbn65gpluswc 
CKND3             19    41.040    tcbn65gpluswc 
CKND4             14    35.280    tcbn65gpluswc 
CKND6              2     6.480    tcbn65gpluswc 
CKXOR2D1           9    32.400    tcbn65gpluswc 
DFD1               1     7.200    tcbn65gpluswc 
DFKCND1            1     8.280    tcbn65gpluswc 
DFKCNQD1           9    64.800    tcbn65gpluswc 
DFQD1              7    47.880    tcbn65gpluswc 
DFQD2             34   244.800    tcbn65gpluswc 
DFQD4             30   248.400    tcbn65gpluswc 
FCICIND1           6    28.080    tcbn65gpluswc 
HA1D0              3    17.280    tcbn65gpluswc 
HICIND1            2    13.680    tcbn65gpluswc 
IAO21D1            5    12.600    tcbn65gpluswc 
IAO21D2            3     9.720    tcbn65gpluswc 
IAO22D1            1     3.240    tcbn65gpluswc 
IAO22D2            2     7.920    tcbn65gpluswc 
IND2D0             2     4.320    tcbn65gpluswc 
IND2D1            69   149.040    tcbn65gpluswc 
IND2D2            17    48.960    tcbn65gpluswc 
IND3D1             6    15.120    tcbn65gpluswc 
IND3D2             1     4.320    tcbn65gpluswc 
INR2D1             5    10.800    tcbn65gpluswc 
INR2D2             2     5.760    tcbn65gpluswc 
INR2D4             1     5.040    tcbn65gpluswc 
INR2XD0           13    28.080    tcbn65gpluswc 
INR2XD1            4    11.520    tcbn65gpluswc 
INR2XD4            1     9.360    tcbn65gpluswc 
INVD0             12    12.960    tcbn65gpluswc 
INVD1            171   184.680    tcbn65gpluswc 
INVD2             32    46.080    tcbn65gpluswc 
INVD3              5    10.800    tcbn65gpluswc 
INVD4              7    17.640    tcbn65gpluswc 
INVD6              4    12.960    tcbn65gpluswc 
IOA21D1           43   108.360    tcbn65gpluswc 
IOA21D2           63   204.120    tcbn65gpluswc 
MAOI222D0          2     5.760    tcbn65gpluswc 
MAOI222D1         39   112.320    tcbn65gpluswc 
MAOI22D1          12    34.560    tcbn65gpluswc 
MOAI22D0           5    14.400    tcbn65gpluswc 
MOAI22D1          93   267.840    tcbn65gpluswc 
MUX2ND0            4    11.520    tcbn65gpluswc 
ND2D0             20    28.800    tcbn65gpluswc 
ND2D1            371   534.240    tcbn65gpluswc 
ND2D2            219   551.880    tcbn65gpluswc 
ND2D3              9    29.160    tcbn65gpluswc 
ND2D4              8    34.560    tcbn65gpluswc 
ND3D1             24    51.840    tcbn65gpluswc 
ND3D2             16    51.840    tcbn65gpluswc 
ND4D1              1     2.520    tcbn65gpluswc 
NR2D0              4     5.760    tcbn65gpluswc 
NR2D1             39    56.160    tcbn65gpluswc 
NR2D2             18    45.360    tcbn65gpluswc 
NR2D3              4    12.960    tcbn65gpluswc 
NR2D4              1     4.320    tcbn65gpluswc 
NR2XD0            67    96.480    tcbn65gpluswc 
NR2XD1            69   173.880    tcbn65gpluswc 
NR2XD2            35   151.200    tcbn65gpluswc 
NR2XD3             2    12.240    tcbn65gpluswc 
NR2XD4             2    15.840    tcbn65gpluswc 
NR3D1              2     6.480    tcbn65gpluswc 
OA21D1            14    35.280    tcbn65gpluswc 
OA21D2             1     2.880    tcbn65gpluswc 
OAI21D1           44    95.040    tcbn65gpluswc 
OAI21D2           11    35.640    tcbn65gpluswc 
OAI21D4            3    19.440    tcbn65gpluswc 
OAI221D1           2     6.480    tcbn65gpluswc 
OAI22D1           14    35.280    tcbn65gpluswc 
OAI22D2            4    17.280    tcbn65gpluswc 
OAI31D1            2     5.040    tcbn65gpluswc 
OR2D0              1     2.160    tcbn65gpluswc 
OR2D1             16    34.560    tcbn65gpluswc 
OR2XD1             5    10.800    tcbn65gpluswc 
XNR2D1            10    36.000    tcbn65gpluswc 
XNR3D1             6    36.720    tcbn65gpluswc 
XOR2D1             7    25.200    tcbn65gpluswc 
XOR3D1             9    55.080    tcbn65gpluswc 
------------------------------------------------
total           2550  5812.560                  


                                                       
            Type             Instances   Area   Area % 
-------------------------------------------------------
sequential                          82  621.360   10.7 
inverter                           506  657.720   11.3 
buffer                              31   59.040    1.0 
clock_gating_integrated_cell         1    6.480    0.1 
logic                             1930 4467.960   76.9 
-------------------------------------------------------
total                             2550 5812.560  100.0 

