============================================================
  Generated by:           Encounter(R) RTL Compiler v12.10-s012_1
  Generated on:           Oct 18 2015  06:50:41 pm
  Module:                 ALT_MULTADD_pipe
  Technology library:     tcbn65gpluswc 121
  Operating conditions:   WCCOM (balanced_tree)
  Wireload mode:          segmented
  Area mode:              timing library
============================================================

	Timing
	------

 Slack                              Endpoint                             Cost Group 
-----------------------------------------------------------------------------------------
   +0ps final_adder_add_25_28_Y_final_adder_add_22_22/retime_s3_13_reg/D iCLK       


	Area
	----

    Instance      Cells  Cell Area  Net Area  Total Area    Wireload      
--------------------------------------------------------------------------
ALT_MULTADD_pipe   1370       3820         0        3820 ZeroWireload (S) 

 (S) = wireload was automatically selected

	Design Rule Check
	-----------------

Max_transition design rule: no violations.

Max_capacitance design rule: no violations.


