============================================================
  Generated by:           Encounter(R) RTL Compiler v12.10-s012_1
  Generated on:           Oct 18 2015  06:50:41 pm
  Module:                 ALT_MULTADD_pipe
  Technology library:     tcbn65gpluswc 121
  Operating conditions:   WCCOM (balanced_tree)
  Wireload mode:          segmented
  Area mode:              timing library
============================================================

                    Instance                     Cells  Cell Area  Net Area  Total Area    Wireload      
---------------------------------------------------------------------------------------------------------
ALT_MULTADD_pipe                                  1370       3820         0        3820 ZeroWireload (S) 
  csa_tree_add_25_28                               605       1517         0        1517 ZeroWireload (S) 
  mul_19_14                                        262        675         0         675 ZeroWireload (S) 
  mul_20_14                                        249        669         0         669 ZeroWireload (S) 
  final_adder_add_25_28_Y_final_adder_add_22_22    130        384         0         384 ZeroWireload (S) 
  sharing_mux                                       25         64         0          64 ZeroWireload (S) 
  sharing_mux59                                     25         57         0          57 ZeroWireload (S) 
  RC_CG_HIER_INST0                                   1          6         0           6 ZeroWireload (S) 
  sharing_mux60                                      1          2         0           2 ZeroWireload (S) 

 (S) = wireload was automatically selected
