============================================================
  Generated by:           Encounter(R) RTL Compiler v12.10-s012_1
  Generated on:           Oct 18 2015  06:50:41 pm
  Module:                 ALT_MULTADD_pipe
  Technology library:     tcbn65gpluswc 121
  Operating conditions:   WCCOM (balanced_tree)
  Wireload mode:          segmented
  Area mode:              timing library
============================================================

                               
   Gate    Instances    Area        Library     
------------------------------------------------
AN2XD1            11    23.760    tcbn65gpluswc 
AO21D1             5    12.600    tcbn65gpluswc 
AO22D0            27    77.760    tcbn65gpluswc 
AO22D1            29    93.960    tcbn65gpluswc 
AO22D2             1     3.960    tcbn65gpluswc 
AOI21D0            1     2.160    tcbn65gpluswc 
AOI21D1           25    54.000    tcbn65gpluswc 
AOI21D2            2     6.480    tcbn65gpluswc 
AOI221D0           4    11.520    tcbn65gpluswc 
AOI22D1           47   118.440    tcbn65gpluswc 
AOI22D2            3    12.960    tcbn65gpluswc 
AOI32D0            1     2.880    tcbn65gpluswc 
CKAN2D1           16    34.560    tcbn65gpluswc 
CKLNQD1            1     6.480    tcbn65gpluswc 
CKND0              1     1.080    tcbn65gpluswc 
CKND1             53    57.240    tcbn65gpluswc 
CKND2              1     1.440    tcbn65gpluswc 
CKND2D1           68    97.920    tcbn65gpluswc 
CKND3              2     4.320    tcbn65gpluswc 
CKND4              2     5.040    tcbn65gpluswc 
CKXOR2D1           6    21.600    tcbn65gpluswc 
DFD1               6    43.200    tcbn65gpluswc 
DFKCNQD1          11    79.200    tcbn65gpluswc 
DFKSND1            3    27.000    tcbn65gpluswc 
DFQD1             62   424.080    tcbn65gpluswc 
DFQD2             23   165.600    tcbn65gpluswc 
DFQD4              2    16.560    tcbn65gpluswc 
FCICIND1           9    42.120    tcbn65gpluswc 
FICOND2            1    12.240    tcbn65gpluswc 
HA1D0              5    28.800    tcbn65gpluswc 
HA1D1              1     6.120    tcbn65gpluswc 
IAO21D1            8    20.160    tcbn65gpluswc 
IAO21D2            1     3.240    tcbn65gpluswc 
IAO22D0            1     3.240    tcbn65gpluswc 
IAO22D1            3     9.720    tcbn65gpluswc 
IND2D0             4     8.640    tcbn65gpluswc 
IND2D1            19    41.040    tcbn65gpluswc 
IND2D2             3     8.640    tcbn65gpluswc 
INR2D0             5    10.800    tcbn65gpluswc 
INR2D1            10    21.600    tcbn65gpluswc 
INR2XD0           17    36.720    tcbn65gpluswc 
INVD1             59    63.720    tcbn65gpluswc 
INVD2             11    15.840    tcbn65gpluswc 
INVD3              1     2.160    tcbn65gpluswc 
INVD4              1     2.520    tcbn65gpluswc 
INVD6              3     9.720    tcbn65gpluswc 
IOA21D0            1     2.520    tcbn65gpluswc 
IOA21D1           19    47.880    tcbn65gpluswc 
IOA21D2            8    25.920    tcbn65gpluswc 
MAOI222D0          4    11.520    tcbn65gpluswc 
MAOI222D1         80   230.400    tcbn65gpluswc 
MAOI22D1          36   103.680    tcbn65gpluswc 
MOAI22D0          13    37.440    tcbn65gpluswc 
MOAI22D1         151   434.880    tcbn65gpluswc 
MUX2D0             1     3.240    tcbn65gpluswc 
MUX2D1             2     7.200    tcbn65gpluswc 
MUX2ND0            1     2.880    tcbn65gpluswc 
ND2D0              7    10.080    tcbn65gpluswc 
ND2D1            169   243.360    tcbn65gpluswc 
ND2D2              6    15.120    tcbn65gpluswc 
ND2D3              2     6.480    tcbn65gpluswc 
ND2D4              1     4.320    tcbn65gpluswc 
NR2D0             10    14.400    tcbn65gpluswc 
NR2D1             39    56.160    tcbn65gpluswc 
NR2D3              1     3.240    tcbn65gpluswc 
NR2XD0            55    79.200    tcbn65gpluswc 
NR2XD1             4    10.080    tcbn65gpluswc 
NR2XD2             2     8.640    tcbn65gpluswc 
NR2XD3             2    12.240    tcbn65gpluswc 
NR2XD4             1     7.920    tcbn65gpluswc 
NR3D0              1     2.160    tcbn65gpluswc 
OA21D1             9    22.680    tcbn65gpluswc 
OA22D0             3     8.640    tcbn65gpluswc 
OA22D1             1     3.240    tcbn65gpluswc 
OAI211D0           1     2.520    tcbn65gpluswc 
OAI21D0            6    12.960    tcbn65gpluswc 
OAI21D1           22    47.520    tcbn65gpluswc 
OAI221D0           3     8.640    tcbn65gpluswc 
OAI22D1           46   115.920    tcbn65gpluswc 
OAI22D2            3    12.960    tcbn65gpluswc 
OAI31D0            1     2.520    tcbn65gpluswc 
OR2D1              3     6.480    tcbn65gpluswc 
OR2XD1             5    10.800    tcbn65gpluswc 
SDFQND0            2    15.840    tcbn65gpluswc 
XNR2D1            17    61.200    tcbn65gpluswc 
XNR3D1            23   140.760    tcbn65gpluswc 
XNR3D4             1    10.440    tcbn65gpluswc 
XNR4D1             1     9.000    tcbn65gpluswc 
XOR2D1             2     7.200    tcbn65gpluswc 
XOR3D1            28   171.360    tcbn65gpluswc 
XOR3D2             1     6.840    tcbn65gpluswc 
XOR4D1             1     9.000    tcbn65gpluswc 
------------------------------------------------
total           1370  3820.320                  


                                                       
            Type             Instances   Area   Area % 
-------------------------------------------------------
sequential                         109  771.480   20.2 
inverter                           134  163.080    4.3 
clock_gating_integrated_cell         1    6.480    0.2 
logic                             1126 2879.280   75.4 
-------------------------------------------------------
total                             1370 3820.320  100.0 

