============================================================
  Generated by:           Encounter(R) RTL Compiler v12.10-s012_1
  Generated on:           Oct 18 2015  06:50:41 pm
  Module:                 ALT_MULTADD_pipe
  Technology library:     tcbn65gpluswc 121
  Operating conditions:   WCCOM (balanced_tree)
  Wireload mode:          segmented
  Area mode:              timing library
============================================================

                                   Leakage    Dynamic      Total    
          Instance          Cells Power(nW)  Power(nW)   Power(nW)  
--------------------------------------------------------------------
ALT_MULTADD_pipe             1370 31988.559 3570951.409 3602939.968 
  csa_tree_add_25_28          605 13603.837 1339405.062 1353008.898 
  mul_19_14                   262  5674.255  447626.928  453301.183 
  mul_20_14                   249  5647.303  420800.942  426448.246 
  final_adde..der_add_22_22   130  2550.018  384372.458  386922.476 
  sharing_mux                  25   456.713   47143.090   47599.803 
  sharing_mux59                25   362.531   36462.034   36824.565 
  RC_CG_HIER_INST0              1    41.184   27935.244   27976.429 
  sharing_mux60                 1    11.899     320.077     331.976 

