============================================================
  Generated by:           Encounter(R) RTL Compiler v12.10-s012_1
  Generated on:           Oct 23 2015  05:43:24 pm
  Module:                 ALT_MULTADD
  Technology library:     tcbn65gpluswc 121
  Operating conditions:   WCCOM (balanced_tree)
  Wireload mode:          segmented
  Area mode:              timing library
============================================================

Timing
--------

Clock Period 
-------------
clk    500.0 


  Cost    Critical            Violating 
 Group   Path Slack    TNS      Paths   
----------------------------------------
default     -1352.8   -19369         17 
----------------------------------------
Total                 -19369         17 

Instance Count
--------------
Leaf Instance Count            3885 
Sequential Instance Count        49 
Combinational Instance Count   3836 
Hierarchical Instance Count       0 
Total Area                         8725.680
Cell Area                          8725.680


Max Fanout                         49 (iCLK)
Min Fanout                         1 (n_4)
Average Fanout                     1.9
Terms to net ratio                 2.9
Terms to instance ratio            3.0
Runtime                            2430 seconds
RC peak memory usage:              171.93 
EDI peak memory usage:             no_value 
Hostname                           co2046-06.ece.iastate.edu
