============================================================
  Generated by:           Encounter(R) RTL Compiler v12.10-s012_1
  Generated on:           Oct 23 2015  05:57:02 pm
  Module:                 ALT_MULTADD
  Technology library:     tcbn65gpluswc 121
  Operating conditions:   WCCOM (balanced_tree)
  Wireload mode:          segmented
  Area mode:              timing library
============================================================

Timing
--------

Clock Period 
-------------
clk    500.0 


  Cost    Critical            Violating 
 Group   Path Slack    TNS      Paths   
----------------------------------------
default     -1398.2   -21970         34 
----------------------------------------
Total                 -21970         34 

Instance Count
--------------
Leaf Instance Count            3978 
Sequential Instance Count        49 
Combinational Instance Count   3929 
Hierarchical Instance Count       0 
Total Area                         8653.320
Cell Area                          8653.320


Max Fanout                         49 (iCLK)
Min Fanout                         1 (B1[5])
Average Fanout                     1.9
Terms to net ratio                 2.9
Terms to instance ratio            3.0
Runtime                            3185 seconds
RC peak memory usage:              171.92 
EDI peak memory usage:             no_value 
Hostname                           co2046-06.ece.iastate.edu
