============================================================
  Generated by:           Encounter(R) RTL Compiler v12.10-s012_1
  Generated on:           Oct 23 2015  05:57:43 pm
  Module:                 ALT_MULTADD
  Technology library:     tcbn65gpluswc 121
  Operating conditions:   WCCOM (balanced_tree)
  Wireload mode:          segmented
  Area mode:              timing library
============================================================

Timing
--------

Clock Period 
-------------
clk    500.0 


  Cost    Critical            Violating 
 Group   Path Slack    TNS      Paths   
----------------------------------------
default     -1738.4   -81105         49 
----------------------------------------
Total                 -81105         49 

Instance Count
--------------
Leaf Instance Count            1621 
Sequential Instance Count        49 
Combinational Instance Count   1572 
Hierarchical Instance Count       0 
Total Area                         5260.680
Cell Area                          5260.680


Max Fanout                         49 (iCLK)
Min Fanout                         1 (n_21)
Average Fanout                     2.0
Terms to net ratio                 3.0
Terms to instance ratio            3.5
Runtime                            3203 seconds
RC peak memory usage:              171.92 
EDI peak memory usage:             no_value 
Hostname                           co2046-06.ece.iastate.edu
