============================================================
  Generated by:           Encounter(R) RTL Compiler v12.10-s012_1
  Generated on:           Oct 23 2015  05:58:27 pm
  Module:                 ALT_MULTADD
  Technology library:     tcbn65gpluswc 121
  Operating conditions:   WCCOM (balanced_tree)
  Wireload mode:          segmented
  Area mode:              timing library
============================================================

                               
   Gate    Instances    Area        Library     
------------------------------------------------
AN2D1              4     8.640    tcbn65gpluswc 
AN2D4              2     8.640    tcbn65gpluswc 
AN2XD1            72   155.520    tcbn65gpluswc 
AO21D1             9    22.680    tcbn65gpluswc 
AO22D0            11    31.680    tcbn65gpluswc 
AO22D1            11    35.640    tcbn65gpluswc 
AOI211D1           1     2.520    tcbn65gpluswc 
AOI211XD1          1     4.320    tcbn65gpluswc 
AOI21D1            8    17.280    tcbn65gpluswc 
AOI21D4            3    19.440    tcbn65gpluswc 
AOI22D1            5    12.600    tcbn65gpluswc 
AOI22D2            2     8.640    tcbn65gpluswc 
AOI31D1            1     2.520    tcbn65gpluswc 
BUFFD2             6    12.960    tcbn65gpluswc 
CKAN2D1            2     4.320    tcbn65gpluswc 
CKBD0              1     1.440    tcbn65gpluswc 
CKBD1             18    25.920    tcbn65gpluswc 
CKND0              2     2.160    tcbn65gpluswc 
CKND1             58    62.640    tcbn65gpluswc 
CKND2             17    24.480    tcbn65gpluswc 
CKND2D0            2     2.880    tcbn65gpluswc 
CKND2D1           63    90.720    tcbn65gpluswc 
CKND2D2           23    57.960    tcbn65gpluswc 
CKND2D4            1     4.320    tcbn65gpluswc 
CKND4              1     2.520    tcbn65gpluswc 
CKXOR2D1          10    36.000    tcbn65gpluswc 
CMPE42D1           6    99.360    tcbn65gpluswc 
DFKCND4            4    47.520    tcbn65gpluswc 
DFKCNQD4          13   112.320    tcbn65gpluswc 
DFQD1             10    68.400    tcbn65gpluswc 
DFQD2              5    36.000    tcbn65gpluswc 
DFQD4             17   140.760    tcbn65gpluswc 
FA1D0             73   657.000    tcbn65gpluswc 
FA1D1            112  1128.960    tcbn65gpluswc 
FA1D4              3    43.200    tcbn65gpluswc 
FCICIND1          16    74.880    tcbn65gpluswc 
FCICOND1           4    12.960    tcbn65gpluswc 
FICIND1            1    10.440    tcbn65gpluswc 
FICOND1            2    22.320    tcbn65gpluswc 
FICOND2            1    12.240    tcbn65gpluswc 
FIICOND1           1    10.440    tcbn65gpluswc 
HA1D0              4    23.040    tcbn65gpluswc 
HA1D1              5    30.600    tcbn65gpluswc 
HICIND1            1     6.840    tcbn65gpluswc 
HICIND2            1     7.560    tcbn65gpluswc 
IAO21D2            7    22.680    tcbn65gpluswc 
IAO22D1            1     3.240    tcbn65gpluswc 
IND2D0             1     2.160    tcbn65gpluswc 
IND2D1            53   114.480    tcbn65gpluswc 
IND2D2            30    86.400    tcbn65gpluswc 
IND2D4             2    11.520    tcbn65gpluswc 
IND3D1             2     5.040    tcbn65gpluswc 
INR2D1            15    32.400    tcbn65gpluswc 
INR2D2             5    14.400    tcbn65gpluswc 
INR2D4             4    20.160    tcbn65gpluswc 
INR2XD0            3     6.480    tcbn65gpluswc 
INR2XD1            3     8.640    tcbn65gpluswc 
INR2XD4            2    18.720    tcbn65gpluswc 
INR3D0             1     2.520    tcbn65gpluswc 
INVD1            141   152.280    tcbn65gpluswc 
INVD2             16    23.040    tcbn65gpluswc 
INVD3              4     8.640    tcbn65gpluswc 
INVD4              2     5.040    tcbn65gpluswc 
IOA21D1           10    25.200    tcbn65gpluswc 
IOA21D2           17    55.080    tcbn65gpluswc 
IOA22D2            1     3.960    tcbn65gpluswc 
MAOI222D0          3     8.640    tcbn65gpluswc 
MAOI222D1         27    77.760    tcbn65gpluswc 
MAOI222D2          1     4.680    tcbn65gpluswc 
MAOI22D1          13    37.440    tcbn65gpluswc 
MOAI22D0           4    11.520    tcbn65gpluswc 
MOAI22D1          63   181.440    tcbn65gpluswc 
MOAI22D2           1     4.320    tcbn65gpluswc 
MUX2D0             4    12.960    tcbn65gpluswc 
MUX2D1            12    43.200    tcbn65gpluswc 
MUX2D2             2     7.920    tcbn65gpluswc 
MUX2D4             1     6.120    tcbn65gpluswc 
MUX2ND0            1     2.880    tcbn65gpluswc 
ND2D0              3     4.320    tcbn65gpluswc 
ND2D1            252   362.880    tcbn65gpluswc 
ND2D2             36    90.720    tcbn65gpluswc 
ND2D4              1     4.320    tcbn65gpluswc 
ND3D1              4     8.640    tcbn65gpluswc 
ND3D2              2     6.480    tcbn65gpluswc 
NR2D0              8    11.520    tcbn65gpluswc 
NR2D1             46    66.240    tcbn65gpluswc 
NR2D2              8    20.160    tcbn65gpluswc 
NR2D3              1     3.240    tcbn65gpluswc 
NR2XD0            70   100.800    tcbn65gpluswc 
NR2XD1            31    78.120    tcbn65gpluswc 
NR2XD2             4    17.280    tcbn65gpluswc 
NR3D0              1     2.160    tcbn65gpluswc 
OA21D1             4    10.080    tcbn65gpluswc 
OA22D0             1     2.880    tcbn65gpluswc 
OAI21D1           12    25.920    tcbn65gpluswc 
OAI21D2            4    12.960    tcbn65gpluswc 
OAI21D4            2    12.960    tcbn65gpluswc 
OAI221D1           1     3.240    tcbn65gpluswc 
OAI22D1            6    15.120    tcbn65gpluswc 
OAI32D1            4    11.520    tcbn65gpluswc 
OR2D1              8    17.280    tcbn65gpluswc 
OR2XD1             3     6.480    tcbn65gpluswc 
XNR2D0             1     3.600    tcbn65gpluswc 
XNR2D1             8    28.800    tcbn65gpluswc 
XNR2D4             1     7.560    tcbn65gpluswc 
XNR3D0             1     6.120    tcbn65gpluswc 
XNR3D1            15    91.800    tcbn65gpluswc 
XNR3D2             2    15.840    tcbn65gpluswc 
XOR2D1             3    10.800    tcbn65gpluswc 
XOR3D0             5    30.600    tcbn65gpluswc 
XOR3D1            15    91.800    tcbn65gpluswc 
XOR3D2             4    27.360    tcbn65gpluswc 
------------------------------------------------
total           1632  5433.840                  


                                     
   Type    Instances   Area   Area % 
-------------------------------------
sequential        49  405.000    7.5 
inverter         241  280.800    5.2 
buffer            25   40.320    0.7 
logic           1317 4707.720   86.6 
-------------------------------------
total           1632 5433.840  100.0 

