============================================================
  Generated by:           Encounter(R) RTL Compiler v12.10-s012_1
  Generated on:           Oct 23 2015  06:06:16 pm
  Module:                 ALT_MULTADD
  Technology library:     tcbn65gpluswc 121
  Operating conditions:   WCCOM (balanced_tree)
  Wireload mode:          segmented
  Area mode:              timing library
============================================================

                               
   Gate    Instances    Area        Library     
------------------------------------------------
AN2D0              1     2.160    tcbn65gpluswc 
AN2D2              6    15.120    tcbn65gpluswc 
AN2D4              7    30.240    tcbn65gpluswc 
AN2XD1            65   140.400    tcbn65gpluswc 
AN3XD1             1     2.520    tcbn65gpluswc 
AO21D1            19    47.880    tcbn65gpluswc 
AO21D2             1     2.880    tcbn65gpluswc 
AO222D1            1     4.320    tcbn65gpluswc 
AO22D0            18    51.840    tcbn65gpluswc 
AO22D1             6    19.440    tcbn65gpluswc 
AO22D2             1     3.960    tcbn65gpluswc 
AOI211XD0          1     2.520    tcbn65gpluswc 
AOI21D1           37    79.920    tcbn65gpluswc 
AOI21D2           13    42.120    tcbn65gpluswc 
AOI21D4            2    12.960    tcbn65gpluswc 
AOI22D1            7    17.640    tcbn65gpluswc 
AOI22D2           11    47.520    tcbn65gpluswc 
AOI33D1            1     3.240    tcbn65gpluswc 
BMLD4              3    38.880    tcbn65gpluswc 
BUFFD1             6     8.640    tcbn65gpluswc 
BUFFD2            13    28.080    tcbn65gpluswc 
BUFFD3             2     5.040    tcbn65gpluswc 
BUFFD6             3    12.960    tcbn65gpluswc 
BUFFD8             2    11.520    tcbn65gpluswc 
CKBD0              1     1.440    tcbn65gpluswc 
CKBD1             10    14.400    tcbn65gpluswc 
CKBD12             1     7.920    tcbn65gpluswc 
CKBD2              2     4.320    tcbn65gpluswc 
CKBD4              2     6.480    tcbn65gpluswc 
CKMUX2D1           2     7.200    tcbn65gpluswc 
CKND0             10    10.800    tcbn65gpluswc 
CKND1            236   254.880    tcbn65gpluswc 
CKND2            193   277.920    tcbn65gpluswc 
CKND2D0            4     5.760    tcbn65gpluswc 
CKND2D1          250   360.000    tcbn65gpluswc 
CKND2D2          213   536.760    tcbn65gpluswc 
CKND2D3            7    22.680    tcbn65gpluswc 
CKND2D4           12    51.840    tcbn65gpluswc 
CKND3              5    10.800    tcbn65gpluswc 
CKND4              8    20.160    tcbn65gpluswc 
CKXOR2D1           5    18.000    tcbn65gpluswc 
DFD2               2    16.560    tcbn65gpluswc 
DFKCNQD1          11    79.200    tcbn65gpluswc 
DFQD1              7    47.880    tcbn65gpluswc 
DFQD2              3    21.600    tcbn65gpluswc 
DFQD4             26   215.280    tcbn65gpluswc 
FA1D0             17   153.000    tcbn65gpluswc 
FA1D1             18   181.440    tcbn65gpluswc 
FCICIND1           5    23.400    tcbn65gpluswc 
FCICIND2           1     5.040    tcbn65gpluswc 
FCICOND1           2     6.480    tcbn65gpluswc 
FICOND1            1    11.160    tcbn65gpluswc 
FICOND2            1    12.240    tcbn65gpluswc 
FIICOND1           1    10.440    tcbn65gpluswc 
HA1D0              1     5.760    tcbn65gpluswc 
HA1D1              2    12.240    tcbn65gpluswc 
HICIND1            1     6.840    tcbn65gpluswc 
HICIND2            1     7.560    tcbn65gpluswc 
HICOND1            2    12.960    tcbn65gpluswc 
IAO21D2           13    42.120    tcbn65gpluswc 
IAO21D4            1     5.400    tcbn65gpluswc 
IAO22D2            2     7.920    tcbn65gpluswc 
IND2D0             5    10.800    tcbn65gpluswc 
IND2D1           126   272.160    tcbn65gpluswc 
IND2D2            52   149.760    tcbn65gpluswc 
IND2D4             5    28.800    tcbn65gpluswc 
IND3D0             1     2.520    tcbn65gpluswc 
IND3D1             9    22.680    tcbn65gpluswc 
IND3D2             5    21.600    tcbn65gpluswc 
IND4D1             1     2.880    tcbn65gpluswc 
INR2D0             1     2.160    tcbn65gpluswc 
INR2D1            12    25.920    tcbn65gpluswc 
INR2D2            10    28.800    tcbn65gpluswc 
INR2D4             2    10.080    tcbn65gpluswc 
INR2XD0           10    21.600    tcbn65gpluswc 
INR2XD1           12    34.560    tcbn65gpluswc 
INR2XD2            2     9.360    tcbn65gpluswc 
INR3D0             3     7.560    tcbn65gpluswc 
INR3D1             3    10.800    tcbn65gpluswc 
INR4D0             2     5.760    tcbn65gpluswc 
INVD0             10    10.800    tcbn65gpluswc 
INVD1            389   420.120    tcbn65gpluswc 
INVD12             1     6.120    tcbn65gpluswc 
INVD2             71   102.240    tcbn65gpluswc 
INVD3              4     8.640    tcbn65gpluswc 
INVD4              2     5.040    tcbn65gpluswc 
INVD6              1     3.240    tcbn65gpluswc 
IOA21D1           39    98.280    tcbn65gpluswc 
IOA21D2           76   246.240    tcbn65gpluswc 
IOA22D1            2     6.480    tcbn65gpluswc 
IOA22D2            2     7.920    tcbn65gpluswc 
MAOI222D0          1     2.880    tcbn65gpluswc 
MAOI222D1         24    69.120    tcbn65gpluswc 
MAOI22D1          14    40.320    tcbn65gpluswc 
MOAI22D0           2     5.760    tcbn65gpluswc 
MOAI22D1          59   169.920    tcbn65gpluswc 
MUX2D0             2     6.480    tcbn65gpluswc 
MUX2D1             3    10.800    tcbn65gpluswc 
MUX2D2             1     3.960    tcbn65gpluswc 
MUX2ND0            3     8.640    tcbn65gpluswc 
ND2D0             21    30.240    tcbn65gpluswc 
ND2D1            512   737.280    tcbn65gpluswc 
ND2D2            456  1149.120    tcbn65gpluswc 
ND2D3             31   100.440    tcbn65gpluswc 
ND2D4             31   133.920    tcbn65gpluswc 
ND2D8              2    15.840    tcbn65gpluswc 
ND3D1             57   123.120    tcbn65gpluswc 
ND3D2             23    74.520    tcbn65gpluswc 
ND3D3              1     4.680    tcbn65gpluswc 
ND4D1              3     7.560    tcbn65gpluswc 
NR2D0              2     2.880    tcbn65gpluswc 
NR2D1             78   112.320    tcbn65gpluswc 
NR2D2             29    73.080    tcbn65gpluswc 
NR2D3              4    12.960    tcbn65gpluswc 
NR2XD0            70   100.800    tcbn65gpluswc 
NR2XD1           130   327.600    tcbn65gpluswc 
NR2XD2            36   155.520    tcbn65gpluswc 
NR2XD3             3    18.360    tcbn65gpluswc 
NR2XD4             3    23.760    tcbn65gpluswc 
NR3D0              4     8.640    tcbn65gpluswc 
OA21D1             5    12.600    tcbn65gpluswc 
OA21D2             1     2.880    tcbn65gpluswc 
OA22D1             2     6.480    tcbn65gpluswc 
OA31D1             1     2.880    tcbn65gpluswc 
OA32D1             1     3.960    tcbn65gpluswc 
OAI211D1           2     5.040    tcbn65gpluswc 
OAI211D2           1     4.320    tcbn65gpluswc 
OAI21D0            5    10.800    tcbn65gpluswc 
OAI21D1           61   131.760    tcbn65gpluswc 
OAI21D2           17    55.080    tcbn65gpluswc 
OAI21D4            4    25.920    tcbn65gpluswc 
OAI221D0           3     8.640    tcbn65gpluswc 
OAI221D1           2     6.480    tcbn65gpluswc 
OAI22D1            3     7.560    tcbn65gpluswc 
OAI22D2            1     4.320    tcbn65gpluswc 
OAI32D1            1     2.880    tcbn65gpluswc 
OR2D0              1     2.160    tcbn65gpluswc 
OR2D1             26    56.160    tcbn65gpluswc 
OR2XD1            18    38.880    tcbn65gpluswc 
OR3D1              2     5.040    tcbn65gpluswc 
XNR2D1            10    36.000    tcbn65gpluswc 
XNR2D4             1     7.560    tcbn65gpluswc 
XNR3D1             7    42.840    tcbn65gpluswc 
XOR2D1             2     7.200    tcbn65gpluswc 
XOR3D1            10    61.200    tcbn65gpluswc 
XOR3D2             1     6.840    tcbn65gpluswc 
------------------------------------------------
total           3957  8796.600                  


                                     
   Type    Instances   Area   Area % 
-------------------------------------
sequential        49  380.520    4.3 
inverter         930 1130.760   12.9 
buffer            42  100.800    1.1 
logic           2936 7184.520   81.7 
-------------------------------------
total           3957 8796.600  100.0 

