============================================================
  Generated by:           Encounter(R) RTL Compiler v12.10-s012_1
  Generated on:           Oct 23 2015  05:23:49 pm
  Module:                 ALT_MULTADD
  Technology library:     tcbn65gpluswc 121
  Operating conditions:   WCCOM (balanced_tree)
  Wireload mode:          segmented
  Area mode:              timing library
============================================================

                               
   Gate    Instances    Area        Library     
------------------------------------------------
AN2D1              1     2.160    tcbn65gpluswc 
AN2D2              1     2.520    tcbn65gpluswc 
AN2D4              3    12.960    tcbn65gpluswc 
AN2XD1            55   118.800    tcbn65gpluswc 
AN3XD1             4    10.080    tcbn65gpluswc 
AO21D0             1     2.520    tcbn65gpluswc 
AO21D1            19    47.880    tcbn65gpluswc 
AO222D1            1     4.320    tcbn65gpluswc 
AO22D0            13    37.440    tcbn65gpluswc 
AO22D1             6    19.440    tcbn65gpluswc 
AO31D1             2     5.760    tcbn65gpluswc 
AOI21D1           33    71.280    tcbn65gpluswc 
AOI21D2           15    48.600    tcbn65gpluswc 
AOI21D4            1     6.480    tcbn65gpluswc 
AOI22D1            4    10.080    tcbn65gpluswc 
AOI22D2            4    17.280    tcbn65gpluswc 
AOI31D1            2     5.040    tcbn65gpluswc 
AOI32D1            1     2.880    tcbn65gpluswc 
AOI33D1            1     3.240    tcbn65gpluswc 
BMLD1              1     8.640    tcbn65gpluswc 
BMLD4              1    12.960    tcbn65gpluswc 
BUFFD1             9    12.960    tcbn65gpluswc 
BUFFD2            18    38.880    tcbn65gpluswc 
BUFFD3             1     2.520    tcbn65gpluswc 
BUFFD4             2     6.480    tcbn65gpluswc 
CKAN2D1            4     8.640    tcbn65gpluswc 
CKBD1             23    33.120    tcbn65gpluswc 
CKBD2              2     4.320    tcbn65gpluswc 
CKBD4              4    12.960    tcbn65gpluswc 
CKBD6              1     4.320    tcbn65gpluswc 
CKBD8              1     5.760    tcbn65gpluswc 
CKND0             12    12.960    tcbn65gpluswc 
CKND1            266   287.280    tcbn65gpluswc 
CKND2            264   380.160    tcbn65gpluswc 
CKND2D0           10    14.400    tcbn65gpluswc 
CKND2D1          275   396.000    tcbn65gpluswc 
CKND2D2          251   632.520    tcbn65gpluswc 
CKND2D3            7    22.680    tcbn65gpluswc 
CKND2D4            7    30.240    tcbn65gpluswc 
CKND3             12    25.920    tcbn65gpluswc 
CKND4             12    30.240    tcbn65gpluswc 
CKND6              1     3.240    tcbn65gpluswc 
CKXOR2D1           3    10.800    tcbn65gpluswc 
CMPE42D1           1    16.560    tcbn65gpluswc 
DFD1               3    21.600    tcbn65gpluswc 
DFD2               3    24.840    tcbn65gpluswc 
DFKCNQD1          11    79.200    tcbn65gpluswc 
DFQD1              6    41.040    tcbn65gpluswc 
DFQD2              3    21.600    tcbn65gpluswc 
DFQD4             23   190.440    tcbn65gpluswc 
FA1D0             16   144.000    tcbn65gpluswc 
FA1D1             15   151.200    tcbn65gpluswc 
FA1D4              1    14.400    tcbn65gpluswc 
FCICIND1           1     4.680    tcbn65gpluswc 
FCICOND1           2     6.480    tcbn65gpluswc 
FICOND1            1    11.160    tcbn65gpluswc 
FIICOND1           1    10.440    tcbn65gpluswc 
HA1D1              4    24.480    tcbn65gpluswc 
HICIND1            1     6.840    tcbn65gpluswc 
HICIND2            1     7.560    tcbn65gpluswc 
IAO21D2           17    55.080    tcbn65gpluswc 
IAO22D2            2     7.920    tcbn65gpluswc 
IND2D0             5    10.800    tcbn65gpluswc 
IND2D1           131   282.960    tcbn65gpluswc 
IND2D2            62   178.560    tcbn65gpluswc 
IND2D4             3    17.280    tcbn65gpluswc 
IND3D1            10    25.200    tcbn65gpluswc 
IND3D2             2     8.640    tcbn65gpluswc 
IND3D4             1     7.560    tcbn65gpluswc 
IND4D1             1     2.880    tcbn65gpluswc 
INR2D1             9    19.440    tcbn65gpluswc 
INR2D2             5    14.400    tcbn65gpluswc 
INR2D4             3    15.120    tcbn65gpluswc 
INR2XD0            7    15.120    tcbn65gpluswc 
INR2XD1            8    23.040    tcbn65gpluswc 
INR2XD4            1     9.360    tcbn65gpluswc 
INR3D0             5    12.600    tcbn65gpluswc 
INR3D1             2     7.200    tcbn65gpluswc 
INVD0             11    11.880    tcbn65gpluswc 
INVD1            336   362.880    tcbn65gpluswc 
INVD2             60    86.400    tcbn65gpluswc 
INVD3              4     8.640    tcbn65gpluswc 
INVD4              4    10.080    tcbn65gpluswc 
INVD6              2     6.480    tcbn65gpluswc 
IOA21D0            1     2.520    tcbn65gpluswc 
IOA21D1           37    93.240    tcbn65gpluswc 
IOA21D2           78   252.720    tcbn65gpluswc 
IOA22D1            1     3.240    tcbn65gpluswc 
IOA22D2            1     3.960    tcbn65gpluswc 
MAOI222D0          1     2.880    tcbn65gpluswc 
MAOI222D1         23    66.240    tcbn65gpluswc 
MAOI22D1          10    28.800    tcbn65gpluswc 
MAOI22D2           1     4.320    tcbn65gpluswc 
MOAI22D0           1     2.880    tcbn65gpluswc 
MOAI22D1          65   187.200    tcbn65gpluswc 
MUX2D0             1     3.240    tcbn65gpluswc 
MUX2D1             8    28.800    tcbn65gpluswc 
MUX2D2             2     7.920    tcbn65gpluswc 
MUX3ND0            2    10.800    tcbn65gpluswc 
ND2D0             23    33.120    tcbn65gpluswc 
ND2D1            492   708.480    tcbn65gpluswc 
ND2D2            494  1244.880    tcbn65gpluswc 
ND2D3             29    93.960    tcbn65gpluswc 
ND2D4             31   133.920    tcbn65gpluswc 
ND2D8              1     7.920    tcbn65gpluswc 
ND3D0              3     6.480    tcbn65gpluswc 
ND3D1             53   114.480    tcbn65gpluswc 
ND3D2             39   126.360    tcbn65gpluswc 
ND3D3              1     4.680    tcbn65gpluswc 
ND4D1              2     5.040    tcbn65gpluswc 
NR2D0              8    11.520    tcbn65gpluswc 
NR2D1             73   105.120    tcbn65gpluswc 
NR2D2             34    85.680    tcbn65gpluswc 
NR2D3              4    12.960    tcbn65gpluswc 
NR2D4              2     8.640    tcbn65gpluswc 
NR2XD0            78   112.320    tcbn65gpluswc 
NR2XD1           123   309.960    tcbn65gpluswc 
NR2XD2            32   138.240    tcbn65gpluswc 
NR2XD3             3    18.360    tcbn65gpluswc 
NR2XD4             3    23.760    tcbn65gpluswc 
NR3D0              1     2.160    tcbn65gpluswc 
NR3D1              2     6.480    tcbn65gpluswc 
NR4D0              1     2.520    tcbn65gpluswc 
OA21D1             9    22.680    tcbn65gpluswc 
OA21D2             1     2.880    tcbn65gpluswc 
OA22D2             1     3.960    tcbn65gpluswc 
OAI211D1           2     5.040    tcbn65gpluswc 
OAI21D1           56   120.960    tcbn65gpluswc 
OAI21D2           23    74.520    tcbn65gpluswc 
OAI21D4            4    25.920    tcbn65gpluswc 
OAI221D0           1     2.880    tcbn65gpluswc 
OAI221D1           1     3.240    tcbn65gpluswc 
OAI22D1            4    10.080    tcbn65gpluswc 
OAI22D2            3    12.960    tcbn65gpluswc 
OAI31D1            2     5.040    tcbn65gpluswc 
OR2D1             46    99.360    tcbn65gpluswc 
OR2D2              1     2.520    tcbn65gpluswc 
OR2D4              2     8.640    tcbn65gpluswc 
OR2XD1            11    23.760    tcbn65gpluswc 
XNR2D1            13    46.800    tcbn65gpluswc 
XNR2D4             1     7.560    tcbn65gpluswc 
XNR3D1             6    36.720    tcbn65gpluswc 
XOR2D0             1     3.600    tcbn65gpluswc 
XOR2D1             1     3.600    tcbn65gpluswc 
XOR3D1             3    18.360    tcbn65gpluswc 
XOR3D2             2    13.680    tcbn65gpluswc 
------------------------------------------------
total           4096  8973.360                  


                                     
   Type    Instances   Area   Area % 
-------------------------------------
sequential        49  378.720    4.2 
inverter         984 1226.160   13.7 
buffer            61  121.320    1.4 
logic           3002 7247.160   80.8 
-------------------------------------
total           4096 8973.360  100.0 

