============================================================
  Generated by:           Encounter(R) RTL Compiler v12.10-s012_1
  Generated on:           Oct 23 2015  05:23:50 pm
  Module:                 ALT_MULTADD
  Technology library:     tcbn65gpluswc 121
  Operating conditions:   WCCOM (balanced_tree)
  Wireload mode:          segmented
  Area mode:              timing library
============================================================

Timing
--------

Clock Period 
-------------
clk    500.0 


  Cost    Critical            Violating 
 Group   Path Slack    TNS      Paths   
----------------------------------------
default     -1333.6   -18758         22 
----------------------------------------
Total                 -18758         22 

Instance Count
--------------
Leaf Instance Count            4096 
Sequential Instance Count        49 
Combinational Instance Count   4047 
Hierarchical Instance Count       0 
Total Area                         8973.360
Cell Area                          8973.360


Max Fanout                         49 (iCLK)
Min Fanout                         1 (B1[6])
Average Fanout                     1.9
Terms to net ratio                 2.9
Terms to instance ratio            3.0
Runtime                            1362 seconds
RC peak memory usage:              170.91 
EDI peak memory usage:             no_value 
Hostname                           co2046-06.ece.iastate.edu
