============================================================
  Generated by:           Encounter(R) RTL Compiler v12.10-s012_1
  Generated on:           Oct 24 2014  05:04:39 pm
  Module:                 ALT_MULTADD
  Technology library:     tcbn65gpluswc 121
  Operating conditions:   WCCOM (balanced_tree)
  Wireload mode:          segmented
  Area mode:              timing library
============================================================

                               
   Gate    Instances    Area        Library     
------------------------------------------------
AN2D0              1     2.160    tcbn65gpluswc 
AN2XD1            11    23.760    tcbn65gpluswc 
AO21D1             9    22.680    tcbn65gpluswc 
AO22D0            38   109.440    tcbn65gpluswc 
AO22D1             1     3.240    tcbn65gpluswc 
AO22D2             1     3.960    tcbn65gpluswc 
AO31D4             1     6.480    tcbn65gpluswc 
AOI21D0            3     6.480    tcbn65gpluswc 
AOI21D1           18    38.880    tcbn65gpluswc 
AOI21D2            1     3.240    tcbn65gpluswc 
AOI21D4            2    12.960    tcbn65gpluswc 
AOI22D0            4    10.080    tcbn65gpluswc 
AOI22D1           48   120.960    tcbn65gpluswc 
AOI31D2            1     4.320    tcbn65gpluswc 
BMLD1              1     8.640    tcbn65gpluswc 
CKLNQD1            2    12.960    tcbn65gpluswc 
CKND0             12    12.960    tcbn65gpluswc 
CKND1             48    51.840    tcbn65gpluswc 
CKND2              5     7.200    tcbn65gpluswc 
CKND2D1           76   109.440    tcbn65gpluswc 
CKND2D2           10    25.200    tcbn65gpluswc 
CKND2D3            1     3.240    tcbn65gpluswc 
CKND2D4            1     4.320    tcbn65gpluswc 
CKND4              1     2.520    tcbn65gpluswc 
CKXOR2D1           5    18.000    tcbn65gpluswc 
CMPE42D1           1    16.560    tcbn65gpluswc 
DFCND1            12   103.680    tcbn65gpluswc 
DFCNQD1           33   261.360    tcbn65gpluswc 
DFD1              33   237.600    tcbn65gpluswc 
DFD2               2    16.560    tcbn65gpluswc 
DFD4               2    21.600    tcbn65gpluswc 
DFKSND1            1     9.000    tcbn65gpluswc 
DFQD1             79   540.360    tcbn65gpluswc 
DFQD2              3    21.600    tcbn65gpluswc 
DFQD4              3    24.840    tcbn65gpluswc 
DFSND1             1     9.000    tcbn65gpluswc 
DFSNQD1           14   115.920    tcbn65gpluswc 
DFSNQD2            4    36.000    tcbn65gpluswc 
DFSNQD4            1     9.720    tcbn65gpluswc 
FCICIND1           8    37.440    tcbn65gpluswc 
FCICOND1           3     9.720    tcbn65gpluswc 
FICIND1            4    41.760    tcbn65gpluswc 
FIICOND1           1    10.440    tcbn65gpluswc 
HA1D1              1     6.120    tcbn65gpluswc 
HA1D2              1     6.840    tcbn65gpluswc 
IAO21D1            2     5.040    tcbn65gpluswc 
IAO21D2            2     6.480    tcbn65gpluswc 
IND2D0             1     2.160    tcbn65gpluswc 
IND2D1            33    71.280    tcbn65gpluswc 
IND2D2             4    11.520    tcbn65gpluswc 
IND2D4             2    11.520    tcbn65gpluswc 
INR2D1             9    19.440    tcbn65gpluswc 
INR2D2             1     2.880    tcbn65gpluswc 
INR2XD0           26    56.160    tcbn65gpluswc 
INVD0              4     4.320    tcbn65gpluswc 
INVD1             38    41.040    tcbn65gpluswc 
INVD2              4     5.760    tcbn65gpluswc 
INVD3              1     2.160    tcbn65gpluswc 
INVD4              1     2.520    tcbn65gpluswc 
IOA21D1           10    25.200    tcbn65gpluswc 
IOA21D2            6    19.440    tcbn65gpluswc 
IOA22D1            1     3.240    tcbn65gpluswc 
IOA22D2            1     3.960    tcbn65gpluswc 
MAOI222D0         18    51.840    tcbn65gpluswc 
MAOI222D1         65   187.200    tcbn65gpluswc 
MAOI22D0           1     2.880    tcbn65gpluswc 
MAOI22D1          46   132.480    tcbn65gpluswc 
MOAI22D0          10    28.800    tcbn65gpluswc 
MOAI22D1         148   426.240    tcbn65gpluswc 
MOAI22D2           1     4.320    tcbn65gpluswc 
MUX2D0             2     6.480    tcbn65gpluswc 
MUX2D1             1     3.600    tcbn65gpluswc 
MUX2ND0            2     5.760    tcbn65gpluswc 
ND2D0              7    10.080    tcbn65gpluswc 
ND2D1            168   241.920    tcbn65gpluswc 
ND2D2             12    30.240    tcbn65gpluswc 
ND2D3              1     3.240    tcbn65gpluswc 
ND3D0              1     2.160    tcbn65gpluswc 
ND3D1              2     4.320    tcbn65gpluswc 
NR2D1             34    48.960    tcbn65gpluswc 
NR2D2              2     5.040    tcbn65gpluswc 
NR2XD0            54    77.760    tcbn65gpluswc 
NR2XD1             5    12.600    tcbn65gpluswc 
NR2XD2             1     4.320    tcbn65gpluswc 
NR2XD3             1     6.120    tcbn65gpluswc 
NR3D0              2     4.320    tcbn65gpluswc 
OA211D1            2     5.760    tcbn65gpluswc 
OA21D0             1     2.520    tcbn65gpluswc 
OA21D1            11    27.720    tcbn65gpluswc 
OA22D0             8    23.040    tcbn65gpluswc 
OA22D2             1     3.960    tcbn65gpluswc 
OAI211D1           3     7.560    tcbn65gpluswc 
OAI211D2           1     4.320    tcbn65gpluswc 
OAI21D1           26    56.160    tcbn65gpluswc 
OAI21D2            3     9.720    tcbn65gpluswc 
OAI221D0           1     2.880    tcbn65gpluswc 
OAI22D0            5    12.600    tcbn65gpluswc 
OAI22D1           36    90.720    tcbn65gpluswc 
OAI22D2            3    12.960    tcbn65gpluswc 
OR2D0              1     2.160    tcbn65gpluswc 
OR2D1              7    15.120    tcbn65gpluswc 
OR2XD1             6    12.960    tcbn65gpluswc 
SDFQD0             6    51.840    tcbn65gpluswc 
SDFQD1             2    18.000    tcbn65gpluswc 
SDFQND0            5    39.600    tcbn65gpluswc 
SDFQND1            9    81.000    tcbn65gpluswc 
XNR2D1            19    68.400    tcbn65gpluswc 
XNR3D0             1     6.120    tcbn65gpluswc 
XNR3D1            25   153.000    tcbn65gpluswc 
XNR3D2             1     7.920    tcbn65gpluswc 
XOR2D1             8    28.800    tcbn65gpluswc 
XOR3D0             2    12.240    tcbn65gpluswc 
XOR3D1            24   146.880    tcbn65gpluswc 
XOR3D2             1     6.840    tcbn65gpluswc 
------------------------------------------------
total           1456  4666.680                  


                                                       
            Type             Instances   Area   Area % 
-------------------------------------------------------
sequential                         210 1597.680   34.2 
inverter                           114  130.320    2.8 
clock_gating_integrated_cell         2   12.960    0.3 
logic                             1130 2925.720   62.7 
-------------------------------------------------------
total                             1456 4666.680  100.0 

