============================================================
  Generated by:           Encounter(R) RTL Compiler v12.10-s012_1
  Generated on:           Oct 24 2014  05:04:39 pm
  Module:                 ALT_MULTADD
  Technology library:     tcbn65gpluswc 121
  Operating conditions:   WCCOM (balanced_tree)
  Wireload mode:          segmented
  Area mode:              timing library
============================================================

	Timing
	------

 Slack             Endpoint           Cost Group 
------------------------------------------------------
   +0ps mul_13_19_retime_s2_32_reg/SI iCLK       


	Area
	----

  Instance   Cells  Cell Area  Net Area  Total Area    Wireload      
---------------------------------------------------------------------
ALT_MULTADD   1456       4667         0        4667 ZeroWireload (S) 

 (S) = wireload was automatically selected

	Design Rule Check
	-----------------

Max_transition design rule: no violations.

Max_capacitance design rule: no violations.


