\o Program:		@(#)$CDS: libManager version 32.10 11/11/2011 13:43 (cat91amd) $
\o Sub version:		sub-version  s008 
\o Arguments:		-mpssession virtuoso7132 -mpshost co2046-06.ece.iastate.edu 
\o Working Directory:	co2046-06.ece.iastate.edu:/home/abp250/Documents/EE465
\o Qt version: 		4.5.3
\w Warning: Line ignored: ((editor = "gvim"))
\w Warning: Line must contain 4 elements.
\o Log file is "/home/abp250/Documents/EE465/libManager.log".
\o Opening libManager window.
\a nrSetCurrentWindow(cdsLibManager)
\a nrResizeWindow(cdsLibManager list(0 25 1276 944))
\o changeWorkingDir("/home/abp250/Documents/EE465") unnecessary.
\o ddSetForcedLib("") unnecessary.
\o MPS service: map window
\w Warning: '/home/abp250/Documents/EE465/cds.lib', Line 15, Repeat of INCLUDE of '/home/abp250/Documents/EE465/cds.lib'.
\w Warning: LIB basic from File /home/abp250/Documents/EE465/cds.lib Line 2 redefines
\w LIB basic from the same file (defined earlier.)
\w Warning: LIB NCSU_Analog_Parts from File /home/abp250/Documents/EE465/cds.lib Line 3 redefines
\w LIB NCSU_Analog_Parts from the same file (defined earlier.)
\w Warning: LIB NCSU_Digital_Parts from File /home/abp250/Documents/EE465/cds.lib Line 4 redefines
\w LIB NCSU_Digital_Parts from the same file (defined earlier.)
\w Warning: LIB NCSU_TechLib_ami06 from File /home/abp250/Documents/EE465/cds.lib Line 6 redefines
\w LIB NCSU_TechLib_ami06 from the same file (defined earlier.)
\w Warning: LIB NCSU_TechLib_ami16 from File /home/abp250/Documents/EE465/cds.lib Line 7 redefines
\w LIB NCSU_TechLib_ami16 from the same file (defined earlier.)
\w Warning: LIB NCSU_TechLib_hp06 from File /home/abp250/Documents/EE465/cds.lib Line 8 redefines
\w LIB NCSU_TechLib_hp06 from the same file (defined earlier.)
\w Warning: LIB NCSU_TechLib_tsmc02 from File /home/abp250/Documents/EE465/cds.lib Line 9 redefines
\w LIB NCSU_TechLib_tsmc02 from the same file (defined earlier.)
\w Warning: LIB NCSU_TechLib_tsmc02d from File /home/abp250/Documents/EE465/cds.lib Line 10 redefines
\w LIB NCSU_TechLib_tsmc02d from the same file (defined earlier.)
\w Warning: LIB NCSU_TechLib_tsmc03 from File /home/abp250/Documents/EE465/cds.lib Line 11 redefines
\w LIB NCSU_TechLib_tsmc03 from the same file (defined earlier.)
\w Warning: LIB NCSU_TechLib_tsmc03d from File /home/abp250/Documents/EE465/cds.lib Line 12 redefines
\w LIB NCSU_TechLib_tsmc03d from the same file (defined earlier.)
\w Warning: LIB NCSU_TechLib_tsmc04_4M2P from File /home/abp250/Documents/EE465/cds.lib Line 13 redefines
\w LIB NCSU_TechLib_tsmc04_4M2P from the same file (defined earlier.)
\w Warning: LIB OSU_stdcells_ami05 from File /home/abp250/Documents/EE465/cds.lib Line 14 redefines
\w LIB OSU_stdcells_ami05 from the same file (defined earlier.)
\w Warning: '/home/abp250/Documents/EE465/cds.lib', Line 15, Repeat of INCLUDE of '/home/abp250/Documents/EE465/cds.lib'.
\w Warning: LIB basic from File /home/abp250/Documents/EE465/cds.lib Line 2 redefines
\w LIB basic from the same file (defined earlier.)
\w Warning: LIB NCSU_Analog_Parts from File /home/abp250/Documents/EE465/cds.lib Line 3 redefines
\w LIB NCSU_Analog_Parts from the same file (defined earlier.)
\w Warning: LIB NCSU_Digital_Parts from File /home/abp250/Documents/EE465/cds.lib Line 4 redefines
\w LIB NCSU_Digital_Parts from the same file (defined earlier.)
\w Warning: LIB NCSU_TechLib_ami06 from File /home/abp250/Documents/EE465/cds.lib Line 6 redefines
\w LIB NCSU_TechLib_ami06 from the same file (defined earlier.)
\w Warning: LIB NCSU_TechLib_ami16 from File /home/abp250/Documents/EE465/cds.lib Line 7 redefines
\w LIB NCSU_TechLib_ami16 from the same file (defined earlier.)
\w Warning: LIB NCSU_TechLib_hp06 from File /home/abp250/Documents/EE465/cds.lib Line 8 redefines
\w LIB NCSU_TechLib_hp06 from the same file (defined earlier.)
\w Warning: LIB NCSU_TechLib_tsmc02 from File /home/abp250/Documents/EE465/cds.lib Line 9 redefines
\w LIB NCSU_TechLib_tsmc02 from the same file (defined earlier.)
\w Warning: LIB NCSU_TechLib_tsmc02d from File /home/abp250/Documents/EE465/cds.lib Line 10 redefines
\w LIB NCSU_TechLib_tsmc02d from the same file (defined earlier.)
\w Warning: LIB NCSU_TechLib_tsmc03 from File /home/abp250/Documents/EE465/cds.lib Line 11 redefines
\w LIB NCSU_TechLib_tsmc03 from the same file (defined earlier.)
\w Warning: LIB NCSU_TechLib_tsmc03d from File /home/abp250/Documents/EE465/cds.lib Line 12 redefines
\w LIB NCSU_TechLib_tsmc03d from the same file (defined earlier.)
\w Warning: LIB NCSU_TechLib_tsmc04_4M2P from File /home/abp250/Documents/EE465/cds.lib Line 13 redefines
\w LIB NCSU_TechLib_tsmc04_4M2P from the same file (defined earlier.)
\w Warning: LIB OSU_stdcells_ami05 from File /home/abp250/Documents/EE465/cds.lib Line 14 redefines
\w LIB OSU_stdcells_ami05 from the same file (defined earlier.)
\w Warning: '/home/abp250/Documents/EE465/cds.lib', Line 15, Repeat of INCLUDE of '/home/abp250/Documents/EE465/cds.lib'.
\w Warning: LIB basic from File /home/abp250/Documents/EE465/cds.lib Line 2 redefines
\w LIB basic from the same file (defined earlier.)
\w Warning: LIB NCSU_Analog_Parts from File /home/abp250/Documents/EE465/cds.lib Line 3 redefines
\w LIB NCSU_Analog_Parts from the same file (defined earlier.)
\w Warning: LIB NCSU_Digital_Parts from File /home/abp250/Documents/EE465/cds.lib Line 4 redefines
\w LIB NCSU_Digital_Parts from the same file (defined earlier.)
\w Warning: LIB NCSU_TechLib_ami06 from File /home/abp250/Documents/EE465/cds.lib Line 6 redefines
\w LIB NCSU_TechLib_ami06 from the same file (defined earlier.)
\w Warning: LIB NCSU_TechLib_ami16 from File /home/abp250/Documents/EE465/cds.lib Line 7 redefines
\w LIB NCSU_TechLib_ami16 from the same file (defined earlier.)
\w Warning: LIB NCSU_TechLib_hp06 from File /home/abp250/Documents/EE465/cds.lib Line 8 redefines
\w LIB NCSU_TechLib_hp06 from the same file (defined earlier.)
\w Warning: LIB NCSU_TechLib_tsmc02 from File /home/abp250/Documents/EE465/cds.lib Line 9 redefines
\w LIB NCSU_TechLib_tsmc02 from the same file (defined earlier.)
\w Warning: LIB NCSU_TechLib_tsmc02d from File /home/abp250/Documents/EE465/cds.lib Line 10 redefines
\w LIB NCSU_TechLib_tsmc02d from the same file (defined earlier.)
\w Warning: LIB NCSU_TechLib_tsmc03 from File /home/abp250/Documents/EE465/cds.lib Line 11 redefines
\w LIB NCSU_TechLib_tsmc03 from the same file (defined earlier.)
\w Warning: LIB NCSU_TechLib_tsmc03d from File /home/abp250/Documents/EE465/cds.lib Line 12 redefines
\w LIB NCSU_TechLib_tsmc03d from the same file (defined earlier.)
\w Warning: LIB NCSU_TechLib_tsmc04_4M2P from File /home/abp250/Documents/EE465/cds.lib Line 13 redefines
\w LIB NCSU_TechLib_tsmc04_4M2P from the same file (defined earlier.)
\w Warning: LIB OSU_stdcells_ami05 from File /home/abp250/Documents/EE465/cds.lib Line 14 redefines
\w LIB OSU_stdcells_ami05 from the same file (defined earlier.)
\w Warning: '/home/abp250/Documents/EE465/cds.lib', Line 15, Repeat of INCLUDE of '/home/abp250/Documents/EE465/cds.lib'.
\w Warning: LIB basic from File /home/abp250/Documents/EE465/cds.lib Line 2 redefines
\w LIB basic from the same file (defined earlier.)
\w Warning: LIB NCSU_Analog_Parts from File /home/abp250/Documents/EE465/cds.lib Line 3 redefines
\w LIB NCSU_Analog_Parts from the same file (defined earlier.)
\w Warning: LIB NCSU_Digital_Parts from File /home/abp250/Documents/EE465/cds.lib Line 4 redefines
\w LIB NCSU_Digital_Parts from the same file (defined earlier.)
\w Warning: LIB NCSU_TechLib_ami06 from File /home/abp250/Documents/EE465/cds.lib Line 6 redefines
\w LIB NCSU_TechLib_ami06 from the same file (defined earlier.)
\w Warning: LIB NCSU_TechLib_ami16 from File /home/abp250/Documents/EE465/cds.lib Line 7 redefines
\w LIB NCSU_TechLib_ami16 from the same file (defined earlier.)
\w Warning: LIB NCSU_TechLib_hp06 from File /home/abp250/Documents/EE465/cds.lib Line 8 redefines
\w LIB NCSU_TechLib_hp06 from the same file (defined earlier.)
\w Warning: LIB NCSU_TechLib_tsmc02 from File /home/abp250/Documents/EE465/cds.lib Line 9 redefines
\w LIB NCSU_TechLib_tsmc02 from the same file (defined earlier.)
\w Warning: LIB NCSU_TechLib_tsmc02d from File /home/abp250/Documents/EE465/cds.lib Line 10 redefines
\w LIB NCSU_TechLib_tsmc02d from the same file (defined earlier.)
\w Warning: LIB NCSU_TechLib_tsmc03 from File /home/abp250/Documents/EE465/cds.lib Line 11 redefines
\w LIB NCSU_TechLib_tsmc03 from the same file (defined earlier.)
\w Warning: LIB NCSU_TechLib_tsmc03d from File /home/abp250/Documents/EE465/cds.lib Line 12 redefines
\w LIB NCSU_TechLib_tsmc03d from the same file (defined earlier.)
\w Warning: LIB NCSU_TechLib_tsmc04_4M2P from File /home/abp250/Documents/EE465/cds.lib Line 13 redefines
\w LIB NCSU_TechLib_tsmc04_4M2P from the same file (defined earlier.)
\w Warning: LIB OSU_stdcells_ami05 from File /home/abp250/Documents/EE465/cds.lib Line 14 redefines
\w LIB OSU_stdcells_ami05 from the same file (defined earlier.)
\w Warning: '/home/abp250/Documents/EE465/cds.lib', Line 15, Repeat of INCLUDE of '/home/abp250/Documents/EE465/cds.lib'.
\w Warning: LIB basic from File /home/abp250/Documents/EE465/cds.lib Line 2 redefines
\w LIB basic from the same file (defined earlier.)
\w Warning: LIB NCSU_Analog_Parts from File /home/abp250/Documents/EE465/cds.lib Line 3 redefines
\w LIB NCSU_Analog_Parts from the same file (defined earlier.)
\w Warning: LIB NCSU_Digital_Parts from File /home/abp250/Documents/EE465/cds.lib Line 4 redefines
\w LIB NCSU_Digital_Parts from the same file (defined earlier.)
\w Warning: LIB NCSU_TechLib_ami06 from File /home/abp250/Documents/EE465/cds.lib Line 6 redefines
\w LIB NCSU_TechLib_ami06 from the same file (defined earlier.)
\w Warning: LIB NCSU_TechLib_ami16 from File /home/abp250/Documents/EE465/cds.lib Line 7 redefines
\w LIB NCSU_TechLib_ami16 from the same file (defined earlier.)
\w Warning: LIB NCSU_TechLib_hp06 from File /home/abp250/Documents/EE465/cds.lib Line 8 redefines
\w LIB NCSU_TechLib_hp06 from the same file (defined earlier.)
\w Warning: LIB NCSU_TechLib_tsmc02 from File /home/abp250/Documents/EE465/cds.lib Line 9 redefines
\w LIB NCSU_TechLib_tsmc02 from the same file (defined earlier.)
\w Warning: LIB NCSU_TechLib_tsmc02d from File /home/abp250/Documents/EE465/cds.lib Line 10 redefines
\w LIB NCSU_TechLib_tsmc02d from the same file (defined earlier.)
\w Warning: LIB NCSU_TechLib_tsmc03 from File /home/abp250/Documents/EE465/cds.lib Line 11 redefines
\w LIB NCSU_TechLib_tsmc03 from the same file (defined earlier.)
\w Warning: LIB NCSU_TechLib_tsmc03d from File /home/abp250/Documents/EE465/cds.lib Line 12 redefines
\w LIB NCSU_TechLib_tsmc03d from the same file (defined earlier.)
\w Warning: LIB NCSU_TechLib_tsmc04_4M2P from File /home/abp250/Documents/EE465/cds.lib Line 13 redefines
\w LIB NCSU_TechLib_tsmc04_4M2P from the same file (defined earlier.)
\w Warning: LIB OSU_stdcells_ami05 from File /home/abp250/Documents/EE465/cds.lib Line 14 redefines
\w LIB OSU_stdcells_ami05 from the same file (defined earlier.)
\w Warning: '/home/abp250/Documents/EE465/cds.lib', Line 15, Repeat of INCLUDE of '/home/abp250/Documents/EE465/cds.lib'.
\w Warning: Read '/home/abp250/Documents/EE465/cds.lib' file 6 times.  Possible recursive cds.lib files - skipping INCLUDE.
\w Warning: '/home/abp250/Documents/EE465/cds.lib', Line 15: Skipping: './cds.lib'
\o   DEFINE  labLib  /home/abp250/Documents/EE465/labLib 
\w Warning: LIB avTech from File /home/abp250/Documents/EE465/cds.lib Line 17 redefines
\w LIB avTech from the same file (defined earlier.)
\w Warning: LIB labLib from File /home/abp250/Documents/EE465/cds.lib Line 16 redefines
\w LIB labLib from the same file (defined earlier.)
\w Warning: LIB avTech from File /home/abp250/Documents/EE465/cds.lib Line 17 redefines
\w LIB avTech from the same file (defined earlier.)
\w Warning: LIB labLib from File /home/abp250/Documents/EE465/cds.lib Line 16 redefines
\w LIB labLib from the same file (defined earlier.)
\w Warning: LIB avTech from File /home/abp250/Documents/EE465/cds.lib Line 17 redefines
\w LIB avTech from the same file (defined earlier.)
\w Warning: LIB labLib from File /home/abp250/Documents/EE465/cds.lib Line 16 redefines
\w LIB labLib from the same file (defined earlier.)
\w Warning: LIB avTech from File /home/abp250/Documents/EE465/cds.lib Line 17 redefines
\w LIB avTech from the same file (defined earlier.)
\w Warning: LIB labLib from File /home/abp250/Documents/EE465/cds.lib Line 16 redefines
\w LIB labLib from the same file (defined earlier.)
\w Warning: LIB avTech from File /home/abp250/Documents/EE465/cds.lib Line 17 redefines
\w LIB avTech from the same file (defined earlier.)
\o Library Manager customization server connected.
\a cdsLibManager->libListBox->value = "labLib"
\a cdsLibManager->libLineEdit->value = "labLib"
\a cdsLibManager->cellListBox->value = "DFF"
\a cdsLibManager->cellLineEdit->value = "DFF"
\a cdsLibManager->viewListBox->value = "symbol"
\a cdsLibManager->viewLineEdit->value = "symbol"
\a cdsLibManager->viewListBox->value = "schematic"
\a cdsLibManager->viewLineEdit->value = "schematic"
\a cdsLibManager->viewListBox->value = "layout"
\a cdsLibManager->viewLineEdit->value = "layout"
\a cdsLibManager->viewListBox->value = nil
\a cdsLibManager->viewListBox->value = "layout"
\o MPS request: edit design
\a nrListItemAction(cdsLibManager->gdmXTView 0 0)
\a cdsLibManager->libListBox->value = nil
\a cdsLibManager->cellListBox->value = nil
\a cdsLibManager->viewLineEdit->value = ""
\a cdsLibManager->viewListBox->value = nil
\a cdsLibManager->cellLineEdit->value = ""
\a cdsLibManager->libLineEdit->value = ""
\w Warning: '/home/abp250/Documents/EE465/cds.lib', Line 15, Repeat of INCLUDE of '/home/abp250/Documents/EE465/cds.lib'.
\w Warning: LIB basic from File /home/abp250/Documents/EE465/cds.lib Line 2 redefines
\w LIB basic from the same file (defined earlier.)
\w Warning: LIB NCSU_Analog_Parts from File /home/abp250/Documents/EE465/cds.lib Line 3 redefines
\w LIB NCSU_Analog_Parts from the same file (defined earlier.)
\w Warning: LIB NCSU_Digital_Parts from File /home/abp250/Documents/EE465/cds.lib Line 4 redefines
\w LIB NCSU_Digital_Parts from the same file (defined earlier.)
\w Warning: LIB NCSU_TechLib_ami06 from File /home/abp250/Documents/EE465/cds.lib Line 6 redefines
\w LIB NCSU_TechLib_ami06 from the same file (defined earlier.)
\w Warning: LIB NCSU_TechLib_ami16 from File /home/abp250/Documents/EE465/cds.lib Line 7 redefines
\w LIB NCSU_TechLib_ami16 from the same file (defined earlier.)
\w Warning: LIB NCSU_TechLib_hp06 from File /home/abp250/Documents/EE465/cds.lib Line 8 redefines
\w LIB NCSU_TechLib_hp06 from the same file (defined earlier.)
\w Warning: LIB NCSU_TechLib_tsmc02 from File /home/abp250/Documents/EE465/cds.lib Line 9 redefines
\w LIB NCSU_TechLib_tsmc02 from the same file (defined earlier.)
\w Warning: LIB NCSU_TechLib_tsmc02d from File /home/abp250/Documents/EE465/cds.lib Line 10 redefines
\w LIB NCSU_TechLib_tsmc02d from the same file (defined earlier.)
\w Warning: LIB NCSU_TechLib_tsmc03 from File /home/abp250/Documents/EE465/cds.lib Line 11 redefines
\w LIB NCSU_TechLib_tsmc03 from the same file (defined earlier.)
\w Warning: LIB NCSU_TechLib_tsmc03d from File /home/abp250/Documents/EE465/cds.lib Line 12 redefines
\w LIB NCSU_TechLib_tsmc03d from the same file (defined earlier.)
\w Warning: LIB NCSU_TechLib_tsmc04_4M2P from File /home/abp250/Documents/EE465/cds.lib Line 13 redefines
\w LIB NCSU_TechLib_tsmc04_4M2P from the same file (defined earlier.)
\w Warning: LIB OSU_stdcells_ami05 from File /home/abp250/Documents/EE465/cds.lib Line 14 redefines
\w LIB OSU_stdcells_ami05 from the same file (defined earlier.)
\w Warning: '/home/abp250/Documents/EE465/cds.lib', Line 15, Repeat of INCLUDE of '/home/abp250/Documents/EE465/cds.lib'.
\w Warning: LIB basic from File /home/abp250/Documents/EE465/cds.lib Line 2 redefines
\w LIB basic from the same file (defined earlier.)
\w Warning: LIB NCSU_Analog_Parts from File /home/abp250/Documents/EE465/cds.lib Line 3 redefines
\w LIB NCSU_Analog_Parts from the same file (defined earlier.)
\w Warning: LIB NCSU_Digital_Parts from File /home/abp250/Documents/EE465/cds.lib Line 4 redefines
\w LIB NCSU_Digital_Parts from the same file (defined earlier.)
\w Warning: LIB NCSU_TechLib_ami06 from File /home/abp250/Documents/EE465/cds.lib Line 6 redefines
\w LIB NCSU_TechLib_ami06 from the same file (defined earlier.)
\w Warning: LIB NCSU_TechLib_ami16 from File /home/abp250/Documents/EE465/cds.lib Line 7 redefines
\w LIB NCSU_TechLib_ami16 from the same file (defined earlier.)
\w Warning: LIB NCSU_TechLib_hp06 from File /home/abp250/Documents/EE465/cds.lib Line 8 redefines
\w LIB NCSU_TechLib_hp06 from the same file (defined earlier.)
\w Warning: LIB NCSU_TechLib_tsmc02 from File /home/abp250/Documents/EE465/cds.lib Line 9 redefines
\w LIB NCSU_TechLib_tsmc02 from the same file (defined earlier.)
\w Warning: LIB NCSU_TechLib_tsmc02d from File /home/abp250/Documents/EE465/cds.lib Line 10 redefines
\w LIB NCSU_TechLib_tsmc02d from the same file (defined earlier.)
\w Warning: LIB NCSU_TechLib_tsmc03 from File /home/abp250/Documents/EE465/cds.lib Line 11 redefines
\w LIB NCSU_TechLib_tsmc03 from the same file (defined earlier.)
\w Warning: LIB NCSU_TechLib_tsmc03d from File /home/abp250/Documents/EE465/cds.lib Line 12 redefines
\w LIB NCSU_TechLib_tsmc03d from the same file (defined earlier.)
\w Warning: LIB NCSU_TechLib_tsmc04_4M2P from File /home/abp250/Documents/EE465/cds.lib Line 13 redefines
\w LIB NCSU_TechLib_tsmc04_4M2P from the same file (defined earlier.)
\w Warning: LIB OSU_stdcells_ami05 from File /home/abp250/Documents/EE465/cds.lib Line 14 redefines
\w LIB OSU_stdcells_ami05 from the same file (defined earlier.)
\w Warning: '/home/abp250/Documents/EE465/cds.lib', Line 15, Repeat of INCLUDE of '/home/abp250/Documents/EE465/cds.lib'.
\w Warning: LIB basic from File /home/abp250/Documents/EE465/cds.lib Line 2 redefines
\w LIB basic from the same file (defined earlier.)
\w Warning: LIB NCSU_Analog_Parts from File /home/abp250/Documents/EE465/cds.lib Line 3 redefines
\w LIB NCSU_Analog_Parts from the same file (defined earlier.)
\w Warning: LIB NCSU_Digital_Parts from File /home/abp250/Documents/EE465/cds.lib Line 4 redefines
\w LIB NCSU_Digital_Parts from the same file (defined earlier.)
\w Warning: LIB NCSU_TechLib_ami06 from File /home/abp250/Documents/EE465/cds.lib Line 6 redefines
\w LIB NCSU_TechLib_ami06 from the same file (defined earlier.)
\w Warning: LIB NCSU_TechLib_ami16 from File /home/abp250/Documents/EE465/cds.lib Line 7 redefines
\w LIB NCSU_TechLib_ami16 from the same file (defined earlier.)
\w Warning: LIB NCSU_TechLib_hp06 from File /home/abp250/Documents/EE465/cds.lib Line 8 redefines
\w LIB NCSU_TechLib_hp06 from the same file (defined earlier.)
\w Warning: LIB NCSU_TechLib_tsmc02 from File /home/abp250/Documents/EE465/cds.lib Line 9 redefines
\w LIB NCSU_TechLib_tsmc02 from the same file (defined earlier.)
\w Warning: LIB NCSU_TechLib_tsmc02d from File /home/abp250/Documents/EE465/cds.lib Line 10 redefines
\w LIB NCSU_TechLib_tsmc02d from the same file (defined earlier.)
\w Warning: LIB NCSU_TechLib_tsmc03 from File /home/abp250/Documents/EE465/cds.lib Line 11 redefines
\w LIB NCSU_TechLib_tsmc03 from the same file (defined earlier.)
\w Warning: LIB NCSU_TechLib_tsmc03d from File /home/abp250/Documents/EE465/cds.lib Line 12 redefines
\w LIB NCSU_TechLib_tsmc03d from the same file (defined earlier.)
\w Warning: LIB NCSU_TechLib_tsmc04_4M2P from File /home/abp250/Documents/EE465/cds.lib Line 13 redefines
\w LIB NCSU_TechLib_tsmc04_4M2P from the same file (defined earlier.)
\w Warning: LIB OSU_stdcells_ami05 from File /home/abp250/Documents/EE465/cds.lib Line 14 redefines
\w LIB OSU_stdcells_ami05 from the same file (defined earlier.)
\w Warning: '/home/abp250/Documents/EE465/cds.lib', Line 15, Repeat of INCLUDE of '/home/abp250/Documents/EE465/cds.lib'.
\w Warning: LIB basic from File /home/abp250/Documents/EE465/cds.lib Line 2 redefines
\w LIB basic from the same file (defined earlier.)
\w Warning: LIB NCSU_Analog_Parts from File /home/abp250/Documents/EE465/cds.lib Line 3 redefines
\w LIB NCSU_Analog_Parts from the same file (defined earlier.)
\w Warning: LIB NCSU_Digital_Parts from File /home/abp250/Documents/EE465/cds.lib Line 4 redefines
\w LIB NCSU_Digital_Parts from the same file (defined earlier.)
\w Warning: LIB NCSU_TechLib_ami06 from File /home/abp250/Documents/EE465/cds.lib Line 6 redefines
\w LIB NCSU_TechLib_ami06 from the same file (defined earlier.)
\w Warning: LIB NCSU_TechLib_ami16 from File /home/abp250/Documents/EE465/cds.lib Line 7 redefines
\w LIB NCSU_TechLib_ami16 from the same file (defined earlier.)
\w Warning: LIB NCSU_TechLib_hp06 from File /home/abp250/Documents/EE465/cds.lib Line 8 redefines
\w LIB NCSU_TechLib_hp06 from the same file (defined earlier.)
\w Warning: LIB NCSU_TechLib_tsmc02 from File /home/abp250/Documents/EE465/cds.lib Line 9 redefines
\w LIB NCSU_TechLib_tsmc02 from the same file (defined earlier.)
\w Warning: LIB NCSU_TechLib_tsmc02d from File /home/abp250/Documents/EE465/cds.lib Line 10 redefines
\w LIB NCSU_TechLib_tsmc02d from the same file (defined earlier.)
\w Warning: LIB NCSU_TechLib_tsmc03 from File /home/abp250/Documents/EE465/cds.lib Line 11 redefines
\w LIB NCSU_TechLib_tsmc03 from the same file (defined earlier.)
\w Warning: LIB NCSU_TechLib_tsmc03d from File /home/abp250/Documents/EE465/cds.lib Line 12 redefines
\w LIB NCSU_TechLib_tsmc03d from the same file (defined earlier.)
\w Warning: LIB NCSU_TechLib_tsmc04_4M2P from File /home/abp250/Documents/EE465/cds.lib Line 13 redefines
\w LIB NCSU_TechLib_tsmc04_4M2P from the same file (defined earlier.)
\w Warning: LIB OSU_stdcells_ami05 from File /home/abp250/Documents/EE465/cds.lib Line 14 redefines
\w LIB OSU_stdcells_ami05 from the same file (defined earlier.)
\w Warning: '/home/abp250/Documents/EE465/cds.lib', Line 15, Repeat of INCLUDE of '/home/abp250/Documents/EE465/cds.lib'.
\w Warning: Read '/home/abp250/Documents/EE465/cds.lib' file 6 times.  Possible recursive cds.lib files - skipping INCLUDE.
\w Warning: '/home/abp250/Documents/EE465/cds.lib', Line 15: Skipping: './cds.lib'
\o   DEFINE  labLib  /home/abp250/Documents/EE465/labLib 
\w Warning: LIB avTech from File /home/abp250/Documents/EE465/cds.lib Line 17 redefines
\w LIB avTech from the same file (defined earlier.)
\w Warning: LIB labLib from File /home/abp250/Documents/EE465/cds.lib Line 16 redefines
\w LIB labLib from the same file (defined earlier.)
\w Warning: LIB avTech from File /home/abp250/Documents/EE465/cds.lib Line 17 redefines
\w LIB avTech from the same file (defined earlier.)
\w Warning: LIB labLib from File /home/abp250/Documents/EE465/cds.lib Line 16 redefines
\w LIB labLib from the same file (defined earlier.)
\w Warning: LIB avTech from File /home/abp250/Documents/EE465/cds.lib Line 17 redefines
\w LIB avTech from the same file (defined earlier.)
\w Warning: LIB labLib from File /home/abp250/Documents/EE465/cds.lib Line 16 redefines
\w LIB labLib from the same file (defined earlier.)
\w Warning: LIB avTech from File /home/abp250/Documents/EE465/cds.lib Line 17 redefines
\w LIB avTech from the same file (defined earlier.)
\a cdsLibManager->libListBox->value = "labLib"
\a cdsLibManager->libLineEdit->value = "labLib"
\a cdsLibManager->cellListBox->value = "DFF"
\a cdsLibManager->cellLineEdit->value = "DFF"
\a cdsLibManager->viewListBox->value = "layout"
\a cdsLibManager->viewLineEdit->value = "layout"
\a cdsLibManager->viewLineEdit->value = ""
\a cdsLibManager->viewListBox->value = nil
\a cdsLibManager->viewListBox->value = "layout"
\a cdsLibManager->viewLineEdit->value = "layout"
\a cdsLibManager->libListBox->value = nil
\a cdsLibManager->cellListBox->value = nil
\a cdsLibManager->viewLineEdit->value = ""
\a cdsLibManager->viewListBox->value = nil
\a cdsLibManager->cellLineEdit->value = ""
\a cdsLibManager->libLineEdit->value = ""
\w Warning: '/home/abp250/Documents/EE465/cds.lib', Line 15, Repeat of INCLUDE of '/home/abp250/Documents/EE465/cds.lib'.
\w Warning: LIB basic from File /home/abp250/Documents/EE465/cds.lib Line 2 redefines
\w LIB basic from the same file (defined earlier.)
\w Warning: LIB NCSU_Analog_Parts from File /home/abp250/Documents/EE465/cds.lib Line 3 redefines
\w LIB NCSU_Analog_Parts from the same file (defined earlier.)
\w Warning: LIB NCSU_Digital_Parts from File /home/abp250/Documents/EE465/cds.lib Line 4 redefines
\w LIB NCSU_Digital_Parts from the same file (defined earlier.)
\w Warning: LIB NCSU_TechLib_ami06 from File /home/abp250/Documents/EE465/cds.lib Line 6 redefines
\w LIB NCSU_TechLib_ami06 from the same file (defined earlier.)
\w Warning: LIB NCSU_TechLib_ami16 from File /home/abp250/Documents/EE465/cds.lib Line 7 redefines
\w LIB NCSU_TechLib_ami16 from the same file (defined earlier.)
\w Warning: LIB NCSU_TechLib_hp06 from File /home/abp250/Documents/EE465/cds.lib Line 8 redefines
\w LIB NCSU_TechLib_hp06 from the same file (defined earlier.)
\w Warning: LIB NCSU_TechLib_tsmc02 from File /home/abp250/Documents/EE465/cds.lib Line 9 redefines
\w LIB NCSU_TechLib_tsmc02 from the same file (defined earlier.)
\w Warning: LIB NCSU_TechLib_tsmc02d from File /home/abp250/Documents/EE465/cds.lib Line 10 redefines
\w LIB NCSU_TechLib_tsmc02d from the same file (defined earlier.)
\w Warning: LIB NCSU_TechLib_tsmc03 from File /home/abp250/Documents/EE465/cds.lib Line 11 redefines
\w LIB NCSU_TechLib_tsmc03 from the same file (defined earlier.)
\w Warning: LIB NCSU_TechLib_tsmc03d from File /home/abp250/Documents/EE465/cds.lib Line 12 redefines
\w LIB NCSU_TechLib_tsmc03d from the same file (defined earlier.)
\w Warning: LIB NCSU_TechLib_tsmc04_4M2P from File /home/abp250/Documents/EE465/cds.lib Line 13 redefines
\w LIB NCSU_TechLib_tsmc04_4M2P from the same file (defined earlier.)
\w Warning: LIB OSU_stdcells_ami05 from File /home/abp250/Documents/EE465/cds.lib Line 14 redefines
\w LIB OSU_stdcells_ami05 from the same file (defined earlier.)
\w Warning: '/home/abp250/Documents/EE465/cds.lib', Line 15, Repeat of INCLUDE of '/home/abp250/Documents/EE465/cds.lib'.
\w Warning: LIB basic from File /home/abp250/Documents/EE465/cds.lib Line 2 redefines
\w LIB basic from the same file (defined earlier.)
\w Warning: LIB NCSU_Analog_Parts from File /home/abp250/Documents/EE465/cds.lib Line 3 redefines
\w LIB NCSU_Analog_Parts from the same file (defined earlier.)
\w Warning: LIB NCSU_Digital_Parts from File /home/abp250/Documents/EE465/cds.lib Line 4 redefines
\w LIB NCSU_Digital_Parts from the same file (defined earlier.)
\w Warning: LIB NCSU_TechLib_ami06 from File /home/abp250/Documents/EE465/cds.lib Line 6 redefines
\w LIB NCSU_TechLib_ami06 from the same file (defined earlier.)
\w Warning: LIB NCSU_TechLib_ami16 from File /home/abp250/Documents/EE465/cds.lib Line 7 redefines
\w LIB NCSU_TechLib_ami16 from the same file (defined earlier.)
\w Warning: LIB NCSU_TechLib_hp06 from File /home/abp250/Documents/EE465/cds.lib Line 8 redefines
\w LIB NCSU_TechLib_hp06 from the same file (defined earlier.)
\w Warning: LIB NCSU_TechLib_tsmc02 from File /home/abp250/Documents/EE465/cds.lib Line 9 redefines
\w LIB NCSU_TechLib_tsmc02 from the same file (defined earlier.)
\w Warning: LIB NCSU_TechLib_tsmc02d from File /home/abp250/Documents/EE465/cds.lib Line 10 redefines
\w LIB NCSU_TechLib_tsmc02d from the same file (defined earlier.)
\w Warning: LIB NCSU_TechLib_tsmc03 from File /home/abp250/Documents/EE465/cds.lib Line 11 redefines
\w LIB NCSU_TechLib_tsmc03 from the same file (defined earlier.)
\w Warning: LIB NCSU_TechLib_tsmc03d from File /home/abp250/Documents/EE465/cds.lib Line 12 redefines
\w LIB NCSU_TechLib_tsmc03d from the same file (defined earlier.)
\w Warning: LIB NCSU_TechLib_tsmc04_4M2P from File /home/abp250/Documents/EE465/cds.lib Line 13 redefines
\w LIB NCSU_TechLib_tsmc04_4M2P from the same file (defined earlier.)
\w Warning: LIB OSU_stdcells_ami05 from File /home/abp250/Documents/EE465/cds.lib Line 14 redefines
\w LIB OSU_stdcells_ami05 from the same file (defined earlier.)
\w Warning: '/home/abp250/Documents/EE465/cds.lib', Line 15, Repeat of INCLUDE of '/home/abp250/Documents/EE465/cds.lib'.
\w Warning: LIB basic from File /home/abp250/Documents/EE465/cds.lib Line 2 redefines
\w LIB basic from the same file (defined earlier.)
\w Warning: LIB NCSU_Analog_Parts from File /home/abp250/Documents/EE465/cds.lib Line 3 redefines
\w LIB NCSU_Analog_Parts from the same file (defined earlier.)
\w Warning: LIB NCSU_Digital_Parts from File /home/abp250/Documents/EE465/cds.lib Line 4 redefines
\w LIB NCSU_Digital_Parts from the same file (defined earlier.)
\w Warning: LIB NCSU_TechLib_ami06 from File /home/abp250/Documents/EE465/cds.lib Line 6 redefines
\w LIB NCSU_TechLib_ami06 from the same file (defined earlier.)
\w Warning: LIB NCSU_TechLib_ami16 from File /home/abp250/Documents/EE465/cds.lib Line 7 redefines
\w LIB NCSU_TechLib_ami16 from the same file (defined earlier.)
\w Warning: LIB NCSU_TechLib_hp06 from File /home/abp250/Documents/EE465/cds.lib Line 8 redefines
\w LIB NCSU_TechLib_hp06 from the same file (defined earlier.)
\w Warning: LIB NCSU_TechLib_tsmc02 from File /home/abp250/Documents/EE465/cds.lib Line 9 redefines
\w LIB NCSU_TechLib_tsmc02 from the same file (defined earlier.)
\w Warning: LIB NCSU_TechLib_tsmc02d from File /home/abp250/Documents/EE465/cds.lib Line 10 redefines
\w LIB NCSU_TechLib_tsmc02d from the same file (defined earlier.)
\w Warning: LIB NCSU_TechLib_tsmc03 from File /home/abp250/Documents/EE465/cds.lib Line 11 redefines
\w LIB NCSU_TechLib_tsmc03 from the same file (defined earlier.)
\w Warning: LIB NCSU_TechLib_tsmc03d from File /home/abp250/Documents/EE465/cds.lib Line 12 redefines
\w LIB NCSU_TechLib_tsmc03d from the same file (defined earlier.)
\w Warning: LIB NCSU_TechLib_tsmc04_4M2P from File /home/abp250/Documents/EE465/cds.lib Line 13 redefines
\w LIB NCSU_TechLib_tsmc04_4M2P from the same file (defined earlier.)
\w Warning: LIB OSU_stdcells_ami05 from File /home/abp250/Documents/EE465/cds.lib Line 14 redefines
\w LIB OSU_stdcells_ami05 from the same file (defined earlier.)
\w Warning: '/home/abp250/Documents/EE465/cds.lib', Line 15, Repeat of INCLUDE of '/home/abp250/Documents/EE465/cds.lib'.
\w Warning: LIB basic from File /home/abp250/Documents/EE465/cds.lib Line 2 redefines
\w LIB basic from the same file (defined earlier.)
\w Warning: LIB NCSU_Analog_Parts from File /home/abp250/Documents/EE465/cds.lib Line 3 redefines
\w LIB NCSU_Analog_Parts from the same file (defined earlier.)
\w Warning: LIB NCSU_Digital_Parts from File /home/abp250/Documents/EE465/cds.lib Line 4 redefines
\w LIB NCSU_Digital_Parts from the same file (defined earlier.)
\w Warning: LIB NCSU_TechLib_ami06 from File /home/abp250/Documents/EE465/cds.lib Line 6 redefines
\w LIB NCSU_TechLib_ami06 from the same file (defined earlier.)
\w Warning: LIB NCSU_TechLib_ami16 from File /home/abp250/Documents/EE465/cds.lib Line 7 redefines
\w LIB NCSU_TechLib_ami16 from the same file (defined earlier.)
\w Warning: LIB NCSU_TechLib_hp06 from File /home/abp250/Documents/EE465/cds.lib Line 8 redefines
\w LIB NCSU_TechLib_hp06 from the same file (defined earlier.)
\w Warning: LIB NCSU_TechLib_tsmc02 from File /home/abp250/Documents/EE465/cds.lib Line 9 redefines
\w LIB NCSU_TechLib_tsmc02 from the same file (defined earlier.)
\w Warning: LIB NCSU_TechLib_tsmc02d from File /home/abp250/Documents/EE465/cds.lib Line 10 redefines
\w LIB NCSU_TechLib_tsmc02d from the same file (defined earlier.)
\w Warning: LIB NCSU_TechLib_tsmc03 from File /home/abp250/Documents/EE465/cds.lib Line 11 redefines
\w LIB NCSU_TechLib_tsmc03 from the same file (defined earlier.)
\w Warning: LIB NCSU_TechLib_tsmc03d from File /home/abp250/Documents/EE465/cds.lib Line 12 redefines
\w LIB NCSU_TechLib_tsmc03d from the same file (defined earlier.)
\w Warning: LIB NCSU_TechLib_tsmc04_4M2P from File /home/abp250/Documents/EE465/cds.lib Line 13 redefines
\w LIB NCSU_TechLib_tsmc04_4M2P from the same file (defined earlier.)
\w Warning: LIB OSU_stdcells_ami05 from File /home/abp250/Documents/EE465/cds.lib Line 14 redefines
\w LIB OSU_stdcells_ami05 from the same file (defined earlier.)
\w Warning: '/home/abp250/Documents/EE465/cds.lib', Line 15, Repeat of INCLUDE of '/home/abp250/Documents/EE465/cds.lib'.
\w Warning: Read '/home/abp250/Documents/EE465/cds.lib' file 6 times.  Possible recursive cds.lib files - skipping INCLUDE.
\w Warning: '/home/abp250/Documents/EE465/cds.lib', Line 15: Skipping: './cds.lib'
\o   DEFINE  labLib  /home/abp250/Documents/EE465/labLib 
\w Warning: LIB avTech from File /home/abp250/Documents/EE465/cds.lib Line 17 redefines
\w LIB avTech from the same file (defined earlier.)
\w Warning: LIB labLib from File /home/abp250/Documents/EE465/cds.lib Line 16 redefines
\w LIB labLib from the same file (defined earlier.)
\w Warning: LIB avTech from File /home/abp250/Documents/EE465/cds.lib Line 17 redefines
\w LIB avTech from the same file (defined earlier.)
\w Warning: LIB labLib from File /home/abp250/Documents/EE465/cds.lib Line 16 redefines
\w LIB labLib from the same file (defined earlier.)
\w Warning: LIB avTech from File /home/abp250/Documents/EE465/cds.lib Line 17 redefines
\w LIB avTech from the same file (defined earlier.)
\w Warning: LIB labLib from File /home/abp250/Documents/EE465/cds.lib Line 16 redefines
\w LIB labLib from the same file (defined earlier.)
\w Warning: LIB avTech from File /home/abp250/Documents/EE465/cds.lib Line 17 redefines
\w LIB avTech from the same file (defined earlier.)
\a cdsLibManager->libListBox->value = "labLib"
\a cdsLibManager->libLineEdit->value = "labLib"
\a cdsLibManager->cellListBox->value = "DFF"
\a cdsLibManager->cellLineEdit->value = "DFF"
\a cdsLibManager->viewListBox->value = "layout"
\a cdsLibManager->viewLineEdit->value = "layout"
\a cdsLibManager->viewLineEdit->value = ""
\a cdsLibManager->viewListBox->value = nil
\a cdsLibManager->viewListBox->value = "layout"
\a cdsLibManager->viewLineEdit->value = "layout"
\a nrSetCurrentWindow(cdsLibManager)
\a nrSetCurrentWindow(cdsLibManager)
\a cdsLibManager->viewListBox->value = nil
\a cdsLibManager->viewLineEdit->value = "layoutr"
\a cdsLibManager->libListBox->value = nil
\a cdsLibManager->cellListBox->value = nil
\a cdsLibManager->viewLineEdit->value = ""
\a cdsLibManager->cellLineEdit->value = ""
\a cdsLibManager->libLineEdit->value = ""
\w Warning: '/home/abp250/Documents/EE465/cds.lib', Line 15, Repeat of INCLUDE of '/home/abp250/Documents/EE465/cds.lib'.
\w Warning: LIB basic from File /home/abp250/Documents/EE465/cds.lib Line 2 redefines
\w LIB basic from the same file (defined earlier.)
\w Warning: LIB NCSU_Analog_Parts from File /home/abp250/Documents/EE465/cds.lib Line 3 redefines
\w LIB NCSU_Analog_Parts from the same file (defined earlier.)
\w Warning: LIB NCSU_Digital_Parts from File /home/abp250/Documents/EE465/cds.lib Line 4 redefines
\w LIB NCSU_Digital_Parts from the same file (defined earlier.)
\w Warning: LIB NCSU_TechLib_ami06 from File /home/abp250/Documents/EE465/cds.lib Line 6 redefines
\w LIB NCSU_TechLib_ami06 from the same file (defined earlier.)
\w Warning: LIB NCSU_TechLib_ami16 from File /home/abp250/Documents/EE465/cds.lib Line 7 redefines
\w LIB NCSU_TechLib_ami16 from the same file (defined earlier.)
\w Warning: LIB NCSU_TechLib_hp06 from File /home/abp250/Documents/EE465/cds.lib Line 8 redefines
\w LIB NCSU_TechLib_hp06 from the same file (defined earlier.)
\w Warning: LIB NCSU_TechLib_tsmc02 from File /home/abp250/Documents/EE465/cds.lib Line 9 redefines
\w LIB NCSU_TechLib_tsmc02 from the same file (defined earlier.)
\w Warning: LIB NCSU_TechLib_tsmc02d from File /home/abp250/Documents/EE465/cds.lib Line 10 redefines
\w LIB NCSU_TechLib_tsmc02d from the same file (defined earlier.)
\w Warning: LIB NCSU_TechLib_tsmc03 from File /home/abp250/Documents/EE465/cds.lib Line 11 redefines
\w LIB NCSU_TechLib_tsmc03 from the same file (defined earlier.)
\w Warning: LIB NCSU_TechLib_tsmc03d from File /home/abp250/Documents/EE465/cds.lib Line 12 redefines
\w LIB NCSU_TechLib_tsmc03d from the same file (defined earlier.)
\w Warning: LIB NCSU_TechLib_tsmc04_4M2P from File /home/abp250/Documents/EE465/cds.lib Line 13 redefines
\w LIB NCSU_TechLib_tsmc04_4M2P from the same file (defined earlier.)
\w Warning: LIB OSU_stdcells_ami05 from File /home/abp250/Documents/EE465/cds.lib Line 14 redefines
\w LIB OSU_stdcells_ami05 from the same file (defined earlier.)
\w Warning: '/home/abp250/Documents/EE465/cds.lib', Line 15, Repeat of INCLUDE of '/home/abp250/Documents/EE465/cds.lib'.
\w Warning: LIB basic from File /home/abp250/Documents/EE465/cds.lib Line 2 redefines
\w LIB basic from the same file (defined earlier.)
\w Warning: LIB NCSU_Analog_Parts from File /home/abp250/Documents/EE465/cds.lib Line 3 redefines
\w LIB NCSU_Analog_Parts from the same file (defined earlier.)
\w Warning: LIB NCSU_Digital_Parts from File /home/abp250/Documents/EE465/cds.lib Line 4 redefines
\w LIB NCSU_Digital_Parts from the same file (defined earlier.)
\w Warning: LIB NCSU_TechLib_ami06 from File /home/abp250/Documents/EE465/cds.lib Line 6 redefines
\w LIB NCSU_TechLib_ami06 from the same file (defined earlier.)
\w Warning: LIB NCSU_TechLib_ami16 from File /home/abp250/Documents/EE465/cds.lib Line 7 redefines
\w LIB NCSU_TechLib_ami16 from the same file (defined earlier.)
\w Warning: LIB NCSU_TechLib_hp06 from File /home/abp250/Documents/EE465/cds.lib Line 8 redefines
\w LIB NCSU_TechLib_hp06 from the same file (defined earlier.)
\w Warning: LIB NCSU_TechLib_tsmc02 from File /home/abp250/Documents/EE465/cds.lib Line 9 redefines
\w LIB NCSU_TechLib_tsmc02 from the same file (defined earlier.)
\w Warning: LIB NCSU_TechLib_tsmc02d from File /home/abp250/Documents/EE465/cds.lib Line 10 redefines
\w LIB NCSU_TechLib_tsmc02d from the same file (defined earlier.)
\w Warning: LIB NCSU_TechLib_tsmc03 from File /home/abp250/Documents/EE465/cds.lib Line 11 redefines
\w LIB NCSU_TechLib_tsmc03 from the same file (defined earlier.)
\w Warning: LIB NCSU_TechLib_tsmc03d from File /home/abp250/Documents/EE465/cds.lib Line 12 redefines
\w LIB NCSU_TechLib_tsmc03d from the same file (defined earlier.)
\w Warning: LIB NCSU_TechLib_tsmc04_4M2P from File /home/abp250/Documents/EE465/cds.lib Line 13 redefines
\w LIB NCSU_TechLib_tsmc04_4M2P from the same file (defined earlier.)
\w Warning: LIB OSU_stdcells_ami05 from File /home/abp250/Documents/EE465/cds.lib Line 14 redefines
\w LIB OSU_stdcells_ami05 from the same file (defined earlier.)
\w Warning: '/home/abp250/Documents/EE465/cds.lib', Line 15, Repeat of INCLUDE of '/home/abp250/Documents/EE465/cds.lib'.
\w Warning: LIB basic from File /home/abp250/Documents/EE465/cds.lib Line 2 redefines
\w LIB basic from the same file (defined earlier.)
\w Warning: LIB NCSU_Analog_Parts from File /home/abp250/Documents/EE465/cds.lib Line 3 redefines
\w LIB NCSU_Analog_Parts from the same file (defined earlier.)
\w Warning: LIB NCSU_Digital_Parts from File /home/abp250/Documents/EE465/cds.lib Line 4 redefines
\w LIB NCSU_Digital_Parts from the same file (defined earlier.)
\w Warning: LIB NCSU_TechLib_ami06 from File /home/abp250/Documents/EE465/cds.lib Line 6 redefines
\w LIB NCSU_TechLib_ami06 from the same file (defined earlier.)
\w Warning: LIB NCSU_TechLib_ami16 from File /home/abp250/Documents/EE465/cds.lib Line 7 redefines
\w LIB NCSU_TechLib_ami16 from the same file (defined earlier.)
\w Warning: LIB NCSU_TechLib_hp06 from File /home/abp250/Documents/EE465/cds.lib Line 8 redefines
\w LIB NCSU_TechLib_hp06 from the same file (defined earlier.)
\w Warning: LIB NCSU_TechLib_tsmc02 from File /home/abp250/Documents/EE465/cds.lib Line 9 redefines
\w LIB NCSU_TechLib_tsmc02 from the same file (defined earlier.)
\w Warning: LIB NCSU_TechLib_tsmc02d from File /home/abp250/Documents/EE465/cds.lib Line 10 redefines
\w LIB NCSU_TechLib_tsmc02d from the same file (defined earlier.)
\w Warning: LIB NCSU_TechLib_tsmc03 from File /home/abp250/Documents/EE465/cds.lib Line 11 redefines
\w LIB NCSU_TechLib_tsmc03 from the same file (defined earlier.)
\w Warning: LIB NCSU_TechLib_tsmc03d from File /home/abp250/Documents/EE465/cds.lib Line 12 redefines
\w LIB NCSU_TechLib_tsmc03d from the same file (defined earlier.)
\w Warning: LIB NCSU_TechLib_tsmc04_4M2P from File /home/abp250/Documents/EE465/cds.lib Line 13 redefines
\w LIB NCSU_TechLib_tsmc04_4M2P from the same file (defined earlier.)
\w Warning: LIB OSU_stdcells_ami05 from File /home/abp250/Documents/EE465/cds.lib Line 14 redefines
\w LIB OSU_stdcells_ami05 from the same file (defined earlier.)
\w Warning: '/home/abp250/Documents/EE465/cds.lib', Line 15, Repeat of INCLUDE of '/home/abp250/Documents/EE465/cds.lib'.
\w Warning: LIB basic from File /home/abp250/Documents/EE465/cds.lib Line 2 redefines
\w LIB basic from the same file (defined earlier.)
\w Warning: LIB NCSU_Analog_Parts from File /home/abp250/Documents/EE465/cds.lib Line 3 redefines
\w LIB NCSU_Analog_Parts from the same file (defined earlier.)
\w Warning: LIB NCSU_Digital_Parts from File /home/abp250/Documents/EE465/cds.lib Line 4 redefines
\w LIB NCSU_Digital_Parts from the same file (defined earlier.)
\w Warning: LIB NCSU_TechLib_ami06 from File /home/abp250/Documents/EE465/cds.lib Line 6 redefines
\w LIB NCSU_TechLib_ami06 from the same file (defined earlier.)
\w Warning: LIB NCSU_TechLib_ami16 from File /home/abp250/Documents/EE465/cds.lib Line 7 redefines
\w LIB NCSU_TechLib_ami16 from the same file (defined earlier.)
\w Warning: LIB NCSU_TechLib_hp06 from File /home/abp250/Documents/EE465/cds.lib Line 8 redefines
\w LIB NCSU_TechLib_hp06 from the same file (defined earlier.)
\w Warning: LIB NCSU_TechLib_tsmc02 from File /home/abp250/Documents/EE465/cds.lib Line 9 redefines
\w LIB NCSU_TechLib_tsmc02 from the same file (defined earlier.)
\w Warning: LIB NCSU_TechLib_tsmc02d from File /home/abp250/Documents/EE465/cds.lib Line 10 redefines
\w LIB NCSU_TechLib_tsmc02d from the same file (defined earlier.)
\w Warning: LIB NCSU_TechLib_tsmc03 from File /home/abp250/Documents/EE465/cds.lib Line 11 redefines
\w LIB NCSU_TechLib_tsmc03 from the same file (defined earlier.)
\w Warning: LIB NCSU_TechLib_tsmc03d from File /home/abp250/Documents/EE465/cds.lib Line 12 redefines
\w LIB NCSU_TechLib_tsmc03d from the same file (defined earlier.)
\w Warning: LIB NCSU_TechLib_tsmc04_4M2P from File /home/abp250/Documents/EE465/cds.lib Line 13 redefines
\w LIB NCSU_TechLib_tsmc04_4M2P from the same file (defined earlier.)
\w Warning: LIB OSU_stdcells_ami05 from File /home/abp250/Documents/EE465/cds.lib Line 14 redefines
\w LIB OSU_stdcells_ami05 from the same file (defined earlier.)
\w Warning: '/home/abp250/Documents/EE465/cds.lib', Line 15, Repeat of INCLUDE of '/home/abp250/Documents/EE465/cds.lib'.
\w Warning: Read '/home/abp250/Documents/EE465/cds.lib' file 6 times.  Possible recursive cds.lib files - skipping INCLUDE.
\w Warning: '/home/abp250/Documents/EE465/cds.lib', Line 15: Skipping: './cds.lib'
\o   DEFINE  labLib  /home/abp250/Documents/EE465/labLib 
\w Warning: LIB avTech from File /home/abp250/Documents/EE465/cds.lib Line 17 redefines
\w LIB avTech from the same file (defined earlier.)
\w Warning: LIB labLib from File /home/abp250/Documents/EE465/cds.lib Line 16 redefines
\w LIB labLib from the same file (defined earlier.)
\w Warning: LIB avTech from File /home/abp250/Documents/EE465/cds.lib Line 17 redefines
\w LIB avTech from the same file (defined earlier.)
\w Warning: LIB labLib from File /home/abp250/Documents/EE465/cds.lib Line 16 redefines
\w LIB labLib from the same file (defined earlier.)
\w Warning: LIB avTech from File /home/abp250/Documents/EE465/cds.lib Line 17 redefines
\w LIB avTech from the same file (defined earlier.)
\w Warning: LIB labLib from File /home/abp250/Documents/EE465/cds.lib Line 16 redefines
\w LIB labLib from the same file (defined earlier.)
\w Warning: LIB avTech from File /home/abp250/Documents/EE465/cds.lib Line 17 redefines
\w LIB avTech from the same file (defined earlier.)
\a cdsLibManager->libListBox->value = "labLib"
\a cdsLibManager->libLineEdit->value = "labLib"
\a cdsLibManager->cellListBox->value = "DFF"
\a cdsLibManager->cellLineEdit->value = "DFF"
\a cdsLibManager->viewListBox->value = "layout"
\a cdsLibManager->viewLineEdit->value = "layout"
\a cdsLibManager->viewLineEdit->value = ""
\a cdsLibManager->viewListBox->value = nil
\a cdsLibManager->viewListBox->value = "layout"
\a cdsLibManager->viewLineEdit->value = "layout"
\a cdsLibManager->viewLineEdit->value = ""
\a cdsLibManager->viewListBox->value = nil
\a nrSetCurrentWindow(cdsLibManager)
\a cdsLibManager->viewLineEdit->value = ""
\a cdsLibManager->cellListBox->value = "DFF_t"
\a cdsLibManager->viewListBox->value = "schematic"
\a cdsLibManager->viewLineEdit->value = "schematic"
\a cdsLibManager->cellListBox->value = "DFF"
\a cdsLibManager->viewLineEdit->value = ""
\a cdsLibManager->viewListBox->value = nil
\a cdsLibManager->viewListBox->value = "schematic"
\a cdsLibManager->viewLineEdit->value = "schematic"
\a cdsLibManager->cellLineEdit->value = "DFF"
\a nrSetCurrentWindow(cdsLibManager)
\a cdsLibManager->cellListBox->value = "DFF_t"
\a cdsLibManager->viewLineEdit->value = ""
\a cdsLibManager->viewListBox->value = nil
\a cdsLibManager->viewListBox->value = "schematic"
\a cdsLibManager->viewLineEdit->value = "schematic"
\a cdsLibManager->cellListBox->value = nil
\a cdsLibManager->viewLineEdit->value = ""
\a cdsLibManager->viewListBox->value = nil
\a cdsLibManager->cellListBox->value = "DFF"
\a cdsLibManager->viewListBox->value = "schematic"
\a cdsLibManager->viewLineEdit->value = "schematic"
\a cdsLibManager->cellLineEdit->value = "DFF"
\a cdsLibManager->viewListBox->value = "symbol"
\a cdsLibManager->viewLineEdit->value = "symbol"
\o MPS request: edit design
\a nrListItemAction(cdsLibManager->gdmXTView 2 0)
\a nrSetCurrentWindow(cdsLibManager)
\a nrSetCurrentWindow(cdsLibManager)
\a cdsLibManager->viewListBox->value = "schematic"
\a cdsLibManager->viewLineEdit->value = "schematic"
\o MPS request: edit design
\a nrListItemAction(cdsLibManager->gdmXTView 1 0)
\a nrSetCurrentWindow(cdsLibManager)
\a nrSetCurrentWindow(cdsLibManager)
\a cdsLibManager->viewListBox->value = "symbol"
\a cdsLibManager->viewLineEdit->value = "symbol"
\a cdsLibManager->cellListBox->value = "INVERTER"
\a cdsLibManager->viewLineEdit->value = ""
\a cdsLibManager->viewListBox->value = nil
\a cdsLibManager->viewListBox->value = "symbol"
\a cdsLibManager->viewLineEdit->value = "symbol"
\a cdsLibManager->cellListBox->value = "TGINV"
\a cdsLibManager->viewLineEdit->value = ""
\a cdsLibManager->viewListBox->value = nil
\a cdsLibManager->cellListBox->value = "TG_t"
\a cdsLibManager->viewListBox->value = "schematic"
\a cdsLibManager->viewLineEdit->value = "schematic"
\a cdsLibManager->cellListBox->value = "TGINV2"
\a cdsLibManager->viewLineEdit->value = ""
\a cdsLibManager->viewListBox->value = nil
\a cdsLibManager->viewListBox->value = "schematic"
\a cdsLibManager->viewLineEdit->value = "schematic"
\a cdsLibManager->cellLineEdit->value = "TGINV2"
\a cdsLibManager->viewListBox->value = "symbol"
\a cdsLibManager->viewLineEdit->value = "symbol"
\a cdsLibManager->viewListBox->value = "schematic"
\a cdsLibManager->viewLineEdit->value = "schematic"
\a cdsLibManager->viewListBox->value = "layout"
\a cdsLibManager->viewLineEdit->value = "layout"
\a cdsLibManager->viewListBox->value = "schematic"
\a cdsLibManager->viewLineEdit->value = "schematic"
\o MPS request: edit design
\a nrListItemAction(cdsLibManager->gdmXTView 2 0)
\a nrSetCurrentWindow(cdsLibManager)
\a nrSetCurrentWindow(cdsLibManager)
\a nrSetCurrentWindow(cdsLibManager)
\a cdsLibManager->cellListBox->value = "TGINV"
\a cdsLibManager->viewLineEdit->value = ""
\a cdsLibManager->viewListBox->value = nil
\a cdsLibManager->viewListBox->value = "schematic"
\a cdsLibManager->viewLineEdit->value = "schematic"
\a cdsLibManager->cellListBox->value = "TG"
\a cdsLibManager->viewLineEdit->value = ""
\a cdsLibManager->viewListBox->value = nil
\a cdsLibManager->viewListBox->value = "schematic"
\a cdsLibManager->viewLineEdit->value = "schematic"
\a cdsLibManager->cellListBox->value = "DFF_t"
\a cdsLibManager->viewLineEdit->value = ""
\a cdsLibManager->viewListBox->value = nil
\a cdsLibManager->viewListBox->value = "schematic"
\a cdsLibManager->viewLineEdit->value = "schematic"
\a cdsLibManager->cellListBox->value = "INVERTER"
\a cdsLibManager->viewLineEdit->value = ""
\a cdsLibManager->viewListBox->value = nil
\a cdsLibManager->viewListBox->value = "schematic"
\a cdsLibManager->viewLineEdit->value = "schematic"
\a cdsLibManager->cellLineEdit->value = "INVERTER"
\a cdsLibManager->viewListBox->value = "layout"
\a cdsLibManager->viewLineEdit->value = "layout"
\a cdsLibManager->viewListBox->value = "schematic"
\a cdsLibManager->viewLineEdit->value = "schematic"
\o MPS request: edit design
\a nrListItemAction(cdsLibManager->gdmXTView 2 0)
\a nrSetCurrentWindow(cdsLibManager)
\a nrSetCurrentWindow(cdsLibManager)
\a nrSetCurrentWindow(cdsLibManager)
\a nrSetCurrentWindow(cdsLibManager)
\a nrSetCurrentWindow(cdsLibManager)
\a cdsLibManager->viewListBox->value = "extracted"
\a cdsLibManager->viewLineEdit->value = "extracted"
\a cdsLibManager->viewListBox->value = nil
\a cdsLibManager->viewListBox->value = "extracted"
\o MPS request: edit design
\a nrListItemAction(cdsLibManager->gdmXTView 0 0)
\a cdsLibManager->cellListBox->value = "DFF"
\a cdsLibManager->viewLineEdit->value = ""
\a cdsLibManager->viewListBox->value = nil
\a cdsLibManager->viewListBox->value = "extracted"
\a cdsLibManager->viewLineEdit->value = "extracted"
\a cdsLibManager->cellLineEdit->value = "DFF"
\a cdsLibManager->viewListBox->value = "layout"
\a cdsLibManager->viewLineEdit->value = "layout"
\a cdsLibManager->viewListBox->value = "extracted"
\a cdsLibManager->viewLineEdit->value = "extracted"
\o MPS request: edit design
\a nrListItemAction(cdsLibManager->gdmXTView 0 0)
\a nrSetCurrentWindow(cdsLibManager)
\a nrSetCurrentWindow(cdsLibManager)
\a nrSetCurrentWindow(cdsLibManager)
\a cdsLibManager->cellListBox->value = "TG-copy"
\a cdsLibManager->viewLineEdit->value = ""
\a cdsLibManager->viewListBox->value = nil
\a cdsLibManager->viewListBox->value = "extracted"
\a cdsLibManager->viewLineEdit->value = "extracted"
\a cdsLibManager->cellListBox->value = "zviadragSCRATCH0itojL162290"
\a cdsLibManager->viewLineEdit->value = ""
\a cdsLibManager->viewListBox->value = nil
\a cdsLibManager->libListBox->value = nil
\a cdsLibManager->cellListBox->value = nil
\a cdsLibManager->libLineEdit->value = ""
\w Warning: '/home/abp250/Documents/EE465/cds.lib', Line 15, Repeat of INCLUDE of '/home/abp250/Documents/EE465/cds.lib'.
\w Warning: LIB basic from File /home/abp250/Documents/EE465/cds.lib Line 2 redefines
\w LIB basic from the same file (defined earlier.)
\w Warning: LIB NCSU_Analog_Parts from File /home/abp250/Documents/EE465/cds.lib Line 3 redefines
\w LIB NCSU_Analog_Parts from the same file (defined earlier.)
\w Warning: LIB NCSU_Digital_Parts from File /home/abp250/Documents/EE465/cds.lib Line 4 redefines
\w LIB NCSU_Digital_Parts from the same file (defined earlier.)
\w Warning: LIB NCSU_TechLib_ami06 from File /home/abp250/Documents/EE465/cds.lib Line 6 redefines
\w LIB NCSU_TechLib_ami06 from the same file (defined earlier.)
\w Warning: LIB NCSU_TechLib_ami16 from File /home/abp250/Documents/EE465/cds.lib Line 7 redefines
\w LIB NCSU_TechLib_ami16 from the same file (defined earlier.)
\w Warning: LIB NCSU_TechLib_hp06 from File /home/abp250/Documents/EE465/cds.lib Line 8 redefines
\w LIB NCSU_TechLib_hp06 from the same file (defined earlier.)
\w Warning: LIB NCSU_TechLib_tsmc02 from File /home/abp250/Documents/EE465/cds.lib Line 9 redefines
\w LIB NCSU_TechLib_tsmc02 from the same file (defined earlier.)
\w Warning: LIB NCSU_TechLib_tsmc02d from File /home/abp250/Documents/EE465/cds.lib Line 10 redefines
\w LIB NCSU_TechLib_tsmc02d from the same file (defined earlier.)
\w Warning: LIB NCSU_TechLib_tsmc03 from File /home/abp250/Documents/EE465/cds.lib Line 11 redefines
\w LIB NCSU_TechLib_tsmc03 from the same file (defined earlier.)
\w Warning: LIB NCSU_TechLib_tsmc03d from File /home/abp250/Documents/EE465/cds.lib Line 12 redefines
\w LIB NCSU_TechLib_tsmc03d from the same file (defined earlier.)
\w Warning: LIB NCSU_TechLib_tsmc04_4M2P from File /home/abp250/Documents/EE465/cds.lib Line 13 redefines
\w LIB NCSU_TechLib_tsmc04_4M2P from the same file (defined earlier.)
\w Warning: LIB OSU_stdcells_ami05 from File /home/abp250/Documents/EE465/cds.lib Line 14 redefines
\w LIB OSU_stdcells_ami05 from the same file (defined earlier.)
\w Warning: '/home/abp250/Documents/EE465/cds.lib', Line 15, Repeat of INCLUDE of '/home/abp250/Documents/EE465/cds.lib'.
\w Warning: LIB basic from File /home/abp250/Documents/EE465/cds.lib Line 2 redefines
\w LIB basic from the same file (defined earlier.)
\w Warning: LIB NCSU_Analog_Parts from File /home/abp250/Documents/EE465/cds.lib Line 3 redefines
\w LIB NCSU_Analog_Parts from the same file (defined earlier.)
\w Warning: LIB NCSU_Digital_Parts from File /home/abp250/Documents/EE465/cds.lib Line 4 redefines
\w LIB NCSU_Digital_Parts from the same file (defined earlier.)
\w Warning: LIB NCSU_TechLib_ami06 from File /home/abp250/Documents/EE465/cds.lib Line 6 redefines
\w LIB NCSU_TechLib_ami06 from the same file (defined earlier.)
\w Warning: LIB NCSU_TechLib_ami16 from File /home/abp250/Documents/EE465/cds.lib Line 7 redefines
\w LIB NCSU_TechLib_ami16 from the same file (defined earlier.)
\w Warning: LIB NCSU_TechLib_hp06 from File /home/abp250/Documents/EE465/cds.lib Line 8 redefines
\w LIB NCSU_TechLib_hp06 from the same file (defined earlier.)
\w Warning: LIB NCSU_TechLib_tsmc02 from File /home/abp250/Documents/EE465/cds.lib Line 9 redefines
\w LIB NCSU_TechLib_tsmc02 from the same file (defined earlier.)
\w Warning: LIB NCSU_TechLib_tsmc02d from File /home/abp250/Documents/EE465/cds.lib Line 10 redefines
\w LIB NCSU_TechLib_tsmc02d from the same file (defined earlier.)
\w Warning: LIB NCSU_TechLib_tsmc03 from File /home/abp250/Documents/EE465/cds.lib Line 11 redefines
\w LIB NCSU_TechLib_tsmc03 from the same file (defined earlier.)
\w Warning: LIB NCSU_TechLib_tsmc03d from File /home/abp250/Documents/EE465/cds.lib Line 12 redefines
\w LIB NCSU_TechLib_tsmc03d from the same file (defined earlier.)
\w Warning: LIB NCSU_TechLib_tsmc04_4M2P from File /home/abp250/Documents/EE465/cds.lib Line 13 redefines
\w LIB NCSU_TechLib_tsmc04_4M2P from the same file (defined earlier.)
\w Warning: LIB OSU_stdcells_ami05 from File /home/abp250/Documents/EE465/cds.lib Line 14 redefines
\w LIB OSU_stdcells_ami05 from the same file (defined earlier.)
\w Warning: '/home/abp250/Documents/EE465/cds.lib', Line 15, Repeat of INCLUDE of '/home/abp250/Documents/EE465/cds.lib'.
\w Warning: LIB basic from File /home/abp250/Documents/EE465/cds.lib Line 2 redefines
\w LIB basic from the same file (defined earlier.)
\w Warning: LIB NCSU_Analog_Parts from File /home/abp250/Documents/EE465/cds.lib Line 3 redefines
\w LIB NCSU_Analog_Parts from the same file (defined earlier.)
\w Warning: LIB NCSU_Digital_Parts from File /home/abp250/Documents/EE465/cds.lib Line 4 redefines
\w LIB NCSU_Digital_Parts from the same file (defined earlier.)
\w Warning: LIB NCSU_TechLib_ami06 from File /home/abp250/Documents/EE465/cds.lib Line 6 redefines
\w LIB NCSU_TechLib_ami06 from the same file (defined earlier.)
\w Warning: LIB NCSU_TechLib_ami16 from File /home/abp250/Documents/EE465/cds.lib Line 7 redefines
\w LIB NCSU_TechLib_ami16 from the same file (defined earlier.)
\w Warning: LIB NCSU_TechLib_hp06 from File /home/abp250/Documents/EE465/cds.lib Line 8 redefines
\w LIB NCSU_TechLib_hp06 from the same file (defined earlier.)
\w Warning: LIB NCSU_TechLib_tsmc02 from File /home/abp250/Documents/EE465/cds.lib Line 9 redefines
\w LIB NCSU_TechLib_tsmc02 from the same file (defined earlier.)
\w Warning: LIB NCSU_TechLib_tsmc02d from File /home/abp250/Documents/EE465/cds.lib Line 10 redefines
\w LIB NCSU_TechLib_tsmc02d from the same file (defined earlier.)
\w Warning: LIB NCSU_TechLib_tsmc03 from File /home/abp250/Documents/EE465/cds.lib Line 11 redefines
\w LIB NCSU_TechLib_tsmc03 from the same file (defined earlier.)
\w Warning: LIB NCSU_TechLib_tsmc03d from File /home/abp250/Documents/EE465/cds.lib Line 12 redefines
\w LIB NCSU_TechLib_tsmc03d from the same file (defined earlier.)
\w Warning: LIB NCSU_TechLib_tsmc04_4M2P from File /home/abp250/Documents/EE465/cds.lib Line 13 redefines
\w LIB NCSU_TechLib_tsmc04_4M2P from the same file (defined earlier.)
\w Warning: LIB OSU_stdcells_ami05 from File /home/abp250/Documents/EE465/cds.lib Line 14 redefines
\w LIB OSU_stdcells_ami05 from the same file (defined earlier.)
\w Warning: '/home/abp250/Documents/EE465/cds.lib', Line 15, Repeat of INCLUDE of '/home/abp250/Documents/EE465/cds.lib'.
\w Warning: LIB basic from File /home/abp250/Documents/EE465/cds.lib Line 2 redefines
\w LIB basic from the same file (defined earlier.)
\w Warning: LIB NCSU_Analog_Parts from File /home/abp250/Documents/EE465/cds.lib Line 3 redefines
\w LIB NCSU_Analog_Parts from the same file (defined earlier.)
\w Warning: LIB NCSU_Digital_Parts from File /home/abp250/Documents/EE465/cds.lib Line 4 redefines
\w LIB NCSU_Digital_Parts from the same file (defined earlier.)
\w Warning: LIB NCSU_TechLib_ami06 from File /home/abp250/Documents/EE465/cds.lib Line 6 redefines
\w LIB NCSU_TechLib_ami06 from the same file (defined earlier.)
\w Warning: LIB NCSU_TechLib_ami16 from File /home/abp250/Documents/EE465/cds.lib Line 7 redefines
\w LIB NCSU_TechLib_ami16 from the same file (defined earlier.)
\w Warning: LIB NCSU_TechLib_hp06 from File /home/abp250/Documents/EE465/cds.lib Line 8 redefines
\w LIB NCSU_TechLib_hp06 from the same file (defined earlier.)
\w Warning: LIB NCSU_TechLib_tsmc02 from File /home/abp250/Documents/EE465/cds.lib Line 9 redefines
\w LIB NCSU_TechLib_tsmc02 from the same file (defined earlier.)
\w Warning: LIB NCSU_TechLib_tsmc02d from File /home/abp250/Documents/EE465/cds.lib Line 10 redefines
\w LIB NCSU_TechLib_tsmc02d from the same file (defined earlier.)
\w Warning: LIB NCSU_TechLib_tsmc03 from File /home/abp250/Documents/EE465/cds.lib Line 11 redefines
\w LIB NCSU_TechLib_tsmc03 from the same file (defined earlier.)
\w Warning: LIB NCSU_TechLib_tsmc03d from File /home/abp250/Documents/EE465/cds.lib Line 12 redefines
\w LIB NCSU_TechLib_tsmc03d from the same file (defined earlier.)
\w Warning: LIB NCSU_TechLib_tsmc04_4M2P from File /home/abp250/Documents/EE465/cds.lib Line 13 redefines
\w LIB NCSU_TechLib_tsmc04_4M2P from the same file (defined earlier.)
\w Warning: LIB OSU_stdcells_ami05 from File /home/abp250/Documents/EE465/cds.lib Line 14 redefines
\w LIB OSU_stdcells_ami05 from the same file (defined earlier.)
\w Warning: '/home/abp250/Documents/EE465/cds.lib', Line 15, Repeat of INCLUDE of '/home/abp250/Documents/EE465/cds.lib'.
\w Warning: Read '/home/abp250/Documents/EE465/cds.lib' file 6 times.  Possible recursive cds.lib files - skipping INCLUDE.
\w Warning: '/home/abp250/Documents/EE465/cds.lib', Line 15: Skipping: './cds.lib'
\o   DEFINE  labLib  /home/abp250/Documents/EE465/labLib 
\w Warning: LIB avTech from File /home/abp250/Documents/EE465/cds.lib Line 17 redefines
\w LIB avTech from the same file (defined earlier.)
\w Warning: LIB labLib from File /home/abp250/Documents/EE465/cds.lib Line 16 redefines
\w LIB labLib from the same file (defined earlier.)
\w Warning: LIB avTech from File /home/abp250/Documents/EE465/cds.lib Line 17 redefines
\w LIB avTech from the same file (defined earlier.)
\w Warning: LIB labLib from File /home/abp250/Documents/EE465/cds.lib Line 16 redefines
\w LIB labLib from the same file (defined earlier.)
\w Warning: LIB avTech from File /home/abp250/Documents/EE465/cds.lib Line 17 redefines
\w LIB avTech from the same file (defined earlier.)
\w Warning: LIB labLib from File /home/abp250/Documents/EE465/cds.lib Line 16 redefines
\w LIB labLib from the same file (defined earlier.)
\w Warning: LIB avTech from File /home/abp250/Documents/EE465/cds.lib Line 17 redefines
\w LIB avTech from the same file (defined earlier.)
\a cdsLibManager->libListBox->value = "labLib"
\a cdsLibManager->libLineEdit->value = "labLib"
\o DB was auto refreshed.
\a cdsLibManager->cellListBox->value = "TG_t"
\a cdsLibManager->viewListBox->value = "schematic"
\a cdsLibManager->viewLineEdit->value = "schematic"
\a cdsLibManager->cellListBox->value = "TGINV"
\a cdsLibManager->viewLineEdit->value = ""
\a cdsLibManager->viewListBox->value = nil
\a cdsLibManager->viewListBox->value = "schematic"
\a cdsLibManager->viewLineEdit->value = "schematic"
\a cdsLibManager->cellLineEdit->value = "TGINV"
\a nrSetCurrentWindow(cdsLibManager)
\a cdsLibManager->cellListBox->value = "DFF"
\a cdsLibManager->viewLineEdit->value = ""
\a cdsLibManager->viewListBox->value = nil
\a cdsLibManager->viewListBox->value = "schematic"
\a cdsLibManager->viewLineEdit->value = "schematic"
\a cdsLibManager->cellLineEdit->value = "DFF"
\a cdsLibManager->viewListBox->value = nil
\a cdsLibManager->viewListBox->value = "schematic"
\o MPS request: edit design
\a nrListItemAction(cdsLibManager->gdmXTView 2 0)
\a nrSetCurrentWindow(cdsLibManager)
\a nrSetCurrentWindow(cdsLibManager)
\a cdsLibManager->cellListBox->value = "INVERTER_t"
\a cdsLibManager->viewLineEdit->value = ""
\a cdsLibManager->viewListBox->value = nil
\a cdsLibManager->viewListBox->value = "schematic"
\a cdsLibManager->viewLineEdit->value = "schematic"
\a cdsLibManager->cellListBox->value = "INVERTER"
\a cdsLibManager->viewLineEdit->value = ""
\a cdsLibManager->viewListBox->value = nil
\a cdsLibManager->viewListBox->value = "schematic"
\a cdsLibManager->viewLineEdit->value = "schematic"
\a cdsLibManager->cellListBox->value = "DFF_t"
\a cdsLibManager->viewLineEdit->value = ""
\a cdsLibManager->viewListBox->value = nil
\a cdsLibManager->viewListBox->value = "schematic"
\a cdsLibManager->viewLineEdit->value = "schematic"
\a cdsLibManager->cellListBox->value = "DFF"
\a cdsLibManager->viewLineEdit->value = ""
\a cdsLibManager->viewListBox->value = nil
\a cdsLibManager->viewListBox->value = "schematic"
\a cdsLibManager->viewLineEdit->value = "schematic"
\a cdsLibManager->cellLineEdit->value = "DFF"
\a nrSetCurrentWindow(cdsLibManager)
\a cdsLibManager->libListBox->value = "NCSU_TechLib_tsmc02d"
\a cdsLibManager->cellListBox->value = nil
\a cdsLibManager->viewLineEdit->value = ""
\a cdsLibManager->viewListBox->value = nil
\a cdsLibManager->cellLineEdit->value = ""
\a cdsLibManager->libListBox->value = "OSU_stdcells_ami05"
\a cdsLibManager->libListBox->value = "NCSU_TechLib_tsmc04_4M2P"
\a cdsLibManager->libLineEdit->value = "NCSU_TechLib_tsmc04_4M2P"
\a nrSetCurrentWindow(cdsLibManager)
\a nrSetCurrentWindow(cdsLibManager)
\a cdsLibManager->libListBox->value = "NCSU_Analog_Parts"
\a cdsLibManager->libListBox->value = "NCSU_TechLib_ami06"
\a cdsLibManager->libListBox->value = "NCSU_Digital_Parts"
\a cdsLibManager->libListBox->value = "NCSU_Analog_Parts"
\a cdsLibManager->libListBox->value = "NCSU_TechLib_ami06"
\a cdsLibManager->libListBox->value = "labLib"
\a cdsLibManager->libLineEdit->value = "labLib"
\a cdsLibManager->cellListBox->value = "DFF"
\a cdsLibManager->viewListBox->value = "schematic"
\a cdsLibManager->viewLineEdit->value = "schematic"
\a cdsLibManager->cellLineEdit->value = "DFF"
\a cdsLibManager->viewListBox->value = "extracted"
\a cdsLibManager->viewLineEdit->value = "extracted"
\a nrSetCurrentWindow(cdsLibManager)
\a cdsLibManager->viewListBox->value = nil
\a cdsLibManager->viewListBox->value = "extracted"
\a cdsLibManager->viewListBox->value = "layout"
\a cdsLibManager->viewLineEdit->value = "layout"
\a cdsLibManager->viewListBox->value = "extracted"
\a cdsLibManager->viewLineEdit->value = "extracted"
\a cdsLibManager->viewListBox->value = nil
\a cdsLibManager->viewListBox->value = "extracted"
\o MPS request: edit design
\a nrListItemAction(cdsLibManager->gdmXTView 0 0)
\a nrSetCurrentWindow(cdsLibManager)
\a cdsLibManager->viewListBox->value = "layout"
\a cdsLibManager->viewLineEdit->value = "layout"
\a cdsLibManager->viewListBox->value = "extracted"
\a cdsLibManager->viewLineEdit->value = "extracted"
\a cdsLibManager->viewListBox->value = "layout"
\a cdsLibManager->viewLineEdit->value = "layout"
\a cdsLibManager->viewListBox->value = "extracted"
\a cdsLibManager->viewLineEdit->value = "extracted"
\a cdsLibManager->viewListBox->value = "schematic"
\a cdsLibManager->viewLineEdit->value = "schematic"
\a cdsLibManager->viewListBox->value = "extracted"
\a cdsLibManager->viewLineEdit->value = "extracted"
\o MPS request: edit design
\a nrListItemAction(cdsLibManager->gdmXTView 0 0)
\a nrSetCurrentWindow(cdsLibManager)
\a cdsLibManager->viewListBox->value = "layout"
\a cdsLibManager->viewLineEdit->value = "layout"
\a cdsLibManager->viewListBox->value = "schematic"
\a cdsLibManager->viewLineEdit->value = "schematic"
\a cdsLibManager->viewListBox->value = nil
\a cdsLibManager->viewListBox->value = "schematic"
\o MPS request: edit design
\a nrListItemAction(cdsLibManager->gdmXTView 2 0)
\a nrSetCurrentWindow(cdsLibManager)
\a nrSetCurrentWindow(cdsLibManager)
