============================================================
  Generated by:           Encounter(R) RTL Compiler v10.10-s209_1
  Generated on:           Oct 02 2014  11:09:11 pm
  Module:                 ALT_MULTADD
  Technology library:     tcbn65gpluswc 121
  Operating conditions:   WCCOM (balanced_tree)
  Wireload mode:          segmented
  Area mode:              timing library
============================================================

                               
   Gate    Instances    Area        Library     
------------------------------------------------
AN2D0              1     2.160    tcbn65gpluswc 
AN2D1              1     2.160    tcbn65gpluswc 
AN2D2              2     5.040    tcbn65gpluswc 
AN2D4              4    17.280    tcbn65gpluswc 
AN2XD1            34    73.440    tcbn65gpluswc 
AN3D4              1     5.040    tcbn65gpluswc 
AN3XD1             1     2.520    tcbn65gpluswc 
AO21D0             1     2.520    tcbn65gpluswc 
AO21D1             6    15.120    tcbn65gpluswc 
AO22D0             6    17.280    tcbn65gpluswc 
AO22D1             5    16.200    tcbn65gpluswc 
AO22D2             3    11.880    tcbn65gpluswc 
AOI21D1           26    56.160    tcbn65gpluswc 
AOI21D2           13    42.120    tcbn65gpluswc 
AOI21D4            4    25.920    tcbn65gpluswc 
AOI22D0            2     5.040    tcbn65gpluswc 
AOI22D1           10    25.200    tcbn65gpluswc 
AOI22D2            4    17.280    tcbn65gpluswc 
AOI31D1            2     5.040    tcbn65gpluswc 
BMLD4              1    12.960    tcbn65gpluswc 
BUFFD0             3     4.320    tcbn65gpluswc 
BUFFD1            10    14.400    tcbn65gpluswc 
BUFFD2            15    32.400    tcbn65gpluswc 
BUFFD4             1     3.240    tcbn65gpluswc 
CKAN2D1            1     2.160    tcbn65gpluswc 
CKBD0              5     7.200    tcbn65gpluswc 
CKBD1             13    18.720    tcbn65gpluswc 
CKBD2              1     2.160    tcbn65gpluswc 
CKBD3              1     2.520    tcbn65gpluswc 
CKBD4              2     6.480    tcbn65gpluswc 
CKND0             12    12.960    tcbn65gpluswc 
CKND1            197   212.760    tcbn65gpluswc 
CKND2            260   374.400    tcbn65gpluswc 
CKND2D0            2     2.880    tcbn65gpluswc 
CKND2D1          224   322.560    tcbn65gpluswc 
CKND2D2          292   735.840    tcbn65gpluswc 
CKND2D3           21    68.040    tcbn65gpluswc 
CKND2D4            9    38.880    tcbn65gpluswc 
CKND3             20    43.200    tcbn65gpluswc 
CKND4             17    42.840    tcbn65gpluswc 
CKXOR2D1           3    10.800    tcbn65gpluswc 
DFCND1             1     8.640    tcbn65gpluswc 
DFCNQD1           23   182.160    tcbn65gpluswc 
DFCNQD4           25   252.000    tcbn65gpluswc 
FCICIND1           2     9.360    tcbn65gpluswc 
FCICOND1           1     3.240    tcbn65gpluswc 
FICIND1            1    10.440    tcbn65gpluswc 
HA1D0              1     5.760    tcbn65gpluswc 
HA1D1              1     6.120    tcbn65gpluswc 
HICIND1            1     6.840    tcbn65gpluswc 
HICIND2            1     7.560    tcbn65gpluswc 
IAO21D1            2     5.040    tcbn65gpluswc 
IAO21D2            6    19.440    tcbn65gpluswc 
IAO22D2            1     3.960    tcbn65gpluswc 
IND2D0             6    12.960    tcbn65gpluswc 
IND2D1            84   181.440    tcbn65gpluswc 
IND2D2            37   106.560    tcbn65gpluswc 
IND3D0             1     2.520    tcbn65gpluswc 
IND3D1             6    15.120    tcbn65gpluswc 
IND3D2             1     4.320    tcbn65gpluswc 
INR2D0             2     4.320    tcbn65gpluswc 
INR2D1            10    21.600    tcbn65gpluswc 
INR2D2            10    28.800    tcbn65gpluswc 
INR2D4             2    10.080    tcbn65gpluswc 
INR2XD0            8    17.280    tcbn65gpluswc 
INR2XD1            6    17.280    tcbn65gpluswc 
INVD0             15    16.200    tcbn65gpluswc 
INVD1            285   307.800    tcbn65gpluswc 
INVD2             83   119.520    tcbn65gpluswc 
INVD3              9    19.440    tcbn65gpluswc 
INVD4              5    12.600    tcbn65gpluswc 
INVD6              1     3.240    tcbn65gpluswc 
IOA21D1           19    47.880    tcbn65gpluswc 
IOA21D2           71   230.040    tcbn65gpluswc 
IOA21D4            2    10.800    tcbn65gpluswc 
IOA22D2            2     7.920    tcbn65gpluswc 
IOA22D4            1     6.480    tcbn65gpluswc 
MAOI222D0          1     2.880    tcbn65gpluswc 
MAOI222D1          7    20.160    tcbn65gpluswc 
MAOI22D1           5    14.400    tcbn65gpluswc 
MOAI22D0           3     8.640    tcbn65gpluswc 
MOAI22D1          36   103.680    tcbn65gpluswc 
MOAI22D2           4    17.280    tcbn65gpluswc 
MUX2D0             2     6.480    tcbn65gpluswc 
MUX2D1             4    14.400    tcbn65gpluswc 
MUX2D2             2     7.920    tcbn65gpluswc 
MUX2ND0            4    11.520    tcbn65gpluswc 
ND2D0             23    33.120    tcbn65gpluswc 
ND2D1            365   525.600    tcbn65gpluswc 
ND2D2            479  1207.080    tcbn65gpluswc 
ND2D3             40   129.600    tcbn65gpluswc 
ND2D4             35   151.200    tcbn65gpluswc 
ND2D8              1     7.920    tcbn65gpluswc 
ND3D1             42    90.720    tcbn65gpluswc 
ND3D2             39   126.360    tcbn65gpluswc 
ND3D3              3    14.040    tcbn65gpluswc 
ND4D0              1     2.520    tcbn65gpluswc 
ND4D1              1     2.520    tcbn65gpluswc 
NR2D0              1     1.440    tcbn65gpluswc 
NR2D1             39    56.160    tcbn65gpluswc 
NR2D2             34    85.680    tcbn65gpluswc 
NR2D3             16    51.840    tcbn65gpluswc 
NR2D4              2     8.640    tcbn65gpluswc 
NR2XD0            39    56.160    tcbn65gpluswc 
NR2XD1           149   375.480    tcbn65gpluswc 
NR2XD2            57   246.240    tcbn65gpluswc 
NR2XD3             3    18.360    tcbn65gpluswc 
NR2XD4             5    39.600    tcbn65gpluswc 
OA21D1             5    12.600    tcbn65gpluswc 
OA21D2             1     2.880    tcbn65gpluswc 
OA21D4             1     5.760    tcbn65gpluswc 
OA221D1            1     3.960    tcbn65gpluswc 
OA22D2             1     3.960    tcbn65gpluswc 
OA22D4             1     6.480    tcbn65gpluswc 
OAI211D1           2     5.040    tcbn65gpluswc 
OAI21D0            1     2.160    tcbn65gpluswc 
OAI21D1           65   140.400    tcbn65gpluswc 
OAI21D2           22    71.280    tcbn65gpluswc 
OAI21D4            7    45.360    tcbn65gpluswc 
OAI221D1           2     6.480    tcbn65gpluswc 
OAI22D0            1     2.520    tcbn65gpluswc 
OAI22D1           15    37.800    tcbn65gpluswc 
OAI22D2            7    30.240    tcbn65gpluswc 
OR2D1             18    38.880    tcbn65gpluswc 
OR2D2              1     2.520    tcbn65gpluswc 
OR2XD1             5    10.800    tcbn65gpluswc 
XNR2D1             2     7.200    tcbn65gpluswc 
XNR3D0             1     6.120    tcbn65gpluswc 
XOR2D1             3    10.800    tcbn65gpluswc 
------------------------------------------------
total           3572  7934.760                  


                                     
   Type    Instances   Area   Area % 
-------------------------------------
sequential        49  442.800    5.6 
inverter         904 1164.960   14.7 
buffer            51   91.440    1.2 
logic           2568 6235.560   78.6 
-------------------------------------
total           3572 7934.760  100.0 

