============================================================
  Generated by:           Encounter(R) RTL Compiler v10.10-s209_1
  Generated on:           Oct 02 2014  11:09:11 pm
  Module:                 ALT_MULTADD
  Technology library:     tcbn65gpluswc 121
  Operating conditions:   WCCOM (balanced_tree)
  Wireload mode:          segmented
  Area mode:              timing library
============================================================

	Timing
	------

 Slack       Endpoint     Cost Group 
------------------------------------------
-1419ps oRESULT_reg[16]/D default    


	Area
	----

  Instance   Cells  Cell Area  Net Area     Wireload      
----------------------------------------------------------
ALT_MULTADD   3572       7935         0  ZeroWireload (S) 

 (S) = wireload was automatically selected

	Design Rule Check
	-----------------

Max_transition design rule: no violations.

Max_capacitance design rule: no violations.

Max_fanout design rule: no violations.


