============================================================
  Generated by:           Encounter(R) RTL Compiler v10.10-s209_1
  Generated on:           Oct 02 2014  11:09:11 pm
  Module:                 ALT_MULTADD
  Technology library:     tcbn65gpluswc 121
  Operating conditions:   WCCOM (balanced_tree)
  Wireload mode:          segmented
  Area mode:              timing library
============================================================

             Pin                   Type       Fanout Load Slew Delay Arrival   
                                                     (fF) (ps)  (ps)   (ps)    
-------------------------------------------------------------------------------
(clock iCLK)                     launch                                    0 R 
B0_reg[3]/CP                                               110             0 R 
B0_reg[3]/Q                      DFCNQD4           9 15.7   60  +218     218 R 
g20344/A1                                                         +0     218   
g20344/ZN                        CKND2D3           3  5.4   34   +34     252 F 
g24412/I                                                          +0     252   
g24412/ZN                        CKND2             1  2.5   19   +19     271 R 
g24411/A2                                                         +0     271   
g24411/ZN                        ND2D2             2  3.4   29   +26     297 F 
g24410/A2                                                         +0     297   
g24410/ZN                        CKND2D2           1  1.9   25   +25     322 R 
g19943/A1                                                         +0     322   
g19943/ZN                        CKND2D2           1  2.5   22   +21     344 F 
g19942/A2                                                         +0     344   
g19942/ZN                        ND2D2             2  4.2   32   +25     368 R 
fopt19548/I                                                       +0     368   
fopt19548/ZN                     CKND2             2  3.3   17   +20     388 F 
csa_tree_mul_8_16_g2377/A1                                        +0     388   
csa_tree_mul_8_16_g2377/ZN       ND2D2             1  1.9   20   +16     404 R 
g42/A1                                                            +0     404   
g42/ZN                           CKND2D2           2  3.2   25   +22     425 F 
g25064/I                                                          +0     425   
g25064/ZN                        CKND2             1  2.1   15   +16     442 R 
g25063/A1                                                         +0     442   
g25063/ZN                        ND2D2             1  3.3   26   +22     464 F 
g25144/A2                                                         +0     464   
g25144/ZN                        ND2D3             3  6.4   31   +27     490 R 
g272/I                                                            +0     490   
g272/ZN                          CKND2             1  2.1   14   +17     507 F 
g25143/A1                                                         +0     507   
g25143/ZN                        ND2D2             2  4.0   28   +20     527 R 
g25142/A1                                                         +0     527   
g25142/ZN                        CKND2D2           1  2.1   20   +21     548 F 
g25141/A1                                                         +0     548   
g25141/ZN                        ND2D2             1  4.5   30   +23     570 R 
g23578/A1                                                         +0     570   
g23578/ZN                        ND2D4             6 10.3   36   +31     601 F 
g27110/A1                                                         +0     601   
g27110/ZN                        ND2D2             3  6.4   39   +31     632 R 
g27111/I                                                          +0     632   
g27111/ZN                        CKND3             2  5.7   21   +23     656 F 
final_adder_mul_8_16_g17771/I                                     +0     656   
final_adder_mul_8_16_g17771/ZN   CKND4             3  8.6   24   +21     676 R 
g82/A1                                                            +0     676   
g82/ZN                           OAI21D4           1  4.3   32   +24     700 F 
g23736/B                                                          +0     700   
g23736/ZN                        AOI21D4           3  5.3   56   +53     753 R 
final_adder_mul_8_16_g17602/A1                                    +0     753   
final_adder_mul_8_16_g17602/ZN   ND3D2             1  3.3   49   +43     795 F 
g27501/A2                                                         +0     795   
g27501/ZN                        ND2D3             4  5.3   30   +31     826 R 
g24253/I                                                          +0     826   
g24253/ZN                        INVD2             3  4.2   17   +19     846 F 
g25797/A1                                                         +0     846   
g25797/ZN                        CKND2D2           2  3.3   33   +23     869 R 
g25799/A1                                                         +0     869   
g25799/ZN                        ND2D2             1  2.1   22   +23     892 F 
g25798/A1                                                         +0     892   
g25798/ZN                        ND2D2             2  3.3   26   +20     912 R 
g24837/A1                                                         +0     912   
g24837/ZN                        ND3D1             1  1.2   45   +36     948 F 
g24836/A1                                                         +0     948   
g24836/ZN                        ND2D1             1  1.9   30   +29     978 R 
g27288/A1                                                         +0     978   
g27288/ZN                        CKND2D2           2  3.2   26   +24    1002 F 
g27297/A1                                                         +0    1002   
g27297/ZN                        ND2D1             2  3.7   45   +32    1034 R 
g27294/A3                                                         +0    1034   
g27294/ZN                        ND3D1             1  2.1   57   +54    1088 F 
g77/A1                                                            +0    1088   
g77/ZN                           ND2D2             2  4.1   32   +31    1119 R 
g26609/I                                                          +0    1119   
g26609/ZN                        INVD2             2  4.6   18   +20    1140 F 
g26608/A1                                                         +0    1140   
g26608/ZN                        NR2XD2            1  3.6   29   +23    1162 R 
g26963/A1                                                         +0    1162   
g26963/ZN                        NR2XD2            2  4.2   26   +22    1184 F 
g26962/A1                                                         +0    1184   
g26962/ZN                        CKND2D2           2  3.7   35   +27    1211 R 
g26823/A2                                                         +0    1211   
g26823/ZN                        ND3D1             1  1.2   45   +43    1254 F 
g25958/A1                                                         +0    1254   
g25958/ZN                        ND2D1             1  1.9   30   +29    1283 R 
g27180/A1                                                         +0    1283   
g27180/ZN                        CKND2D2           1  2.1   21   +21    1304 F 
g26496/A1                                                         +0    1304   
g26496/ZN                        ND2D2             2  2.9   24   +19    1323 R 
g26495/A1                                                         +0    1323   
g26495/ZN                        CKND2D2           1  3.4   26   +23    1346 F 
g26494/A1                                                         +0    1346   
g26494/ZN                        NR2XD2            3  4.5   33   +27    1373 R 
g24324/A1                                                         +0    1373   
g24324/ZN                        NR2XD1            2  3.1   30   +26    1399 F 
g25082/A1                                                         +0    1399   
g25082/ZN                        ND2D1             1  2.1   32   +26    1425 R 
g25540/A1                                                         +0    1425   
g25540/ZN                        ND2D2             2  2.3   23   +23    1448 F 
g25160/I                                                          +0    1448   
g25160/ZN                        CKND1             1  2.2   26   +22    1471 R 
g25162/A2                                                         +0    1471   
g25162/ZN                        CKND2D2           1  1.2   17   +21    1491 F 
g25157/A1                                                         +0    1491   
g25157/ZN                        ND2D1             1  1.1   24   +18    1509 R 
oRESULT_reg[16]/D                DFCNQD1                          +0    1509   
oRESULT_reg[16]/CP               setup                     110   +10    1519 R 
- - - - - - - - - - - - - - - - - - - - - - - - - - - - - - - - - - - - - - - -
(clock clk)                      capture                                 200 R 
                                 latency                          +0     200 R 
                                 uncertainty                    -100     100 R 
-------------------------------------------------------------------------------
Timing slack :   -1419ps (TIMING VIOLATION)
Start-point  : B0_reg[3]/CP
End-point    : oRESULT_reg[16]/D
