\o Program:		@(#)$CDS: libManager version 32.10 11/11/2011 13:43 (cat91amd) $
\o Sub version:		sub-version  s008 
\o Arguments:		-unmapped -mpssession virtuoso9737 -mpshost co2046-02.ece.iastate.edu 
\o Working Directory:	co2046-02.ece.iastate.edu:/home/abp250/Documents/EE465/Lab2
\o Qt version: 		4.5.3
\o changeWorkingDir("/home/abp250/Documents/EE465/Lab2") unnecessary.
\o ddSetForcedLib("") unnecessary.
\o Log file is "/home/abp250/Documents/EE465/Lab2/libManager.log".
\o Opening libManager window.
\a nrSetWindowVisibility(cdsLibManager "show")
\o MPS service: map window
\o Library Manager customization server connected.
\a nrSetCurrentWindow(cdsLibManager)
\a nrResizeWindow(cdsLibManager list(0 25 1276 944))
\a cdsLibManager->libListBox->value = "analogLib"
\a cdsLibManager->libListBox->value = "basic"
\a cdsLibManager->libLineEdit->value = "basic"
\a cdsLibManager->FileNewCVButton->value = t
\a cdsLibManager->libListBox->value = nil
\a cdsLibManager->libListBox->value = "cdsDefTechLib"
\a cdsLibManager->libListBox->value = "basic"
\a cdsLibManager->libListBox->value = "cdsDefTechLib"
\a cdsLibManager->libLineEdit->value = "cdsDefTechLib"
\a cdsLibManager->FileNewLibButton->value = t
\a NewLibShell->QLineEdit2->value = ""
\a nrSetWindowVisibility(NewLibShell->subDialog "show")
\a nrSetWindowVisibility(NewLibShell "show")
\a NewLibShell->QLineEdit2->value = "/home/abp250/Documents/EE465/Lab2/"
\a nrSetCurrentWindow(NewLibShell)
\a nrSetCurrentWindow(NewLibShell->subDialog)
\a nrResizeWindow(NewLibShell->subDialog list(0 0 414 254))
\a nrResizeWindow(NewLibShell list(407 215 462 492))
\a nrSetCurrentWindow(NewLibShell)
\a nrSetCurrentWindow(NewLibShell->subDialog)
\a NewLibShell->newLibNameText->value = "lab2"
\a NewLibShell->subDialog->value = '("/home/abp250/Documents/EE465/Lab2" "/home/abp250/Documents/EE465/Lab2/")
\a NewLibShell->newLibOKButton->value = t
\a nrSetWindowVisibility(workingDialogForm "show")
\a nrSetCurrentWindow(cdsLibManager)
\a nrSetCurrentWindow(NewLibShell)
\a nrSetCurrentWindow(NewLibShell->subDialog)
\a nrResizeWindow(NewLibShell list(493 269 462 492))
\a nrResizeWindow(workingDialogForm list(512 322 252 129))
\a cdsLibManager->libListBox->value = nil
\a cdsLibManager->libLineEdit->value = ""
\a cdsLibManager->libListBox->value = "cdsDefTechLib"
\a cdsLibManager->libLineEdit->value = "cdsDefTechLib"
\o Created new library "lab2" at /home/abp250/Documents/EE465/Lab2/lab2.
\a cdsLibManager->libListBox->value = nil
\a cdsLibManager->libLineEdit->value = ""
\a cdsLibManager->libListBox->value = "cdsDefTechLib"
\a cdsLibManager->libLineEdit->value = "cdsDefTechLib"
\a nrSetCurrentWindow(cdsLibManager)
\a cdsLibManager->libListBox->value = "lab2"
\a cdsLibManager->libListBox->value = nil
\a cdsLibManager->libListBox->value = "lab2"
\a cdsLibManager->libListBox->value = "basic"
\a cdsLibManager->libListBox->value = "lab2"
\a nrResizeWindow(cdsLibManager list(800 399 1276 944))
\a nrResizeWindow(cdsLibManager list(808 595 1276 944))
\a nrResizeWindow(cdsLibManager list(82 0 1276 944))
\a nrResizeWindow(cdsLibManager list(-83 63 1276 944))
\a nrResizeWindow(cdsLibManager list(-83 63 1280 948))
\a cdsLibManager->libLineEdit->value = "lab2"
\a cdsLibManager->FileNewLibButton->value = t
\a NewLibShell->newLibNameText->value = ""
\a nrSetWindowVisibility(NewLibShell "show")
\a nrSetCurrentWindow(NewLibShell)
\a nrSetCurrentWindow(NewLibShell->subDialog)
\a nrResizeWindow(NewLibShell list(407 203 462 492))
\a NewLibShell->newLibNameText->value = ""
\a NewLibShell->newLibCancelButton->value = t
\a nrSetCurrentWindow(cdsLibManager)
\a cdsLibManager->libListBox->value = "cdsDefTechLib"
\a cdsLibManager->libListBox->value = "lab2"
\a cdsLibManager->libLineEdit->value = "lab2"
\a nrSetCurrentWindow(cdsLibManager)
\a cdsLibManager->libListBox->value = "cdsDefTechLib"
\a cdsLibManager->libListBox->value = "NCSU_Analog_Parts"
\a cdsLibManager->libListBox->value = "NCSU_TechLib_ami16"
\a cdsLibManager->libListBox->value = "cdsDefTechLib"
\a cdsLibManager->libListBox->value = "lab2"
\a cdsLibManager->libLineEdit->value = "lab2"
\a lmgrLogShowPopup("mainListPopup1" 307 151 2 "")
\a cdsLibManager->FileNewCVButton->value = t
\a cdsLibManager->cellLineEdit->value = "DFF"
\a cdsLibManager->cellLineEdit->value = "DFF"
\a cdsLibManager->libListBox->value = nil
\a cdsLibManager->cellLineEdit->value = ""
\a cdsLibManager->libListBox->value = "basic"
\a cdsLibManager->libListBox->value = "cdsDefTechLib"
\a cdsLibManager->libListBox->value = "lab2"
\a cdsLibManager->libLineEdit->value = "lab2"
\a lmgrLogShowPopup("mainListPopup1" 152 69 2 "")
\a cdsLibManager->FileNewCVButton->value = t
\a nrSetCurrentWindow(cdsLibManager)
\a nrSetCurrentWindow(cdsLibManager)
\a nrSetCurrentWindow(cdsLibManager)
\a nrSetCurrentWindow(cdsLibManager)
\a cdsLibManager->libListBox->value = nil
\a cdsLibManager->libListBox->value = "NCSU_TechLib_tsmc02d"
\a cdsLibManager->libListBox->value = "NCSU_TechLib_tsmc03d"
\a cdsLibManager->libListBox->value = "NCSU_Analog_Parts"
\a cdsLibManager->libLineEdit->value = "NCSU_Analog_Parts"
\a cdsLibManager->cellListBox->value = "R_L_C_Index"
\a cdsLibManager->viewListBox->value = "schematic"
\a cdsLibManager->viewLineEdit->value = "schematic"
\a cdsLibManager->cellLineEdit->value = "R_L_C_Index"
\a nrSetCurrentWindow(cdsLibManager)
\a nrSetCurrentWindow(cdsLibManager)
\a nrSetCurrentWindow(cdsLibManager)
\a nrSetCurrentWindow(cdsLibManager)
\a nrSetCurrentWindow(cdsLibManager)
\a nrResizeWindow(cdsLibManager list(0 99 1276 944))
\a nrSetWindowVisibility(cdsLibManager "hide")
\o libManager is exiting.
\a exit(0)
