============================================================
  Generated by:           Encounter(R) RTL Compiler v12.10-s012_1
  Generated on:           Oct 01 2015  03:37:01 pm
  Module:                 ALT_MULTADD
  Technology library:     tcbn65gpluswc 121
  Operating conditions:   WCCOM (balanced_tree)
  Wireload mode:          segmented
  Area mode:              timing library
============================================================

                               
   Gate    Instances    Area        Library     
------------------------------------------------
AN2D2              3     7.560    tcbn65gpluswc 
AN2D4              1     4.320    tcbn65gpluswc 
AN2XD1            39    84.240    tcbn65gpluswc 
AO21D1             2     5.040    tcbn65gpluswc 
AO22D0            13    37.440    tcbn65gpluswc 
AOI211XD1          2     8.640    tcbn65gpluswc 
AOI21D1           27    58.320    tcbn65gpluswc 
AOI21D2            8    25.920    tcbn65gpluswc 
AOI21D4            2    12.960    tcbn65gpluswc 
AOI221D0           1     2.880    tcbn65gpluswc 
AOI22D1            1     2.520    tcbn65gpluswc 
BMLD1              1     8.640    tcbn65gpluswc 
BMLD4              2    25.920    tcbn65gpluswc 
BUFFD2            16    34.560    tcbn65gpluswc 
CKBD1             19    27.360    tcbn65gpluswc 
CKBD2             10    21.600    tcbn65gpluswc 
CKMUX2D1           6    21.600    tcbn65gpluswc 
CKND0              7     7.560    tcbn65gpluswc 
CKND1            110   118.800    tcbn65gpluswc 
CKND2             85   122.400    tcbn65gpluswc 
CKND2D1           61    87.840    tcbn65gpluswc 
CKND2D2           63   158.760    tcbn65gpluswc 
CKND2D3           12    38.880    tcbn65gpluswc 
CKND2D4            7    30.240    tcbn65gpluswc 
CKND2D8            1     7.920    tcbn65gpluswc 
CKND3              8    17.280    tcbn65gpluswc 
CKND4              9    22.680    tcbn65gpluswc 
CKXOR2D1          22    79.200    tcbn65gpluswc 
DFQD1             19   129.960    tcbn65gpluswc 
DFQD2             14   100.800    tcbn65gpluswc 
DFQD4             16   132.480    tcbn65gpluswc 
FA1D0             51   459.000    tcbn65gpluswc 
FA1D1             39   393.120    tcbn65gpluswc 
FA1D2              1    10.440    tcbn65gpluswc 
FA1D4              3    43.200    tcbn65gpluswc 
FCICIND1          36   168.480    tcbn65gpluswc 
FCICIND2           2    10.080    tcbn65gpluswc 
FCICOND1           3     9.720    tcbn65gpluswc 
FICIND2            1    12.240    tcbn65gpluswc 
FIICOND1           2    20.880    tcbn65gpluswc 
FIICOND2           2    25.200    tcbn65gpluswc 
HA1D0              2    11.520    tcbn65gpluswc 
HA1D1              4    24.480    tcbn65gpluswc 
HICIND1            1     6.840    tcbn65gpluswc 
HICOND2            2    15.120    tcbn65gpluswc 
IAO21D1            6    15.120    tcbn65gpluswc 
IAO22D1            2     6.480    tcbn65gpluswc 
IAO22D2            1     3.960    tcbn65gpluswc 
IND2D1           103   222.480    tcbn65gpluswc 
IND2D2            66   190.080    tcbn65gpluswc 
IND2D4            44   253.440    tcbn65gpluswc 
IND3D1             4    10.080    tcbn65gpluswc 
IND3D2             4    17.280    tcbn65gpluswc 
IND3D4             1     7.560    tcbn65gpluswc 
INR2D1            50   108.000    tcbn65gpluswc 
INR2D2            27    77.760    tcbn65gpluswc 
INR2D4            13    65.520    tcbn65gpluswc 
INR2XD0            4     8.640    tcbn65gpluswc 
INR2XD1           14    40.320    tcbn65gpluswc 
INR2XD2           13    60.840    tcbn65gpluswc 
INR2XD4           27   252.720    tcbn65gpluswc 
INVD1            324   349.920    tcbn65gpluswc 
INVD2             52    74.880    tcbn65gpluswc 
INVD3              9    19.440    tcbn65gpluswc 
INVD4              6    15.120    tcbn65gpluswc 
IOA21D1           51   128.520    tcbn65gpluswc 
IOA21D2            9    29.160    tcbn65gpluswc 
MAOI222D0          4    11.520    tcbn65gpluswc 
MAOI222D1         17    48.960    tcbn65gpluswc 
MAOI22D1          18    51.840    tcbn65gpluswc 
MOAI22D1          70   201.600    tcbn65gpluswc 
MUX2D0             4    12.960    tcbn65gpluswc 
MUX2D1            16    57.600    tcbn65gpluswc 
MUX2D2             5    19.800    tcbn65gpluswc 
MUX2D4             3    18.360    tcbn65gpluswc 
MUX2ND0            7    20.160    tcbn65gpluswc 
MUX2ND1            2     8.640    tcbn65gpluswc 
MUX2ND2            2     9.360    tcbn65gpluswc 
ND2D1            532   766.080    tcbn65gpluswc 
ND2D2            224   564.480    tcbn65gpluswc 
ND2D3             43   139.320    tcbn65gpluswc 
ND2D4             29   125.280    tcbn65gpluswc 
ND2D8              3    23.760    tcbn65gpluswc 
ND3D1              3     6.480    tcbn65gpluswc 
ND3D2              1     3.240    tcbn65gpluswc 
ND3D3              2     9.360    tcbn65gpluswc 
NR2D1             89   128.160    tcbn65gpluswc 
NR2D2             25    63.000    tcbn65gpluswc 
NR2D3              6    19.440    tcbn65gpluswc 
NR2D4              2     8.640    tcbn65gpluswc 
NR2XD0            18    25.920    tcbn65gpluswc 
NR2XD1            25    63.000    tcbn65gpluswc 
NR2XD2            20    86.400    tcbn65gpluswc 
NR2XD3             3    18.360    tcbn65gpluswc 
NR2XD4             4    31.680    tcbn65gpluswc 
OA21D1             5    12.600    tcbn65gpluswc 
OA22D1             1     3.240    tcbn65gpluswc 
OAI211D2           2     8.640    tcbn65gpluswc 
OAI211D4           1     8.640    tcbn65gpluswc 
OAI21D1           13    28.080    tcbn65gpluswc 
OAI21D2            7    22.680    tcbn65gpluswc 
OAI21D4            2    12.960    tcbn65gpluswc 
OAI22D1            1     2.520    tcbn65gpluswc 
OR2D1             23    49.680    tcbn65gpluswc 
OR2D2              1     2.520    tcbn65gpluswc 
XNR2D1            36   129.600    tcbn65gpluswc 
XNR2D2             1     3.960    tcbn65gpluswc 
XNR3D1            11    67.320    tcbn65gpluswc 
XNR4D1             1     9.000    tcbn65gpluswc 
XOR2D1            13    46.800    tcbn65gpluswc 
XOR2D2            12    47.520    tcbn65gpluswc 
XOR3D1            24   146.880    tcbn65gpluswc 
XOR3D2             3    20.520    tcbn65gpluswc 
------------------------------------------------
total           2900  7778.520                  


                                     
   Type    Instances   Area   Area % 
-------------------------------------
sequential        49  363.240    4.7 
inverter         610  748.080    9.6 
buffer            45   83.520    1.1 
logic           2196 6583.680   84.6 
-------------------------------------
total           2900 7778.520  100.0 

