============================================================
  Generated by:           Encounter(R) RTL Compiler v12.10-s012_1
  Generated on:           Dec 18 2014  09:53:25 am
  Module:                 GCC
  Technology library:     tcbn65gpluswc 121
  Operating conditions:   WCCOM (balanced_tree)
  Wireload mode:          segmented
  Area mode:              timing library
============================================================

                Instance                 Cells  Cell Area  Net Area  Total Area    Wireload      
-------------------------------------------------------------------------------------------------
GCC                                      12690      30976         0       30976 ZeroWireload (S) 
  csa_tree_distance3_add_14_1013_groupi    199        643         0         643 ZeroWireload (S) 
  csa_tree_distance5_add_14_1015_groupi    197        640         0         640 ZeroWireload (S) 
  csa_tree_distance4_add_14_1014_groupi    195        640         0         640 ZeroWireload (S) 
  csa_tree_distance2_add_14_1012_groupi    195        640         0         640 ZeroWireload (S) 
  csa_tree_distance1_add_14_1011_groupi    195        640         0         640 ZeroWireload (S) 
  csa_tree_distance0_add_14_1010_groupi    195        640         0         640 ZeroWireload (S) 
  Compare0123                              125        247         0         247 ZeroWireload (S) 
  CompareAll                               125        247         0         247 ZeroWireload (S) 
  compare01                                118        245         0         245 ZeroWireload (S) 
  Compare45                                118        245         0         245 ZeroWireload (S) 
  Compare23                                115        237         0         237 ZeroWireload (S) 
  RC_CG_HIER_INST6                           1          6         0           6 ZeroWireload (S) 
  RC_CG_HIER_INST5                           1          6         0           6 ZeroWireload (S) 
  RC_CG_HIER_INST4                           1          6         0           6 ZeroWireload (S) 
  RC_CG_HIER_INST3                           1          6         0           6 ZeroWireload (S) 
  RC_CG_HIER_INST2                           1          6         0           6 ZeroWireload (S) 
  RC_CG_HIER_INST1                           1          6         0           6 ZeroWireload (S) 
  RC_CG_HIER_INST0                           1          6         0           6 ZeroWireload (S) 

 (S) = wireload was automatically selected
