============================================================
  Generated by:           Encounter(R) RTL Compiler v12.10-s012_1
  Generated on:           Dec 18 2014  09:53:25 am
  Module:                 GCC
  Technology library:     tcbn65gpluswc 121
  Operating conditions:   WCCOM (balanced_tree)
  Wireload mode:          segmented
  Area mode:              timing library
============================================================

                                
   Gate    Instances    Area         Library     
-------------------------------------------------
AN2D0              3      6.480    tcbn65gpluswc 
AN2D1              5     10.800    tcbn65gpluswc 
AN2D2              8     20.160    tcbn65gpluswc 
AN2D4             22     95.040    tcbn65gpluswc 
AN2XD1           102    220.320    tcbn65gpluswc 
AN3D1              2      5.040    tcbn65gpluswc 
AN3XD1            10     25.200    tcbn65gpluswc 
AN4D1              6     17.280    tcbn65gpluswc 
AO211D0            1      2.880    tcbn65gpluswc 
AO21D0             3      7.560    tcbn65gpluswc 
AO21D1            47    118.440    tcbn65gpluswc 
AO21D2             1      2.880    tcbn65gpluswc 
AO221D0           34    122.400    tcbn65gpluswc 
AO22D0           200    576.000    tcbn65gpluswc 
AO22D1             2      6.480    tcbn65gpluswc 
AO31D1             1      2.880    tcbn65gpluswc 
AOI211D0           6     15.120    tcbn65gpluswc 
AOI211D1           1      2.520    tcbn65gpluswc 
AOI211XD0          1      2.520    tcbn65gpluswc 
AOI21D0           27     58.320    tcbn65gpluswc 
AOI21D1          127    274.320    tcbn65gpluswc 
AOI21D2           41    132.840    tcbn65gpluswc 
AOI21D4           33    213.840    tcbn65gpluswc 
AOI221D0           6     17.280    tcbn65gpluswc 
AOI222D0          11     39.600    tcbn65gpluswc 
AOI22D0          102    257.040    tcbn65gpluswc 
AOI22D1           23     57.960    tcbn65gpluswc 
AOI22D2            1      4.320    tcbn65gpluswc 
AOI22D4            2     17.280    tcbn65gpluswc 
AOI31D0            1      2.520    tcbn65gpluswc 
AOI31D1            8     20.160    tcbn65gpluswc 
AOI31D2            5     21.600    tcbn65gpluswc 
AOI31D4            1      8.280    tcbn65gpluswc 
AOI32D0            3      8.640    tcbn65gpluswc 
AOI32D1            4     11.520    tcbn65gpluswc 
BMLD1             52    449.280    tcbn65gpluswc 
BUFFD0            11     15.840    tcbn65gpluswc 
BUFFD1            19     27.360    tcbn65gpluswc 
BUFFD2            12     25.920    tcbn65gpluswc 
BUFFD4             1      3.240    tcbn65gpluswc 
CKAN2D1           44     95.040    tcbn65gpluswc 
CKBD0             27     38.880    tcbn65gpluswc 
CKBD1             61     87.840    tcbn65gpluswc 
CKBD2              3      6.480    tcbn65gpluswc 
CKBD4              2      6.480    tcbn65gpluswc 
CKBD8              1      5.760    tcbn65gpluswc 
CKLNQD1            7     45.360    tcbn65gpluswc 
CKMUX2D1           1      3.600    tcbn65gpluswc 
CKND0             73     78.840    tcbn65gpluswc 
CKND1            720    777.600    tcbn65gpluswc 
CKND12             1      6.120    tcbn65gpluswc 
CKND16             4     31.680    tcbn65gpluswc 
CKND2            507    730.080    tcbn65gpluswc 
CKND2D0           10     14.400    tcbn65gpluswc 
CKND2D1          521    750.240    tcbn65gpluswc 
CKND2D2          578   1456.560    tcbn65gpluswc 
CKND2D3           23     74.520    tcbn65gpluswc 
CKND2D4           33    142.560    tcbn65gpluswc 
CKND2D8            2     15.840    tcbn65gpluswc 
CKND3             24     51.840    tcbn65gpluswc 
CKND4             43    108.360    tcbn65gpluswc 
CKND6              4     12.960    tcbn65gpluswc 
CKND8              4     17.280    tcbn65gpluswc 
CKXOR2D1          22     79.200    tcbn65gpluswc 
CKXOR2D2           1      3.960    tcbn65gpluswc 
DFD2               5     41.400    tcbn65gpluswc 
DFD4               2     21.600    tcbn65gpluswc 
DFKCND1            2     16.560    tcbn65gpluswc 
DFQD1             16    109.440    tcbn65gpluswc 
DFQD2             12     86.400    tcbn65gpluswc 
DFQD4            101    836.280    tcbn65gpluswc 
EDFKCND1           1     10.440    tcbn65gpluswc 
FCICIND1           2      9.360    tcbn65gpluswc 
FCICOND1           1      3.240    tcbn65gpluswc 
FICIND1           23    240.120    tcbn65gpluswc 
FICIND2            1     12.240    tcbn65gpluswc 
FICOND1            1     11.160    tcbn65gpluswc 
HA1D0             15     86.400    tcbn65gpluswc 
HA1D1              1      6.120    tcbn65gpluswc 
HA1D2              2     13.680    tcbn65gpluswc 
HICIND1            3     20.520    tcbn65gpluswc 
IAO21D0           12     30.240    tcbn65gpluswc 
IAO21D1            3      7.560    tcbn65gpluswc 
IAO21D2           25     81.000    tcbn65gpluswc 
IAO21D4            1      5.400    tcbn65gpluswc 
IAO22D1           15     48.600    tcbn65gpluswc 
IAO22D2            5     19.800    tcbn65gpluswc 
IIND4D0            2      7.200    tcbn65gpluswc 
IIND4D1            1      3.600    tcbn65gpluswc 
IND2D0            57    123.120    tcbn65gpluswc 
IND2D1           241    520.560    tcbn65gpluswc 
IND2D2           139    400.320    tcbn65gpluswc 
IND2D4            13     74.880    tcbn65gpluswc 
IND3D0             1      2.520    tcbn65gpluswc 
IND3D1            27     68.040    tcbn65gpluswc 
IND3D2             6     25.920    tcbn65gpluswc 
IND4D0             4     11.520    tcbn65gpluswc 
INR2D0            34     73.440    tcbn65gpluswc 
INR2D1            52    112.320    tcbn65gpluswc 
INR2D2            33     95.040    tcbn65gpluswc 
INR2D4             7     35.280    tcbn65gpluswc 
INR2XD0           35     75.600    tcbn65gpluswc 
INR2XD1           25     72.000    tcbn65gpluswc 
INR2XD2            2      9.360    tcbn65gpluswc 
INR2XD4           10     93.600    tcbn65gpluswc 
INR3D0             5     12.600    tcbn65gpluswc 
INR3D1             7     25.200    tcbn65gpluswc 
INR4D0             4     11.520    tcbn65gpluswc 
INVD0             35     37.800    tcbn65gpluswc 
INVD1            896    967.680    tcbn65gpluswc 
INVD12             1      6.120    tcbn65gpluswc 
INVD16             4     31.680    tcbn65gpluswc 
INVD2            161    231.840    tcbn65gpluswc 
INVD3             31     66.960    tcbn65gpluswc 
INVD4             18     45.360    tcbn65gpluswc 
INVD6             11     35.640    tcbn65gpluswc 
IOA21D0           29     73.080    tcbn65gpluswc 
IOA21D1           42    105.840    tcbn65gpluswc 
IOA21D2          186    602.640    tcbn65gpluswc 
IOA21D4            1      5.400    tcbn65gpluswc 
IOA22D1            2      6.480    tcbn65gpluswc 
IOA22D2            2      7.920    tcbn65gpluswc 
IOA22D4            4     25.920    tcbn65gpluswc 
LHQD1              4     20.160    tcbn65gpluswc 
LNQD1              4     20.160    tcbn65gpluswc 
MAOI222D0        434   1249.920    tcbn65gpluswc 
MAOI222D1         15     43.200    tcbn65gpluswc 
MAOI222D2          1      4.680    tcbn65gpluswc 
MAOI22D0          10     28.800    tcbn65gpluswc 
MAOI22D1          64    184.320    tcbn65gpluswc 
MAOI22D2           2      8.640    tcbn65gpluswc 
MOAI22D0          76    218.880    tcbn65gpluswc 
MOAI22D1         212    610.560    tcbn65gpluswc 
MOAI22D2           3     12.960    tcbn65gpluswc 
MUX2D0             3      9.720    tcbn65gpluswc 
MUX2D1             5     18.000    tcbn65gpluswc 
MUX2D2             3     11.880    tcbn65gpluswc 
MUX2D4             1      6.120    tcbn65gpluswc 
MUX2ND0           51    146.880    tcbn65gpluswc 
MUX2ND4            1      7.200    tcbn65gpluswc 
MUX3ND0            1      5.400    tcbn65gpluswc 
ND2D0            505    727.200    tcbn65gpluswc 
ND2D1           1116   1607.040    tcbn65gpluswc 
ND2D2            981   2472.120    tcbn65gpluswc 
ND2D3             83    268.920    tcbn65gpluswc 
ND2D4            104    449.280    tcbn65gpluswc 
ND2D8              1      7.920    tcbn65gpluswc 
ND3D0              8     17.280    tcbn65gpluswc 
ND3D1             97    209.520    tcbn65gpluswc 
ND3D2             93    301.320    tcbn65gpluswc 
ND3D3              9     42.120    tcbn65gpluswc 
ND3D4              7     42.840    tcbn65gpluswc 
ND3D8              5     61.200    tcbn65gpluswc 
ND4D0              8     20.160    tcbn65gpluswc 
ND4D1              3      7.560    tcbn65gpluswc 
ND4D2              1      4.680    tcbn65gpluswc 
NR2D0            116    167.040    tcbn65gpluswc 
NR2D1            185    266.400    tcbn65gpluswc 
NR2D2            165    415.800    tcbn65gpluswc 
NR2D3             44    142.560    tcbn65gpluswc 
NR2D4              8     34.560    tcbn65gpluswc 
NR2D8              1      7.920    tcbn65gpluswc 
NR2XD0           206    296.640    tcbn65gpluswc 
NR2XD1           606   1527.120    tcbn65gpluswc 
NR2XD2           224    967.680    tcbn65gpluswc 
NR2XD3            26    159.120    tcbn65gpluswc 
NR2XD4            27    213.840    tcbn65gpluswc 
NR2XD8             3     46.440    tcbn65gpluswc 
NR3D0             13     28.080    tcbn65gpluswc 
NR3D1             15     48.600    tcbn65gpluswc 
NR3D2              2     11.520    tcbn65gpluswc 
NR3D3              1      8.640    tcbn65gpluswc 
NR4D0             10     25.200    tcbn65gpluswc 
OA211D1            1      2.880    tcbn65gpluswc 
OA21D0             9     22.680    tcbn65gpluswc 
OA21D1            23     57.960    tcbn65gpluswc 
OA21D2             3      8.640    tcbn65gpluswc 
OA21D4             2     11.520    tcbn65gpluswc 
OA22D0             7     20.160    tcbn65gpluswc 
OA22D1             1      3.240    tcbn65gpluswc 
OA22D2             1      3.960    tcbn65gpluswc 
OAI211D0          18     45.360    tcbn65gpluswc 
OAI211D1          14     35.280    tcbn65gpluswc 
OAI211D2           7     30.240    tcbn65gpluswc 
OAI211D4           1      8.640    tcbn65gpluswc 
OAI21D0           24     51.840    tcbn65gpluswc 
OAI21D1          222    479.520    tcbn65gpluswc 
OAI21D2           81    262.440    tcbn65gpluswc 
OAI21D4           42    272.160    tcbn65gpluswc 
OAI221D0          26     74.880    tcbn65gpluswc 
OAI221D1           1      3.240    tcbn65gpluswc 
OAI221D2           1      5.760    tcbn65gpluswc 
OAI222D0          25     81.000    tcbn65gpluswc 
OAI22D0            1      2.520    tcbn65gpluswc 
OAI22D1           13     32.760    tcbn65gpluswc 
OAI22D2            5     21.600    tcbn65gpluswc 
OAI31D0            2      5.040    tcbn65gpluswc 
OAI31D1            2      5.040    tcbn65gpluswc 
OR2D0             21     45.360    tcbn65gpluswc 
OR2D1             49    105.840    tcbn65gpluswc 
OR2D2              3      7.560    tcbn65gpluswc 
OR2D4              2      8.640    tcbn65gpluswc 
OR2D8              1      6.840    tcbn65gpluswc 
OR2XD1            28     60.480    tcbn65gpluswc 
OR3D1              4     10.080    tcbn65gpluswc 
OR3D2              1      2.880    tcbn65gpluswc 
OR4D0              8     23.040    tcbn65gpluswc 
XNR2D0             1      3.600    tcbn65gpluswc 
XNR2D1            41    147.600    tcbn65gpluswc 
XNR2D2             2      7.920    tcbn65gpluswc 
XNR2D4             5     37.800    tcbn65gpluswc 
XNR3D0           120    734.400    tcbn65gpluswc 
XNR3D1           103    630.360    tcbn65gpluswc 
XOR2D0            16     57.600    tcbn65gpluswc 
XOR2D1             3     10.800    tcbn65gpluswc 
XOR2D4             5     37.800    tcbn65gpluswc 
XOR3D0            84    514.080    tcbn65gpluswc 
XOR3D1            55    336.600    tcbn65gpluswc 
XOR3D2             5     34.200    tcbn65gpluswc 
-------------------------------------------------
total          12690  30975.840                  


                                                        
            Type             Instances    Area   Area % 
--------------------------------------------------------
sequential                         147  1162.440    3.8 
inverter                          2537  3237.840   10.5 
buffer                             137   217.800    0.7 
clock_gating_integrated_cell         7    45.360    0.1 
logic                             9862 26312.400   84.9 
--------------------------------------------------------
total                            12690 30975.840  100.0 

