============================================================
  Generated by:           Encounter(R) RTL Compiler v12.10-s012_1
  Generated on:           Dec 18 2014  09:53:26 am
  Module:                 GCC
  Technology library:     tcbn65gpluswc 121
  Operating conditions:   WCCOM (balanced_tree)
  Wireload mode:          segmented
  Area mode:              timing library
============================================================

                                    Leakage     Dynamic       Total    
          Instance          Cells  Power(nW)   Power(nW)    Power(nW)  
-----------------------------------------------------------------------
GCC                         12690 287256.048 14296018.876 14583274.924 
  csa_tree_d..4_1010_groupi   195   4027.835   411577.907   415605.742 
  csa_tree_d..4_1011_groupi   195   4008.820   417947.954   421956.774 
  csa_tree_d..4_1014_groupi   195   4001.455   403744.937   407746.392 
  csa_tree_d..4_1012_groupi   195   3987.718   375176.793   379164.512 
  csa_tree_d..4_1013_groupi   199   3943.360   403863.545   407806.906 
  csa_tree_d..4_1015_groupi   197   3930.732   376075.401   380006.133 
  Compare0123                 125   1245.321    25938.485    27183.805 
  CompareAll                  125   1232.346    22006.819    23239.165 
  compare01                   118   1210.787    34442.405    35653.192 
  Compare45                   118   1197.396    41013.692    42211.088 
  Compare23                   115   1187.552    45736.492    46924.045 
  RC_CG_HIER_INST6              1     40.686     7765.098     7805.785 
  RC_CG_HIER_INST0              1     39.974     9519.260     9559.234 
  RC_CG_HIER_INST3              1     39.908     8945.260     8985.168 
  RC_CG_HIER_INST1              1     39.790     7251.339     7291.129 
  RC_CG_HIER_INST5              1     39.762     6605.733     6645.495 
  RC_CG_HIER_INST2              1     39.718     6241.384     6281.102 
  RC_CG_HIER_INST4              1     39.696     5894.463     5934.159 

