============================================================
  Generated by:           Encounter(R) RTL Compiler v12.10-s012_1
  Generated on:           Dec 18 2014  09:53:26 am
  Module:                 GCC
  Technology library:     tcbn65gpluswc 121
  Operating conditions:   WCCOM (balanced_tree)
  Wireload mode:          segmented
  Area mode:              timing library
============================================================

	Timing
	------

 Slack    Endpoint   Cost Group 
-------------------------------------
-2009ps Ycc_reg[1]/D CLK        


	Area
	----

Instance  Cells  Cell Area  Net Area  Total Area    Wireload      
------------------------------------------------------------------
GCC       12690      30976         0       30976 ZeroWireload (S) 

 (S) = wireload was automatically selected

	Design Rule Check
	-----------------

Max_transition design rule: no violations.

Max_capacitance design rule: no violations.


