============================================================
  Generated by:           Encounter(R) RTL Compiler v12.10-s012_1
  Generated on:           Dec 18 2014  09:53:26 am
  Module:                 GCC
  Technology library:     tcbn65gpluswc 121
  Operating conditions:   WCCOM (balanced_tree)
  Wireload mode:          segmented
  Area mode:              timing library
============================================================

                Pin                     Type     Fanout Load Slew Delay Arrival   
                                                        (fF) (ps)  (ps)   (ps)    
----------------------------------------------------------------------------------
(clock CLK)                            launch                                 0 R 
w_reg[4][2]/CP                                                  0             0 R 
w_reg[4][2]/Q                          DFQD4         10 16.5   49  +127     127 R 
csa_tree_add_35_74_groupi_g18798/I                                   +0     127   
csa_tree_add_35_74_groupi_g18798/ZN    CKND2          2  4.0   22   +25     152 F 
csa_tree_add_35_74_groupi_g18797/I                                   +0     152   
csa_tree_add_35_74_groupi_g18797/ZN    CKND2          2  4.2   23   +20     172 R 
csa_tree_add_35_74_groupi_g18765/A1                                  +0     172   
csa_tree_add_35_74_groupi_g18765/ZN    ND2D2          3  4.6   33   +28     200 F 
csa_tree_add_35_74_groupi_g18764/I                                   +0     200   
csa_tree_add_35_74_groupi_g18764/ZN    INVD2          2  4.4   26   +25     224 R 
g196593/A1                                                           +0     224   
g196593/ZN                             CKND2D2        1  2.1   20   +20     245 F 
g196592/A1                                                           +0     245   
g196592/ZN                             ND2D2          2  4.0   29   +21     266 R 
csa_tree_add_35_74_groupi_g192303/A1                                 +0     266   
csa_tree_add_35_74_groupi_g192303/Z    AN2D4          1  3.6   22   +47     313 R 
g205937/A1                                                           +0     313   
g205937/ZN                             NR2XD2         2  4.1   25   +20     332 F 
g205936/A1                                                           +0     332   
g205936/ZN                             ND2D2          1  2.1   20   +18     351 R 
g205935/A1                                                           +0     351   
g205935/ZN                             ND2D2          1  2.9   25   +22     373 F 
g195033/A2                                                           +0     373   
g195033/ZN                             CKND2D3        3  6.3   39   +32     405 R 
csa_tree_add_35_74_groupi_g17030/I                                   +0     405   
csa_tree_add_35_74_groupi_g17030/ZN    INVD2          2  3.8   18   +21     426 F 
g203931/A1                                                           +0     426   
g203931/ZN                             ND2D2          1  2.5   23   +17     443 R 
g203547/A2                                                           +0     443   
g203547/ZN                             ND2D2          2  3.9   30   +28     471 F 
fopt204010/I                                                         +0     471   
fopt204010/ZN                          CKND2          1  3.5   21   +21     492 R 
g203545/A1                                                           +0     492   
g203545/ZN                             ND2D3          1  4.5   27   +24     516 F 
g205599/A1                                                           +0     516   
g205599/ZN                             ND2D4          4  7.8   29   +23     539 R 
g203543/I                                                            +0     539   
g203543/ZN                             INVD2          1  2.5   13   +16     555 F 
g203542/A2                                                           +0     555   
g203542/ZN                             ND2D2          1  4.8   32   +24     578 R 
g200478/A2                                                           +0     578   
g200478/ZN                             ND2D4          4  8.7   32   +32     610 F 
csa_tree_add_35_74_groupi_g16331/A1                                  +0     610   
csa_tree_add_35_74_groupi_g16331/ZN    NR2XD1         1  3.6   44   +34     644 R 
g197169/A2                                                           +0     644   
g197169/ZN                             NR2XD2         2  4.0   25   +30     674 F 
g206373/A1                                                           +0     674   
g206373/ZN                             NR2XD1         1  3.6   44   +32     706 R 
g206371/A2                                                           +0     706   
g206371/ZN                             NR2XD2         3  3.9   25   +30     736 F 
g207675/A2                                                           +0     736   
g207675/ZN                             ND2D1          1  2.1   31   +26     762 R 
g207674/I                                                            +0     762   
g207674/ZN                             CKND2          1  3.4   17   +20     782 F 
g207673/A1                                                           +0     782   
g207673/ZN                             NR2XD2         2  6.4   41   +29     811 R 
g207676/A1                                                           +0     811   
g207676/ZN                             NR2D4          2  5.1   24   +20     830 F 
g369/B                                                               +0     830   
g369/ZN                                AOI21D4        2  2.9   46   +45     875 R 
g209146/A1                                                           +0     875   
g209146/ZN                             NR2XD1         1  3.4   32   +30     905 F 
g209145/A1                                                           +0     905   
g209145/ZN                             NR2XD2         2  7.7   47   +35     940 R 
g202678/I                                                            +0     940   
g202678/ZN                             CKND4          3  6.3   20   +23     963 F 
g202797/A1                                                           +0     963   
g202797/ZN                             ND2D4          2  4.7   22   +18     981 R 
g202795/A2                                                           +0     981   
g202795/ZN                             ND2D2          1  2.1   21   +23    1004 F 
g250/A1                                                              +0    1004   
g250/ZN                                ND2D2          1  2.1   21   +17    1022 R 
g202794/A1                                                           +0    1022   
g202794/ZN                             ND2D2          2  3.7   28   +24    1046 F 
fopt194003/I                                                         +0    1046   
fopt194003/ZN                          CKND2          2  5.6   29   +25    1071 R 
fopt194005/I                                                         +0    1071   
fopt194005/ZN                          INVD3          4  8.5   21   +21    1093 F 
g71/B1                                                               +0    1093   
g71/ZN                                 INR2D4         1  4.1   38   +28    1121 R 
g201853/A1                                                           +0    1121   
g201853/ZN                             AOI21D4        3  5.6   29   +29    1150 F 
g202018/A1                                                           +0    1150   
g202018/ZN                             ND2D2          2  4.2   29   +24    1175 R 
g202017/A1                                                           +0    1175   
g202017/ZN                             ND2D2          4  4.5   32   +29    1204 F 
g201083/A1                                                           +0    1204   
g201083/ZN                             OAI21D1        1  1.2   48   +37    1240 R 
g201082/I                                                            +0    1240   
g201082/ZN                             INVD1          2  4.0   29   +30    1271 F 
centery_rem_18_19_g162224/A2                                         +0    1271   
centery_rem_18_19_g162224/ZN           NR2XD1         1  2.5   35   +35    1306 R 
g202396/A2                                                           +0    1306   
g202396/ZN                             ND2D2          1  4.5   32   +33    1338 F 
g203429/A1                                                           +0    1338   
g203429/ZN                             ND2D4          3  9.8   32   +27    1366 R 
g202710/I                                                            +0    1366   
g202710/ZN                             CKND4          3  6.3   17   +20    1385 F 
g143/A1                                                              +0    1385   
g143/ZN                                ND2D3          2  5.4   29   +20    1405 R 
g272/A1                                                              +0    1405   
g272/ZN                                NR2XD2         2  2.8   21   +20    1425 F 
g207371/A1                                                           +0    1425   
g207371/ZN                             NR2XD1         2  2.8   38   +28    1452 R 
g207372/A1                                                           +0    1452   
g207372/ZN                             ND2D2          5  7.1   45   +38    1490 F 
g209571/A1                                                           +0    1490   
g209571/ZN                             NR2XD1         2  5.3   59   +45    1535 R 
g209644/A2                                                           +0    1535   
g209644/ZN                             OAI21D4        3  7.4   42   +42    1577 F 
g209572/B1                                                           +0    1577   
g209572/ZN                             MOAI22D1       1  1.2   35   +60    1637 F 
centery_rem_18_19_g161981/A1                                         +0    1637   
centery_rem_18_19_g161981/ZN           ND2D1          1  1.9   30   +27    1664 R 
g201389/A1                                                           +0    1664   
g201389/ZN                             CKND2D2        1  3.5   27   +25    1689 F 
g205857/A2                                                           +0    1689   
g205857/ZN                             NR2XD2         1  4.5   33   +33    1722 R 
g194499/A1                                                           +0    1722   
g194499/ZN                             ND2D4          9 12.2   40   +34    1756 F 
g204902/A1                                                           +0    1756   
g204902/ZN                             IOA21D2        1  2.5   31   +58    1814 F 
g209851/A2                                                           +0    1814   
g209851/ZN                             NR2D2          1  3.4   47   +41    1855 R 
g209849/A2                                                           +0    1855   
g209849/ZN                             ND2D3          1  6.5   34   +36    1891 F 
g210062/A1                                                           +0    1891   
g210062/ZN                             NR2XD4         5 10.6   37   +30    1921 R 
g194488/A1                                                           +0    1921   
g194488/ZN                             ND2D4          7 12.4   41   +36    1956 F 
centery_rem_18_19_g161765/A1                                         +0    1956   
centery_rem_18_19_g161765/ZN           NR2XD1         1  3.6   45   +36    1992 R 
g21/A2                                                               +0    1992   
g21/ZN                                 NR2XD2         1  4.5   26   +31    2023 F 
g203451/A1                                                           +0    2023   
g203451/ZN                             ND2D4          5 10.5   38   +26    2049 R 
centery_rem_18_19_g161685/A1                                         +0    2049   
centery_rem_18_19_g161685/ZN           NR2XD1         3  4.9   40   +33    2082 F 
g195412/A1                                                           +0    2082   
g195412/ZN                             NR2XD1         2  3.3   42   +34    2116 R 
g209208/A3                                                           +0    2116   
g209208/ZN                             ND3D2          1  4.6   58   +54    2170 F 
g209207/A1                                                           +0    2170   
g209207/ZN                             ND3D4          6  8.5   37   +34    2204 R 
g209206/I                                                            +0    2204   
g209206/ZN                             CKND2          1  2.5   16   +19    2223 F 
g209204/A2                                                           +0    2223   
g209204/ZN                             ND2D2          4  7.9   44   +31    2254 R 
centery_rem_18_19_g161537/I                                          +0    2254   
centery_rem_18_19_g161537/ZN           CKND2          2  3.3   20   +23    2277 F 
centery_rem_18_19_g162643/A1                                         +0    2277   
centery_rem_18_19_g162643/ZN           INR2D2         1  1.7   22   +43    2319 F 
centery_rem_18_19_g161502/A1                                         +0    2319   
centery_rem_18_19_g161502/ZN           NR2XD1         1  1.9   30   +24    2343 R 
g206145/A1                                                           +0    2343   
g206145/ZN                             CKND2D2        3  4.7   33   +28    2372 F 
g197427/A1                                                           +0    2372   
g197427/ZN                             NR2XD1         1  2.9   40   +31    2402 R 
g207041/A2                                                           +0    2402   
g207041/ZN                             CKND2D3        1  4.3   26   +29    2431 F 
g207043/B                                                            +0    2431   
g207043/ZN                             AOI21D4        2  5.3   56   +51    2482 R 
g197051/A1                                                           +0    2482   
g197051/ZN                             ND2D4          3 10.0   38   +37    2519 F 
g195594/I                                                            +0    2519   
g195594/ZN                             CKND4          6  6.8   23   +23    2542 R 
g201300/A2                                                           +0    2542   
g201300/ZN                             NR2D1          1  2.2   21   +20    2562 F 
g228/A2                                                              +0    2562   
g228/ZN                                OAI21D2        1  2.5   49   +40    2602 R 
g205247/A2                                                           +0    2602   
g205247/ZN                             ND2D2          5  7.8   52   +45    2648 F 
g205512/A1                                                           +0    2648   
g205512/ZN                             OAI21D1        2  3.4   84   +61    2709 R 
g197134/A2                                                           +0    2709   
g197134/ZN                             ND2D2          2  4.2   36   +42    2751 F 
g197133/A1                                                           +0    2751   
g197133/ZN                             ND2D2          2  3.7   28   +25    2776 R 
g198447/A2                                                           +0    2776   
g198447/ZN                             ND2D2          1  4.5   32   +31    2808 F 
g200071/A1                                                           +0    2808   
g200071/ZN                             ND2D4          2  6.4   28   +23    2831 R 
g205910/A1                                                           +0    2831   
g205910/ZN                             ND2D4          7  7.9   30   +27    2858 F 
g205912/A2                                                           +0    2858   
g205912/ZN                             ND2D1          1  1.2   27   +24    2882 R 
g205911/B                                                            +0    2882   
g205911/ZN                             OAI21D1        1  2.1   40   +39    2922 F 
centery_rem_18_19_g161110/A1                                         +0    2922   
centery_rem_18_19_g161110/ZN           ND2D2          2  3.3   26   +25    2947 R 
g193704/A1                                                           +0    2947   
g193704/ZN                             ND2D2          1  1.1   17   +18    2965 F 
g207163/A2                                                           +0    2965   
g207163/ZN                             OAI21D1        1  2.1   61   +45    3010 R 
g207981/A1                                                           +0    3010   
g207981/ZN                             ND2D2          1  4.1   35   +35    3045 F 
g207980/A1                                                           +0    3045   
g207980/ZN                             CKND2D4        1 14.1   54   +40    3085 R 
g207979/A2                                                           +0    3085   
g207979/ZN                             NR2XD8        16 20.4   30   +34    3119 F 
g207236/A1                                                           +0    3119   
g207236/ZN                             NR2XD1         1  1.2   25   +22    3141 R 
g191771/A1                                                           +0    3141   
g191771/ZN                             IND2D2         2  2.3   23   +38    3179 R 
Ycc_reg[1]/D                           DFQD1                         +0    3179   
Ycc_reg[1]/CP                          setup                    0   +30    3209 R 
- - - - - - - - - - - - - - - - - - - - - - - - - - - - - - - - - - - - - - - - - 
(clock CLK)                            capture                             1200 R 
----------------------------------------------------------------------------------
Cost Group   : 'CLK' (path_group 'CLK')
Timing slack :   -2009ps (TIMING VIOLATION)
Start-point  : w_reg[4][2]/CP
End-point    : Ycc_reg[1]/D
