============================================================
  Generated by:           Encounter(R) RTL Compiler v10.10-s209_1
  Generated on:           Sep 29 2014  06:46:22 pm
  Module:                 ALT_MULTADD
  Technology library:     tcbn65gpluswc 121
  Operating conditions:   WCCOM (balanced_tree)
  Wireload mode:          segmented
  Area mode:              timing library
============================================================

                               
   Gate    Instances    Area        Library     
------------------------------------------------
AN2D1              1     2.160    tcbn65gpluswc 
AN2D2              3     7.560    tcbn65gpluswc 
AN2D4              3    12.960    tcbn65gpluswc 
AN2XD1            43    92.880    tcbn65gpluswc 
AN3XD1             2     5.040    tcbn65gpluswc 
AO21D1             6    15.120    tcbn65gpluswc 
AO22D0             5    14.400    tcbn65gpluswc 
AO22D1             7    22.680    tcbn65gpluswc 
AO22D2             1     3.960    tcbn65gpluswc 
AOI211D1           1     2.520    tcbn65gpluswc 
AOI21D1           14    30.240    tcbn65gpluswc 
AOI21D2           13    42.120    tcbn65gpluswc 
AOI21D4            3    19.440    tcbn65gpluswc 
AOI22D1            9    22.680    tcbn65gpluswc 
AOI22D2            8    34.560    tcbn65gpluswc 
AOI22D4            1     8.640    tcbn65gpluswc 
AOI31D1            2     5.040    tcbn65gpluswc 
AOI31D2            1     4.320    tcbn65gpluswc 
AOI32D0            1     2.880    tcbn65gpluswc 
AOI32D1            1     2.880    tcbn65gpluswc 
AOI33D1            5    16.200    tcbn65gpluswc 
BMLD4              1    12.960    tcbn65gpluswc 
BUFFD0             3     4.320    tcbn65gpluswc 
BUFFD1             8    11.520    tcbn65gpluswc 
BUFFD2            14    30.240    tcbn65gpluswc 
CKAN2D1            3     6.480    tcbn65gpluswc 
CKBD0              2     2.880    tcbn65gpluswc 
CKBD1             20    28.800    tcbn65gpluswc 
CKBD2              1     2.160    tcbn65gpluswc 
CKBD3              1     2.520    tcbn65gpluswc 
CKBD4              2     6.480    tcbn65gpluswc 
CKMUX2D1           1     3.600    tcbn65gpluswc 
CKND0             20    21.600    tcbn65gpluswc 
CKND1            218   235.440    tcbn65gpluswc 
CKND2            244   351.360    tcbn65gpluswc 
CKND2D0            3     4.320    tcbn65gpluswc 
CKND2D1          253   364.320    tcbn65gpluswc 
CKND2D2          287   723.240    tcbn65gpluswc 
CKND2D3           15    48.600    tcbn65gpluswc 
CKND2D4           10    43.200    tcbn65gpluswc 
CKND3             15    32.400    tcbn65gpluswc 
CKND4             16    40.320    tcbn65gpluswc 
CKND6              1     3.240    tcbn65gpluswc 
CKXOR2D1           2     7.200    tcbn65gpluswc 
DFCNQD1           23   182.160    tcbn65gpluswc 
DFCNQD4           26   262.080    tcbn65gpluswc 
FA1D0              3    27.000    tcbn65gpluswc 
FA1D1              6    60.480    tcbn65gpluswc 
FA1D4              1    14.400    tcbn65gpluswc 
FCICOND1           3     9.720    tcbn65gpluswc 
HA1D0              2    11.520    tcbn65gpluswc 
HA1D1              2    12.240    tcbn65gpluswc 
HA1D2              1     6.840    tcbn65gpluswc 
HICIND2            1     7.560    tcbn65gpluswc 
IAO21D1            1     2.520    tcbn65gpluswc 
IAO21D2            6    19.440    tcbn65gpluswc 
IAO22D1            1     3.240    tcbn65gpluswc 
IAO22D2            1     3.960    tcbn65gpluswc 
IND2D0             6    12.960    tcbn65gpluswc 
IND2D1            94   203.040    tcbn65gpluswc 
IND2D2            47   135.360    tcbn65gpluswc 
IND2D4             4    23.040    tcbn65gpluswc 
IND3D1             9    22.680    tcbn65gpluswc 
IND3D4             1     7.560    tcbn65gpluswc 
INR2D1            13    28.080    tcbn65gpluswc 
INR2D2             6    17.280    tcbn65gpluswc 
INR2XD0            2     4.320    tcbn65gpluswc 
INR2XD1            6    17.280    tcbn65gpluswc 
INR3D0             2     5.040    tcbn65gpluswc 
INVD0              7     7.560    tcbn65gpluswc 
INVD1            281   303.480    tcbn65gpluswc 
INVD2             68    97.920    tcbn65gpluswc 
INVD3              6    12.960    tcbn65gpluswc 
INVD4              6    15.120    tcbn65gpluswc 
INVD6              1     3.240    tcbn65gpluswc 
IOA21D1           21    52.920    tcbn65gpluswc 
IOA21D2           97   314.280    tcbn65gpluswc 
IOA22D2            2     7.920    tcbn65gpluswc 
MAOI222D1          3     8.640    tcbn65gpluswc 
MAOI22D1          10    28.800    tcbn65gpluswc 
MAOI22D2           1     4.320    tcbn65gpluswc 
MOAI22D0           1     2.880    tcbn65gpluswc 
MOAI22D1          27    77.760    tcbn65gpluswc 
MOAI22D2           1     4.320    tcbn65gpluswc 
MUX2D4             1     6.120    tcbn65gpluswc 
MUX2ND0            4    11.520    tcbn65gpluswc 
ND2D0             22    31.680    tcbn65gpluswc 
ND2D1            393   565.920    tcbn65gpluswc 
ND2D2            465  1171.800    tcbn65gpluswc 
ND2D3             39   126.360    tcbn65gpluswc 
ND2D4             26   112.320    tcbn65gpluswc 
ND2D8              2    15.840    tcbn65gpluswc 
ND3D0              2     4.320    tcbn65gpluswc 
ND3D1             65   140.400    tcbn65gpluswc 
ND3D2             56   181.440    tcbn65gpluswc 
ND3D3              2     9.360    tcbn65gpluswc 
ND4D1              1     2.520    tcbn65gpluswc 
NR2D0              3     4.320    tcbn65gpluswc 
NR2D1             38    54.720    tcbn65gpluswc 
NR2D2             29    73.080    tcbn65gpluswc 
NR2D3              6    19.440    tcbn65gpluswc 
NR2D4              2     8.640    tcbn65gpluswc 
NR2XD0            54    77.760    tcbn65gpluswc 
NR2XD1           110   277.200    tcbn65gpluswc 
NR2XD2            35   151.200    tcbn65gpluswc 
NR2XD3             3    18.360    tcbn65gpluswc 
NR2XD4             4    31.680    tcbn65gpluswc 
NR3D0              2     4.320    tcbn65gpluswc 
NR3D1              1     3.240    tcbn65gpluswc 
OA21D1             4    10.080    tcbn65gpluswc 
OA22D1             1     3.240    tcbn65gpluswc 
OA33D1             1     3.960    tcbn65gpluswc 
OAI211D1           1     2.520    tcbn65gpluswc 
OAI211D2           1     4.320    tcbn65gpluswc 
OAI21D1           56   120.960    tcbn65gpluswc 
OAI21D2           22    71.280    tcbn65gpluswc 
OAI21D4            5    32.400    tcbn65gpluswc 
OAI221D0           1     2.880    tcbn65gpluswc 
OAI22D0            1     2.520    tcbn65gpluswc 
OAI22D1            8    20.160    tcbn65gpluswc 
OAI22D2            4    17.280    tcbn65gpluswc 
OAI31D1            1     2.520    tcbn65gpluswc 
OR2D1             22    47.520    tcbn65gpluswc 
OR2D2              1     2.520    tcbn65gpluswc 
OR2XD1            13    28.080    tcbn65gpluswc 
XNR2D1             4    14.400    tcbn65gpluswc 
XNR2D2             1     3.960    tcbn65gpluswc 
------------------------------------------------
total           3581  7891.560                  


                                     
   Type    Instances   Area   Area % 
-------------------------------------
sequential        49  444.240    5.6 
inverter         883 1124.640   14.3 
buffer            51   88.920    1.1 
logic           2598 6233.760   79.0 
-------------------------------------
total           3581 7891.560  100.0 

