============================================================
  Generated by:           Encounter(R) RTL Compiler v10.10-s209_1
  Generated on:           Dec 10 2015  09:01:41 pm
  Module:                 triangle
  Technology libraries:   tcbn65gpluswc 121
                          physical_cells 
  Operating conditions:   WCCOM 
  Interconnect mode:      ple
  Area mode:              physical library
============================================================

   Pin            Type     Fanout Load Slew Delay Arrival   
                                  (fF) (ps)  (ps)   (ps)    
------------------------------------------------------------
(clock clk)      launch                                40 F 
po_reg/CPN                                0            40 F 
po_reg/Q         DFNSND1        3  3.4   41  +161     201 R 
po          <<<  out port                      +0     201 R 
------------------------------------------------------------
Timing slack :  UNCONSTRAINED
Start-point  : po_reg/CPN
End-point    : po
