============================================================
  Generated by:           Encounter(R) RTL Compiler v10.10-s209_1
  Generated on:           Dec 10 2015  09:01:43 pm
  Module:                 triangle
  Technology libraries:   tcbn65gpluswc 121
                          physical_cells 
  Operating conditions:   WCCOM 
  Interconnect mode:      ple
  Area mode:              physical library
============================================================

    Pin                Type         Fanout Load Slew Delay Arrival   
                                           (fF) (ps)  (ps)   (ps)    
---------------------------------------------------------------------
(clock clk)        launch                                       40 R 
yo_reg[1]/clk                                      0            40 R 
yo_reg[1]/q   (u)  unmapped_d_flop       3 10.6    0  +143     183 R 
yo[1]         <<<  out port                             +0     183 R 
---------------------------------------------------------------------
Timing slack :  UNCONSTRAINED
Start-point  : yo_reg[1]/clk
End-point    : yo[1]

(u) : Net has unmapped pin(s).
