============================================================
  Generated by:           Encounter(R) RTL Compiler v12.10-s012_1
  Generated on:           Oct 01 2015  03:17:35 pm
  Module:                 ALT_MULTADD
  Technology library:     tcbn65gpluswc 121
  Operating conditions:   WCCOM (balanced_tree)
  Wireload mode:          segmented
  Area mode:              timing library
============================================================

                               
   Gate    Instances    Area        Library     
------------------------------------------------
AN2D4              1     4.320    tcbn65gpluswc 
AN2XD1            32    69.120    tcbn65gpluswc 
AO21D1             6    15.120    tcbn65gpluswc 
AO22D0            12    34.560    tcbn65gpluswc 
AOI211XD1          2     8.640    tcbn65gpluswc 
AOI21D1           18    38.880    tcbn65gpluswc 
AOI21D2            6    19.440    tcbn65gpluswc 
BMLD1              3    25.920    tcbn65gpluswc 
BMLD4              1    12.960    tcbn65gpluswc 
BUFFD2            18    38.880    tcbn65gpluswc 
BUFFD4             1     3.240    tcbn65gpluswc 
CKBD1              8    11.520    tcbn65gpluswc 
CKBD2             11    23.760    tcbn65gpluswc 
CKMUX2D1           4    14.400    tcbn65gpluswc 
CKND0              3     3.240    tcbn65gpluswc 
CKND1            103   111.240    tcbn65gpluswc 
CKND2             98   141.120    tcbn65gpluswc 
CKND2D1           61    87.840    tcbn65gpluswc 
CKND2D2          102   257.040    tcbn65gpluswc 
CKND2D3           15    48.600    tcbn65gpluswc 
CKND2D4           11    47.520    tcbn65gpluswc 
CKND3              8    17.280    tcbn65gpluswc 
CKND4              8    20.160    tcbn65gpluswc 
CKND6              2     6.480    tcbn65gpluswc 
CKXOR2D1          18    64.800    tcbn65gpluswc 
DFQD1             17   116.280    tcbn65gpluswc 
DFQD2             16   115.200    tcbn65gpluswc 
DFQD4             16   132.480    tcbn65gpluswc 
FA1D0             42   378.000    tcbn65gpluswc 
FA1D1             31   312.480    tcbn65gpluswc 
FA1D2              2    20.880    tcbn65gpluswc 
FA1D4              3    43.200    tcbn65gpluswc 
FCICIND1          33   154.440    tcbn65gpluswc 
FCICIND2           2    10.080    tcbn65gpluswc 
FCICOND1           4    12.960    tcbn65gpluswc 
FICIND2            1    12.240    tcbn65gpluswc 
FIICOND1           1    10.440    tcbn65gpluswc 
HA1D0              5    28.800    tcbn65gpluswc 
HA1D1              2    12.240    tcbn65gpluswc 
HA1D2              1     6.840    tcbn65gpluswc 
HA1D4              1    10.440    tcbn65gpluswc 
HICIND1            3    20.520    tcbn65gpluswc 
HICOND2            1     7.560    tcbn65gpluswc 
IAO21D2            1     3.240    tcbn65gpluswc 
IAO22D1            2     6.480    tcbn65gpluswc 
IND2D1            95   205.200    tcbn65gpluswc 
IND2D2            99   285.120    tcbn65gpluswc 
IND2D4            54   311.040    tcbn65gpluswc 
IND3D1             5    12.600    tcbn65gpluswc 
IND3D2             3    12.960    tcbn65gpluswc 
IND3D4             1     7.560    tcbn65gpluswc 
INR2D1            49   105.840    tcbn65gpluswc 
INR2D2            36   103.680    tcbn65gpluswc 
INR2D4            10    50.400    tcbn65gpluswc 
INR2XD0            1     2.160    tcbn65gpluswc 
INR2XD1           23    66.240    tcbn65gpluswc 
INR2XD2           13    60.840    tcbn65gpluswc 
INR2XD4           30   280.800    tcbn65gpluswc 
INR3D1             5    18.000    tcbn65gpluswc 
INVD1            369   398.520    tcbn65gpluswc 
INVD2             71   102.240    tcbn65gpluswc 
INVD3              6    12.960    tcbn65gpluswc 
INVD4              3     7.560    tcbn65gpluswc 
IOA21D1           65   163.800    tcbn65gpluswc 
IOA21D2            8    25.920    tcbn65gpluswc 
MAOI222D0          7    20.160    tcbn65gpluswc 
MAOI222D1         23    66.240    tcbn65gpluswc 
MAOI22D1           9    25.920    tcbn65gpluswc 
MOAI22D1          65   187.200    tcbn65gpluswc 
MUX2D0             4    12.960    tcbn65gpluswc 
MUX2D1            16    57.600    tcbn65gpluswc 
MUX2D2             5    19.800    tcbn65gpluswc 
MUX2D4             2    12.240    tcbn65gpluswc 
MUX2ND0           11    31.680    tcbn65gpluswc 
MUX2ND4            2    14.400    tcbn65gpluswc 
ND2D1            557   802.080    tcbn65gpluswc 
ND2D2            256   645.120    tcbn65gpluswc 
ND2D3             50   162.000    tcbn65gpluswc 
ND2D4             33   142.560    tcbn65gpluswc 
ND3D2              4    12.960    tcbn65gpluswc 
ND3D4              1     6.120    tcbn65gpluswc 
NR2D1             75   108.000    tcbn65gpluswc 
NR2D2             34    85.680    tcbn65gpluswc 
NR2D3              8    25.920    tcbn65gpluswc 
NR2D4              5    21.600    tcbn65gpluswc 
NR2XD0            24    34.560    tcbn65gpluswc 
NR2XD1            46   115.920    tcbn65gpluswc 
NR2XD2            15    64.800    tcbn65gpluswc 
NR2XD3             3    18.360    tcbn65gpluswc 
NR2XD4             3    23.760    tcbn65gpluswc 
NR3D3              1     8.640    tcbn65gpluswc 
OA21D4             1     5.760    tcbn65gpluswc 
OAI211D4           3    25.920    tcbn65gpluswc 
OAI21D1           32    69.120    tcbn65gpluswc 
OAI21D2           12    38.880    tcbn65gpluswc 
OAI21D4            3    19.440    tcbn65gpluswc 
OR2D1             23    49.680    tcbn65gpluswc 
OR2D4              1     4.320    tcbn65gpluswc 
OR2XD1             3     6.480    tcbn65gpluswc 
XNR2D1            25    90.000    tcbn65gpluswc 
XNR2D2             1     3.960    tcbn65gpluswc 
XNR2D4             2    15.120    tcbn65gpluswc 
XNR3D1            11    67.320    tcbn65gpluswc 
XNR3D2             1     7.920    tcbn65gpluswc 
XNR4D1             1     9.000    tcbn65gpluswc 
XOR2D1            15    54.000    tcbn65gpluswc 
XOR2D2            18    71.280    tcbn65gpluswc 
XOR3D1            20   122.400    tcbn65gpluswc 
XOR3D2             4    27.360    tcbn65gpluswc 
------------------------------------------------
total           3117  8188.560                  


                                     
   Type    Instances   Area   Area % 
-------------------------------------
sequential        49  363.960    4.4 
inverter         671  820.800   10.0 
buffer            38   77.400    0.9 
logic           2359 6926.400   84.6 
-------------------------------------
total           3117 8188.560  100.0 

