============================================================
  Generated by:           Encounter(R) RTL Compiler v10.10-s209_1
  Generated on:           Oct 02 2014  11:31:08 pm
  Module:                 ALT_MULTADD
  Technology library:     tcbn65gpluswc 121
  Operating conditions:   WCCOM (balanced_tree)
  Wireload mode:          segmented
  Area mode:              timing library
============================================================

           Pin                  Type       Fanout Load Slew Delay Arrival   
                                                  (fF) (ps)  (ps)   (ps)    
----------------------------------------------------------------------------
(clock iCLK)                  launch                                    0 R 
A1_reg[6]/CP                                            110             0 R 
A1_reg[6]/Q                   DFCND4            8 14.3   58  +214     214 R 
g28662/A1                                                      +0     214   
g28662/ZN                     CKND2D2           3  4.0   33   +33     247 F 
g20539/A2                                                      +0     247   
g20539/ZN                     CKND2D1           1  2.5   45   +37     284 R 
g25340/A2                                                      +0     284   
g25340/ZN                     ND2D2             3  5.2   36   +37     321 F 
g25339/I                                                       +0     321   
g25339/ZN                     INVD2             2  3.1   22   +23     344 R 
g25338/A1                                                      +0     344   
g25338/ZN                     ND2D2             2  4.3   31   +26     370 F 
g25978/A1                                                      +0     370   
g25978/ZN                     ND2D2             1  2.1   22   +20     390 R 
g25977/A1                                                      +0     390   
g25977/ZN                     ND2D2             1  2.1   21   +20     410 F 
g25976/A1                                                      +0     410   
g25976/ZN                     ND2D2             3  5.1   33   +24     435 R 
g25784/I                                                       +0     435   
g25784/ZN                     CKND2             1  2.1   14   +17     452 F 
g25783/A1                                                      +0     452   
g25783/ZN                     ND2D2             2  4.7   31   +22     473 R 
g25785/A2                                                      +0     473   
g25785/ZN                     CKND2D2           1  2.5   24   +26     499 F 
g278/A2                                                        +0     499   
g278/ZN                       ND2D2             1  3.5   26   +24     522 R 
g28653/A1                                                      +0     522   
g28653/ZN                     ND2D3             5  6.8   34   +29     552 F 
g22787/A1                                                      +0     552   
g22787/ZN                     NR2XD1            1  1.8   30   +26     578 R 
g22786/A1                                                      +0     578   
g22786/ZN                     NR2XD1            1  3.4   32   +26     603 F 
g28650/A1                                                      +0     603   
g28650/ZN                     NR2XD2            1  4.8   35   +29     632 R 
g25528/A2                                                      +0     632   
g25528/ZN                     ND2D4             5  8.4   32   +32     664 F 
g157/I                                                         +0     664   
g157/ZN                       CKND2             2  5.5   29   +26     690 R 
g27616/A1                                                      +0     690   
g27616/ZN                     NR2XD2            3  5.2   27   +23     713 F 
g25169/I                                                       +0     713   
g25169/ZN                     CKND2             1  4.0   23   +21     734 R 
g25168/A1                                                      +0     734   
g25168/ZN                     CKND2D4           1  4.5   21   +20     754 F 
g27617/A1                                                      +0     754   
g27617/ZN                     ND2D4             2  7.9   29   +22     776 R 
g51_dup/A2                                                     +0     776   
g51_dup/ZN                    ND2D3             1  4.5   27   +28     804 F 
g27610/I                                                       +0     804   
g27610/ZN                     INVD4             2  5.3   19   +19     823 R 
g23474/A1                                                      +0     823   
g23474/ZN                     ND2D3             1  4.5   27   +23     846 F 
g25140/A1                                                      +0     846   
g25140/ZN                     ND2D4             3  6.7   26   +22     868 R 
g25139/I                                                       +0     868   
g25139/ZN                     CKND2             2  3.2   16   +18     886 F 
g25138/I                                                       +0     886   
g25138/ZN                     INVD1             3  4.3   44   +30     916 R 
g27952/A1                                                      +0     916   
g27952/ZN                     ND2D1             1  2.1   35   +34     950 F 
csa_tree_add_31_30_g7584/A1                                    +0     950   
csa_tree_add_31_30_g7584/ZN   ND2D2             3  4.2   30   +26     976 R 
csa_tree_add_31_30_g7583/I                                     +0     976   
csa_tree_add_31_30_g7583/ZN   INVD1             1  1.7   16   +18     994 F 
g24883/A1                                                      +0     994   
g24883/ZN                     NR2XD1            2  2.5   35   +25    1019 R 
g27696/A1                                                      +0    1019   
g27696/ZN                     NR2XD1            3  3.3   32   +27    1046 F 
g27695/I                                                       +0    1046   
g27695/ZN                     INVD1             1  2.1   26   +25    1071 R 
g27694/A1                                                      +0    1071   
g27694/ZN                     ND2D2             1  2.5   23   +22    1093 F 
g24674/A2                                                      +0    1093   
g24674/ZN                     ND2D2             2  3.3   26   +23    1116 R 
g24253/A1                                                      +0    1116   
g24253/ZN                     ND2D2             1  3.4   27   +25    1141 F 
g28469/A1                                                      +0    1141   
g28469/ZN                     ND2D3             3  4.8   26   +22    1163 R 
g28468/I                                                       +0    1163   
g28468/ZN                     INVD2             1  3.5   15   +17    1180 F 
g28467/A2                                                      +0    1180   
g28467/ZN                     NR2XD2            1  3.6   29   +28    1208 R 
g218/A1                                                        +0    1208   
g218/ZN                       NR2XD2            2  3.1   23   +20    1228 F 
g25241/I                                                       +0    1228   
g25241/ZN                     CKND2             1  2.1   15   +16    1244 R 
g26497/A1                                                      +0    1244   
g26497/ZN                     ND2D2             1  2.5   22   +20    1263 F 
g26496/A2                                                      +0    1263   
g26496/ZN                     ND2D2             1  2.1   20   +20    1283 R 
g67/A1                                                         +0    1283   
g67/ZN                        ND2D2             2  3.9   29   +25    1308 F 
g26495/I                                                       +0    1308   
g26495/ZN                     CKND2             1  4.5   25   +23    1331 R 
g27594/A1                                                      +0    1331   
g27594/ZN                     NR2D4             3  6.6   18   +17    1348 F 
g26304/A1                                                      +0    1348   
g26304/ZN                     NR2D3             4  5.7   52   +37    1385 R 
g24952/A2                                                      +0    1385   
g24952/ZN                     ND3D2             1  2.3   40   +43    1428 F 
g24951/A2                                                      +0    1428   
g24951/ZN                     ND3D2             2  3.2   32   +30    1457 R 
g23203/A1                                                      +0    1457   
g23203/ZN                     CKND2D1           1  1.1   24   +24    1482 F 
g23137/A2                                                      +0    1482   
g23137/ZN                     ND2D1             1  1.1   24   +22    1504 R 
oRESULT_reg[15]/D             DFCNQD1                          +0    1504   
oRESULT_reg[15]/CP            setup                     110   +10    1514 R 
- - - - - - - - - - - - - - - - - - - - - - - - - - - - - - - - - - - - - - 
(clock clk)                   capture                                 200 R 
                              latency                          +1     201 R 
                              uncertainty                    -100     101 R 
----------------------------------------------------------------------------
Timing slack :   -1413ps (TIMING VIOLATION)
Start-point  : A1_reg[6]/CP
End-point    : oRESULT_reg[15]/D
