============================================================
  Generated by:           Encounter(R) RTL Compiler v12.10-s012_1
  Generated on:           Oct 01 2015  02:29:35 pm
  Module:                 ALT_MULTADD
  Technology library:     tcbn65gpluswc 121
  Operating conditions:   WCCOM (balanced_tree)
  Wireload mode:          segmented
  Area mode:              timing library
============================================================

                               
   Gate    Instances    Area        Library     
------------------------------------------------
AN2XD1            24    51.840    tcbn65gpluswc 
AO22D0            18    51.840    tcbn65gpluswc 
AOI22D1           28    70.560    tcbn65gpluswc 
CKBD1              8    11.520    tcbn65gpluswc 
CKND1              2     2.160    tcbn65gpluswc 
CKND2D1           17    24.480    tcbn65gpluswc 
CKXOR2D1          14    50.400    tcbn65gpluswc 
DFQD1             49   335.160    tcbn65gpluswc 
FA1D0            192  1728.000    tcbn65gpluswc 
FCICIND1           5    23.400    tcbn65gpluswc 
HA1D0             16    92.160    tcbn65gpluswc 
IND2D1             1     2.160    tcbn65gpluswc 
INR2D1             8    17.280    tcbn65gpluswc 
INR2XD0            3     6.480    tcbn65gpluswc 
INR3D2             1     3.960    tcbn65gpluswc 
INVD1            103   111.240    tcbn65gpluswc 
INVD2              3     4.320    tcbn65gpluswc 
MAOI222D0          2     5.760    tcbn65gpluswc 
MAOI222D1         80   230.400    tcbn65gpluswc 
MAOI22D1          91   262.080    tcbn65gpluswc 
MOAI22D1          30    86.400    tcbn65gpluswc 
MUX2D1             1     3.600    tcbn65gpluswc 
MUX2ND0           13    37.440    tcbn65gpluswc 
ND2D1            178   256.320    tcbn65gpluswc 
NR2D1              6     8.640    tcbn65gpluswc 
NR2XD0            23    33.120    tcbn65gpluswc 
OA21D1             1     2.520    tcbn65gpluswc 
OA22D0            11    31.680    tcbn65gpluswc 
OAI22D1           85   214.200    tcbn65gpluswc 
OR2D1              1     2.160    tcbn65gpluswc 
XNR2D1            20    72.000    tcbn65gpluswc 
XNR2D2             1     3.960    tcbn65gpluswc 
XNR3D1            16    97.920    tcbn65gpluswc 
XOR2D1             1     3.600    tcbn65gpluswc 
XOR2D2             5    19.800    tcbn65gpluswc 
XOR3D1            45   275.400    tcbn65gpluswc 
XOR3D2             4    27.360    tcbn65gpluswc 
------------------------------------------------
total           1106  4261.320                  


                                     
   Type    Instances   Area   Area % 
-------------------------------------
sequential        49  335.160    7.9 
inverter         108  117.720    2.8 
buffer             8   11.520    0.3 
logic            941 3796.920   89.1 
-------------------------------------
total           1106 4261.320  100.0 

