============================================================
  Generated by:           Encounter(R) RTL Compiler v12.10-s012_1
  Generated on:           Oct 01 2015  02:29:35 pm
  Module:                 ALT_MULTADD
  Technology library:     tcbn65gpluswc 121
  Operating conditions:   WCCOM (balanced_tree)
  Wireload mode:          segmented
  Area mode:              timing library
============================================================

	Timing
	------

 Slack    Endpoint   Cost Group 
-------------------------------------
 +676ps oR_reg[16]/D default    


	Area
	----

  Instance   Cells  Cell Area  Net Area  Total Area    Wireload      
---------------------------------------------------------------------
ALT_MULTADD   1106       4261         0        4261 ZeroWireload (S) 

 (S) = wireload was automatically selected

	Design Rule Check
	-----------------

Max_transition design rule: no violations.

Max_capacitance design rule: no violations.

Max_fanout design rule (violation total = 148.000)
Worst violator:
Pin                 Fanout           Max     Violation
------------------------------------------------------
B0_reg[0]/Q         18.000        10.000         8.000


