============================================================
  Generated by:           Encounter(R) RTL Compiler v10.10-s209_1
  Generated on:           Oct 06 2014  04:39:34 pm
  Module:                 lab1
  Technology library:     tcbn65gpluswc 121
  Operating conditions:   WCCOM (balanced_tree)
  Wireload mode:          segmented
  Area mode:              timing library
============================================================

                        Pin                             Type     Fanout Load Slew Delay Arrival   
                                                                        (fF) (ps)  (ps)   (ps)    
--------------------------------------------------------------------------------------------------
(clock iCLK)                                            launch                                0 R 
A1_reg[0]/CP                                                                    0             0 R 
A1_reg[0]/Q                                             DFCND1        2  3.4   47  +146     146 R 
csa_tree_mul_9_16_g9526/A1                                                           +0     146   
csa_tree_mul_9_16_g9526/ZN                              ND2D1         3  3.8   52   +45     190 F 
csa_tree_mul_9_16_g9528/A1                                                           +0     190   
csa_tree_mul_9_16_g9528/ZN                              IND2D1        1  2.5   40   +71     262 F 
g10164/A2                                                                            +0     262   
g10164/ZN                                               ND2D2         2  3.7   28   +29     290 R 
csa_tree_mul_9_16_g2576/A1                                                           +0     290   
csa_tree_mul_9_16_g2576/ZN                              NR2XD1        1  3.5   33   +26     316 F 
g10574/A2                                                                            +0     316   
g10574/ZN                                               NR2XD2        3  5.3   37   +37     352 R 
csa_tree_mul_9_16_g2538/I                                                            +0     352   
csa_tree_mul_9_16_g2538/ZN                              CKND2         2  3.2   18   +20     373 F 
g11106/A2                                                                            +0     373   
g11106/ZN                                               ND2D2         2  4.8   32   +25     398 R 
g11104/A2                                                                            +0     398   
g11104/ZN                                               ND2D2         1  1.9   21   +25     423 F 
g11103/A1                                                                            +0     423   
g11103/ZN                                               CKND2D2       1  2.1   27   +21     443 R 
g11102/A1                                                                            +0     443   
g11102/ZN                                               ND2D2         3  5.4   37   +31     474 F 
g10641/I                                                                             +0     474   
g10641/ZN                                               INVD1         2  3.1   34   +30     504 R 
csa_tree_mul_9_16_g2311/A1                                                           +0     504   
csa_tree_mul_9_16_g2311/ZN                              CKND2D2       1  2.1   21   +22     526 F 
g10540/A1                                                                            +0     526   
g10540/ZN                                               ND2D2         1  3.4   26   +20     547 R 
g10539/A2                                                                            +0     547   
g10539/ZN                                               ND2D3         3  5.3   29   +29     576 F 
g10538/A2                                                                            +0     576   
g10538/ZN                                               NR2XD1        2  3.0   39   +37     613 R 
final_adder_mul_9_16_g5020/A2                                                        +0     613   
final_adder_mul_9_16_g5020/ZN                           NR2XD1        3  5.4   42   +39     652 F 
final_adder_mul_9_16_g4923/A1                                                        +0     652   
final_adder_mul_9_16_g4923/ZN                           ND2D1         1  1.2   25   +26     677 R 
g12471/A1                                                                            +0     677   
g12471/ZN                                               ND2D1         2  2.3   37   +31     708 F 
final_adder_mul_9_16_g4915/I                                                         +0     708   
final_adder_mul_9_16_g4915/ZN                           INVD1         1  2.1   27   +26     734 R 
g10640/A1                                                                            +0     734   
g10640/ZN                                               ND2D2         1  3.0   25   +24     758 F 
g11031/A1                                                                            +0     758   
g11031/ZN                                               CKND2D3       4  6.5   40   +29     787 R 
g11034/I                                                                             +0     787   
g11034/ZN                                               CKND2         3  3.9   20   +23     810 F 
csa_tree_add_31_30_g8214/A1                                                          +0     810   
csa_tree_add_31_30_g8214/ZN                             NR2XD1        1  3.6   44   +31     841 R 
g10466/A1                                                                            +0     841   
g10466/ZN                                               NR2XD2        3  5.3   29   +28     869 F 
g10465/I                                                                             +0     869   
g10465/ZN                                               CKND2         3  4.5   25   +23     892 R 
g10215/A1                                                                            +0     892   
g10215/ZN                                               ND2D1         1  2.1   40   +30     921 F 
g11709/B                                                                             +0     921   
g11709/ZN                                               OAI21D2       3  4.3   65   +36     958 R 
g11867/A1                                                                            +0     958   
g11867/ZN                                               AOI22D2       2  3.1   46   +36     993 F 
fopt9381/I                                                                           +0     993   
fopt9381/ZN                                             CKND2         2  3.6   25   +25    1019 R 
csa_tree_add_31_30_g8389/B1                                                          +0    1019   
csa_tree_add_31_30_g8389/ZN                             IND2D2        1  2.1   26   +25    1044 F 
g12373/A1                                                                            +0    1044   
g12373/ZN                                               ND2D2         2  3.3   27   +22    1065 R 
g11117/A1                                                                            +0    1065   
g11117/ZN                                               ND2D1         1  3.3   46   +37    1102 F 
g12277/A2                                                                            +0    1102   
g12277/ZN                                               ND2D3         4  6.1   32   +32    1134 R 
g11955/A2                                                                            +0    1134   
g11955/ZN                                               CKND2D1       1  1.9   32   +31    1164 F 
g12517/A1                                                                            +0    1164   
g12517/ZN                                               CKND2D2       1  2.2   27   +24    1188 R 
g11951/B                                                                             +0    1188   
g11951/ZN                                               IOA21D2       2  3.1   30   +25    1213 F 
csa_tree_add_31_30_g7240/I                                                           +0    1213   
csa_tree_add_31_30_g7240/ZN                             CKND2         3  4.8   26   +24    1237 R 
g11432/A2                                                                            +0    1237   
g11432/ZN                                               ND2D2         2  3.5   28   +28    1265 F 
g11431/A1                                                                            +0    1265   
g11431/ZN                                               ND2D1         1  2.2   34   +26    1291 R 
g11430/A2                                                                            +0    1291   
g11430/ZN                                               CKND2D2       1  2.1   20   +25    1316 F 
g15/A1                                                                               +0    1316   
g15/ZN                                                  ND2D2         1  2.1   22   +17    1333 R 
g14/A1                                                                               +0    1333   
g14/ZN                                                  ND2D2         2  2.1   22   +20    1353 F 
g12222/I                                                                             +0    1353   
g12222/ZN                                               CKND1         1  1.8   23   +20    1373 R 
g12221/A1                                                                            +0    1373   
g12221/ZN                                               NR2XD1        3  3.9   34   +25    1399 F 
g11816/A2                                                                            +0    1399   
g11816/ZN                                               NR2XD0        2  2.2   56   +46    1444 R 
g11819/A1                                                                            +0    1444   
g11819/ZN                                               CKND2D1       1  2.3   38   +37    1482 F 
g11797/A2                                                                            +0    1482   
g11797/ZN                                               ND3D2         2  2.3   28   +27    1509 R 
final_adder_add_11_19_Y_final_adder_add_31_30_g758/A1                                +0    1509   
final_adder_add_11_19_Y_final_adder_add_31_30_g758/ZN   CKND2D1       1  1.2   25   +24    1533 F 
final_adder_add_11_19_Y_final_adder_add_31_30_g755/B                                 +0    1533   
final_adder_add_11_19_Y_final_adder_add_31_30_g755/ZN   OAI21D1       1  1.1   46   +26    1559 R 
oRESULT_reg[15]/D                                       DFCNQD1                      +0    1559   
oRESULT_reg[15]/CP                                      setup                   0   +41    1600 R 
- - - - - - - - - - - - - - - - - - - - - - - - - - - - - - - - - - - - - - - - - - - - - - - - - 
(clock iCLK)                                            capture                            1600 R 
--------------------------------------------------------------------------------------------------
Cost Group   : 'iCLK' (path_group 'iCLK')
Timing slack :       0ps 
Start-point  : A1_reg[0]/CP
End-point    : oRESULT_reg[15]/D
