============================================================
  Generated by:           Encounter(R) RTL Compiler v10.10-s209_1
  Generated on:           Oct 09 2015  04:13:21 pm
  Module:                 ALT_MULTADD
  Technology libraries:   tcbn65gpluswc 121
                          physical_cells 
  Operating conditions:   WCCOM 
  Interconnect mode:      ple
  Area mode:              physical library
============================================================

    Pin            Type     Fanout Load Slew Delay Arrival   
                                   (fF) (ps)  (ps)   (ps)    
-------------------------------------------------------------
(clock iCLK)      launch                                 0 R 
oR_reg[0]/CP                               0             0 R 
oR_reg[0]/Q       DFQD1          1  0.5   16  +121     121 F 
oR[0]        <<<  out port                      +0     121 F 
-------------------------------------------------------------
Timing slack :  UNCONSTRAINED
Start-point  : oR_reg[0]/CP
End-point    : oR[0]
