============================================================
  Generated by:           Encounter(R) RTL Compiler v12.10-s012_1
  Generated on:           Oct 01 2015  02:44:10 pm
  Module:                 ALT_MULTADD
  Technology library:     tcbn65gpluswc 121
  Operating conditions:   WCCOM (balanced_tree)
  Wireload mode:          segmented
  Area mode:              timing library
============================================================

                               
   Gate    Instances    Area        Library     
------------------------------------------------
AN2D2              1     2.520    tcbn65gpluswc 
AN2XD1            28    60.480    tcbn65gpluswc 
AN4XD1             1     2.880    tcbn65gpluswc 
AO21D1             4    10.080    tcbn65gpluswc 
AO22D0            12    34.560    tcbn65gpluswc 
AOI211XD0          1     2.520    tcbn65gpluswc 
AOI211XD1          1     4.320    tcbn65gpluswc 
AOI21D1            8    17.280    tcbn65gpluswc 
AOI21D2            4    12.960    tcbn65gpluswc 
AOI21D4            1     6.480    tcbn65gpluswc 
AOI22D1            1     2.520    tcbn65gpluswc 
BMLD1              2    17.280    tcbn65gpluswc 
BMLD4              1    12.960    tcbn65gpluswc 
BUFFD2            17    36.720    tcbn65gpluswc 
BUFFD4             2     6.480    tcbn65gpluswc 
CKBD1             14    20.160    tcbn65gpluswc 
CKBD2              8    17.280    tcbn65gpluswc 
CKBD3              1     2.520    tcbn65gpluswc 
CKMUX2D1           7    25.200    tcbn65gpluswc 
CKND0              7     7.560    tcbn65gpluswc 
CKND1             94   101.520    tcbn65gpluswc 
CKND2             75   108.000    tcbn65gpluswc 
CKND2D1           53    76.320    tcbn65gpluswc 
CKND2D2           80   201.600    tcbn65gpluswc 
CKND2D3           16    51.840    tcbn65gpluswc 
CKND2D4           11    47.520    tcbn65gpluswc 
CKND3             15    32.400    tcbn65gpluswc 
CKND4             15    37.800    tcbn65gpluswc 
CKND6              1     3.240    tcbn65gpluswc 
CKXOR2D1          19    68.400    tcbn65gpluswc 
DFD4               2    21.600    tcbn65gpluswc 
DFQD1             17   116.280    tcbn65gpluswc 
DFQD2             14   100.800    tcbn65gpluswc 
DFQD4             16   132.480    tcbn65gpluswc 
FA1D0             52   468.000    tcbn65gpluswc 
FA1D1             29   292.320    tcbn65gpluswc 
FA1D2              2    20.880    tcbn65gpluswc 
FA1D4              3    43.200    tcbn65gpluswc 
FCICIND1          37   173.160    tcbn65gpluswc 
FCICIND2           3    15.120    tcbn65gpluswc 
FCICOND1           2     6.480    tcbn65gpluswc 
FICIND1            1    10.440    tcbn65gpluswc 
FICOND2            1    12.240    tcbn65gpluswc 
FIICOND1           1    10.440    tcbn65gpluswc 
HA1D0              2    11.520    tcbn65gpluswc 
HA1D1              1     6.120    tcbn65gpluswc 
HA1D2              2    13.680    tcbn65gpluswc 
HICIND1            2    13.680    tcbn65gpluswc 
HICIND2            4    30.240    tcbn65gpluswc 
HICOND2            1     7.560    tcbn65gpluswc 
IAO21D1            1     2.520    tcbn65gpluswc 
IAO22D1            1     3.240    tcbn65gpluswc 
IND2D1            98   211.680    tcbn65gpluswc 
IND2D2            90   259.200    tcbn65gpluswc 
IND2D4            45   259.200    tcbn65gpluswc 
IND3D1             2     5.040    tcbn65gpluswc 
IND3D2             3    12.960    tcbn65gpluswc 
IND3D4             5    37.800    tcbn65gpluswc 
INR2D1            37    79.920    tcbn65gpluswc 
INR2D2            23    66.240    tcbn65gpluswc 
INR2D4            20   100.800    tcbn65gpluswc 
INR2XD0            3     6.480    tcbn65gpluswc 
INR2XD1           18    51.840    tcbn65gpluswc 
INR2XD2            9    42.120    tcbn65gpluswc 
INR2XD4           22   205.920    tcbn65gpluswc 
INR3D0             1     2.520    tcbn65gpluswc 
INR3D1             1     3.600    tcbn65gpluswc 
INVD1            331   357.480    tcbn65gpluswc 
INVD2             48    69.120    tcbn65gpluswc 
INVD3             13    28.080    tcbn65gpluswc 
INVD4              4    10.080    tcbn65gpluswc 
INVD6              1     3.240    tcbn65gpluswc 
IOA21D1           59   148.680    tcbn65gpluswc 
IOA21D2           17    55.080    tcbn65gpluswc 
MAOI222D0          4    11.520    tcbn65gpluswc 
MAOI222D1         23    66.240    tcbn65gpluswc 
MAOI22D1          11    31.680    tcbn65gpluswc 
MOAI22D1          70   201.600    tcbn65gpluswc 
MUX2D0             1     3.240    tcbn65gpluswc 
MUX2D1            23    82.800    tcbn65gpluswc 
MUX2D2             6    23.760    tcbn65gpluswc 
MUX2D4             1     6.120    tcbn65gpluswc 
MUX2ND0            8    23.040    tcbn65gpluswc 
MUX2ND1            1     4.320    tcbn65gpluswc 
MUX2ND2            1     4.680    tcbn65gpluswc 
MUX2ND4            5    36.000    tcbn65gpluswc 
ND2D1            566   815.040    tcbn65gpluswc 
ND2D2            235   592.200    tcbn65gpluswc 
ND2D3             46   149.040    tcbn65gpluswc 
ND2D4             24   103.680    tcbn65gpluswc 
ND2D8              4    31.680    tcbn65gpluswc 
ND3D1              2     4.320    tcbn65gpluswc 
ND3D2              2     6.480    tcbn65gpluswc 
ND3D3              1     4.680    tcbn65gpluswc 
NR2D1             63    90.720    tcbn65gpluswc 
NR2D2             21    52.920    tcbn65gpluswc 
NR2D3             12    38.880    tcbn65gpluswc 
NR2D4              4    17.280    tcbn65gpluswc 
NR2XD0            20    28.800    tcbn65gpluswc 
NR2XD1            43   108.360    tcbn65gpluswc 
NR2XD2            15    64.800    tcbn65gpluswc 
NR2XD4             2    15.840    tcbn65gpluswc 
OA21D1             1     2.520    tcbn65gpluswc 
OAI211D1           1     2.520    tcbn65gpluswc 
OAI211D4           1     8.640    tcbn65gpluswc 
OAI21D1           24    51.840    tcbn65gpluswc 
OAI21D2           10    32.400    tcbn65gpluswc 
OAI21D4            4    25.920    tcbn65gpluswc 
OAI22D1            1     2.520    tcbn65gpluswc 
OR2D1             27    58.320    tcbn65gpluswc 
OR2D4              1     4.320    tcbn65gpluswc 
OR2XD1             2     4.320    tcbn65gpluswc 
XNR2D1            33   118.800    tcbn65gpluswc 
XNR3D1            11    67.320    tcbn65gpluswc 
XNR3D4             1    10.440    tcbn65gpluswc 
XOR2D1            13    46.800    tcbn65gpluswc 
XOR2D2            22    87.120    tcbn65gpluswc 
XOR3D1            20   122.400    tcbn65gpluswc 
XOR3D2             8    54.720    tcbn65gpluswc 
------------------------------------------------
total           2938  7881.120                  


                                     
   Type    Instances   Area   Area % 
-------------------------------------
sequential        49  371.160    4.7 
inverter         604  758.520    9.6 
buffer            42   83.160    1.1 
logic           2243 6668.280   84.6 
-------------------------------------
total           2938 7881.120  100.0 

