============================================================
  Generated by:           Encounter(R) RTL Compiler v12.10-s012_1
  Generated on:           Oct 01 2015  02:44:11 pm
  Module:                 ALT_MULTADD
  Technology library:     tcbn65gpluswc 121
  Operating conditions:   WCCOM (balanced_tree)
  Wireload mode:          segmented
  Area mode:              timing library
============================================================

               Pin                     Type       Fanout Load Slew Delay Arrival   
                                                         (fF) (ps)  (ps)   (ps)    
-----------------------------------------------------------------------------------
(clock clk)                          launch                                  200 R 
                                     latency                          +1     201 R 
A0_reg[2]/CP                                                   110           201 R 
A0_reg[2]/Q                          DFQD4             3  7.3   30  +153     354 F 
mul_25_35_g3101/I                                                     +0     354   
mul_25_35_g3101/ZN                   CKND4             2  9.8   27   +25     378 R 
mul_25_35_g3100/I                                                     +0     378   
mul_25_35_g3100/ZN                   INVD3             2  6.2   17   +18     397 F 
mul_25_35_g2996/A1                                                    +0     397   
mul_25_35_g2996/ZN                   CKND2D4           3  6.4   33   +23     420 R 
fopt6599/I                                                            +0     420   
fopt6599/ZN                          CKND4             1  3.4   13   +16     436 F 
mul_25_35_g2920/A1                                                    +0     436   
mul_25_35_g2920/ZN                   NR2XD2            1  2.4   26   +19     455 R 
mul_25_35_g2871/A1                                                    +0     455   
mul_25_35_g2871/ZN                   IND2D4            2  7.8   31   +44     498 R 
mul_25_35_g2789/A1                                                    +0     498   
mul_25_35_g2789/ZN                   CKND2D3           1  2.3   20   +21     520 F 
mul_25_35_g2767/A1                                                    +0     520   
mul_25_35_g2767/ZN                   INR2XD4           2  4.5   23   +48     568 F 
mul_25_35_g2647/B                                                     +0     568   
mul_25_35_g2647/CO                   HA1D2             1  2.2   19   +45     613 F 
mul_25_35_g2606/A2                                                    +0     613   
mul_25_35_g2606/ZN                   OAI21D2           1  3.4   58   +44     657 R 
mul_25_35_g2519/A                                                     +0     657   
mul_25_35_g2519/S                    FA1D4             2  9.0   47  +166     823 R 
mul_25_35_g2490/A1                                                    +0     823   
mul_25_35_g2490/ZN                   NR2XD4            3 15.4   34   +32     854 F 
mul_25_35_g2472/B1                                                    +0     854   
mul_25_35_g2472/ZN                   INR2XD4           3  6.0   29   +33     887 R 
mul_25_35_g2471/I                                                     +0     887   
mul_25_35_g2471/ZN                   INVD2             1  2.3   13   +15     903 F 
mul_25_35_g2449/A1                                                    +0     903   
mul_25_35_g2449/ZN                   IND3D4            2  4.2   40   +62     965 F 
mul_25_35_g2440/A2                                                    +0     965   
mul_25_35_g2440/ZN                   ND2D3             3  5.3   28   +29     994 R 
mul_25_35_g2438/I                                                     +0     994   
mul_25_35_g2438/ZN                   CKND3             4  6.0   19   +21    1015 F 
mul_25_35_g2429/A1                                                    +0    1015   
mul_25_35_g2429/ZN                   OAI21D1           1  2.1   62   +42    1057 R 
mul_25_35_g2422/A1                                                    +0    1057   
mul_25_35_g2422/ZN                   ND2D2             1  2.5   29   +30    1086 F 
mul_25_35_g2421/B1                                                    +0    1086   
mul_25_35_g2421/ZN                   IND2D2            4  7.2   42   +33    1119 R 
csa_tree_mul_25_40_groupi_g4976/A1                                    +0    1119   
csa_tree_mul_25_40_groupi_g4976/ZN   CKND2D2           3  3.4   36   +28    1147 F 
csa_tree_mul_25_40_groupi_g5292/A1                                    +0    1147   
csa_tree_mul_25_40_groupi_g5292/ZN   IND2D2            1  1.2   22   +48    1196 F 
csa_tree_mul_25_40_groupi_g4840/A1                                    +0    1196   
csa_tree_mul_25_40_groupi_g4840/ZN   ND2D1             1  1.9   30   +23    1219 R 
g6368/S                                                               +0    1219   
g6368/Z                              MUX2D2            3  3.5   39   +86    1304 R 
csa_tree_mul_25_40_groupi_g5265/A1                                    +0    1304   
csa_tree_mul_25_40_groupi_g5265/Z    AN2XD1            1  2.2   31   +52    1357 R 
csa_tree_mul_25_40_groupi_g4570/A1                                    +0    1357   
csa_tree_mul_25_40_groupi_g4570/ZN   NR2D2             1  1.8   22   +16    1373 F 
g6352/S                                                               +0    1373   
g6352/Z                              MUX2D1            1  2.3   38   +78    1450 R 
csa_tree_mul_25_40_groupi_g4249/CI                                    +0    1450   
csa_tree_mul_25_40_groupi_g4249/S    FA1D1             2  3.0   43   +96    1546 R 
csa_tree_mul_25_40_groupi_g4206/A1                                    +0    1546   
csa_tree_mul_25_40_groupi_g4206/ZN   NR2XD1            3  5.1   41   +35    1581 F 
csa_tree_mul_25_40_groupi_g5247/A1                                    +0    1581   
csa_tree_mul_25_40_groupi_g5247/ZN   NR2D2             2  3.1   45   +37    1618 R 
csa_tree_mul_25_40_groupi_g4131/A1                                    +0    1618   
csa_tree_mul_25_40_groupi_g4131/ZN   CKND2D2           2  2.1   23   +25    1643 F 
csa_tree_mul_25_40_groupi_g4114/A1                                    +0    1643   
csa_tree_mul_25_40_groupi_g4114/ZN   OAI21D1           1  1.9   58   +41    1684 R 
csa_tree_mul_25_40_groupi_g4108/B1                                    +0    1684   
csa_tree_mul_25_40_groupi_g4108/ZN   INR2XD1           1  1.9   27   +28    1712 F 
csa_tree_mul_25_40_groupi_g4103/A1                                    +0    1712   
csa_tree_mul_25_40_groupi_g4103/ZN   CKND2D2           2  2.4   28   +23    1736 R 
csa_tree_mul_25_40_groupi_g4093/B1                                    +0    1736   
csa_tree_mul_25_40_groupi_g4093/ZN   MOAI22D1          1  2.1   65   +60    1796 R 
csa_tree_add_25_30_groupi_g5865/A1                                    +0    1796   
csa_tree_add_25_30_groupi_g5865/ZN   ND2D2             2  2.4   31   +30    1826 F 
csa_tree_add_25_30_groupi_g5495/B1                                    +0    1826   
csa_tree_add_25_30_groupi_g5495/ZN   MOAI22D1          2  2.0   41   +62    1887 F 
csa_tree_add_25_30_groupi_g5453/A1                                    +0    1887   
csa_tree_add_25_30_groupi_g5453/ZN   IAO22D1           2  2.4   46   +88    1976 F 
csa_tree_add_25_30_groupi_g5297/B1                                    +0    1976   
csa_tree_add_25_30_groupi_g5297/ZN   MOAI22D1          1  1.8   42   +64    2040 F 
csa_tree_add_25_30_groupi_g5284/S                                     +0    2040   
csa_tree_add_25_30_groupi_g5284/Z    MUX2D2            2  3.9   38   +83    2123 F 
csa_tree_add_25_30_groupi_g5235/A2                                    +0    2123   
csa_tree_add_25_30_groupi_g5235/ZN   NR2XD1            1  1.2   26   +32    2154 R 
csa_tree_add_25_30_groupi_g5233/A1                                    +0    2154   
csa_tree_add_25_30_groupi_g5233/ZN   IND2D2            1  1.9   21   +37    2191 R 
g339/A1                                                               +0    2191   
g339/ZN                              CKND2D2           1  1.2   40   +16    2208 F 
g324/B                                                                +0    2208   
g324/ZN                              IOA21D1           1  1.1   31   +24    2231 R 
oR_reg[16]/D                         DFQD1                            +0    2231   
oR_reg[16]/CP                        setup                     110    +7    2238 R 
- - - - - - - - - - - - - - - - - - - - - - - - - - - - - - - - - - - - - - - - - -
(clock clk)                          capture                                2200 R 
                                     latency                          +1    2201 R 
                                     uncertainty                    -100    2101 R 
-----------------------------------------------------------------------------------
Timing slack :    -138ps (TIMING VIOLATION)
Start-point  : A0_reg[2]/CP
End-point    : oR_reg[16]/D
