============================================================
  Generated by:           Encounter(R) RTL Compiler v12.10-s012_1
  Generated on:           Oct 23 2015  05:48:12 pm
  Module:                 ALT_MULTADD
  Technology library:     tcbn65gpluswc 121
  Operating conditions:   WCCOM (balanced_tree)
  Wireload mode:          segmented
  Area mode:              timing library
============================================================

                               
   Gate    Instances    Area        Library     
------------------------------------------------
AN2D2              1     2.520    tcbn65gpluswc 
AN2D4              6    25.920    tcbn65gpluswc 
AN2XD1            45    97.200    tcbn65gpluswc 
AN3XD1             2     5.040    tcbn65gpluswc 
AO21D1            28    70.560    tcbn65gpluswc 
AO21D2             1     2.880    tcbn65gpluswc 
AO222D1            1     4.320    tcbn65gpluswc 
AO22D0            15    43.200    tcbn65gpluswc 
AO22D1             5    16.200    tcbn65gpluswc 
AO22D2             1     3.960    tcbn65gpluswc 
AO33D1             1     3.960    tcbn65gpluswc 
AOI211D2           1     4.320    tcbn65gpluswc 
AOI21D1           27    58.320    tcbn65gpluswc 
AOI21D2           14    45.360    tcbn65gpluswc 
AOI22D1           10    25.200    tcbn65gpluswc 
AOI22D2            6    25.920    tcbn65gpluswc 
AOI31D1            1     2.520    tcbn65gpluswc 
AOI31D2            1     4.320    tcbn65gpluswc 
AOI32D1            1     2.880    tcbn65gpluswc 
AOI33D1            3     9.720    tcbn65gpluswc 
BMLD1              1     8.640    tcbn65gpluswc 
BUFFD0             4     5.760    tcbn65gpluswc 
BUFFD1             8    11.520    tcbn65gpluswc 
BUFFD2            18    38.880    tcbn65gpluswc 
BUFFD3             3     7.560    tcbn65gpluswc 
BUFFD4             4    12.960    tcbn65gpluswc 
BUFFD6             1     4.320    tcbn65gpluswc 
CKAN2D1            2     4.320    tcbn65gpluswc 
CKAN2D2            1     2.520    tcbn65gpluswc 
CKAN2D4            1     3.240    tcbn65gpluswc 
CKBD0              4     5.760    tcbn65gpluswc 
CKBD1             19    27.360    tcbn65gpluswc 
CKBD2              4     8.640    tcbn65gpluswc 
CKBD3              1     2.520    tcbn65gpluswc 
CKMUX2D0           1     3.600    tcbn65gpluswc 
CKND0             11    11.880    tcbn65gpluswc 
CKND1            269   290.520    tcbn65gpluswc 
CKND2            224   322.560    tcbn65gpluswc 
CKND2D0           11    15.840    tcbn65gpluswc 
CKND2D1          305   439.200    tcbn65gpluswc 
CKND2D2          226   569.520    tcbn65gpluswc 
CKND2D3           11    35.640    tcbn65gpluswc 
CKND2D4            3    12.960    tcbn65gpluswc 
CKND3             12    25.920    tcbn65gpluswc 
CKND4              6    15.120    tcbn65gpluswc 
CKND6              3     9.720    tcbn65gpluswc 
CKXOR2D1           5    18.000    tcbn65gpluswc 
CMPE42D1           2    33.120    tcbn65gpluswc 
DFCNQD1            5    39.600    tcbn65gpluswc 
DFD2               1     8.280    tcbn65gpluswc 
DFD4               1    10.800    tcbn65gpluswc 
DFKCND1            1     8.280    tcbn65gpluswc 
DFKCNQD1          10    72.000    tcbn65gpluswc 
DFQD1              1     6.840    tcbn65gpluswc 
DFQD2              9    64.800    tcbn65gpluswc 
DFQD4             21   173.880    tcbn65gpluswc 
FA1D0             14   126.000    tcbn65gpluswc 
FA1D1             18   181.440    tcbn65gpluswc 
FA1D4              1    14.400    tcbn65gpluswc 
FCICIND1           8    37.440    tcbn65gpluswc 
FCICOND1           4    12.960    tcbn65gpluswc 
FIICOND1           2    20.880    tcbn65gpluswc 
HA1D0              2    11.520    tcbn65gpluswc 
HA1D1              2    12.240    tcbn65gpluswc 
HICIND1            1     6.840    tcbn65gpluswc 
IAO21D2            9    29.160    tcbn65gpluswc 
IAO22D1            1     3.240    tcbn65gpluswc 
IAO22D2            3    11.880    tcbn65gpluswc 
IND2D0             7    15.120    tcbn65gpluswc 
IND2D1           133   287.280    tcbn65gpluswc 
IND2D2            51   146.880    tcbn65gpluswc 
IND3D1            17    42.840    tcbn65gpluswc 
IND3D2             1     4.320    tcbn65gpluswc 
INR2D0             1     2.160    tcbn65gpluswc 
INR2D1            10    21.600    tcbn65gpluswc 
INR2D2             9    25.920    tcbn65gpluswc 
INR2D4             2    10.080    tcbn65gpluswc 
INR2XD0            7    15.120    tcbn65gpluswc 
INR2XD1            9    25.920    tcbn65gpluswc 
INR3D0             5    12.600    tcbn65gpluswc 
INR3D1             1     3.600    tcbn65gpluswc 
INVD0              8     8.640    tcbn65gpluswc 
INVD1            354   382.320    tcbn65gpluswc 
INVD2             64    92.160    tcbn65gpluswc 
INVD3              9    19.440    tcbn65gpluswc 
INVD6              1     3.240    tcbn65gpluswc 
IOA21D1           38    95.760    tcbn65gpluswc 
IOA21D2           81   262.440    tcbn65gpluswc 
IOA22D2            2     7.920    tcbn65gpluswc 
MAOI222D1         26    74.880    tcbn65gpluswc 
MAOI22D1          15    43.200    tcbn65gpluswc 
MOAI22D1          59   169.920    tcbn65gpluswc 
MOAI22D2           1     4.320    tcbn65gpluswc 
MUX2D0             2     6.480    tcbn65gpluswc 
MUX2D1             4    14.400    tcbn65gpluswc 
MUX2D2             1     3.960    tcbn65gpluswc 
MUX2ND0            5    14.400    tcbn65gpluswc 
ND2D0             23    33.120    tcbn65gpluswc 
ND2D1            469   675.360    tcbn65gpluswc 
ND2D2            395   995.400    tcbn65gpluswc 
ND2D3             25    81.000    tcbn65gpluswc 
ND2D4             17    73.440    tcbn65gpluswc 
ND3D0              1     2.160    tcbn65gpluswc 
ND3D1             70   151.200    tcbn65gpluswc 
ND3D2             30    97.200    tcbn65gpluswc 
ND3D3              2     9.360    tcbn65gpluswc 
ND3D4              1     6.120    tcbn65gpluswc 
ND4D1              1     2.520    tcbn65gpluswc 
ND4D2              1     4.680    tcbn65gpluswc 
NR2D0              5     7.200    tcbn65gpluswc 
NR2D1             81   116.640    tcbn65gpluswc 
NR2D2             20    50.400    tcbn65gpluswc 
NR2D3              5    16.200    tcbn65gpluswc 
NR2D4              4    17.280    tcbn65gpluswc 
NR2D8              1     7.920    tcbn65gpluswc 
NR2XD0            90   129.600    tcbn65gpluswc 
NR2XD1           132   332.640    tcbn65gpluswc 
NR2XD2            40   172.800    tcbn65gpluswc 
NR2XD3             4    24.480    tcbn65gpluswc 
NR2XD4             1     7.920    tcbn65gpluswc 
NR3D0              7    15.120    tcbn65gpluswc 
NR3D1              2     6.480    tcbn65gpluswc 
OA21D1             6    15.120    tcbn65gpluswc 
OA21D2             1     2.880    tcbn65gpluswc 
OA31D1             1     2.880    tcbn65gpluswc 
OAI21D0            2     4.320    tcbn65gpluswc 
OAI21D1           56   120.960    tcbn65gpluswc 
OAI21D2           12    38.880    tcbn65gpluswc 
OAI21D4            6    38.880    tcbn65gpluswc 
OAI221D0           2     5.760    tcbn65gpluswc 
OAI22D1            5    12.600    tcbn65gpluswc 
OAI22D2            1     4.320    tcbn65gpluswc 
OAI32D1            1     2.880    tcbn65gpluswc 
OAI33D1            1     3.240    tcbn65gpluswc 
OR2D0              2     4.320    tcbn65gpluswc 
OR2D1             36    77.760    tcbn65gpluswc 
OR2D2              1     2.520    tcbn65gpluswc 
OR2XD1            17    36.720    tcbn65gpluswc 
OR3D1              1     2.520    tcbn65gpluswc 
XNR2D1            11    39.600    tcbn65gpluswc 
XNR3D1            12    73.440    tcbn65gpluswc 
XOR2D1             2     7.200    tcbn65gpluswc 
XOR3D0             1     6.120    tcbn65gpluswc 
XOR3D1             7    42.840    tcbn65gpluswc 
------------------------------------------------
total           3978  8653.320                  


                                     
   Type    Instances   Area   Area % 
-------------------------------------
sequential        49  384.480    4.4 
inverter         961 1181.520   13.7 
buffer            66  125.280    1.4 
logic           2902 6962.040   80.5 
-------------------------------------
total           3978 8653.320  100.0 

