============================================================
  Generated by:           Encounter(R) RTL Compiler v12.10-s012_1
  Generated on:           Oct 23 2015  05:57:43 pm
  Module:                 ALT_MULTADD
  Technology library:     tcbn65gpluswc 121
  Operating conditions:   WCCOM (balanced_tree)
  Wireload mode:          segmented
  Area mode:              timing library
============================================================

                               
   Gate    Instances    Area        Library     
------------------------------------------------
AN2D1              2     4.320    tcbn65gpluswc 
AN2D2              2     5.040    tcbn65gpluswc 
AN2D4              3    12.960    tcbn65gpluswc 
AN2XD1            66   142.560    tcbn65gpluswc 
AO21D1             3     7.560    tcbn65gpluswc 
AO221D0            1     3.600    tcbn65gpluswc 
AO22D0             2     5.760    tcbn65gpluswc 
AOI211D1           1     2.520    tcbn65gpluswc 
AOI211XD0          4    10.080    tcbn65gpluswc 
AOI211XD1          1     4.320    tcbn65gpluswc 
AOI21D0            1     2.160    tcbn65gpluswc 
AOI21D1            8    17.280    tcbn65gpluswc 
AOI21D2            2     6.480    tcbn65gpluswc 
AOI21D4            1     6.480    tcbn65gpluswc 
AOI22D0            1     2.520    tcbn65gpluswc 
AOI22D1           25    63.000    tcbn65gpluswc 
AOI22D2            1     4.320    tcbn65gpluswc 
AOI32D1            1     2.880    tcbn65gpluswc 
AOI33D1            1     3.240    tcbn65gpluswc 
BUFFD2             3     6.480    tcbn65gpluswc 
BUFFD3             1     2.520    tcbn65gpluswc 
CKAN2D1            1     2.160    tcbn65gpluswc 
CKAN2D4            2     6.480    tcbn65gpluswc 
CKBD0              1     1.440    tcbn65gpluswc 
CKBD1             18    25.920    tcbn65gpluswc 
CKMUX2D1           1     3.600    tcbn65gpluswc 
CKND0              3     3.240    tcbn65gpluswc 
CKND1             80    86.400    tcbn65gpluswc 
CKND2             20    28.800    tcbn65gpluswc 
CKND2D0            1     1.440    tcbn65gpluswc 
CKND2D1           56    80.640    tcbn65gpluswc 
CKND2D2           20    50.400    tcbn65gpluswc 
CKND3              5    10.800    tcbn65gpluswc 
CKND4              1     2.520    tcbn65gpluswc 
CKXOR2D1          12    43.200    tcbn65gpluswc 
CMPE42D1           6    99.360    tcbn65gpluswc 
DFD1               2    14.400    tcbn65gpluswc 
DFD2               3    24.840    tcbn65gpluswc 
DFQD1             22   150.480    tcbn65gpluswc 
DFQD2              6    43.200    tcbn65gpluswc 
DFQD4             16   132.480    tcbn65gpluswc 
FA1D0             78   702.000    tcbn65gpluswc 
FA1D1            100  1008.000    tcbn65gpluswc 
FA1D2              1    10.440    tcbn65gpluswc 
FA1D4              2    28.800    tcbn65gpluswc 
FCICIND1          12    56.160    tcbn65gpluswc 
FCICOND1           5    16.200    tcbn65gpluswc 
FICIND1            1    10.440    tcbn65gpluswc 
FICOND1            1    11.160    tcbn65gpluswc 
HA1D0             11    63.360    tcbn65gpluswc 
HA1D1              1     6.120    tcbn65gpluswc 
IAO21D1            1     2.520    tcbn65gpluswc 
IAO21D2            2     6.480    tcbn65gpluswc 
IAO22D1            1     3.240    tcbn65gpluswc 
IND2D0             1     2.160    tcbn65gpluswc 
IND2D1            33    71.280    tcbn65gpluswc 
IND2D2            19    54.720    tcbn65gpluswc 
IND2D4             1     5.760    tcbn65gpluswc 
INR2D1            10    21.600    tcbn65gpluswc 
INR2D2             3     8.640    tcbn65gpluswc 
INR2XD0            7    15.120    tcbn65gpluswc 
INR2XD1            3     8.640    tcbn65gpluswc 
INR2XD2            1     4.680    tcbn65gpluswc 
INR2XD4            1     9.360    tcbn65gpluswc 
INVD0              3     3.240    tcbn65gpluswc 
INVD1            121   130.680    tcbn65gpluswc 
INVD2             18    25.920    tcbn65gpluswc 
INVD3              5    10.800    tcbn65gpluswc 
INVD4              1     2.520    tcbn65gpluswc 
IOA21D1            7    17.640    tcbn65gpluswc 
IOA21D2           16    51.840    tcbn65gpluswc 
IOA22D1            2     6.480    tcbn65gpluswc 
MAOI222D0          4    11.520    tcbn65gpluswc 
MAOI222D1         34    97.920    tcbn65gpluswc 
MAOI22D1          36   103.680    tcbn65gpluswc 
MAOI22D2           1     4.320    tcbn65gpluswc 
MOAI22D0           2     5.760    tcbn65gpluswc 
MOAI22D1          99   285.120    tcbn65gpluswc 
MOAI22D2           1     4.320    tcbn65gpluswc 
MUX2D1             5    18.000    tcbn65gpluswc 
MUX2D2             1     3.960    tcbn65gpluswc 
MUX2ND0            5    14.400    tcbn65gpluswc 
MUX2ND1            1     4.320    tcbn65gpluswc 
ND2D0              8    11.520    tcbn65gpluswc 
ND2D1            219   315.360    tcbn65gpluswc 
ND2D2             33    83.160    tcbn65gpluswc 
ND2D3              2     6.480    tcbn65gpluswc 
ND2D4              1     4.320    tcbn65gpluswc 
ND3D1             14    30.240    tcbn65gpluswc 
ND3D2              1     3.240    tcbn65gpluswc 
NR2D0              4     5.760    tcbn65gpluswc 
NR2D1             31    44.640    tcbn65gpluswc 
NR2D2             10    25.200    tcbn65gpluswc 
NR2XD0            69    99.360    tcbn65gpluswc 
NR2XD1            40   100.800    tcbn65gpluswc 
NR2XD2             7    30.240    tcbn65gpluswc 
OA21D1             4    10.080    tcbn65gpluswc 
OA22D0             2     5.760    tcbn65gpluswc 
OAI21D1           13    28.080    tcbn65gpluswc 
OAI21D2            3     9.720    tcbn65gpluswc 
OAI21D4            2    12.960    tcbn65gpluswc 
OAI22D0            1     2.520    tcbn65gpluswc 
OAI22D1           31    78.120    tcbn65gpluswc 
OAI22D2            3    12.960    tcbn65gpluswc 
OAI31D1            1     2.520    tcbn65gpluswc 
OAI32D1            1     2.880    tcbn65gpluswc 
OAI33D1            1     3.240    tcbn65gpluswc 
OR2D1              7    15.120    tcbn65gpluswc 
OR2D2              1     2.520    tcbn65gpluswc 
OR2XD1             2     4.320    tcbn65gpluswc 
XNR2D1            15    54.000    tcbn65gpluswc 
XNR3D1            11    67.320    tcbn65gpluswc 
XNR4D1             1     9.000    tcbn65gpluswc 
XOR2D1             1     3.600    tcbn65gpluswc 
XOR3D1            16    97.920    tcbn65gpluswc 
XOR3D2             3    20.520    tcbn65gpluswc 
------------------------------------------------
total           1621  5260.680                  


                                     
   Type    Instances   Area   Area % 
-------------------------------------
sequential        49  365.400    6.9 
inverter         257  304.920    5.8 
buffer            23   36.360    0.7 
logic           1292 4554.000   86.6 
-------------------------------------
total           1621 5260.680  100.0 

