============================================================
  Generated by:           Encounter(R) RTL Compiler v12.10-s012_1
  Generated on:           Oct 23 2015  05:57:43 pm
  Module:                 ALT_MULTADD
  Technology library:     tcbn65gpluswc 121
  Operating conditions:   WCCOM (balanced_tree)
  Wireload mode:          segmented
  Area mode:              timing library
============================================================

path   1:

    Pin          Type       Fanout Load Slew Delay Arrival   
                                   (fF) (ps)  (ps)   (ps)    
-------------------------------------------------------------
(clock clk)    launch                                  250 R 
               latency                          +1     251 R 
(in_delay)     ext delay                     +2000    2251 R 
iSEL           in port           4  7.6   43   +19    2270 R 
fopt2/I                                         +0    2270   
fopt2/ZN       INVD1             1  3.1   24   +26    2296 F 
fopt1/I                                         +0    2296   
fopt1/ZN       CKND3             5  6.0   23   +21    2318 R 
g6952/A2                                        +0    2318   
g6952/ZN       ND3D1             1  1.2   45   +40    2358 F 
g2298/A1                                        +0    2358   
g2298/ZN       ND2D1             1  1.1   26   +26    2383 R 
oR_reg[7]/D    DFQD1                            +0    2383   
oR_reg[7]/CP   setup                     110    +6    2389 R 
- - - - - - - - - - - - - - - - - - - - - - - - - - - - - - -
(clock clk)    capture                                 750 R 
               latency                          +1     751 R 
               uncertainty                    -100     651 R 
-------------------------------------------------------------
Timing slack :   -1738ps (TIMING VIOLATION)
Start-point  : iSEL
End-point    : oR_reg[7]/D

path   2:

                   Pin                         Type       Fanout Load Slew Delay Arrival   
                                                                 (fF) (ps)  (ps)   (ps)    
-------------------------------------------------------------------------------------------
(clock clk)                                  launch                                  250 R 
                                             latency                          +1     251 R 
A0_reg[5]/CP                                                           110           251 R 
A0_reg[5]/Q                                  DFQD4             8 16.0   48  +154     405 R 
fopt6760/I                                                                    +0     405   
fopt6760/ZN                                  INVD2             2  5.0   22   +25     429 F 
fopt6756/I                                                                    +0     429   
fopt6756/ZN                                  CKND4             8  9.6   26   +22     451 R 
mul_25_35_g3531/A1                                                            +0     451   
mul_25_35_g3531/ZN                           ND2D1             4  4.2   55   +42     493 F 
mul_25_35_g3377/A2                                                            +0     493   
mul_25_35_g3377/ZN                           IAO22D1           2  2.5   46   +95     588 F 
mul_25_35_g3264/B2                                                            +0     588   
mul_25_35_g3264/ZN                           MOAI22D1          1  2.3   46   +70     658 F 
mul_25_35_g3195/CI                                                            +0     658   
mul_25_35_g3195/CO                           FA1D1             2  2.3   35   +72     730 F 
g7221/A1                                                                      +0     730   
g7221/Z                                      XOR3D1            2  2.0   39  +178     908 F 
mul_25_35_g3140/A1                                                            +0     908   
mul_25_35_g3140/Z                            OR2D2             2  3.7   30   +68     977 F 
mul_25_35_g3130/A1                                                            +0     977   
mul_25_35_g3130/ZN                           ND2D1             2  2.3   35   +27    1004 R 
mul_25_35_g3106/B1                                                            +0    1004   
mul_25_35_g3106/ZN                           MOAI22D1          1  2.3   68   +63    1067 R 
fopt6940/I                                                                    +0    1067   
fopt6940/ZN                                  INVD2             6  6.9   31   +32    1099 F 
csa_tree_mul_25_40_groupi_g1913/A1                                            +0    1099   
csa_tree_mul_25_40_groupi_g1913/ZN           NR2XD1            1  2.2   33   +27    1126 R 
csa_tree_mul_25_40_groupi_cdnfadd_012_2/B                                     +0    1126   
csa_tree_mul_25_40_groupi_cdnfadd_012_2/S    FA1D1             1  2.2   33  +145    1271 F 
csa_tree_mul_25_40_groupi_cdnfadd_012_4/B                                     +0    1271   
csa_tree_mul_25_40_groupi_cdnfadd_012_4/S    FA1D1             1  2.3   33  +145    1415 F 
csa_tree_mul_25_40_groupi_cdnfadd_012_5/CI                                    +0    1415   
csa_tree_mul_25_40_groupi_cdnfadd_012_5/S    FA1D1             1  2.2   33   +85    1500 F 
csa_tree_mul_25_40_groupi_g1736/B                                             +0    1500   
csa_tree_mul_25_40_groupi_g1736/CO           FA1D1             3  4.4   46  +137    1637 F 
g1397/A1                                                                      +0    1637   
g1397/ZN                                     CKND2D2           1  2.2   27   +28    1665 R 
g7381/B                                                                       +0    1665   
g7381/ZN                                     IOA21D2           3  3.4   31   +26    1691 F 
g7157/A1                                                                      +0    1691   
g7157/Z                                      AO21D1            3  3.4   35   +65    1756 F 
g366/I                                                                        +0    1756   
g366/ZN                                      CKND1             1  2.2   28   +26    1783 R 
g364/A2                                                                       +0    1783   
g364/ZN                                      CKND2D2           1  2.2   20   +24    1806 F 
g357/B                                                                        +0    1806   
g357/ZN                                      IOA21D2           2  2.4   29   +18    1825 R 
g349/B1                                                                       +0    1825   
g349/ZN                                      MOAI22D1          2  2.4   70   +62    1887 R 
g7303/A1                                                                      +0    1887   
g7303/ZN                                     MAOI22D1          3  4.5   63   +55    1942 F 
g344/A                                                                        +0    1942   
g344/ZN                                      MAOI222D1         2  2.4  126   +84    2026 R 
csa_tree_add_25_30_groupi_g6157/B1                                            +0    2026   
csa_tree_add_25_30_groupi_g6157/ZN           MOAI22D1          2  2.4   76   +82    2108 R 
csa_tree_add_25_30_groupi_g6153/B1                                            +0    2108   
csa_tree_add_25_30_groupi_g6153/ZN           MAOI22D1          2  2.4   73   +86    2194 R 
csa_tree_add_25_30_groupi_g6129/B1                                            +0    2194   
csa_tree_add_25_30_groupi_g6129/ZN           MOAI22D1          2  2.4   73   +73    2266 R 
csa_tree_add_25_30_groupi_g6100/B1                                            +0    2266   
csa_tree_add_25_30_groupi_g6100/ZN           MOAI22D1          1  1.0   49   +66    2332 R 
g2309/A2                                                                      +0    2332   
g2309/ZN                                     CKND2D1           1  1.2   26   +31    2363 F 
g2287/A1                                                                      +0    2363   
g2287/ZN                                     ND2D1             1  1.1   24   +21    2384 R 
oR_reg[16]/D                                 DFQD1                            +0    2384   
oR_reg[16]/CP                                setup                     110    +5    2389 R 
- - - - - - - - - - - - - - - - - - - - - - - - - - - - - - - - - - - - - - - - - - - - - -
(clock clk)                                  capture                                 750 R 
                                             latency                          +1     751 R 
                                             uncertainty                    -100     651 R 
-------------------------------------------------------------------------------------------
Timing slack :   -1738ps (TIMING VIOLATION)
Start-point  : A0_reg[5]/CP
End-point    : oR_reg[16]/D

path   3:

    Pin          Type       Fanout Load Slew Delay Arrival   
                                   (fF) (ps)  (ps)   (ps)    
-------------------------------------------------------------
(clock clk)    launch                                  250 R 
               latency                          +1     251 R 
(in_delay)     ext delay                     +2000    2251 R 
iSEL           in port           4  7.6   43   +19    2270 R 
fopt2/I                                         +0    2270   
fopt2/ZN       INVD1             1  3.1   24   +26    2296 F 
fopt1/I                                         +0    2296   
fopt1/ZN       CKND3             5  6.0   23   +21    2318 R 
g6950/A2                                        +0    2318   
g6950/ZN       ND3D1             1  1.2   45   +40    2358 F 
g2299/A1                                        +0    2358   
g2299/ZN       ND2D1             1  1.1   26   +26    2383 R 
oR_reg[9]/D    DFQD1                            +0    2383   
oR_reg[9]/CP   setup                     110    +6    2389 R 
- - - - - - - - - - - - - - - - - - - - - - - - - - - - - - -
(clock clk)    capture                                 750 R 
               latency                          +1     751 R 
               uncertainty                    -100     651 R 
-------------------------------------------------------------
Timing slack :   -1738ps (TIMING VIOLATION)
Start-point  : iSEL
End-point    : oR_reg[9]/D

path   4:

    Pin          Type       Fanout Load Slew Delay Arrival   
                                   (fF) (ps)  (ps)   (ps)    
-------------------------------------------------------------
(clock clk)    launch                                  250 R 
               latency                          +1     251 R 
(in_delay)     ext delay                     +2000    2251 R 
iSEL           in port           4  7.6   43   +19    2270 R 
fopt2/I                                         +0    2270   
fopt2/ZN       INVD1             1  3.1   24   +26    2296 F 
fopt1/I                                         +0    2296   
fopt1/ZN       CKND3             5  6.0   23   +21    2318 R 
g6953/A2                                        +0    2318   
g6953/ZN       ND3D1             1  1.2   45   +40    2358 F 
g2297/A1                                        +0    2358   
g2297/ZN       ND2D1             1  1.1   26   +26    2383 R 
oR_reg[5]/D    DFQD1                            +0    2383   
oR_reg[5]/CP   setup                     110    +6    2389 R 
- - - - - - - - - - - - - - - - - - - - - - - - - - - - - - -
(clock clk)    capture                                 750 R 
               latency                          +1     751 R 
               uncertainty                    -100     651 R 
-------------------------------------------------------------
Timing slack :   -1738ps (TIMING VIOLATION)
Start-point  : iSEL
End-point    : oR_reg[5]/D

path   5:

    Pin           Type       Fanout Load Slew Delay Arrival   
                                    (fF) (ps)  (ps)   (ps)    
--------------------------------------------------------------
(clock clk)     launch                                  250 R 
                latency                          +1     251 R 
(in_delay)      ext delay                     +2000    2251 R 
iSEL            in port           4  7.6   43   +19    2270 R 
fopt2/I                                          +0    2270   
fopt2/ZN        INVD1             1  3.1   24   +26    2296 F 
fopt1/I                                          +0    2296   
fopt1/ZN        CKND3             5  6.0   23   +21    2318 R 
g6951/A2                                         +0    2318   
g6951/ZN        ND3D1             1  1.2   45   +40    2358 F 
g2296/A1                                         +0    2358   
g2296/ZN        ND2D1             1  1.1   26   +26    2383 R 
oR_reg[13]/D    DFQD1                            +0    2383   
oR_reg[13]/CP   setup                     110    +6    2389 R 
- - - - - - - - - - - - - - - - - - - - - - - - - - - - - - - 
(clock clk)     capture                                 750 R 
                latency                          +1     751 R 
                uncertainty                    -100     651 R 
--------------------------------------------------------------
Timing slack :   -1738ps (TIMING VIOLATION)
Start-point  : iSEL
End-point    : oR_reg[13]/D

path   6:

    Pin           Type       Fanout Load Slew Delay Arrival   
                                    (fF) (ps)  (ps)   (ps)    
--------------------------------------------------------------
(clock clk)     launch                                  250 R 
                latency                          +1     251 R 
(in_delay)      ext delay                     +2000    2251 R 
iSEL            in port           4  7.6   43   +19    2270 R 
fopt2/I                                          +0    2270   
fopt2/ZN        INVD1             1  3.1   24   +26    2296 F 
fopt1/I                                          +0    2296   
fopt1/ZN        CKND3             5  6.0   23   +21    2318 R 
g6945/A2                                         +0    2318   
g6945/ZN        ND3D1             1  1.2   45   +40    2358 F 
g2295/A1                                         +0    2358   
g2295/ZN        ND2D1             1  1.1   26   +26    2383 R 
oR_reg[11]/D    DFQD1                            +0    2383   
oR_reg[11]/CP   setup                     110    +6    2389 R 
- - - - - - - - - - - - - - - - - - - - - - - - - - - - - - - 
(clock clk)     capture                                 750 R 
                latency                          +1     751 R 
                uncertainty                    -100     651 R 
--------------------------------------------------------------
Timing slack :   -1738ps (TIMING VIOLATION)
Start-point  : iSEL
End-point    : oR_reg[11]/D

path   7:

    Pin          Type       Fanout Load Slew Delay Arrival   
                                   (fF) (ps)  (ps)   (ps)    
-------------------------------------------------------------
(clock clk)    launch                                  250 R 
               latency                          +1     251 R 
(in_delay)     ext delay                     +2000    2251 F 
iSEL           in port           4  7.4   33   +16    2267 F 
g9/I                                            +0    2267   
g9/ZN          CKND2             1  1.9   17   +18    2284 R 
g8/A1                                           +0    2284   
g8/ZN          CKND2D2           2  4.3   31   +24    2308 F 
fopt6931/I                                      +0    2308   
fopt6931/ZN    INVD2             6  6.6   35   +29    2337 R 
g2319/A1                                        +0    2337   
g2319/ZN       CKND2D1           1  1.2   25   +26    2363 F 
g2292/A1                                        +0    2363   
g2292/ZN       ND2D1             1  1.1   24   +21    2384 R 
oR_reg[6]/D    DFQD1                            +0    2384   
oR_reg[6]/CP   setup                     110    +5    2389 R 
- - - - - - - - - - - - - - - - - - - - - - - - - - - - - - -
(clock clk)    capture                                 750 R 
               latency                          +1     751 R 
               uncertainty                    -100     651 R 
-------------------------------------------------------------
Timing slack :   -1738ps (TIMING VIOLATION)
Start-point  : iSEL
End-point    : oR_reg[6]/D

path   8:

    Pin          Type       Fanout Load Slew Delay Arrival   
                                   (fF) (ps)  (ps)   (ps)    
-------------------------------------------------------------
(clock clk)    launch                                  250 R 
               latency                          +1     251 R 
(in_delay)     ext delay                     +2000    2251 F 
iSEL           in port           4  7.4   33   +16    2267 F 
g9/I                                            +0    2267   
g9/ZN          CKND2             1  1.9   17   +18    2284 R 
g8/A1                                           +0    2284   
g8/ZN          CKND2D2           2  4.3   31   +24    2308 F 
fopt6931/I                                      +0    2308   
fopt6931/ZN    INVD2             6  6.6   35   +29    2337 R 
g2313/A1                                        +0    2337   
g2313/ZN       CKND2D1           1  1.2   25   +26    2363 F 
g2288/A1                                        +0    2363   
g2288/ZN       ND2D1             1  1.1   24   +20    2384 R 
oR_reg[2]/D    DFQD1                            +0    2384   
oR_reg[2]/CP   setup                     110    +5    2389 R 
- - - - - - - - - - - - - - - - - - - - - - - - - - - - - - -
(clock clk)    capture                                 750 R 
               latency                          +1     751 R 
               uncertainty                    -100     651 R 
-------------------------------------------------------------
Timing slack :   -1738ps (TIMING VIOLATION)
Start-point  : iSEL
End-point    : oR_reg[2]/D

path   9:

    Pin          Type       Fanout Load Slew Delay Arrival   
                                   (fF) (ps)  (ps)   (ps)    
-------------------------------------------------------------
(clock clk)    launch                                  250 R 
               latency                          +1     251 R 
(in_delay)     ext delay                     +2000    2251 F 
iSEL           in port           4  7.4   33   +16    2267 F 
g9/I                                            +0    2267   
g9/ZN          CKND2             1  1.9   17   +18    2284 R 
g8/A1                                           +0    2284   
g8/ZN          CKND2D2           2  4.3   31   +24    2308 F 
fopt6931/I                                      +0    2308   
fopt6931/ZN    INVD2             6  6.6   35   +29    2337 R 
g2312/A1                                        +0    2337   
g2312/ZN       CKND2D1           1  1.2   25   +26    2363 F 
g2290/A1                                        +0    2363   
g2290/ZN       ND2D1             1  1.1   24   +20    2384 R 
oR_reg[1]/D    DFQD1                            +0    2384   
oR_reg[1]/CP   setup                     110    +5    2389 R 
- - - - - - - - - - - - - - - - - - - - - - - - - - - - - - -
(clock clk)    capture                                 750 R 
               latency                          +1     751 R 
               uncertainty                    -100     651 R 
-------------------------------------------------------------
Timing slack :   -1738ps (TIMING VIOLATION)
Start-point  : iSEL
End-point    : oR_reg[1]/D

path  10:

    Pin          Type       Fanout Load Slew Delay Arrival   
                                   (fF) (ps)  (ps)   (ps)    
-------------------------------------------------------------
(clock clk)    launch                                  250 R 
               latency                          +1     251 R 
(in_delay)     ext delay                     +2000    2251 F 
iSEL           in port           4  7.4   33   +16    2267 F 
g9/I                                            +0    2267   
g9/ZN          CKND2             1  1.9   17   +18    2284 R 
g8/A1                                           +0    2284   
g8/ZN          CKND2D2           2  4.3   31   +24    2308 F 
fopt6931/I                                      +0    2308   
fopt6931/ZN    INVD2             6  6.6   35   +29    2337 R 
g2317/A1                                        +0    2337   
g2317/ZN       CKND2D1           1  1.2   25   +26    2363 F 
g2291/A1                                        +0    2363   
g2291/ZN       ND2D1             1  1.1   24   +20    2384 R 
oR_reg[4]/D    DFQD1                            +0    2384   
oR_reg[4]/CP   setup                     110    +5    2389 R 
- - - - - - - - - - - - - - - - - - - - - - - - - - - - - - -
(clock clk)    capture                                 750 R 
               latency                          +1     751 R 
               uncertainty                    -100     651 R 
-------------------------------------------------------------
Timing slack :   -1738ps (TIMING VIOLATION)
Start-point  : iSEL
End-point    : oR_reg[4]/D

path  11:

    Pin           Type       Fanout Load Slew Delay Arrival   
                                    (fF) (ps)  (ps)   (ps)    
--------------------------------------------------------------
(clock clk)     launch                                  250 R 
                latency                          +1     251 R 
(in_delay)      ext delay                     +2000    2251 F 
iSEL            in port           4  7.4   33   +16    2267 F 
g9/I                                             +0    2267   
g9/ZN           CKND2             1  1.9   17   +18    2284 R 
g8/A1                                            +0    2284   
g8/ZN           CKND2D2           2  4.3   31   +24    2308 F 
fopt6931/I                                       +0    2308   
fopt6931/ZN     INVD2             6  6.6   35   +29    2337 R 
g2307/A1                                         +0    2337   
g2307/ZN        CKND2D1           1  1.2   25   +26    2363 F 
g2286/A1                                         +0    2363   
g2286/ZN        ND2D1             1  1.1   24   +20    2384 R 
oR_reg[15]/D    DFQD1                            +0    2384   
oR_reg[15]/CP   setup                     110    +5    2389 R 
- - - - - - - - - - - - - - - - - - - - - - - - - - - - - - - 
(clock clk)     capture                                 750 R 
                latency                          +1     751 R 
                uncertainty                    -100     651 R 
--------------------------------------------------------------
Timing slack :   -1738ps (TIMING VIOLATION)
Start-point  : iSEL
End-point    : oR_reg[15]/D

path  12:

    Pin          Type       Fanout Load Slew Delay Arrival   
                                   (fF) (ps)  (ps)   (ps)    
-------------------------------------------------------------
(clock clk)    launch                                  250 R 
               latency                          +1     251 R 
(in_delay)     ext delay                     +2000    2251 R 
iRST_N         in port           3  7.0   41   +18    2269 R 
fopt22/I                                        +0    2269   
fopt22/ZN      INVD2             3  6.2   23   +25    2294 F 
fopt21/I                                        +0    2294   
fopt21/ZN      CKND3             7  8.4   30   +25    2319 R 
g2323/A1                                        +0    2319   
g2323/ZN       ND3D1             1  1.1   44   +36    2355 F 
g2294/A2                                        +0    2355   
g2294/ZN       ND2D1             1  1.1   26   +28    2383 R 
oR_reg[0]/D    DFQD1                            +0    2383   
oR_reg[0]/CP   setup                     110    +6    2388 R 
- - - - - - - - - - - - - - - - - - - - - - - - - - - - - - -
(clock clk)    capture                                 750 R 
               latency                          +1     751 R 
               uncertainty                    -100     651 R 
-------------------------------------------------------------
Timing slack :   -1738ps (TIMING VIOLATION)
Start-point  : iRST_N
End-point    : oR_reg[0]/D

path  13:

    Pin           Type       Fanout Load Slew Delay Arrival   
                                    (fF) (ps)  (ps)   (ps)    
--------------------------------------------------------------
(clock clk)     launch                                  250 R 
                latency                          +1     251 R 
(in_delay)      ext delay                     +2000    2251 F 
iSEL            in port           4  7.4   33   +16    2267 F 
g9/I                                             +0    2267   
g9/ZN           CKND2             1  1.9   17   +18    2284 R 
g8/A1                                            +0    2284   
g8/ZN           CKND2D2           2  4.3   31   +24    2308 F 
fopt6929/I                                       +0    2308   
fopt6929/ZN     CKND2             5  5.6   29   +26    2334 R 
g6570/A2                                         +0    2334   
g6570/ZN        ND2D1             1  1.2   26   +28    2362 F 
g2283/A1                                         +0    2362   
g2283/ZN        ND2D1             1  1.1   24   +21    2383 R 
oR_reg[10]/D    DFQD1                            +0    2383   
oR_reg[10]/CP   setup                     110    +5    2388 R 
- - - - - - - - - - - - - - - - - - - - - - - - - - - - - - - 
(clock clk)     capture                                 750 R 
                latency                          +1     751 R 
                uncertainty                    -100     651 R 
--------------------------------------------------------------
Timing slack :   -1737ps (TIMING VIOLATION)
Start-point  : iSEL
End-point    : oR_reg[10]/D

path  14:

    Pin          Type       Fanout Load Slew Delay Arrival   
                                   (fF) (ps)  (ps)   (ps)    
-------------------------------------------------------------
(clock clk)    launch                                  250 R 
               latency                          +1     251 R 
(in_delay)     ext delay                     +2000    2251 R 
iRST_N         in port           3  7.0   41   +18    2269 R 
g6895/A2                                        +0    2269   
g6895/Z        AN2D4            11 12.1   38   +64    2333 R 
g6894/A1                                        +0    2333   
g6894/ZN       CKND2D1           1  1.1   25   +26    2359 F 
g2293/A2                                        +0    2359   
g2293/ZN       ND2D1             1  1.1   24   +22    2381 R 
oR_reg[8]/D    DFQD1                            +0    2381   
oR_reg[8]/CP   setup                     110    +5    2386 R 
- - - - - - - - - - - - - - - - - - - - - - - - - - - - - - -
(clock clk)    capture                                 750 R 
               latency                          +1     751 R 
               uncertainty                    -100     651 R 
-------------------------------------------------------------
Timing slack :   -1735ps (TIMING VIOLATION)
Start-point  : iRST_N
End-point    : oR_reg[8]/D

path  15:

    Pin          Type       Fanout Load Slew Delay Arrival   
                                   (fF) (ps)  (ps)   (ps)    
-------------------------------------------------------------
(clock clk)    launch                                  250 R 
               latency                          +1     251 R 
(in_delay)     ext delay                     +2000    2251 R 
iRST_N         in port           3  7.0   41   +18    2269 R 
g6895/A2                                        +0    2269   
g6895/Z        AN2D4            11 12.1   38   +64    2333 R 
g6905/A1                                        +0    2333   
g6905/ZN       CKND2D1           1  1.1   25   +26    2359 F 
g2289/A2                                        +0    2359   
g2289/ZN       ND2D1             1  1.1   24   +22    2381 R 
oR_reg[3]/D    DFQD1                            +0    2381   
oR_reg[3]/CP   setup                     110    +5    2386 R 
- - - - - - - - - - - - - - - - - - - - - - - - - - - - - - -
(clock clk)    capture                                 750 R 
               latency                          +1     751 R 
               uncertainty                    -100     651 R 
-------------------------------------------------------------
Timing slack :   -1735ps (TIMING VIOLATION)
Start-point  : iRST_N
End-point    : oR_reg[3]/D

path  16:

    Pin           Type       Fanout Load Slew Delay Arrival   
                                    (fF) (ps)  (ps)   (ps)    
--------------------------------------------------------------
(clock clk)     launch                                  250 R 
                latency                          +1     251 R 
(in_delay)      ext delay                     +2000    2251 R 
iRST_N          in port           3  7.0   41   +18    2269 R 
g6895/A2                                         +0    2269   
g6895/Z         AN2D4            11 12.1   38   +64    2333 R 
g6904/A1                                         +0    2333   
g6904/ZN        CKND2D1           1  1.1   25   +26    2359 F 
g2285/A2                                         +0    2359   
g2285/ZN        ND2D1             1  1.1   24   +22    2381 R 
oR_reg[14]/D    DFQD1                            +0    2381   
oR_reg[14]/CP   setup                     110    +5    2386 R 
- - - - - - - - - - - - - - - - - - - - - - - - - - - - - - - 
(clock clk)     capture                                 750 R 
                latency                          +1     751 R 
                uncertainty                    -100     651 R 
--------------------------------------------------------------
Timing slack :   -1735ps (TIMING VIOLATION)
Start-point  : iRST_N
End-point    : oR_reg[14]/D

path  17:

    Pin           Type       Fanout Load Slew Delay Arrival   
                                    (fF) (ps)  (ps)   (ps)    
--------------------------------------------------------------
(clock clk)     launch                                  250 R 
                latency                          +1     251 R 
(in_delay)      ext delay                     +2000    2251 R 
iRST_N          in port           3  7.0   41   +18    2269 R 
g6895/A2                                         +0    2269   
g6895/Z         AN2D4            11 12.1   38   +64    2333 R 
g6896/A1                                         +0    2333   
g6896/ZN        CKND2D1           1  1.1   25   +26    2359 F 
g2284/A2                                         +0    2359   
g2284/ZN        ND2D1             1  1.1   24   +22    2381 R 
oR_reg[12]/D    DFQD1                            +0    2381   
oR_reg[12]/CP   setup                     110    +5    2386 R 
- - - - - - - - - - - - - - - - - - - - - - - - - - - - - - - 
(clock clk)     capture                                 750 R 
                latency                          +1     751 R 
                uncertainty                    -100     651 R 
--------------------------------------------------------------
Timing slack :   -1735ps (TIMING VIOLATION)
Start-point  : iRST_N
End-point    : oR_reg[12]/D

path  18:

    Pin          Type       Fanout Load Slew Delay Arrival   
                                   (fF) (ps)  (ps)   (ps)    
-------------------------------------------------------------
(clock clk)    launch                                  250 R 
               latency                          +1     251 R 
(in_delay)     ext delay                     +2000    2251 R 
iA0[7]         in port           1  1.1   20    +3    2254 R 
A0_reg[7]/D    DFQD4                            +0    2254   
A0_reg[7]/CP   setup                     110   +12    2266 R 
- - - - - - - - - - - - - - - - - - - - - - - - - - - - - - -
(clock clk)    capture                                 750 R 
               latency                          +1     751 R 
               uncertainty                    -100     651 R 
-------------------------------------------------------------
Timing slack :   -1615ps (TIMING VIOLATION)
Start-point  : iA0[7]
End-point    : A0_reg[7]/D

path  19:

    Pin          Type       Fanout Load Slew Delay Arrival   
                                   (fF) (ps)  (ps)   (ps)    
-------------------------------------------------------------
(clock clk)    launch                                  250 R 
               latency                          +1     251 R 
(in_delay)     ext delay                     +2000    2251 R 
iA0[6]         in port           1  1.1   20    +3    2254 R 
A0_reg[6]/D    DFQD4                            +0    2254   
A0_reg[6]/CP   setup                     110   +12    2266 R 
- - - - - - - - - - - - - - - - - - - - - - - - - - - - - - -
(clock clk)    capture                                 750 R 
               latency                          +1     751 R 
               uncertainty                    -100     651 R 
-------------------------------------------------------------
Timing slack :   -1615ps (TIMING VIOLATION)
Start-point  : iA0[6]
End-point    : A0_reg[6]/D

path  20:

    Pin          Type       Fanout Load Slew Delay Arrival   
                                   (fF) (ps)  (ps)   (ps)    
-------------------------------------------------------------
(clock clk)    launch                                  250 R 
               latency                          +1     251 R 
(in_delay)     ext delay                     +2000    2251 R 
iA0[5]         in port           1  1.1   20    +3    2254 R 
A0_reg[5]/D    DFQD4                            +0    2254   
A0_reg[5]/CP   setup                     110   +12    2266 R 
- - - - - - - - - - - - - - - - - - - - - - - - - - - - - - -
(clock clk)    capture                                 750 R 
               latency                          +1     751 R 
               uncertainty                    -100     651 R 
-------------------------------------------------------------
Timing slack :   -1615ps (TIMING VIOLATION)
Start-point  : iA0[5]
End-point    : A0_reg[5]/D

path  21:

    Pin          Type       Fanout Load Slew Delay Arrival   
                                   (fF) (ps)  (ps)   (ps)    
-------------------------------------------------------------
(clock clk)    launch                                  250 R 
               latency                          +1     251 R 
(in_delay)     ext delay                     +2000    2251 R 
iA0[4]         in port           1  1.1   20    +3    2254 R 
A0_reg[4]/D    DFQD4                            +0    2254   
A0_reg[4]/CP   setup                     110   +12    2266 R 
- - - - - - - - - - - - - - - - - - - - - - - - - - - - - - -
(clock clk)    capture                                 750 R 
               latency                          +1     751 R 
               uncertainty                    -100     651 R 
-------------------------------------------------------------
Timing slack :   -1615ps (TIMING VIOLATION)
Start-point  : iA0[4]
End-point    : A0_reg[4]/D

path  22:

    Pin          Type       Fanout Load Slew Delay Arrival   
                                   (fF) (ps)  (ps)   (ps)    
-------------------------------------------------------------
(clock clk)    launch                                  250 R 
               latency                          +1     251 R 
(in_delay)     ext delay                     +2000    2251 R 
iA0[3]         in port           1  1.1   20    +3    2254 R 
A0_reg[3]/D    DFQD4                            +0    2254   
A0_reg[3]/CP   setup                     110   +12    2266 R 
- - - - - - - - - - - - - - - - - - - - - - - - - - - - - - -
(clock clk)    capture                                 750 R 
               latency                          +1     751 R 
               uncertainty                    -100     651 R 
-------------------------------------------------------------
Timing slack :   -1615ps (TIMING VIOLATION)
Start-point  : iA0[3]
End-point    : A0_reg[3]/D

path  23:

    Pin          Type       Fanout Load Slew Delay Arrival   
                                   (fF) (ps)  (ps)   (ps)    
-------------------------------------------------------------
(clock clk)    launch                                  250 R 
               latency                          +1     251 R 
(in_delay)     ext delay                     +2000    2251 R 
iA0[2]         in port           1  1.1   20    +3    2254 R 
A0_reg[2]/D    DFQD4                            +0    2254   
A0_reg[2]/CP   setup                     110   +12    2266 R 
- - - - - - - - - - - - - - - - - - - - - - - - - - - - - - -
(clock clk)    capture                                 750 R 
               latency                          +1     751 R 
               uncertainty                    -100     651 R 
-------------------------------------------------------------
Timing slack :   -1615ps (TIMING VIOLATION)
Start-point  : iA0[2]
End-point    : A0_reg[2]/D

path  24:

    Pin          Type       Fanout Load Slew Delay Arrival   
                                   (fF) (ps)  (ps)   (ps)    
-------------------------------------------------------------
(clock clk)    launch                                  250 R 
               latency                          +1     251 R 
(in_delay)     ext delay                     +2000    2251 R 
iA0[1]         in port           1  1.1   20    +3    2254 R 
A0_reg[1]/D    DFQD4                            +0    2254   
A0_reg[1]/CP   setup                     110   +12    2266 R 
- - - - - - - - - - - - - - - - - - - - - - - - - - - - - - -
(clock clk)    capture                                 750 R 
               latency                          +1     751 R 
               uncertainty                    -100     651 R 
-------------------------------------------------------------
Timing slack :   -1615ps (TIMING VIOLATION)
Start-point  : iA0[1]
End-point    : A0_reg[1]/D

path  25:

    Pin          Type       Fanout Load Slew Delay Arrival   
                                   (fF) (ps)  (ps)   (ps)    
-------------------------------------------------------------
(clock clk)    launch                                  250 R 
               latency                          +1     251 R 
(in_delay)     ext delay                     +2000    2251 R 
iA1[0]         in port           1  1.1   20    +3    2254 R 
A1_reg[0]/D    DFQD4                            +0    2254   
A1_reg[0]/CP   setup                     110   +12    2266 R 
- - - - - - - - - - - - - - - - - - - - - - - - - - - - - - -
(clock clk)    capture                                 750 R 
               latency                          +1     751 R 
               uncertainty                    -100     651 R 
-------------------------------------------------------------
Timing slack :   -1615ps (TIMING VIOLATION)
Start-point  : iA1[0]
End-point    : A1_reg[0]/D

path  26:

    Pin          Type       Fanout Load Slew Delay Arrival   
                                   (fF) (ps)  (ps)   (ps)    
-------------------------------------------------------------
(clock clk)    launch                                  250 R 
               latency                          +1     251 R 
(in_delay)     ext delay                     +2000    2251 R 
iA0[0]         in port           1  1.1   20    +3    2254 R 
A0_reg[0]/D    DFQD4                            +0    2254   
A0_reg[0]/CP   setup                     110   +12    2266 R 
- - - - - - - - - - - - - - - - - - - - - - - - - - - - - - -
(clock clk)    capture                                 750 R 
               latency                          +1     751 R 
               uncertainty                    -100     651 R 
-------------------------------------------------------------
Timing slack :   -1615ps (TIMING VIOLATION)
Start-point  : iA0[0]
End-point    : A0_reg[0]/D

path  27:

    Pin          Type       Fanout Load Slew Delay Arrival   
                                   (fF) (ps)  (ps)   (ps)    
-------------------------------------------------------------
(clock clk)    launch                                  250 R 
               latency                          +1     251 R 
(in_delay)     ext delay                     +2000    2251 R 
iA1[1]         in port           1  1.1   20    +3    2254 R 
A1_reg[1]/D    DFQD4                            +0    2254   
A1_reg[1]/CP   setup                     110   +12    2266 R 
- - - - - - - - - - - - - - - - - - - - - - - - - - - - - - -
(clock clk)    capture                                 750 R 
               latency                          +1     751 R 
               uncertainty                    -100     651 R 
-------------------------------------------------------------
Timing slack :   -1615ps (TIMING VIOLATION)
Start-point  : iA1[1]
End-point    : A1_reg[1]/D

path  28:

    Pin          Type       Fanout Load Slew Delay Arrival   
                                   (fF) (ps)  (ps)   (ps)    
-------------------------------------------------------------
(clock clk)    launch                                  250 R 
               latency                          +1     251 R 
(in_delay)     ext delay                     +2000    2251 R 
iA1[7]         in port           1  1.1   20    +3    2254 R 
A1_reg[7]/D    DFQD4                            +0    2254   
A1_reg[7]/CP   setup                     110   +12    2266 R 
- - - - - - - - - - - - - - - - - - - - - - - - - - - - - - -
(clock clk)    capture                                 750 R 
               latency                          +1     751 R 
               uncertainty                    -100     651 R 
-------------------------------------------------------------
Timing slack :   -1615ps (TIMING VIOLATION)
Start-point  : iA1[7]
End-point    : A1_reg[7]/D

path  29:

    Pin          Type       Fanout Load Slew Delay Arrival   
                                   (fF) (ps)  (ps)   (ps)    
-------------------------------------------------------------
(clock clk)    launch                                  250 R 
               latency                          +1     251 R 
(in_delay)     ext delay                     +2000    2251 R 
iA1[6]         in port           1  1.1   20    +3    2254 R 
A1_reg[6]/D    DFQD4                            +0    2254   
A1_reg[6]/CP   setup                     110   +12    2266 R 
- - - - - - - - - - - - - - - - - - - - - - - - - - - - - - -
(clock clk)    capture                                 750 R 
               latency                          +1     751 R 
               uncertainty                    -100     651 R 
-------------------------------------------------------------
Timing slack :   -1615ps (TIMING VIOLATION)
Start-point  : iA1[6]
End-point    : A1_reg[6]/D

path  30:

    Pin          Type       Fanout Load Slew Delay Arrival   
                                   (fF) (ps)  (ps)   (ps)    
-------------------------------------------------------------
(clock clk)    launch                                  250 R 
               latency                          +1     251 R 
(in_delay)     ext delay                     +2000    2251 R 
iA1[5]         in port           1  1.1   20    +3    2254 R 
A1_reg[5]/D    DFQD4                            +0    2254   
A1_reg[5]/CP   setup                     110   +12    2266 R 
- - - - - - - - - - - - - - - - - - - - - - - - - - - - - - -
(clock clk)    capture                                 750 R 
               latency                          +1     751 R 
               uncertainty                    -100     651 R 
-------------------------------------------------------------
Timing slack :   -1615ps (TIMING VIOLATION)
Start-point  : iA1[5]
End-point    : A1_reg[5]/D

path  31:

    Pin          Type       Fanout Load Slew Delay Arrival   
                                   (fF) (ps)  (ps)   (ps)    
-------------------------------------------------------------
(clock clk)    launch                                  250 R 
               latency                          +1     251 R 
(in_delay)     ext delay                     +2000    2251 R 
iA1[4]         in port           1  1.1   20    +3    2254 R 
A1_reg[4]/D    DFQD4                            +0    2254   
A1_reg[4]/CP   setup                     110   +12    2266 R 
- - - - - - - - - - - - - - - - - - - - - - - - - - - - - - -
(clock clk)    capture                                 750 R 
               latency                          +1     751 R 
               uncertainty                    -100     651 R 
-------------------------------------------------------------
Timing slack :   -1615ps (TIMING VIOLATION)
Start-point  : iA1[4]
End-point    : A1_reg[4]/D

path  32:

    Pin          Type       Fanout Load Slew Delay Arrival   
                                   (fF) (ps)  (ps)   (ps)    
-------------------------------------------------------------
(clock clk)    launch                                  250 R 
               latency                          +1     251 R 
(in_delay)     ext delay                     +2000    2251 R 
iA1[3]         in port           1  1.1   20    +3    2254 R 
A1_reg[3]/D    DFQD4                            +0    2254   
A1_reg[3]/CP   setup                     110   +12    2266 R 
- - - - - - - - - - - - - - - - - - - - - - - - - - - - - - -
(clock clk)    capture                                 750 R 
               latency                          +1     751 R 
               uncertainty                    -100     651 R 
-------------------------------------------------------------
Timing slack :   -1615ps (TIMING VIOLATION)
Start-point  : iA1[3]
End-point    : A1_reg[3]/D

path  33:

    Pin          Type       Fanout Load Slew Delay Arrival   
                                   (fF) (ps)  (ps)   (ps)    
-------------------------------------------------------------
(clock clk)    launch                                  250 R 
               latency                          +1     251 R 
(in_delay)     ext delay                     +2000    2251 R 
iA1[2]         in port           1  1.1   20    +3    2254 R 
A1_reg[2]/D    DFQD4                            +0    2254   
A1_reg[2]/CP   setup                     110   +12    2266 R 
- - - - - - - - - - - - - - - - - - - - - - - - - - - - - - -
(clock clk)    capture                                 750 R 
               latency                          +1     751 R 
               uncertainty                    -100     651 R 
-------------------------------------------------------------
Timing slack :   -1615ps (TIMING VIOLATION)
Start-point  : iA1[2]
End-point    : A1_reg[2]/D

path  34:

    Pin          Type       Fanout Load Slew Delay Arrival   
                                   (fF) (ps)  (ps)   (ps)    
-------------------------------------------------------------
(clock clk)    launch                                  250 R 
               latency                          +1     251 R 
(in_delay)     ext delay                     +2000    2251 R 
iB1[7]         in port           1  1.1   20    +3    2254 R 
B1_reg[7]/D    DFQD2                            +0    2254   
B1_reg[7]/CP   setup                     110    +6    2259 R 
- - - - - - - - - - - - - - - - - - - - - - - - - - - - - - -
(clock clk)    capture                                 750 R 
               latency                          +1     751 R 
               uncertainty                    -100     651 R 
-------------------------------------------------------------
Timing slack :   -1608ps (TIMING VIOLATION)
Start-point  : iB1[7]
End-point    : B1_reg[7]/D

path  35:

    Pin          Type       Fanout Load Slew Delay Arrival   
                                   (fF) (ps)  (ps)   (ps)    
-------------------------------------------------------------
(clock clk)    launch                                  250 R 
               latency                          +1     251 R 
(in_delay)     ext delay                     +2000    2251 R 
iB0[5]         in port           1  1.1   20    +3    2254 R 
B0_reg[5]/D    DFQD2                            +0    2254   
B0_reg[5]/CP   setup                     110    +6    2259 R 
- - - - - - - - - - - - - - - - - - - - - - - - - - - - - - -
(clock clk)    capture                                 750 R 
               latency                          +1     751 R 
               uncertainty                    -100     651 R 
-------------------------------------------------------------
Timing slack :   -1608ps (TIMING VIOLATION)
Start-point  : iB0[5]
End-point    : B0_reg[5]/D

path  36:

    Pin          Type       Fanout Load Slew Delay Arrival   
                                   (fF) (ps)  (ps)   (ps)    
-------------------------------------------------------------
(clock clk)    launch                                  250 R 
               latency                          +1     251 R 
(in_delay)     ext delay                     +2000    2251 R 
iB0[4]         in port           1  1.1   20    +3    2254 R 
B0_reg[4]/D    DFQD2                            +0    2254   
B0_reg[4]/CP   setup                     110    +6    2259 R 
- - - - - - - - - - - - - - - - - - - - - - - - - - - - - - -
(clock clk)    capture                                 750 R 
               latency                          +1     751 R 
               uncertainty                    -100     651 R 
-------------------------------------------------------------
Timing slack :   -1608ps (TIMING VIOLATION)
Start-point  : iB0[4]
End-point    : B0_reg[4]/D

path  37:

    Pin          Type       Fanout Load Slew Delay Arrival   
                                   (fF) (ps)  (ps)   (ps)    
-------------------------------------------------------------
(clock clk)    launch                                  250 R 
               latency                          +1     251 R 
(in_delay)     ext delay                     +2000    2251 R 
iB0[2]         in port           1  1.1   20    +3    2254 R 
B0_reg[2]/D    DFQD2                            +0    2254   
B0_reg[2]/CP   setup                     110    +6    2259 R 
- - - - - - - - - - - - - - - - - - - - - - - - - - - - - - -
(clock clk)    capture                                 750 R 
               latency                          +1     751 R 
               uncertainty                    -100     651 R 
-------------------------------------------------------------
Timing slack :   -1608ps (TIMING VIOLATION)
Start-point  : iB0[2]
End-point    : B0_reg[2]/D

path  38:

    Pin          Type       Fanout Load Slew Delay Arrival   
                                   (fF) (ps)  (ps)   (ps)    
-------------------------------------------------------------
(clock clk)    launch                                  250 R 
               latency                          +1     251 R 
(in_delay)     ext delay                     +2000    2251 R 
iB0[1]         in port           1  1.1   20    +3    2254 R 
B0_reg[1]/D    DFQD2                            +0    2254   
B0_reg[1]/CP   setup                     110    +6    2259 R 
- - - - - - - - - - - - - - - - - - - - - - - - - - - - - - -
(clock clk)    capture                                 750 R 
               latency                          +1     751 R 
               uncertainty                    -100     651 R 
-------------------------------------------------------------
Timing slack :   -1608ps (TIMING VIOLATION)
Start-point  : iB0[1]
End-point    : B0_reg[1]/D

path  39:

    Pin          Type       Fanout Load Slew Delay Arrival   
                                   (fF) (ps)  (ps)   (ps)    
-------------------------------------------------------------
(clock clk)    launch                                  250 R 
               latency                          +1     251 R 
(in_delay)     ext delay                     +2000    2251 R 
iB0[0]         in port           1  1.1   20    +3    2254 R 
B0_reg[0]/D    DFQD2                            +0    2254   
B0_reg[0]/CP   setup                     110    +6    2259 R 
- - - - - - - - - - - - - - - - - - - - - - - - - - - - - - -
(clock clk)    capture                                 750 R 
               latency                          +1     751 R 
               uncertainty                    -100     651 R 
-------------------------------------------------------------
Timing slack :   -1608ps (TIMING VIOLATION)
Start-point  : iB0[0]
End-point    : B0_reg[0]/D

path  40:

    Pin          Type       Fanout Load Slew Delay Arrival   
                                   (fF) (ps)  (ps)   (ps)    
-------------------------------------------------------------
(clock clk)    launch                                  250 R 
               latency                          +1     251 R 
(in_delay)     ext delay                     +2000    2251 R 
iB1[5]         in port           1  1.1   20    +3    2254 R 
B1_reg[5]/D    DFD1                             +0    2254   
B1_reg[5]/CP   setup                     110    +4    2258 R 
- - - - - - - - - - - - - - - - - - - - - - - - - - - - - - -
(clock clk)    capture                                 750 R 
               latency                          +1     751 R 
               uncertainty                    -100     651 R 
-------------------------------------------------------------
Timing slack :   -1607ps (TIMING VIOLATION)
Start-point  : iB1[5]
End-point    : B1_reg[5]/D

path  41:

    Pin          Type       Fanout Load Slew Delay Arrival   
                                   (fF) (ps)  (ps)   (ps)    
-------------------------------------------------------------
(clock clk)    launch                                  250 R 
               latency                          +1     251 R 
(in_delay)     ext delay                     +2000    2251 R 
iB1[1]         in port           1  1.1   20    +3    2254 R 
B1_reg[1]/D    DFD1                             +0    2254   
B1_reg[1]/CP   setup                     110    +4    2258 R 
- - - - - - - - - - - - - - - - - - - - - - - - - - - - - - -
(clock clk)    capture                                 750 R 
               latency                          +1     751 R 
               uncertainty                    -100     651 R 
-------------------------------------------------------------
Timing slack :   -1607ps (TIMING VIOLATION)
Start-point  : iB1[1]
End-point    : B1_reg[1]/D

path  42:

    Pin          Type       Fanout Load Slew Delay Arrival   
                                   (fF) (ps)  (ps)   (ps)    
-------------------------------------------------------------
(clock clk)    launch                                  250 R 
               latency                          +1     251 R 
(in_delay)     ext delay                     +2000    2251 R 
iB1[6]         in port           1  1.1   20    +3    2254 R 
B1_reg[6]/D    DFQD1                            +0    2254   
B1_reg[6]/CP   setup                     110    +4    2258 R 
- - - - - - - - - - - - - - - - - - - - - - - - - - - - - - -
(clock clk)    capture                                 750 R 
               latency                          +1     751 R 
               uncertainty                    -100     651 R 
-------------------------------------------------------------
Timing slack :   -1607ps (TIMING VIOLATION)
Start-point  : iB1[6]
End-point    : B1_reg[6]/D

path  43:

    Pin          Type       Fanout Load Slew Delay Arrival   
                                   (fF) (ps)  (ps)   (ps)    
-------------------------------------------------------------
(clock clk)    launch                                  250 R 
               latency                          +1     251 R 
(in_delay)     ext delay                     +2000    2251 R 
iB1[2]         in port           1  1.1   20    +3    2254 R 
B1_reg[2]/D    DFQD1                            +0    2254   
B1_reg[2]/CP   setup                     110    +4    2258 R 
- - - - - - - - - - - - - - - - - - - - - - - - - - - - - - -
(clock clk)    capture                                 750 R 
               latency                          +1     751 R 
               uncertainty                    -100     651 R 
-------------------------------------------------------------
Timing slack :   -1607ps (TIMING VIOLATION)
Start-point  : iB1[2]
End-point    : B1_reg[2]/D

path  44:

    Pin          Type       Fanout Load Slew Delay Arrival   
                                   (fF) (ps)  (ps)   (ps)    
-------------------------------------------------------------
(clock clk)    launch                                  250 R 
               latency                          +1     251 R 
(in_delay)     ext delay                     +2000    2251 R 
iB0[7]         in port           1  1.1   20    +3    2254 R 
B0_reg[7]/D    DFQD1                            +0    2254   
B0_reg[7]/CP   setup                     110    +4    2258 R 
- - - - - - - - - - - - - - - - - - - - - - - - - - - - - - -
(clock clk)    capture                                 750 R 
               latency                          +1     751 R 
               uncertainty                    -100     651 R 
-------------------------------------------------------------
Timing slack :   -1607ps (TIMING VIOLATION)
Start-point  : iB0[7]
End-point    : B0_reg[7]/D

path  45:

    Pin          Type       Fanout Load Slew Delay Arrival   
                                   (fF) (ps)  (ps)   (ps)    
-------------------------------------------------------------
(clock clk)    launch                                  250 R 
               latency                          +1     251 R 
(in_delay)     ext delay                     +2000    2251 R 
iB0[6]         in port           1  1.1   20    +3    2254 R 
B0_reg[6]/D    DFQD1                            +0    2254   
B0_reg[6]/CP   setup                     110    +4    2258 R 
- - - - - - - - - - - - - - - - - - - - - - - - - - - - - - -
(clock clk)    capture                                 750 R 
               latency                          +1     751 R 
               uncertainty                    -100     651 R 
-------------------------------------------------------------
Timing slack :   -1607ps (TIMING VIOLATION)
Start-point  : iB0[6]
End-point    : B0_reg[6]/D

path  46:

    Pin          Type       Fanout Load Slew Delay Arrival   
                                   (fF) (ps)  (ps)   (ps)    
-------------------------------------------------------------
(clock clk)    launch                                  250 R 
               latency                          +1     251 R 
(in_delay)     ext delay                     +2000    2251 R 
iB0[3]         in port           1  1.1   20    +3    2254 R 
B0_reg[3]/D    DFQD1                            +0    2254   
B0_reg[3]/CP   setup                     110    +4    2258 R 
- - - - - - - - - - - - - - - - - - - - - - - - - - - - - - -
(clock clk)    capture                                 750 R 
               latency                          +1     751 R 
               uncertainty                    -100     651 R 
-------------------------------------------------------------
Timing slack :   -1607ps (TIMING VIOLATION)
Start-point  : iB0[3]
End-point    : B0_reg[3]/D

path  47:

    Pin          Type       Fanout Load Slew Delay Arrival   
                                   (fF) (ps)  (ps)   (ps)    
-------------------------------------------------------------
(clock clk)    launch                                  250 R 
               latency                          +1     251 R 
(in_delay)     ext delay                     +2000    2251 R 
iB1[3]         in port           1  1.1   20    +3    2254 R 
B1_reg[3]/D    DFD2                             +0    2254   
B1_reg[3]/CP   setup                     110    +4    2258 R 
- - - - - - - - - - - - - - - - - - - - - - - - - - - - - - -
(clock clk)    capture                                 750 R 
               latency                          +1     751 R 
               uncertainty                    -100     651 R 
-------------------------------------------------------------
Timing slack :   -1607ps (TIMING VIOLATION)
Start-point  : iB1[3]
End-point    : B1_reg[3]/D

path  48:

    Pin          Type       Fanout Load Slew Delay Arrival   
                                   (fF) (ps)  (ps)   (ps)    
-------------------------------------------------------------
(clock clk)    launch                                  250 R 
               latency                          +1     251 R 
(in_delay)     ext delay                     +2000    2251 R 
iB1[4]         in port           1  1.1   20    +3    2254 R 
B1_reg[4]/D    DFD2                             +0    2254   
B1_reg[4]/CP   setup                     110    +4    2258 R 
- - - - - - - - - - - - - - - - - - - - - - - - - - - - - - -
(clock clk)    capture                                 750 R 
               latency                          +1     751 R 
               uncertainty                    -100     651 R 
-------------------------------------------------------------
Timing slack :   -1607ps (TIMING VIOLATION)
Start-point  : iB1[4]
End-point    : B1_reg[4]/D

path  49:

    Pin          Type       Fanout Load Slew Delay Arrival   
                                   (fF) (ps)  (ps)   (ps)    
-------------------------------------------------------------
(clock clk)    launch                                  250 R 
               latency                          +1     251 R 
(in_delay)     ext delay                     +2000    2251 R 
iB1[0]         in port           1  1.1   20    +3    2254 R 
B1_reg[0]/D    DFD2                             +0    2254   
B1_reg[0]/CP   setup                     110    +4    2258 R 
- - - - - - - - - - - - - - - - - - - - - - - - - - - - - - -
(clock clk)    capture                                 750 R 
               latency                          +1     751 R 
               uncertainty                    -100     651 R 
-------------------------------------------------------------
Timing slack :   -1607ps (TIMING VIOLATION)
Start-point  : iB1[0]
End-point    : B1_reg[0]/D

path  50:

    Pin          Type       Fanout Load Slew Delay Arrival   
                                   (fF) (ps)  (ps)   (ps)    
-------------------------------------------------------------
(clock clk)    launch                                  250 R 
               latency                          +1     251 R 
oR_reg[0]/CP                             110           251 R 
oR_reg[0]/Q    DFQD1             1  2.0   23  +157     408 F 
oR[0]          out port                         +0     408 F 
(out_delay)    ext delay                      +200     608 F 
- - - - - - - - - - - - - - - - - - - - - - - - - - - - - - -
(clock clk)    capture                                 750 R 
               latency                          +1     751 R 
               uncertainty                    -100     651 R 
-------------------------------------------------------------
Timing slack :      43ps 
Start-point  : oR_reg[0]/CP
End-point    : oR[0]
