============================================================
  Generated by:           Encounter(R) RTL Compiler v12.10-s012_1
  Generated on:           Oct 23 2015  05:58:27 pm
  Module:                 ALT_MULTADD
  Technology library:     tcbn65gpluswc 121
  Operating conditions:   WCCOM (balanced_tree)
  Wireload mode:          segmented
  Area mode:              timing library
============================================================

Timing
--------

Clock Period 
-------------
clk    500.0 


  Cost    Critical            Violating 
 Group   Path Slack    TNS      Paths   
----------------------------------------
default     -1754.2   -51578         40 
----------------------------------------
Total                 -51578         40 

Instance Count
--------------
Leaf Instance Count            1632 
Sequential Instance Count        49 
Combinational Instance Count   1583 
Hierarchical Instance Count       0 
Total Area                         5433.840
Cell Area                          5433.840


Max Fanout                         49 (iCLK)
Min Fanout                         1 (n_1)
Average Fanout                     2.0
Terms to net ratio                 3.0
Terms to instance ratio            3.4
Runtime                            3228 seconds
RC peak memory usage:              171.92 
EDI peak memory usage:             no_value 
Hostname                           co2046-06.ece.iastate.edu
