============================================================
  Generated by:           Encounter(R) RTL Compiler v10.10-s209_1
  Generated on:           Oct 26 2015  01:24:09 pm
  Module:                 ALT_MULTADD
  Technology library:     tcbn65gpluswc 121
  Operating conditions:   WCCOM (balanced_tree)
  Wireload mode:          segmented
  Area mode:              timing library
============================================================

                               
   Gate    Instances    Area        Library     
------------------------------------------------
AN2D0              3     6.480    tcbn65gpluswc 
AN2D2              4    10.080    tcbn65gpluswc 
AN2D4              2     8.640    tcbn65gpluswc 
AN2XD1            10    21.600    tcbn65gpluswc 
AN3XD1             1     2.520    tcbn65gpluswc 
AO21D0             2     5.040    tcbn65gpluswc 
AO21D1             6    15.120    tcbn65gpluswc 
AO21D2             1     2.880    tcbn65gpluswc 
AO222D0            1     4.320    tcbn65gpluswc 
AO22D0            11    31.680    tcbn65gpluswc 
AO22D1             2     6.480    tcbn65gpluswc 
AOI21D0            4     8.640    tcbn65gpluswc 
AOI21D1           53   114.480    tcbn65gpluswc 
AOI21D2            8    25.920    tcbn65gpluswc 
AOI21D4            3    19.440    tcbn65gpluswc 
AOI22D0            4    10.080    tcbn65gpluswc 
AOI22D1           11    27.720    tcbn65gpluswc 
AOI22D2            2     8.640    tcbn65gpluswc 
AOI31D1            1     2.520    tcbn65gpluswc 
AOI33D0            2     6.480    tcbn65gpluswc 
BMLD1              1     8.640    tcbn65gpluswc 
BUFFD1             5     7.200    tcbn65gpluswc 
BUFFD2             5    10.800    tcbn65gpluswc 
BUFFD3             2     5.040    tcbn65gpluswc 
BUFFD4             1     3.240    tcbn65gpluswc 
CKAN2D0           20    43.200    tcbn65gpluswc 
CKAN2D1            1     2.160    tcbn65gpluswc 
CKBD0              9    12.960    tcbn65gpluswc 
CKBD1              7    10.080    tcbn65gpluswc 
CKBD2             12    25.920    tcbn65gpluswc 
CKBD3              1     2.520    tcbn65gpluswc 
CKBD4              9    29.160    tcbn65gpluswc 
CKMUX2D0           1     3.600    tcbn65gpluswc 
CKMUX2D1           2     7.200    tcbn65gpluswc 
CKND0            325   351.000    tcbn65gpluswc 
CKND1            386   416.880    tcbn65gpluswc 
CKND2            253   364.320    tcbn65gpluswc 
CKND2D0          395   568.800    tcbn65gpluswc 
CKND2D1          620   892.800    tcbn65gpluswc 
CKND2D2          456  1149.120    tcbn65gpluswc 
CKND2D3            4    12.960    tcbn65gpluswc 
CKND2D4            6    25.920    tcbn65gpluswc 
CKND3             12    25.920    tcbn65gpluswc 
CKND4              7    17.640    tcbn65gpluswc 
CKXOR2D1           4    14.400    tcbn65gpluswc 
DFCSNQD1           1     9.360    tcbn65gpluswc 
DFKCNQD1          10    72.000    tcbn65gpluswc 
DFQD1             11    75.240    tcbn65gpluswc 
DFQD2              9    64.800    tcbn65gpluswc 
DFQD4             18   149.040    tcbn65gpluswc 
FA1D0             16   144.000    tcbn65gpluswc 
FA1D1              8    80.640    tcbn65gpluswc 
FCICOND1           5    16.200    tcbn65gpluswc 
HA1D0              1     5.760    tcbn65gpluswc 
IAO22D0            1     3.240    tcbn65gpluswc 
IAO22D1            1     3.240    tcbn65gpluswc 
IND2D0            49   105.840    tcbn65gpluswc 
IND2D1            77   166.320    tcbn65gpluswc 
IND2D2            20    57.600    tcbn65gpluswc 
IND2D4             2    11.520    tcbn65gpluswc 
IND3D0             3     7.560    tcbn65gpluswc 
IND3D1             9    22.680    tcbn65gpluswc 
IND3D2             1     4.320    tcbn65gpluswc 
INR2D0             9    19.440    tcbn65gpluswc 
INR2D2             1     2.880    tcbn65gpluswc 
INR2XD0            6    12.960    tcbn65gpluswc 
INR2XD1            4    11.520    tcbn65gpluswc 
INR3D0             1     2.520    tcbn65gpluswc 
INVD0             30    32.400    tcbn65gpluswc 
INVD1             91    98.280    tcbn65gpluswc 
INVD2             10    14.400    tcbn65gpluswc 
INVD4              3     7.560    tcbn65gpluswc 
INVD6              1     3.240    tcbn65gpluswc 
IOA21D0            1     2.520    tcbn65gpluswc 
IOA21D1            4    10.080    tcbn65gpluswc 
IOA21D2            6    19.440    tcbn65gpluswc 
IOA22D1            2     6.480    tcbn65gpluswc 
MAOI222D0         13    37.440    tcbn65gpluswc 
MAOI222D1          6    17.280    tcbn65gpluswc 
MAOI22D0           4    11.520    tcbn65gpluswc 
MAOI22D1           5    14.400    tcbn65gpluswc 
MOAI22D0          19    54.720    tcbn65gpluswc 
MOAI22D1           5    14.400    tcbn65gpluswc 
MUX2D1             1     3.600    tcbn65gpluswc 
MUX2D2             1     3.960    tcbn65gpluswc 
MUX2ND0           17    48.960    tcbn65gpluswc 
ND2D0             70   100.800    tcbn65gpluswc 
ND2D1            209   300.960    tcbn65gpluswc 
ND2D2            309   778.680    tcbn65gpluswc 
ND2D3             24    77.760    tcbn65gpluswc 
ND2D4             20    86.400    tcbn65gpluswc 
ND3D0             17    36.720    tcbn65gpluswc 
ND3D1             60   129.600    tcbn65gpluswc 
ND3D2             42   136.080    tcbn65gpluswc 
ND3D3              1     4.680    tcbn65gpluswc 
ND4D1              1     2.520    tcbn65gpluswc 
NR2D0             74   106.560    tcbn65gpluswc 
NR2D1             22    31.680    tcbn65gpluswc 
NR2D2             18    45.360    tcbn65gpluswc 
NR2D4              1     4.320    tcbn65gpluswc 
NR2XD0           107   154.080    tcbn65gpluswc 
NR2XD1           148   372.960    tcbn65gpluswc 
NR2XD2            30   129.600    tcbn65gpluswc 
NR2XD3             2    12.240    tcbn65gpluswc 
NR2XD4             1     7.920    tcbn65gpluswc 
NR3D0              2     4.320    tcbn65gpluswc 
NR3D2              1     5.760    tcbn65gpluswc 
OA21D1             6    15.120    tcbn65gpluswc 
OA22D1             1     3.240    tcbn65gpluswc 
OAI211D0           1     2.520    tcbn65gpluswc 
OAI211D1           1     2.520    tcbn65gpluswc 
OAI211D2           3    12.960    tcbn65gpluswc 
OAI21D0           18    38.880    tcbn65gpluswc 
OAI21D1           89   192.240    tcbn65gpluswc 
OAI21D2           10    32.400    tcbn65gpluswc 
OAI21D4            2    12.960    tcbn65gpluswc 
OAI221D0           2     5.760    tcbn65gpluswc 
OAI22D1            7    17.640    tcbn65gpluswc 
OAI22D2            1     4.320    tcbn65gpluswc 
OAI32D0            1     2.880    tcbn65gpluswc 
OR2D0              9    19.440    tcbn65gpluswc 
OR2D1             12    25.920    tcbn65gpluswc 
XNR2D1             5    18.000    tcbn65gpluswc 
XOR2D0             1     3.600    tcbn65gpluswc 
------------------------------------------------
total           4485  8739.000                  


                                     
   Type    Instances   Area   Area % 
-------------------------------------
sequential        49  370.440    4.2 
inverter        1118 1331.640   15.2 
buffer            51  106.920    1.2 
logic           3267 6930.000   79.3 
-------------------------------------
total           4485 8739.000  100.0 

