============================================================
  Generated by:           Encounter(R) RTL Compiler v10.10-s209_1
  Generated on:           Oct 26 2015  01:24:10 pm
  Module:                 ALT_MULTADD
  Technology library:     tcbn65gpluswc 121
  Operating conditions:   WCCOM (balanced_tree)
  Wireload mode:          segmented
  Area mode:              timing library
============================================================

Timing
--------

Clock Period 
-------------
clk    500.0 


  Cost    Critical            Violating 
 Group   Path Slack    TNS      Paths   
----------------------------------------
default     -1373.6   -19645         17 
----------------------------------------
Total                 -19645         17 

Instance Count
--------------
Leaf Instance Count            4485 
Sequential Instance Count        49 
Combinational Instance Count   4436 
Hierarchical Instance Count       0 

Area
----
Total Area                         8739.000
Cell Area                          8739.000


Max Fanout                         49 (iCLK)
Min Fanout                         1 (B0[0])
Average Fanout                     1.9
Terms to net ratio                 2.8
Terms to instance ratio            2.9
Runtime                            467 seconds
Hostname                           co1313-06.ece.iastate.edu
