============================================================
  Generated by:           Encounter(R) RTL Compiler v10.10-s209_1
  Generated on:           Oct 26 2015  01:32:15 pm
  Module:                 ALT_MULTADD
  Technology library:     tcbn65gpluswc 121
  Operating conditions:   WCCOM (balanced_tree)
  Wireload mode:          segmented
  Area mode:              timing library
============================================================

                               
   Gate    Instances    Area        Library     
------------------------------------------------
AN2D1              3     6.480    tcbn65gpluswc 
AN2D2              6    15.120    tcbn65gpluswc 
AN2D4              4    17.280    tcbn65gpluswc 
AN2XD1            43    92.880    tcbn65gpluswc 
AN3D0              1     2.520    tcbn65gpluswc 
AN3XD1             1     2.520    tcbn65gpluswc 
AO21D0             1     2.520    tcbn65gpluswc 
AO21D1            14    35.280    tcbn65gpluswc 
AO222D0            1     4.320    tcbn65gpluswc 
AO22D0            14    40.320    tcbn65gpluswc 
AO22D1             9    29.160    tcbn65gpluswc 
AO22D2             1     3.960    tcbn65gpluswc 
AOI211D1           1     2.520    tcbn65gpluswc 
AOI21D0            1     2.160    tcbn65gpluswc 
AOI21D1           23    49.680    tcbn65gpluswc 
AOI21D2           11    35.640    tcbn65gpluswc 
AOI21D4            1     6.480    tcbn65gpluswc 
AOI22D1           10    25.200    tcbn65gpluswc 
AOI22D2            3    12.960    tcbn65gpluswc 
AOI31D1            1     2.520    tcbn65gpluswc 
AOI31D2            1     4.320    tcbn65gpluswc 
AOI32D1            6    17.280    tcbn65gpluswc 
AOI33D1            1     3.240    tcbn65gpluswc 
AOI33D2            1     6.120    tcbn65gpluswc 
BMLD1              1     8.640    tcbn65gpluswc 
BMLD2              1     9.000    tcbn65gpluswc 
BMLD4              1    12.960    tcbn65gpluswc 
BUFFD1            11    15.840    tcbn65gpluswc 
BUFFD2            12    25.920    tcbn65gpluswc 
BUFFD3             3     7.560    tcbn65gpluswc 
BUFFD6             2     8.640    tcbn65gpluswc 
CKAN2D0            6    12.960    tcbn65gpluswc 
CKAN2D1            1     2.160    tcbn65gpluswc 
CKBD0              3     4.320    tcbn65gpluswc 
CKBD1             14    20.160    tcbn65gpluswc 
CKBD2              2     4.320    tcbn65gpluswc 
CKBD3              2     5.040    tcbn65gpluswc 
CKBD4              5    16.200    tcbn65gpluswc 
CKMUX2D1           1     3.600    tcbn65gpluswc 
CKND0             37    39.960    tcbn65gpluswc 
CKND1            277   299.160    tcbn65gpluswc 
CKND2            261   375.840    tcbn65gpluswc 
CKND2D0           30    43.200    tcbn65gpluswc 
CKND2D1          296   426.240    tcbn65gpluswc 
CKND2D2          252   635.040    tcbn65gpluswc 
CKND2D3            7    22.680    tcbn65gpluswc 
CKND2D4            8    34.560    tcbn65gpluswc 
CKND2D8            1     7.920    tcbn65gpluswc 
CKND3             18    38.880    tcbn65gpluswc 
CKND4              7    17.640    tcbn65gpluswc 
CKXOR2D1          10    36.000    tcbn65gpluswc 
CMPE42D1           1    16.560    tcbn65gpluswc 
DFD2               2    16.560    tcbn65gpluswc 
DFKCND1            1     8.280    tcbn65gpluswc 
DFKCNQD1          11    79.200    tcbn65gpluswc 
DFQD1              5    34.200    tcbn65gpluswc 
DFQD2              1     7.200    tcbn65gpluswc 
DFQD4             29   240.120    tcbn65gpluswc 
FA1D0             17   153.000    tcbn65gpluswc 
FA1D1             20   201.600    tcbn65gpluswc 
FA1D4              1    14.400    tcbn65gpluswc 
FCICIND1           2     9.360    tcbn65gpluswc 
FCICOND1           6    19.440    tcbn65gpluswc 
FICOND1            1    11.160    tcbn65gpluswc 
HA1D0              2    11.520    tcbn65gpluswc 
HA1D1              2    12.240    tcbn65gpluswc 
HA1D2              1     6.840    tcbn65gpluswc 
HICIND1            1     6.840    tcbn65gpluswc 
IAO21D1            2     5.040    tcbn65gpluswc 
IAO21D2           15    48.600    tcbn65gpluswc 
IAO22D1            1     3.240    tcbn65gpluswc 
IND2D0            14    30.240    tcbn65gpluswc 
IND2D1           119   257.040    tcbn65gpluswc 
IND2D2            41   118.080    tcbn65gpluswc 
IND2D4             1     5.760    tcbn65gpluswc 
IND3D1             7    17.640    tcbn65gpluswc 
INR2D0             2     4.320    tcbn65gpluswc 
INR2D1            12    25.920    tcbn65gpluswc 
INR2D2             7    20.160    tcbn65gpluswc 
INR2XD0            2     4.320    tcbn65gpluswc 
INR2XD1           11    31.680    tcbn65gpluswc 
INR3D1             1     3.600    tcbn65gpluswc 
INVD0             19    20.520    tcbn65gpluswc 
INVD1            293   316.440    tcbn65gpluswc 
INVD2             51    73.440    tcbn65gpluswc 
INVD3              3     6.480    tcbn65gpluswc 
INVD4              2     5.040    tcbn65gpluswc 
IOA21D0            1     2.520    tcbn65gpluswc 
IOA21D1           29    73.080    tcbn65gpluswc 
IOA21D2           97   314.280    tcbn65gpluswc 
IOA22D2            2     7.920    tcbn65gpluswc 
MAOI222D0          3     8.640    tcbn65gpluswc 
MAOI222D1         18    51.840    tcbn65gpluswc 
MAOI22D0           1     2.880    tcbn65gpluswc 
MAOI22D1          12    34.560    tcbn65gpluswc 
MOAI22D0           9    25.920    tcbn65gpluswc 
MOAI22D1          44   126.720    tcbn65gpluswc 
MUX2D1            12    43.200    tcbn65gpluswc 
MUX2D2             2     7.920    tcbn65gpluswc 
ND2D0             42    60.480    tcbn65gpluswc 
ND2D1            446   642.240    tcbn65gpluswc 
ND2D2            456  1149.120    tcbn65gpluswc 
ND2D3             33   106.920    tcbn65gpluswc 
ND2D4             16    69.120    tcbn65gpluswc 
ND2D8              1     7.920    tcbn65gpluswc 
ND3D0              5    10.800    tcbn65gpluswc 
ND3D1             58   125.280    tcbn65gpluswc 
ND3D2             43   139.320    tcbn65gpluswc 
ND3D3              4    18.720    tcbn65gpluswc 
ND3D4              1     6.120    tcbn65gpluswc 
ND4D1              2     5.040    tcbn65gpluswc 
NR2D0             12    17.280    tcbn65gpluswc 
NR2D1             47    67.680    tcbn65gpluswc 
NR2D2             16    40.320    tcbn65gpluswc 
NR2D3              7    22.680    tcbn65gpluswc 
NR2D4              1     4.320    tcbn65gpluswc 
NR2XD0            82   118.080    tcbn65gpluswc 
NR2XD1           148   372.960    tcbn65gpluswc 
NR2XD2            48   207.360    tcbn65gpluswc 
NR2XD4             3    23.760    tcbn65gpluswc 
NR3D0              1     2.160    tcbn65gpluswc 
NR3D1              2     6.480    tcbn65gpluswc 
OA211D1            1     2.880    tcbn65gpluswc 
OA21D0             1     2.520    tcbn65gpluswc 
OA21D1             4    10.080    tcbn65gpluswc 
OA22D1             1     3.240    tcbn65gpluswc 
OA32D0             1     3.600    tcbn65gpluswc 
OAI211D0           1     2.520    tcbn65gpluswc 
OAI211D1           4    10.080    tcbn65gpluswc 
OAI211D2           1     4.320    tcbn65gpluswc 
OAI21D0            3     6.480    tcbn65gpluswc 
OAI21D1           52   112.320    tcbn65gpluswc 
OAI21D2           12    38.880    tcbn65gpluswc 
OAI21D4            6    38.880    tcbn65gpluswc 
OAI221D0           1     2.880    tcbn65gpluswc 
OAI22D0            1     2.520    tcbn65gpluswc 
OAI22D1            4    10.080    tcbn65gpluswc 
OAI22D2            2     8.640    tcbn65gpluswc 
OAI31D2            1     4.320    tcbn65gpluswc 
OAI32D1            1     2.880    tcbn65gpluswc 
OR2D0              2     4.320    tcbn65gpluswc 
OR2D1             26    56.160    tcbn65gpluswc 
OR2D2              1     2.520    tcbn65gpluswc 
OR2XD1             9    19.440    tcbn65gpluswc 
XNR2D1            12    43.200    tcbn65gpluswc 
XNR2D4             2    15.120    tcbn65gpluswc 
XNR3D1             7    42.840    tcbn65gpluswc 
XNR3D2             1     7.920    tcbn65gpluswc 
XOR2D0             1     3.600    tcbn65gpluswc 
XOR3D0             1     6.120    tcbn65gpluswc 
XOR3D1             1     6.120    tcbn65gpluswc 
------------------------------------------------
total           3997  8799.120                  


                                     
   Type    Instances   Area   Area % 
-------------------------------------
sequential        49  385.560    4.4 
inverter         968 1193.400   13.6 
buffer            54  108.000    1.2 
logic           2926 7112.160   80.8 
-------------------------------------
total           3997 8799.120  100.0 

