============================================================
  Generated by:           Encounter(R) RTL Compiler v10.10-s209_1
  Generated on:           Oct 26 2015  01:32:16 pm
  Module:                 ALT_MULTADD
  Technology library:     tcbn65gpluswc 121
  Operating conditions:   WCCOM (balanced_tree)
  Wireload mode:          segmented
  Area mode:              timing library
============================================================

Timing
--------

Clock Period 
-------------
clk    500.0 


  Cost    Critical            Violating 
 Group   Path Slack    TNS      Paths   
----------------------------------------
default     -1353.4   -19707         22 
----------------------------------------
Total                 -19707         22 

Instance Count
--------------
Leaf Instance Count            3997 
Sequential Instance Count        49 
Combinational Instance Count   3948 
Hierarchical Instance Count       0 

Area
----
Total Area                         8799.120
Cell Area                          8799.120


Max Fanout                         49 (iCLK)
Min Fanout                         1 (n_26)
Average Fanout                     1.9
Terms to net ratio                 2.9
Terms to instance ratio            3.0
Runtime                            949 seconds
Hostname                           co1313-06.ece.iastate.edu
