============================================================
  Generated by:           Encounter(R) RTL Compiler v12.10-s012_1
  Generated on:           Oct 23 2015  05:07:03 pm
  Module:                 ALT_MULTADD
  Technology library:     tcbn65gpluswc 121
  Operating conditions:   WCCOM (balanced_tree)
  Wireload mode:          segmented
  Area mode:              timing library
============================================================

                               
   Gate    Instances    Area        Library     
------------------------------------------------
AN2D1              5    10.800    tcbn65gpluswc 
AN2D2              5    12.600    tcbn65gpluswc 
AN2D4              4    17.280    tcbn65gpluswc 
AN2XD1            57   123.120    tcbn65gpluswc 
AN3XD1             6    15.120    tcbn65gpluswc 
AO21D1            19    47.880    tcbn65gpluswc 
AO21D2             2     5.760    tcbn65gpluswc 
AO222D1            1     4.320    tcbn65gpluswc 
AO22D0            13    37.440    tcbn65gpluswc 
AO22D1             7    22.680    tcbn65gpluswc 
AO22D2             1     3.960    tcbn65gpluswc 
AO31D1             2     5.760    tcbn65gpluswc 
AO31D2             1     3.240    tcbn65gpluswc 
AOI211XD0          1     2.520    tcbn65gpluswc 
AOI211XD1          1     4.320    tcbn65gpluswc 
AOI21D0            1     2.160    tcbn65gpluswc 
AOI21D1           41    88.560    tcbn65gpluswc 
AOI21D2            9    29.160    tcbn65gpluswc 
AOI21D4            3    19.440    tcbn65gpluswc 
AOI221D1           1     3.240    tcbn65gpluswc 
AOI22D1            9    22.680    tcbn65gpluswc 
AOI22D2            5    21.600    tcbn65gpluswc 
AOI31D1            5    12.600    tcbn65gpluswc 
AOI31D2            1     4.320    tcbn65gpluswc 
AOI32D1            4    11.520    tcbn65gpluswc 
BMLD1              2    17.280    tcbn65gpluswc 
BMLD4              1    12.960    tcbn65gpluswc 
BUFFD0             1     1.440    tcbn65gpluswc 
BUFFD1             3     4.320    tcbn65gpluswc 
BUFFD2            20    43.200    tcbn65gpluswc 
BUFFD3             4    10.080    tcbn65gpluswc 
BUFFD4             6    19.440    tcbn65gpluswc 
CKAN2D1            2     4.320    tcbn65gpluswc 
CKBD0              2     2.880    tcbn65gpluswc 
CKBD1             23    33.120    tcbn65gpluswc 
CKBD2              1     2.160    tcbn65gpluswc 
CKBD4              4    12.960    tcbn65gpluswc 
CKND0             16    17.280    tcbn65gpluswc 
CKND1            234   252.720    tcbn65gpluswc 
CKND2            236   339.840    tcbn65gpluswc 
CKND2D0            5     7.200    tcbn65gpluswc 
CKND2D1          276   397.440    tcbn65gpluswc 
CKND2D2          249   627.480    tcbn65gpluswc 
CKND2D3            7    22.680    tcbn65gpluswc 
CKND2D4            6    25.920    tcbn65gpluswc 
CKND3              7    15.120    tcbn65gpluswc 
CKND4              5    12.600    tcbn65gpluswc 
CKND6              1     3.240    tcbn65gpluswc 
CKXOR2D1           4    14.400    tcbn65gpluswc 
DFD2               4    33.120    tcbn65gpluswc 
DFD4               2    21.600    tcbn65gpluswc 
DFKCNQD1          11    79.200    tcbn65gpluswc 
DFQD1              7    47.880    tcbn65gpluswc 
DFQD2              4    28.800    tcbn65gpluswc 
DFQD4             21   173.880    tcbn65gpluswc 
FA1D0             13   117.000    tcbn65gpluswc 
FA1D1             20   201.600    tcbn65gpluswc 
FA1D2              1    10.440    tcbn65gpluswc 
FCICIND1           3    14.040    tcbn65gpluswc 
FCICIND2           1     5.040    tcbn65gpluswc 
FCICOND1           1     3.240    tcbn65gpluswc 
FICOND2            1    12.240    tcbn65gpluswc 
FIICOND1           2    20.880    tcbn65gpluswc 
HA1D0              1     5.760    tcbn65gpluswc 
HA1D1              1     6.120    tcbn65gpluswc 
HICIND1            1     6.840    tcbn65gpluswc 
IAO21D1            1     2.520    tcbn65gpluswc 
IAO21D2           10    32.400    tcbn65gpluswc 
IND2D0             3     6.480    tcbn65gpluswc 
IND2D1           126   272.160    tcbn65gpluswc 
IND2D2            64   184.320    tcbn65gpluswc 
IND2D4             3    17.280    tcbn65gpluswc 
IND3D1             8    20.160    tcbn65gpluswc 
IND3D2             3    12.960    tcbn65gpluswc 
INR2D1             7    15.120    tcbn65gpluswc 
INR2D2             5    14.400    tcbn65gpluswc 
INR2D4             1     5.040    tcbn65gpluswc 
INR2XD0           10    21.600    tcbn65gpluswc 
INR2XD1            8    23.040    tcbn65gpluswc 
INR2XD2            1     4.680    tcbn65gpluswc 
INR2XD4            2    18.720    tcbn65gpluswc 
INR3D0             7    17.640    tcbn65gpluswc 
INVD0             11    11.880    tcbn65gpluswc 
INVD1            334   360.720    tcbn65gpluswc 
INVD2             61    87.840    tcbn65gpluswc 
INVD3              7    15.120    tcbn65gpluswc 
INVD4              5    12.600    tcbn65gpluswc 
INVD6              2     6.480    tcbn65gpluswc 
IOA21D1           27    68.040    tcbn65gpluswc 
IOA21D2           94   304.560    tcbn65gpluswc 
IOA22D2            1     3.960    tcbn65gpluswc 
MAOI222D1         26    74.880    tcbn65gpluswc 
MAOI222D2          1     4.680    tcbn65gpluswc 
MAOI22D0           1     2.880    tcbn65gpluswc 
MAOI22D1          10    28.800    tcbn65gpluswc 
MOAI22D0           2     5.760    tcbn65gpluswc 
MOAI22D1          68   195.840    tcbn65gpluswc 
MOAI22D2           2     8.640    tcbn65gpluswc 
MUX2D1            11    39.600    tcbn65gpluswc 
MUX2D2             1     3.960    tcbn65gpluswc 
MUX2ND0            3     8.640    tcbn65gpluswc 
ND2D0             19    27.360    tcbn65gpluswc 
ND2D1            423   609.120    tcbn65gpluswc 
ND2D2            437  1101.240    tcbn65gpluswc 
ND2D3             34   110.160    tcbn65gpluswc 
ND2D4             33   142.560    tcbn65gpluswc 
ND2D8              1     7.920    tcbn65gpluswc 
ND3D1             44    95.040    tcbn65gpluswc 
ND3D2             23    74.520    tcbn65gpluswc 
ND3D3              3    14.040    tcbn65gpluswc 
ND4D1              1     2.520    tcbn65gpluswc 
NR2D0              3     4.320    tcbn65gpluswc 
NR2D1             57    82.080    tcbn65gpluswc 
NR2D2             30    75.600    tcbn65gpluswc 
NR2D3              4    12.960    tcbn65gpluswc 
NR2XD0            68    97.920    tcbn65gpluswc 
NR2XD1           132   332.640    tcbn65gpluswc 
NR2XD2            44   190.080    tcbn65gpluswc 
NR2XD3             3    18.360    tcbn65gpluswc 
NR2XD4             1     7.920    tcbn65gpluswc 
NR3D0              3     6.480    tcbn65gpluswc 
NR3D1              2     6.480    tcbn65gpluswc 
OA21D1             9    22.680    tcbn65gpluswc 
OA21D2             1     2.880    tcbn65gpluswc 
OA21D4             1     5.760    tcbn65gpluswc 
OA22D0             1     2.880    tcbn65gpluswc 
OAI211D1           2     5.040    tcbn65gpluswc 
OAI21D0            1     2.160    tcbn65gpluswc 
OAI21D1           46    99.360    tcbn65gpluswc 
OAI21D2           17    55.080    tcbn65gpluswc 
OAI21D4            6    38.880    tcbn65gpluswc 
OAI221D0           2     5.760    tcbn65gpluswc 
OAI221D1           1     3.240    tcbn65gpluswc 
OAI22D1            5    12.600    tcbn65gpluswc 
OAI22D2            1     4.320    tcbn65gpluswc 
OAI31D1            2     5.040    tcbn65gpluswc 
OAI32D1            2     5.760    tcbn65gpluswc 
OAI33D1            1     3.240    tcbn65gpluswc 
OR2D1             43    92.880    tcbn65gpluswc 
OR2D2              1     2.520    tcbn65gpluswc 
OR2XD1             9    19.440    tcbn65gpluswc 
OR3XD1             1     2.520    tcbn65gpluswc 
XNR2D1            14    50.400    tcbn65gpluswc 
XNR3D0             1     6.120    tcbn65gpluswc 
XNR3D1            11    67.320    tcbn65gpluswc 
XOR2D0             1     3.600    tcbn65gpluswc 
XOR2D1             1     3.600    tcbn65gpluswc 
XOR3D0             1     6.120    tcbn65gpluswc 
XOR3D1             7    42.840    tcbn65gpluswc 
XOR3D2             1     6.840    tcbn65gpluswc 
------------------------------------------------
total           3893  8731.440                  


                                     
   Type    Instances   Area   Area % 
-------------------------------------
sequential        49  384.480    4.4 
inverter         919 1135.440   13.0 
buffer            64  129.600    1.5 
logic           2861 7081.920   81.1 
-------------------------------------
total           3893 8731.440  100.0 

