============================================================
  Generated by:           Encounter(R) RTL Compiler v12.10-s012_1
  Generated on:           Oct 23 2015  05:07:03 pm
  Module:                 ALT_MULTADD
  Technology library:     tcbn65gpluswc 121
  Operating conditions:   WCCOM (balanced_tree)
  Wireload mode:          segmented
  Area mode:              timing library
============================================================

Timing
--------

Clock Period 
-------------
clk   1000.0 


  Cost    Critical            Violating 
 Group   Path Slack    TNS      Paths   
----------------------------------------
default      -854.0   -11079         16 
----------------------------------------
Total                 -11079         16 

Instance Count
--------------
Leaf Instance Count            3893 
Sequential Instance Count        49 
Combinational Instance Count   3844 
Hierarchical Instance Count       0 
Total Area                         8731.440
Cell Area                          8731.440


Max Fanout                         49 (iCLK)
Min Fanout                         1 (B1[4])
Average Fanout                     1.9
Terms to net ratio                 2.9
Terms to instance ratio            3.0
Runtime                            442 seconds
RC peak memory usage:              166.81 
EDI peak memory usage:             no_value 
Hostname                           co2046-06.ece.iastate.edu
