============================================================
  Generated by:           Encounter(R) RTL Compiler v12.10-s012_1
  Generated on:           Oct 23 2015  05:10:45 pm
  Module:                 ALT_MULTADD
  Technology library:     tcbn65gpluswc 121
  Operating conditions:   WCCOM (balanced_tree)
  Wireload mode:          segmented
  Area mode:              timing library
============================================================

                               
   Gate    Instances    Area        Library     
------------------------------------------------
AN2D1              1     2.160    tcbn65gpluswc 
AN2D2              5    12.600    tcbn65gpluswc 
AN2D4              3    12.960    tcbn65gpluswc 
AN2XD1            64   138.240    tcbn65gpluswc 
AN3D1              1     2.520    tcbn65gpluswc 
AN3XD1             3     7.560    tcbn65gpluswc 
AO21D1            19    47.880    tcbn65gpluswc 
AO21D2             1     2.880    tcbn65gpluswc 
AO222D1            1     4.320    tcbn65gpluswc 
AO22D0            13    37.440    tcbn65gpluswc 
AO22D1             6    19.440    tcbn65gpluswc 
AO22D2             1     3.960    tcbn65gpluswc 
AO31D1             3     8.640    tcbn65gpluswc 
AOI211XD1          1     4.320    tcbn65gpluswc 
AOI21D0            1     2.160    tcbn65gpluswc 
AOI21D1           33    71.280    tcbn65gpluswc 
AOI21D2           11    35.640    tcbn65gpluswc 
AOI21D4            4    25.920    tcbn65gpluswc 
AOI221D1           1     3.240    tcbn65gpluswc 
AOI22D1           10    25.200    tcbn65gpluswc 
AOI22D2            4    17.280    tcbn65gpluswc 
AOI31D1            5    12.600    tcbn65gpluswc 
AOI31D2            1     4.320    tcbn65gpluswc 
AOI32D1            4    11.520    tcbn65gpluswc 
BMLD1              1     8.640    tcbn65gpluswc 
BMLD4              1    12.960    tcbn65gpluswc 
BUFFD0             4     5.760    tcbn65gpluswc 
BUFFD1             7    10.080    tcbn65gpluswc 
BUFFD2            19    41.040    tcbn65gpluswc 
BUFFD3             5    12.600    tcbn65gpluswc 
BUFFD4             6    19.440    tcbn65gpluswc 
BUFFD6             1     4.320    tcbn65gpluswc 
CKAN2D1            2     4.320    tcbn65gpluswc 
CKAN2D2            1     2.520    tcbn65gpluswc 
CKBD0              3     4.320    tcbn65gpluswc 
CKBD1             26    37.440    tcbn65gpluswc 
CKBD2              2     4.320    tcbn65gpluswc 
CKBD4              4    12.960    tcbn65gpluswc 
CKND0             16    17.280    tcbn65gpluswc 
CKND1            218   235.440    tcbn65gpluswc 
CKND2            247   355.680    tcbn65gpluswc 
CKND2D0            6     8.640    tcbn65gpluswc 
CKND2D1          274   394.560    tcbn65gpluswc 
CKND2D2          232   584.640    tcbn65gpluswc 
CKND2D3            7    22.680    tcbn65gpluswc 
CKND2D4            6    25.920    tcbn65gpluswc 
CKND3             13    28.080    tcbn65gpluswc 
CKND4             11    27.720    tcbn65gpluswc 
CKXOR2D1           5    18.000    tcbn65gpluswc 
DFD2               6    49.680    tcbn65gpluswc 
DFD4               1    10.800    tcbn65gpluswc 
DFKCNQD1          11    79.200    tcbn65gpluswc 
DFQD1              7    47.880    tcbn65gpluswc 
DFQD2              3    21.600    tcbn65gpluswc 
DFQD4             21   173.880    tcbn65gpluswc 
FA1D0             13   117.000    tcbn65gpluswc 
FA1D1             23   231.840    tcbn65gpluswc 
FCICIND1           3    14.040    tcbn65gpluswc 
FCICIND2           1     5.040    tcbn65gpluswc 
FCICOND1           4    12.960    tcbn65gpluswc 
FIICOND1           3    31.320    tcbn65gpluswc 
HA1D0              1     5.760    tcbn65gpluswc 
HA1D1              3    18.360    tcbn65gpluswc 
IAO21D2           16    51.840    tcbn65gpluswc 
IAO22D2            1     3.960    tcbn65gpluswc 
IND2D0             7    15.120    tcbn65gpluswc 
IND2D1           117   252.720    tcbn65gpluswc 
IND2D2            65   187.200    tcbn65gpluswc 
IND2D4             3    17.280    tcbn65gpluswc 
IND3D1             9    22.680    tcbn65gpluswc 
IND3D2             3    12.960    tcbn65gpluswc 
INR2D0             1     2.160    tcbn65gpluswc 
INR2D1            11    23.760    tcbn65gpluswc 
INR2D2             6    17.280    tcbn65gpluswc 
INR2D4             1     5.040    tcbn65gpluswc 
INR2XD0            9    19.440    tcbn65gpluswc 
INR2XD1            8    23.040    tcbn65gpluswc 
INR2XD4            2    18.720    tcbn65gpluswc 
INR3D0             7    17.640    tcbn65gpluswc 
INVD0             10    10.800    tcbn65gpluswc 
INVD1            340   367.200    tcbn65gpluswc 
INVD2             53    76.320    tcbn65gpluswc 
INVD3              5    10.800    tcbn65gpluswc 
INVD4              4    10.080    tcbn65gpluswc 
INVD6              1     3.240    tcbn65gpluswc 
IOA21D1           28    70.560    tcbn65gpluswc 
IOA21D2           96   311.040    tcbn65gpluswc 
IOA22D2            2     7.920    tcbn65gpluswc 
MAOI222D0          1     2.880    tcbn65gpluswc 
MAOI222D1         25    72.000    tcbn65gpluswc 
MAOI222D2          1     4.680    tcbn65gpluswc 
MAOI22D0           1     2.880    tcbn65gpluswc 
MAOI22D1           9    25.920    tcbn65gpluswc 
MOAI22D0           2     5.760    tcbn65gpluswc 
MOAI22D1          67   192.960    tcbn65gpluswc 
MOAI22D2           1     4.320    tcbn65gpluswc 
MUX2D0             1     3.240    tcbn65gpluswc 
MUX2D1            12    43.200    tcbn65gpluswc 
MUX2D2             1     3.960    tcbn65gpluswc 
MUX2ND0            3     8.640    tcbn65gpluswc 
ND2D0             18    25.920    tcbn65gpluswc 
ND2D1            403   580.320    tcbn65gpluswc 
ND2D2            450  1134.000    tcbn65gpluswc 
ND2D3             32   103.680    tcbn65gpluswc 
ND2D4             34   146.880    tcbn65gpluswc 
ND2D8              1     7.920    tcbn65gpluswc 
ND3D1             42    90.720    tcbn65gpluswc 
ND3D2             24    77.760    tcbn65gpluswc 
ND3D3              1     4.680    tcbn65gpluswc 
ND4D1              1     2.520    tcbn65gpluswc 
NR2D0              3     4.320    tcbn65gpluswc 
NR2D1             61    87.840    tcbn65gpluswc 
NR2D2             28    70.560    tcbn65gpluswc 
NR2D3              7    22.680    tcbn65gpluswc 
NR2D4              2     8.640    tcbn65gpluswc 
NR2XD0            76   109.440    tcbn65gpluswc 
NR2XD1           119   299.880    tcbn65gpluswc 
NR2XD2            43   185.760    tcbn65gpluswc 
NR2XD3             3    18.360    tcbn65gpluswc 
NR2XD4             2    15.840    tcbn65gpluswc 
NR3D0              4     8.640    tcbn65gpluswc 
NR3D1              2     6.480    tcbn65gpluswc 
OA21D1             9    22.680    tcbn65gpluswc 
OA21D2             1     2.880    tcbn65gpluswc 
OA21D4             2    11.520    tcbn65gpluswc 
OA22D0             1     2.880    tcbn65gpluswc 
OAI211D1           2     5.040    tcbn65gpluswc 
OAI21D0            2     4.320    tcbn65gpluswc 
OAI21D1           43    92.880    tcbn65gpluswc 
OAI21D2           15    48.600    tcbn65gpluswc 
OAI21D4            7    45.360    tcbn65gpluswc 
OAI221D0           2     5.760    tcbn65gpluswc 
OAI221D1           1     3.240    tcbn65gpluswc 
OAI22D1            7    17.640    tcbn65gpluswc 
OAI31D1            1     2.520    tcbn65gpluswc 
OAI32D1            2     5.760    tcbn65gpluswc 
OAI33D1            1     3.240    tcbn65gpluswc 
OR2D0              1     2.160    tcbn65gpluswc 
OR2D1             34    73.440    tcbn65gpluswc 
OR2XD1            10    21.600    tcbn65gpluswc 
OR3D1              1     2.520    tcbn65gpluswc 
XNR2D1            14    50.400    tcbn65gpluswc 
XNR2D4             1     7.560    tcbn65gpluswc 
XNR3D1            10    61.200    tcbn65gpluswc 
XNR3D2             1     7.920    tcbn65gpluswc 
XOR2D1             1     3.600    tcbn65gpluswc 
XOR3D0             1     6.120    tcbn65gpluswc 
XOR3D1             8    48.960    tcbn65gpluswc 
XOR3D2             2    13.680    tcbn65gpluswc 
------------------------------------------------
total           3878  8748.360                  


                                     
   Type    Instances   Area   Area % 
-------------------------------------
sequential        49  383.040    4.4 
inverter         918 1142.640   13.1 
buffer            77  152.280    1.7 
logic           2834 7070.400   80.8 
-------------------------------------
total           3878 8748.360  100.0 

