============================================================
  Generated by:           Encounter(R) RTL Compiler v12.10-s012_1
  Generated on:           Oct 23 2015  05:10:46 pm
  Module:                 ALT_MULTADD
  Technology library:     tcbn65gpluswc 121
  Operating conditions:   WCCOM (balanced_tree)
  Wireload mode:          segmented
  Area mode:              timing library
============================================================

Timing
--------

Clock Period 
-------------
clk    200.0 


  Cost    Critical            Violating 
 Group   Path Slack    TNS      Paths   
----------------------------------------
default     -1656.4   -35119         77 
----------------------------------------
Total                 -35119         77 

Instance Count
--------------
Leaf Instance Count            3878 
Sequential Instance Count        49 
Combinational Instance Count   3829 
Hierarchical Instance Count       0 
Total Area                         8748.360
Cell Area                          8748.360


Max Fanout                         49 (iCLK)
Min Fanout                         1 (B1[6])
Average Fanout                     1.9
Terms to net ratio                 2.9
Terms to instance ratio            3.0
Runtime                            643 seconds
RC peak memory usage:              166.81 
EDI peak memory usage:             no_value 
Hostname                           co2046-06.ece.iastate.edu
