============================================================
  Generated by:           Encounter(R) RTL Compiler v12.10-s012_1
  Generated on:           Oct 23 2015  05:14:46 pm
  Module:                 ALT_MULTADD
  Technology library:     tcbn65gpluswc 121
  Operating conditions:   WCCOM (balanced_tree)
  Wireload mode:          segmented
  Area mode:              timing library
============================================================

                               
   Gate    Instances    Area        Library     
------------------------------------------------
AN2D1              1     2.160    tcbn65gpluswc 
AN2D2              5    12.600    tcbn65gpluswc 
AN2D4              3    12.960    tcbn65gpluswc 
AN2XD1            63   136.080    tcbn65gpluswc 
AN3D1              1     2.520    tcbn65gpluswc 
AN3XD1             2     5.040    tcbn65gpluswc 
AO21D1            20    50.400    tcbn65gpluswc 
AO222D1            1     4.320    tcbn65gpluswc 
AO22D0            13    37.440    tcbn65gpluswc 
AO22D1             7    22.680    tcbn65gpluswc 
AO31D1             2     5.760    tcbn65gpluswc 
AOI211XD1          1     4.320    tcbn65gpluswc 
AOI21D1           33    71.280    tcbn65gpluswc 
AOI21D2           15    48.600    tcbn65gpluswc 
AOI21D4            3    19.440    tcbn65gpluswc 
AOI221D1           1     3.240    tcbn65gpluswc 
AOI22D1           11    27.720    tcbn65gpluswc 
AOI22D2            4    17.280    tcbn65gpluswc 
AOI31D1            4    10.080    tcbn65gpluswc 
AOI31D2            1     4.320    tcbn65gpluswc 
AOI32D1            4    11.520    tcbn65gpluswc 
BMLD1              1     8.640    tcbn65gpluswc 
BMLD4              1    12.960    tcbn65gpluswc 
BUFFD1             4     5.760    tcbn65gpluswc 
BUFFD2            18    38.880    tcbn65gpluswc 
BUFFD3             4    10.080    tcbn65gpluswc 
BUFFD4             5    16.200    tcbn65gpluswc 
CKAN2D1            2     4.320    tcbn65gpluswc 
CKBD0              3     4.320    tcbn65gpluswc 
CKBD1             27    38.880    tcbn65gpluswc 
CKBD2              1     2.160    tcbn65gpluswc 
CKBD3              1     2.520    tcbn65gpluswc 
CKBD4              7    22.680    tcbn65gpluswc 
CKND0             17    18.360    tcbn65gpluswc 
CKND1            218   235.440    tcbn65gpluswc 
CKND2            240   345.600    tcbn65gpluswc 
CKND2D0            5     7.200    tcbn65gpluswc 
CKND2D1          278   400.320    tcbn65gpluswc 
CKND2D2          235   592.200    tcbn65gpluswc 
CKND2D3            6    19.440    tcbn65gpluswc 
CKND2D4            6    25.920    tcbn65gpluswc 
CKND3              9    19.440    tcbn65gpluswc 
CKND4              7    17.640    tcbn65gpluswc 
CKXOR2D1           5    18.000    tcbn65gpluswc 
DFD2               6    49.680    tcbn65gpluswc 
DFD4               1    10.800    tcbn65gpluswc 
DFKCNQD1          11    79.200    tcbn65gpluswc 
DFQD1              8    54.720    tcbn65gpluswc 
DFQD2              2    14.400    tcbn65gpluswc 
DFQD4             21   173.880    tcbn65gpluswc 
FA1D0             13   117.000    tcbn65gpluswc 
FA1D1             23   231.840    tcbn65gpluswc 
FCICIND1           2     9.360    tcbn65gpluswc 
FCICIND2           1     5.040    tcbn65gpluswc 
FCICOND1           3     9.720    tcbn65gpluswc 
FICIND1            1    10.440    tcbn65gpluswc 
FICOND2            1    12.240    tcbn65gpluswc 
FIICOND1           2    20.880    tcbn65gpluswc 
HA1D0              1     5.760    tcbn65gpluswc 
HA1D1              3    18.360    tcbn65gpluswc 
IAO21D2           12    38.880    tcbn65gpluswc 
IAO22D2            1     3.960    tcbn65gpluswc 
IND2D0             4     8.640    tcbn65gpluswc 
IND2D1           136   293.760    tcbn65gpluswc 
IND2D2            57   164.160    tcbn65gpluswc 
IND2D4             3    17.280    tcbn65gpluswc 
IND3D1            11    27.720    tcbn65gpluswc 
IND3D2             3    12.960    tcbn65gpluswc 
INR2D0             1     2.160    tcbn65gpluswc 
INR2D1            10    21.600    tcbn65gpluswc 
INR2D2             4    11.520    tcbn65gpluswc 
INR2D4             2    10.080    tcbn65gpluswc 
INR2XD0           11    23.760    tcbn65gpluswc 
INR2XD1            7    20.160    tcbn65gpluswc 
INR2XD2            1     4.680    tcbn65gpluswc 
INR2XD4            2    18.720    tcbn65gpluswc 
INR3D0             5    12.600    tcbn65gpluswc 
INR3D1             1     3.600    tcbn65gpluswc 
INVD0             10    10.800    tcbn65gpluswc 
INVD1            351   379.080    tcbn65gpluswc 
INVD2             58    83.520    tcbn65gpluswc 
INVD3              3     6.480    tcbn65gpluswc 
INVD4              5    12.600    tcbn65gpluswc 
INVD6              1     3.240    tcbn65gpluswc 
IOA21D1           24    60.480    tcbn65gpluswc 
IOA21D2          102   330.480    tcbn65gpluswc 
IOA22D2            2     7.920    tcbn65gpluswc 
MAOI222D1         26    74.880    tcbn65gpluswc 
MAOI222D2          1     4.680    tcbn65gpluswc 
MAOI22D0           1     2.880    tcbn65gpluswc 
MAOI22D1          10    28.800    tcbn65gpluswc 
MOAI22D0           2     5.760    tcbn65gpluswc 
MOAI22D1          68   195.840    tcbn65gpluswc 
MOAI22D2           1     4.320    tcbn65gpluswc 
MUX2D0             2     6.480    tcbn65gpluswc 
MUX2D1            13    46.800    tcbn65gpluswc 
MUX2D2             1     3.960    tcbn65gpluswc 
MUX2ND0            2     5.760    tcbn65gpluswc 
ND2D0             15    21.600    tcbn65gpluswc 
ND2D1            403   580.320    tcbn65gpluswc 
ND2D2            454  1144.080    tcbn65gpluswc 
ND2D3             28    90.720    tcbn65gpluswc 
ND2D4             34   146.880    tcbn65gpluswc 
ND2D8              1     7.920    tcbn65gpluswc 
ND3D1             47   101.520    tcbn65gpluswc 
ND3D2             22    71.280    tcbn65gpluswc 
ND3D3              1     4.680    tcbn65gpluswc 
ND4D1              1     2.520    tcbn65gpluswc 
NR2D0              4     5.760    tcbn65gpluswc 
NR2D1             65    93.600    tcbn65gpluswc 
NR2D2             28    70.560    tcbn65gpluswc 
NR2D3              4    12.960    tcbn65gpluswc 
NR2D4              1     4.320    tcbn65gpluswc 
NR2XD0            70   100.800    tcbn65gpluswc 
NR2XD1           125   315.000    tcbn65gpluswc 
NR2XD2            45   194.400    tcbn65gpluswc 
NR2XD3             3    18.360    tcbn65gpluswc 
NR2XD4             1     7.920    tcbn65gpluswc 
NR3D0              6    12.960    tcbn65gpluswc 
NR3D1              1     3.240    tcbn65gpluswc 
OA21D1             8    20.160    tcbn65gpluswc 
OA21D2             1     2.880    tcbn65gpluswc 
OA21D4             1     5.760    tcbn65gpluswc 
OA22D0             1     2.880    tcbn65gpluswc 
OA32D0             1     3.600    tcbn65gpluswc 
OAI211D1           2     5.040    tcbn65gpluswc 
OAI21D0            2     4.320    tcbn65gpluswc 
OAI21D1           45    97.200    tcbn65gpluswc 
OAI21D2           15    48.600    tcbn65gpluswc 
OAI21D4            5    32.400    tcbn65gpluswc 
OAI221D0           2     5.760    tcbn65gpluswc 
OAI221D1           1     3.240    tcbn65gpluswc 
OAI22D1            7    17.640    tcbn65gpluswc 
OAI31D1            2     5.040    tcbn65gpluswc 
OAI32D1            2     5.760    tcbn65gpluswc 
OAI33D1            1     3.240    tcbn65gpluswc 
OR2D0              1     2.160    tcbn65gpluswc 
OR2D1             37    79.920    tcbn65gpluswc 
OR2XD1            10    21.600    tcbn65gpluswc 
XNR2D1            13    46.800    tcbn65gpluswc 
XNR2D4             1     7.560    tcbn65gpluswc 
XNR3D1             8    48.960    tcbn65gpluswc 
XNR3D2             1     7.920    tcbn65gpluswc 
XOR2D1             1     3.600    tcbn65gpluswc 
XOR3D0             1     6.120    tcbn65gpluswc 
XOR3D1             9    55.080    tcbn65gpluswc 
------------------------------------------------
total           3885  8725.680                  


                                     
   Type    Instances   Area   Area % 
-------------------------------------
sequential        49  382.680    4.4 
inverter         919 1132.200   13.0 
buffer            70  141.480    1.6 
logic           2847 7069.320   81.0 
-------------------------------------
total           3885 8725.680  100.0 

