============================================================
  Generated by:           Encounter(R) RTL Compiler v12.10-s012_1
  Generated on:           Oct 23 2015  05:31:21 pm
  Module:                 ALT_MULTADD
  Technology library:     tcbn65gpluswc 121
  Operating conditions:   WCCOM (balanced_tree)
  Wireload mode:          segmented
  Area mode:              timing library
============================================================

Timing
--------

Clock Period 
-------------
clk    500.0 


  Cost    Critical            Violating 
 Group   Path Slack    TNS      Paths   
----------------------------------------
default     -2259.3   -81368         77 
----------------------------------------
Total                 -81368         77 

Instance Count
--------------
Leaf Instance Count            3883 
Sequential Instance Count        49 
Combinational Instance Count   3834 
Hierarchical Instance Count       0 
Total Area                         8677.080
Cell Area                          8677.080


Max Fanout                         49 (iCLK)
Min Fanout                         1 (n_36)
Average Fanout                     1.9
Terms to net ratio                 2.9
Terms to instance ratio            3.0
Runtime                            1771 seconds
RC peak memory usage:              170.91 
EDI peak memory usage:             no_value 
Hostname                           co2046-06.ece.iastate.edu
