============================================================
  Generated by:           Encounter(R) RTL Compiler v12.10-s012_1
  Generated on:           Oct 23 2015  05:31:21 pm
  Module:                 ALT_MULTADD
  Technology library:     tcbn65gpluswc 121
  Operating conditions:   WCCOM (balanced_tree)
  Wireload mode:          segmented
  Area mode:              timing library
============================================================

                               
   Gate    Instances    Area        Library     
------------------------------------------------
AN2D0              1     2.160    tcbn65gpluswc 
AN2D1              1     2.160    tcbn65gpluswc 
AN2D2              6    15.120    tcbn65gpluswc 
AN2D4              7    30.240    tcbn65gpluswc 
AN2XD1            57   123.120    tcbn65gpluswc 
AN3D1              2     5.040    tcbn65gpluswc 
AN3XD1             3     7.560    tcbn65gpluswc 
AO211D1            1     2.880    tcbn65gpluswc 
AO21D1            20    50.400    tcbn65gpluswc 
AO21D2             1     2.880    tcbn65gpluswc 
AO222D1            1     4.320    tcbn65gpluswc 
AO22D0            13    37.440    tcbn65gpluswc 
AO22D1             8    25.920    tcbn65gpluswc 
AO22D2             1     3.960    tcbn65gpluswc 
AO31D1             2     5.760    tcbn65gpluswc 
AOI211XD1          1     4.320    tcbn65gpluswc 
AOI21D0            1     2.160    tcbn65gpluswc 
AOI21D1           38    82.080    tcbn65gpluswc 
AOI21D2           10    32.400    tcbn65gpluswc 
AOI21D4            3    19.440    tcbn65gpluswc 
AOI22D1            9    22.680    tcbn65gpluswc 
AOI22D2            4    17.280    tcbn65gpluswc 
AOI31D1            4    10.080    tcbn65gpluswc 
AOI32D1            4    11.520    tcbn65gpluswc 
AOI32D2            1     5.400    tcbn65gpluswc 
AOI33D0            1     3.240    tcbn65gpluswc 
BMLD1              1     8.640    tcbn65gpluswc 
BMLD4              1    12.960    tcbn65gpluswc 
BUFFD1             3     4.320    tcbn65gpluswc 
BUFFD2            19    41.040    tcbn65gpluswc 
BUFFD3             1     2.520    tcbn65gpluswc 
BUFFD4             4    12.960    tcbn65gpluswc 
BUFFD6             1     4.320    tcbn65gpluswc 
CKAN2D1            1     2.160    tcbn65gpluswc 
CKBD0              2     2.880    tcbn65gpluswc 
CKBD1             22    31.680    tcbn65gpluswc 
CKBD2              2     4.320    tcbn65gpluswc 
CKBD4              5    16.200    tcbn65gpluswc 
CKMUX2D1           2     7.200    tcbn65gpluswc 
CKND0             13    14.040    tcbn65gpluswc 
CKND1            221   238.680    tcbn65gpluswc 
CKND2            248   357.120    tcbn65gpluswc 
CKND2D0            4     5.760    tcbn65gpluswc 
CKND2D1          270   388.800    tcbn65gpluswc 
CKND2D2          221   556.920    tcbn65gpluswc 
CKND2D3           10    32.400    tcbn65gpluswc 
CKND2D4            8    34.560    tcbn65gpluswc 
CKND3             11    23.760    tcbn65gpluswc 
CKND4             11    27.720    tcbn65gpluswc 
CKXOR2D1           4    14.400    tcbn65gpluswc 
DFD2               7    57.960    tcbn65gpluswc 
DFD4               1    10.800    tcbn65gpluswc 
DFKCNQD1          11    79.200    tcbn65gpluswc 
DFQD1              7    47.880    tcbn65gpluswc 
DFQD2              2    14.400    tcbn65gpluswc 
DFQD4             21   173.880    tcbn65gpluswc 
FA1D0             14   126.000    tcbn65gpluswc 
FA1D1             19   191.520    tcbn65gpluswc 
FA1D4              1    14.400    tcbn65gpluswc 
FCICIND1           2     9.360    tcbn65gpluswc 
FCICIND2           1     5.040    tcbn65gpluswc 
FCICOND1           3     9.720    tcbn65gpluswc 
FIICOND1           2    20.880    tcbn65gpluswc 
HA1D0              1     5.760    tcbn65gpluswc 
HA1D1              3    18.360    tcbn65gpluswc 
IAO21D1            3     7.560    tcbn65gpluswc 
IAO21D2           11    35.640    tcbn65gpluswc 
IAO22D1            1     3.240    tcbn65gpluswc 
IAO22D2            2     7.920    tcbn65gpluswc 
IND2D0             4     8.640    tcbn65gpluswc 
IND2D1           134   289.440    tcbn65gpluswc 
IND2D2            53   152.640    tcbn65gpluswc 
IND2D4             4    23.040    tcbn65gpluswc 
IND3D1             7    17.640    tcbn65gpluswc 
IND3D2             3    12.960    tcbn65gpluswc 
INR2D0             1     2.160    tcbn65gpluswc 
INR2D1             9    19.440    tcbn65gpluswc 
INR2D2             7    20.160    tcbn65gpluswc 
INR2XD0           13    28.080    tcbn65gpluswc 
INR2XD1           15    43.200    tcbn65gpluswc 
INR2XD4            2    18.720    tcbn65gpluswc 
INR3D0             7    17.640    tcbn65gpluswc 
INVD0             13    14.040    tcbn65gpluswc 
INVD1            334   360.720    tcbn65gpluswc 
INVD2             47    67.680    tcbn65gpluswc 
INVD3              3     6.480    tcbn65gpluswc 
INVD4              4    10.080    tcbn65gpluswc 
INVD6              1     3.240    tcbn65gpluswc 
IOA21D1           30    75.600    tcbn65gpluswc 
IOA21D2           88   285.120    tcbn65gpluswc 
IOA22D2            1     3.960    tcbn65gpluswc 
MAOI222D0          1     2.880    tcbn65gpluswc 
MAOI222D1         23    66.240    tcbn65gpluswc 
MAOI222D2          1     4.680    tcbn65gpluswc 
MAOI22D0           1     2.880    tcbn65gpluswc 
MAOI22D1          12    34.560    tcbn65gpluswc 
MOAI22D0           2     5.760    tcbn65gpluswc 
MOAI22D1          59   169.920    tcbn65gpluswc 
MOAI22D2           2     8.640    tcbn65gpluswc 
MUX2D0             1     3.240    tcbn65gpluswc 
MUX2D1            12    43.200    tcbn65gpluswc 
MUX2D2             1     3.960    tcbn65gpluswc 
MUX2ND0            3     8.640    tcbn65gpluswc 
ND2D0             22    31.680    tcbn65gpluswc 
ND2D1            444   639.360    tcbn65gpluswc 
ND2D2            434  1093.680    tcbn65gpluswc 
ND2D3             37   119.880    tcbn65gpluswc 
ND2D4             30   129.600    tcbn65gpluswc 
ND2D8              1     7.920    tcbn65gpluswc 
ND3D1             46    99.360    tcbn65gpluswc 
ND3D2             25    81.000    tcbn65gpluswc 
ND4D1              1     2.520    tcbn65gpluswc 
NR2D0              5     7.200    tcbn65gpluswc 
NR2D1             69    99.360    tcbn65gpluswc 
NR2D2             25    63.000    tcbn65gpluswc 
NR2D3              2     6.480    tcbn65gpluswc 
NR2D4              1     4.320    tcbn65gpluswc 
NR2XD0            77   110.880    tcbn65gpluswc 
NR2XD1           131   330.120    tcbn65gpluswc 
NR2XD2            41   177.120    tcbn65gpluswc 
NR2XD3             2    12.240    tcbn65gpluswc 
NR2XD4             2    15.840    tcbn65gpluswc 
NR3D0              4     8.640    tcbn65gpluswc 
NR3D1              1     3.240    tcbn65gpluswc 
OA21D1             7    17.640    tcbn65gpluswc 
OA21D2             1     2.880    tcbn65gpluswc 
OA21D4             1     5.760    tcbn65gpluswc 
OA22D0             1     2.880    tcbn65gpluswc 
OA22D1             1     3.240    tcbn65gpluswc 
OAI211D1           3     7.560    tcbn65gpluswc 
OAI211D2           1     4.320    tcbn65gpluswc 
OAI21D0            1     2.160    tcbn65gpluswc 
OAI21D1           47   101.520    tcbn65gpluswc 
OAI21D2           14    45.360    tcbn65gpluswc 
OAI21D4            6    38.880    tcbn65gpluswc 
OAI221D0           2     5.760    tcbn65gpluswc 
OAI221D1           1     3.240    tcbn65gpluswc 
OAI22D1            6    15.120    tcbn65gpluswc 
OAI22D2            1     4.320    tcbn65gpluswc 
OAI31D1            2     5.040    tcbn65gpluswc 
OAI32D1            2     5.760    tcbn65gpluswc 
OAI33D1            1     3.240    tcbn65gpluswc 
OR2D1             39    84.240    tcbn65gpluswc 
OR2XD1            12    25.920    tcbn65gpluswc 
XNR2D1            15    54.000    tcbn65gpluswc 
XNR2D4             1     7.560    tcbn65gpluswc 
XNR3D1            10    61.200    tcbn65gpluswc 
XNR3D2             1     7.920    tcbn65gpluswc 
XOR2D1             2     7.200    tcbn65gpluswc 
XOR3D0             1     6.120    tcbn65gpluswc 
XOR3D1             9    55.080    tcbn65gpluswc 
------------------------------------------------
total           3883  8677.080                  


                                     
   Type    Instances   Area   Area % 
-------------------------------------
sequential        49  384.120    4.4 
inverter         906 1123.560   12.9 
buffer            59  120.240    1.4 
logic           2869 7049.160   81.2 
-------------------------------------
total           3883 8677.080  100.0 

