============================================================
  Generated by:           Encounter(R) RTL Compiler v10.10-s209_1
  Generated on:           Oct 02 2014  11:50:11 pm
  Module:                 ALT_MULTADD
  Technology library:     tcbn65gpluswc 121
  Operating conditions:   WCCOM (balanced_tree)
  Wireload mode:          segmented
  Area mode:              timing library
============================================================

                               
   Gate    Instances    Area        Library     
------------------------------------------------
AN2D2              3     7.560    tcbn65gpluswc 
AN2D4              1     4.320    tcbn65gpluswc 
AN2XD1            32    69.120    tcbn65gpluswc 
AN3XD1             1     2.520    tcbn65gpluswc 
AO21D1             4    10.080    tcbn65gpluswc 
AO22D0             9    25.920    tcbn65gpluswc 
AO22D1             4    12.960    tcbn65gpluswc 
AO22D2             1     3.960    tcbn65gpluswc 
AOI21D0            1     2.160    tcbn65gpluswc 
AOI21D1           14    30.240    tcbn65gpluswc 
AOI21D2           12    38.880    tcbn65gpluswc 
AOI21D4            1     6.480    tcbn65gpluswc 
AOI22D1            7    17.640    tcbn65gpluswc 
AOI22D2            8    34.560    tcbn65gpluswc 
AOI31D1            4    10.080    tcbn65gpluswc 
BUFFD0             2     2.880    tcbn65gpluswc 
BUFFD1            10    14.400    tcbn65gpluswc 
BUFFD2             7    15.120    tcbn65gpluswc 
CKAN2D0            1     2.160    tcbn65gpluswc 
CKAN2D1            1     2.160    tcbn65gpluswc 
CKBD0              4     5.760    tcbn65gpluswc 
CKBD1             20    28.800    tcbn65gpluswc 
CKBD2              2     4.320    tcbn65gpluswc 
CKBD4              2     6.480    tcbn65gpluswc 
CKND0             18    19.440    tcbn65gpluswc 
CKND1            232   250.560    tcbn65gpluswc 
CKND2            275   396.000    tcbn65gpluswc 
CKND2D0            6     8.640    tcbn65gpluswc 
CKND2D1          243   349.920    tcbn65gpluswc 
CKND2D2          294   740.880    tcbn65gpluswc 
CKND2D3           13    42.120    tcbn65gpluswc 
CKND2D4           12    51.840    tcbn65gpluswc 
CKND2D8            1     7.920    tcbn65gpluswc 
CKND3             15    32.400    tcbn65gpluswc 
CKND4             24    60.480    tcbn65gpluswc 
CKND6              2     6.480    tcbn65gpluswc 
CKXOR2D1           4    14.400    tcbn65gpluswc 
DFCND4             2    23.760    tcbn65gpluswc 
DFCNQD1           22   174.240    tcbn65gpluswc 
DFCNQD4           25   252.000    tcbn65gpluswc 
FCICOND1           1     3.240    tcbn65gpluswc 
FICIND1            1    10.440    tcbn65gpluswc 
FICOND2            1    12.240    tcbn65gpluswc 
HA1D0              1     5.760    tcbn65gpluswc 
HICOND2            1     7.560    tcbn65gpluswc 
IAO21D2            4    12.960    tcbn65gpluswc 
IAO22D1            2     6.480    tcbn65gpluswc 
IND2D0             3     6.480    tcbn65gpluswc 
IND2D1            88   190.080    tcbn65gpluswc 
IND2D2            62   178.560    tcbn65gpluswc 
IND2D4             1     5.760    tcbn65gpluswc 
IND3D0             1     2.520    tcbn65gpluswc 
IND3D1             2     5.040    tcbn65gpluswc 
INR2D0             2     4.320    tcbn65gpluswc 
INR2D1             7    15.120    tcbn65gpluswc 
INR2D2            12    34.560    tcbn65gpluswc 
INR2XD0            4     8.640    tcbn65gpluswc 
INR2XD1            4    11.520    tcbn65gpluswc 
INVD0             20    21.600    tcbn65gpluswc 
INVD1            267   288.360    tcbn65gpluswc 
INVD2             73   105.120    tcbn65gpluswc 
INVD3              9    19.440    tcbn65gpluswc 
INVD4              4    10.080    tcbn65gpluswc 
INVD6              1     3.240    tcbn65gpluswc 
IOA21D1           28    70.560    tcbn65gpluswc 
IOA21D2           79   255.960    tcbn65gpluswc 
IOA22D2            3    11.880    tcbn65gpluswc 
MAOI222D1         11    31.680    tcbn65gpluswc 
MAOI22D1           6    17.280    tcbn65gpluswc 
MOAI22D0           4    11.520    tcbn65gpluswc 
MOAI22D1          37   106.560    tcbn65gpluswc 
MUX2D1             1     3.600    tcbn65gpluswc 
MUX2ND0            4    11.520    tcbn65gpluswc 
MUX2ND4            1     7.200    tcbn65gpluswc 
ND2D0             22    31.680    tcbn65gpluswc 
ND2D1            391   563.040    tcbn65gpluswc 
ND2D2            506  1275.120    tcbn65gpluswc 
ND2D3             43   139.320    tcbn65gpluswc 
ND2D4             43   185.760    tcbn65gpluswc 
ND3D0              1     2.160    tcbn65gpluswc 
ND3D1             59   127.440    tcbn65gpluswc 
ND3D2             54   174.960    tcbn65gpluswc 
ND3D3              1     4.680    tcbn65gpluswc 
ND3D4              1     6.120    tcbn65gpluswc 
NR2D0              7    10.080    tcbn65gpluswc 
NR2D1             38    54.720    tcbn65gpluswc 
NR2D2             24    60.480    tcbn65gpluswc 
NR2D3              8    25.920    tcbn65gpluswc 
NR2D4              1     4.320    tcbn65gpluswc 
NR2XD0            36    51.840    tcbn65gpluswc 
NR2XD1           100   252.000    tcbn65gpluswc 
NR2XD2            37   159.840    tcbn65gpluswc 
NR2XD3             5    30.600    tcbn65gpluswc 
NR2XD4             3    23.760    tcbn65gpluswc 
NR3D1              2     6.480    tcbn65gpluswc 
OA21D1             7    17.640    tcbn65gpluswc 
OA21D4             1     5.760    tcbn65gpluswc 
OA22D1             2     6.480    tcbn65gpluswc 
OAI211D1           1     2.520    tcbn65gpluswc 
OAI211D2           1     4.320    tcbn65gpluswc 
OAI21D0            2     4.320    tcbn65gpluswc 
OAI21D1           55   118.800    tcbn65gpluswc 
OAI21D2           20    64.800    tcbn65gpluswc 
OAI21D4            7    45.360    tcbn65gpluswc 
OAI221D0           1     2.880    tcbn65gpluswc 
OAI22D0            1     2.520    tcbn65gpluswc 
OAI22D1           17    42.840    tcbn65gpluswc 
OAI22D2            5    21.600    tcbn65gpluswc 
OR2D0              2     4.320    tcbn65gpluswc 
OR2D1             18    38.880    tcbn65gpluswc 
OR2D2              1     2.520    tcbn65gpluswc 
OR2D4              1     4.320    tcbn65gpluswc 
OR2XD1             8    17.280    tcbn65gpluswc 
XNR2D1             8    28.800    tcbn65gpluswc 
XOR2D1             1     3.600    tcbn65gpluswc 
------------------------------------------------
total           3625  7916.400                  


                                     
   Type    Instances   Area   Area % 
-------------------------------------
sequential        49  450.000    5.7 
inverter         940 1213.200   15.3 
buffer            47   77.760    1.0 
logic           2589 6175.440   78.0 
-------------------------------------
total           3625 7916.400  100.0 

