============================================================
  Generated by:           Encounter(R) RTL Compiler v12.10-s012_1
  Generated on:           Oct 01 2015  02:59:36 pm
  Module:                 ALT_MULTADD
  Technology library:     tcbn65gpluswc 121
  Operating conditions:   WCCOM (balanced_tree)
  Wireload mode:          segmented
  Area mode:              timing library
============================================================

               Pin                     Type       Fanout Load Slew Delay Arrival   
                                                         (fF) (ps)  (ps)   (ps)    
-----------------------------------------------------------------------------------
(clock clk)                          launch                                  200 R 
                                     latency                          +2     202 R 
A1_reg[2]/CP                                                   110           202 R 
A1_reg[2]/Q                          DFQD4             7 14.6   45  +152     354 R 
mul_25_35_g3051/A2                                                    +0     354   
mul_25_35_g3051/ZN                   ND2D2             2  4.1   32   +34     388 F 
fopt6466/I                                                            +0     388   
fopt6466/ZN                          CKND2             2  3.3   21   +21     409 R 
mul_25_35_g2960/A1                                                    +0     409   
mul_25_35_g2960/ZN                   ND2D2             1  3.4   27   +24     432 F 
mul_25_35_g2905/A1                                                    +0     432   
mul_25_35_g2905/ZN                   ND2D3             2  5.8   29   +24     456 R 
mul_25_35_g2834/A1                                                    +0     456   
mul_25_35_g2834/ZN                   CKND2D2           1  2.3   22   +22     478 F 
mul_25_35_g2807/A1                                                    +0     478   
mul_25_35_g2807/ZN                   INR2XD4           2  4.6   23   +49     526 F 
mul_25_35_g2701/B                                                     +0     526   
mul_25_35_g2701/S                    HA1D2             2  4.8   39   +83     610 R 
fopt6478/I                                                            +0     610   
fopt6478/ZN                          INVD2             1  4.4   19   +22     632 F 
mul_25_35_g2669/B1                                                    +0     632   
mul_25_35_g2669/ZN                   IND2D4            1  4.0   25   +17     648 R 
mul_25_35_g2652/A1                                                    +0     648   
mul_25_35_g2652/ZN                   CKND2D4           3  6.1   25   +23     672 F 
fopt6337/I                                                            +0     672   
fopt6337/ZN                          CKND2             1  2.1   15   +16     688 R 
mul_25_35_g2551/A1                                                    +0     688   
mul_25_35_g2551/ZN                   ND2D2             1  4.5   32   +26     713 F 
mul_25_35_g2536/A1                                                    +0     713   
mul_25_35_g2536/ZN                   ND2D4             2  6.4   26   +23     736 R 
mul_25_35_g2506/B1                                                    +0     736   
mul_25_35_g2506/ZN                   INR2XD2           2  6.1   37   +24     761 F 
mul_25_35_g2505/I                                                     +0     761   
mul_25_35_g2505/ZN                   CKND4             3 11.5   31   +28     789 R 
mul_25_35_g2502/A1                                                    +0     789   
mul_25_35_g2502/ZN                   CKND2D3           2  3.1   22   +23     812 F 
mul_25_35_g2484/B                                                     +0     812   
mul_25_35_g2484/ZN                   AOI211XD1         1  2.4   75   +65     876 R 
mul_25_35_g2476/A1                                                    +0     876   
mul_25_35_g2476/ZN                   IND2D4            5 11.7   40   +61     937 R 
csa_tree_mul_25_40_groupi_g5064/I                                     +0     937   
csa_tree_mul_25_40_groupi_g5064/ZN   INVD3             2  7.4   21   +23     960 F 
csa_tree_mul_25_40_groupi_g5062/I                                     +0     960   
csa_tree_mul_25_40_groupi_g5062/ZN   CKND6             3  8.9   18   +18     978 R 
csa_tree_mul_25_40_groupi_g4917/A1                                    +0     978   
csa_tree_mul_25_40_groupi_g4917/ZN   CKND2D4           3  4.0   37   +18     997 F 
csa_tree_mul_25_40_groupi_g4790/A1                                    +0     997   
csa_tree_mul_25_40_groupi_g4790/ZN   ND2D2             1  1.2   18   +20    1016 R 
csa_tree_mul_25_40_groupi_g4755/A1                                    +0    1016   
csa_tree_mul_25_40_groupi_g4755/ZN   INR2D2            1  1.9   35   +50    1066 R 
g6085/S                                                               +0    1066   
g6085/Z                              MUX2D1            2  2.4   39   +82    1149 R 
csa_tree_mul_25_40_groupi_g4409/A1                                    +0    1149   
csa_tree_mul_25_40_groupi_g4409/ZN   INR2D2            1  1.2   29   +53    1202 R 
csa_tree_mul_25_40_groupi_g4394/A1                                    +0    1202   
csa_tree_mul_25_40_groupi_g4394/ZN   IND2D2            2  3.3   27   +41    1243 R 
fopt6240/I                                                            +0    1243   
fopt6240/ZN                          CKND2             1  2.5   14   +16    1260 F 
csa_tree_mul_25_40_groupi_g4349/B1                                    +0    1260   
csa_tree_mul_25_40_groupi_g4349/ZN   IND2D2            1  2.1   21   +18    1277 R 
csa_tree_mul_25_40_groupi_g4324/A1                                    +0    1277   
csa_tree_mul_25_40_groupi_g4324/ZN   ND2D2             3  4.3   31   +26    1303 F 
csa_tree_mul_25_40_groupi_g4163/A1                                    +0    1303   
csa_tree_mul_25_40_groupi_g4163/ZN   ND2D1             1  2.2   32   +27    1330 R 
csa_tree_mul_25_40_groupi_g4154/A2                                    +0    1330   
csa_tree_mul_25_40_groupi_g4154/ZN   CKND2D2           2  2.4   22   +25    1356 F 
csa_tree_mul_25_40_groupi_g4127/A1                                    +0    1356   
csa_tree_mul_25_40_groupi_g4127/ZN   ND2D1             1  2.4   34   +25    1381 R 
csa_tree_mul_25_40_groupi_g4124/A1                                    +0    1381   
csa_tree_mul_25_40_groupi_g4124/ZN   INR2D4            2  6.6   48   +60    1440 R 
csa_tree_mul_25_40_groupi_g4085/B1                                    +0    1440   
csa_tree_mul_25_40_groupi_g4085/ZN   IND2D4            3  5.2   28   +28    1469 F 
csa_tree_mul_25_40_groupi_g5172/A1                                    +0    1469   
csa_tree_mul_25_40_groupi_g5172/ZN   INR2XD1           2  3.6   35   +57    1526 F 
csa_tree_mul_25_40_groupi_g3987/A1                                    +0    1526   
csa_tree_mul_25_40_groupi_g3987/ZN   INR2D4            1  2.3   18   +43    1569 F 
csa_tree_mul_25_40_groupi_g3983/A1                                    +0    1569   
csa_tree_mul_25_40_groupi_g3983/ZN   IND2D4            4 10.1   38   +58    1626 F 
csa_tree_add_25_30_groupi_g5665/A1                                    +0    1626   
csa_tree_add_25_30_groupi_g5665/ZN   ND2D3             3  3.3   40   +23    1649 R 
csa_tree_add_25_30_groupi_g5889/A1                                    +0    1649   
csa_tree_add_25_30_groupi_g5889/Z    OR2D1             1  2.5   33   +54    1703 R 
csa_tree_add_25_30_groupi_g5324/A2                                    +0    1703   
csa_tree_add_25_30_groupi_g5324/ZN   ND2D2             2  3.4   27   +29    1732 F 
csa_tree_add_25_30_groupi_g5858/A1                                    +0    1732   
csa_tree_add_25_30_groupi_g5858/ZN   IND2D1            1  2.1   40   +62    1794 F 
csa_tree_add_25_30_groupi_g5232/A1                                    +0    1794   
csa_tree_add_25_30_groupi_g5232/ZN   ND2D2             2  3.6   27   +26    1820 R 
csa_tree_add_25_30_groupi_g5199/A2                                    +0    1820   
csa_tree_add_25_30_groupi_g5199/ZN   ND2D2             1  1.2   20   +22    1842 F 
csa_tree_add_25_30_groupi_g5195/A1                                    +0    1842   
csa_tree_add_25_30_groupi_g5195/ZN   INR2XD1           2  1.9   27   +50    1892 F 
csa_tree_add_25_30_groupi_g5154/A1                                    +0    1892   
csa_tree_add_25_30_groupi_g5154/ZN   IAO22D1           2  2.4   44   +86    1977 F 
csa_tree_add_25_30_groupi_g5106/B1                                    +0    1977   
csa_tree_add_25_30_groupi_g5106/ZN   MAOI22D1          2  2.0   41   +70    2048 F 
csa_tree_add_25_30_groupi_g5843/A1                                    +0    2048   
csa_tree_add_25_30_groupi_g5843/Z    OR2D1             1  1.9   26   +58    2105 F 
csa_tree_add_25_30_groupi_g5072/A1                                    +0    2105   
csa_tree_add_25_30_groupi_g5072/ZN   CKND2D2           2  4.0   37   +28    2133 R 
csa_tree_add_25_30_groupi_g5004/A2                                    +0    2133   
csa_tree_add_25_30_groupi_g5004/ZN   NR2XD1            1  1.2   21   +26    2158 F 
csa_tree_add_25_30_groupi_g5002/A1                                    +0    2158   
csa_tree_add_25_30_groupi_g5002/ZN   IND2D2            1  1.9   25   +46    2205 F 
g338/A1                                                               +0    2205   
g338/ZN                              CKND2D2           1  1.2   29   +19    2223 R 
g324/B                                                                +0    2223   
g324/ZN                              IOA21D1           1  1.1   28   +24    2248 F 
oR_reg[16]/D                         DFQD1                            +0    2248   
oR_reg[16]/CP                        setup                     110   -14    2234 R 
- - - - - - - - - - - - - - - - - - - - - - - - - - - - - - - - - - - - - - - - - -
(clock clk)                          capture                                2200 R 
                                     latency                          +2    2202 R 
                                     uncertainty                    -200    2002 R 
-----------------------------------------------------------------------------------
Timing slack :    -232ps (TIMING VIOLATION)
Start-point  : A1_reg[2]/CP
End-point    : oR_reg[16]/D
