============================================================
  Generated by:           Encounter(R) RTL Compiler v10.10-s209_1
  Generated on:           Oct 02 2014  11:31:08 pm
  Module:                 ALT_MULTADD
  Technology library:     tcbn65gpluswc 121
  Operating conditions:   WCCOM (balanced_tree)
  Wireload mode:          segmented
  Area mode:              timing library
============================================================

                               
   Gate    Instances    Area        Library     
------------------------------------------------
AN2D4              4    17.280    tcbn65gpluswc 
AN2XD1            29    62.640    tcbn65gpluswc 
AN3XD1             1     2.520    tcbn65gpluswc 
AO21D0             1     2.520    tcbn65gpluswc 
AO21D1             3     7.560    tcbn65gpluswc 
AO21D2             1     2.880    tcbn65gpluswc 
AO22D0             6    17.280    tcbn65gpluswc 
AO22D1             5    16.200    tcbn65gpluswc 
AO22D2             1     3.960    tcbn65gpluswc 
AOI21D1           24    51.840    tcbn65gpluswc 
AOI21D2            9    29.160    tcbn65gpluswc 
AOI21D4            2    12.960    tcbn65gpluswc 
AOI22D0            2     5.040    tcbn65gpluswc 
AOI22D1           15    37.800    tcbn65gpluswc 
AOI22D2            5    21.600    tcbn65gpluswc 
AOI31D1            3     7.560    tcbn65gpluswc 
AOI31D2            1     4.320    tcbn65gpluswc 
BMLD4              1    12.960    tcbn65gpluswc 
BUFFD0             3     4.320    tcbn65gpluswc 
BUFFD1            10    14.400    tcbn65gpluswc 
BUFFD2            14    30.240    tcbn65gpluswc 
BUFFD3             1     2.520    tcbn65gpluswc 
BUFFD6             1     4.320    tcbn65gpluswc 
CKBD0              1     1.440    tcbn65gpluswc 
CKBD1             19    27.360    tcbn65gpluswc 
CKBD3              1     2.520    tcbn65gpluswc 
CKBD4              2     6.480    tcbn65gpluswc 
CKND0             20    21.600    tcbn65gpluswc 
CKND1            223   240.840    tcbn65gpluswc 
CKND2            243   349.920    tcbn65gpluswc 
CKND2D0            3     4.320    tcbn65gpluswc 
CKND2D1          239   344.160    tcbn65gpluswc 
CKND2D2          307   773.640    tcbn65gpluswc 
CKND2D3           11    35.640    tcbn65gpluswc 
CKND2D4           12    51.840    tcbn65gpluswc 
CKND3             12    25.920    tcbn65gpluswc 
CKND4             10    25.200    tcbn65gpluswc 
CKXOR2D1           5    18.000    tcbn65gpluswc 
DFCND4            18   213.840    tcbn65gpluswc 
DFCNQD1           23   182.160    tcbn65gpluswc 
DFCNQD4            8    80.640    tcbn65gpluswc 
FCICIND1           2     9.360    tcbn65gpluswc 
FCICOND1           2     6.480    tcbn65gpluswc 
FICIND1            1    10.440    tcbn65gpluswc 
FICOND1            1    11.160    tcbn65gpluswc 
HA1D0              1     5.760    tcbn65gpluswc 
HICIND1            2    13.680    tcbn65gpluswc 
IAO21D1            2     5.040    tcbn65gpluswc 
IAO21D2            8    25.920    tcbn65gpluswc 
IAO22D1            1     3.240    tcbn65gpluswc 
IAO22D2            1     3.960    tcbn65gpluswc 
IND2D0             1     2.160    tcbn65gpluswc 
IND2D1            87   187.920    tcbn65gpluswc 
IND2D2            27    77.760    tcbn65gpluswc 
IND2D4             1     5.760    tcbn65gpluswc 
IND3D1            13    32.760    tcbn65gpluswc 
IND3D2             2     8.640    tcbn65gpluswc 
INR2D1             5    10.800    tcbn65gpluswc 
INR2D2            12    34.560    tcbn65gpluswc 
INR2XD0           11    23.760    tcbn65gpluswc 
INR2XD1            9    25.920    tcbn65gpluswc 
INR3D0             2     5.040    tcbn65gpluswc 
INVD0             16    17.280    tcbn65gpluswc 
INVD1            312   336.960    tcbn65gpluswc 
INVD2             76   109.440    tcbn65gpluswc 
INVD3              7    15.120    tcbn65gpluswc 
INVD4              2     5.040    tcbn65gpluswc 
IOA21D1           19    47.880    tcbn65gpluswc 
IOA21D2           87   281.880    tcbn65gpluswc 
IOA22D2            2     7.920    tcbn65gpluswc 
MAOI222D1         10    28.800    tcbn65gpluswc 
MAOI22D1           6    17.280    tcbn65gpluswc 
MOAI22D0           3     8.640    tcbn65gpluswc 
MOAI22D1          36   103.680    tcbn65gpluswc 
MUX2D0             2     6.480    tcbn65gpluswc 
MUX2D1             3    10.800    tcbn65gpluswc 
MUX2D2             1     3.960    tcbn65gpluswc 
MUX2ND0            4    11.520    tcbn65gpluswc 
ND2D0             30    43.200    tcbn65gpluswc 
ND2D1            358   515.520    tcbn65gpluswc 
ND2D2            482  1214.640    tcbn65gpluswc 
ND2D3             35   113.400    tcbn65gpluswc 
ND2D4             29   125.280    tcbn65gpluswc 
ND2D8              2    15.840    tcbn65gpluswc 
ND3D0              2     4.320    tcbn65gpluswc 
ND3D1             45    97.200    tcbn65gpluswc 
ND3D2             46   149.040    tcbn65gpluswc 
ND3D3              2     9.360    tcbn65gpluswc 
NR2D0              2     2.880    tcbn65gpluswc 
NR2D1             48    69.120    tcbn65gpluswc 
NR2D2             30    75.600    tcbn65gpluswc 
NR2D3              8    25.920    tcbn65gpluswc 
NR2D4              2     8.640    tcbn65gpluswc 
NR2D8              1     7.920    tcbn65gpluswc 
NR2XD0            49    70.560    tcbn65gpluswc 
NR2XD1           130   327.600    tcbn65gpluswc 
NR2XD2            60   259.200    tcbn65gpluswc 
NR2XD3             3    18.360    tcbn65gpluswc 
NR3D1              1     3.240    tcbn65gpluswc 
OA21D1             6    15.120    tcbn65gpluswc 
OA22D1             1     3.240    tcbn65gpluswc 
OAI211D1           1     2.520    tcbn65gpluswc 
OAI21D0            2     4.320    tcbn65gpluswc 
OAI21D1           63   136.080    tcbn65gpluswc 
OAI21D2           11    35.640    tcbn65gpluswc 
OAI21D4            3    19.440    tcbn65gpluswc 
OAI221D1           1     3.240    tcbn65gpluswc 
OAI22D0            1     2.520    tcbn65gpluswc 
OAI22D1           14    35.280    tcbn65gpluswc 
OAI22D2            7    30.240    tcbn65gpluswc 
OAI31D1            1     2.520    tcbn65gpluswc 
OR2D0              4     8.640    tcbn65gpluswc 
OR2D1             14    30.240    tcbn65gpluswc 
OR2XD1             8    17.280    tcbn65gpluswc 
OR3D1              1     2.520    tcbn65gpluswc 
XNR2D1             6    21.600    tcbn65gpluswc 
XNR2D4             1     7.560    tcbn65gpluswc 
XOR2D1             1     3.600    tcbn65gpluswc 
------------------------------------------------
total           3587  7838.640                  


                                     
   Type    Instances   Area   Area % 
-------------------------------------
sequential        49  476.640    6.1 
inverter         921 1147.320   14.6 
buffer            52   93.600    1.2 
logic           2565 6121.080   78.1 
-------------------------------------
total           3587 7838.640  100.0 

