============================================================
  Generated by:           Encounter(R) RTL Compiler v10.10-s209_1
  Generated on:           Oct 02 2014  11:31:08 pm
  Module:                 ALT_MULTADD
  Technology library:     tcbn65gpluswc 121
  Operating conditions:   WCCOM (balanced_tree)
  Wireload mode:          segmented
  Area mode:              timing library
============================================================

	Timing
	------

 Slack       Endpoint     Cost Group 
------------------------------------------
-1413ps oRESULT_reg[15]/D default    


	Area
	----

  Instance   Cells  Cell Area  Net Area     Wireload      
----------------------------------------------------------
ALT_MULTADD   3587       7839         0  ZeroWireload (S) 

 (S) = wireload was automatically selected

	Design Rule Check
	-----------------

Max_transition design rule: no violations.

Max_capacitance design rule: no violations.

Max_fanout design rule (violation total = 1.000)
Worst violator:
Pin                Fanout           Max     Violation
-----------------------------------------------------
g28481/ZN          11.000        10.000         1.000


