============================================================
  Generated by:           Encounter(R) RTL Compiler v12.10-s012_1
  Generated on:           Oct 01 2015  03:19:46 pm
  Module:                 ALT_MULTADD
  Technology library:     tcbn65gpluswc 121
  Operating conditions:   WCCOM (balanced_tree)
  Wireload mode:          segmented
  Area mode:              timing library
============================================================

                               
   Gate    Instances    Area        Library     
------------------------------------------------
AN2D4              3    12.960    tcbn65gpluswc 
AN2XD1            29    62.640    tcbn65gpluswc 
AO22D0            15    43.200    tcbn65gpluswc 
AOI211XD0          1     2.520    tcbn65gpluswc 
AOI211XD1          2     8.640    tcbn65gpluswc 
AOI21D1           19    41.040    tcbn65gpluswc 
AOI21D2            1     3.240    tcbn65gpluswc 
AOI21D4            4    25.920    tcbn65gpluswc 
AOI31D4            1     8.280    tcbn65gpluswc 
BMLD1              1     8.640    tcbn65gpluswc 
BMLD4              1    12.960    tcbn65gpluswc 
BUFFD2            21    45.360    tcbn65gpluswc 
BUFFD3             1     2.520    tcbn65gpluswc 
CKBD1             11    15.840    tcbn65gpluswc 
CKBD2              6    12.960    tcbn65gpluswc 
CKMUX2D1           3    10.800    tcbn65gpluswc 
CKND0              4     4.320    tcbn65gpluswc 
CKND1            129   139.320    tcbn65gpluswc 
CKND2            109   156.960    tcbn65gpluswc 
CKND2D1           47    67.680    tcbn65gpluswc 
CKND2D2           97   244.440    tcbn65gpluswc 
CKND2D3           14    45.360    tcbn65gpluswc 
CKND2D4           12    51.840    tcbn65gpluswc 
CKND3              7    15.120    tcbn65gpluswc 
CKND4             15    37.800    tcbn65gpluswc 
CKND6              1     3.240    tcbn65gpluswc 
CKXOR2D1          24    86.400    tcbn65gpluswc 
DFQD1             17   116.280    tcbn65gpluswc 
DFQD2             16   115.200    tcbn65gpluswc 
DFQD4             16   132.480    tcbn65gpluswc 
FA1D0             47   423.000    tcbn65gpluswc 
FA1D1             33   332.640    tcbn65gpluswc 
FA1D2              4    41.760    tcbn65gpluswc 
FA1D4              5    72.000    tcbn65gpluswc 
FCICIND1          22   102.960    tcbn65gpluswc 
FCICIND2           3    15.120    tcbn65gpluswc 
FCICOND1           2     6.480    tcbn65gpluswc 
FICIND1            1    10.440    tcbn65gpluswc 
FICIND2            2    24.480    tcbn65gpluswc 
FICOND2            2    24.480    tcbn65gpluswc 
FIICOND1           1    10.440    tcbn65gpluswc 
FIICOND2           1    12.600    tcbn65gpluswc 
HA1D0              4    23.040    tcbn65gpluswc 
HA1D1              4    24.480    tcbn65gpluswc 
HA1D2              2    13.680    tcbn65gpluswc 
HICIND1            3    20.520    tcbn65gpluswc 
HICIND2            1     7.560    tcbn65gpluswc 
HICOND2            1     7.560    tcbn65gpluswc 
IAO21D1            4    10.080    tcbn65gpluswc 
IAO22D1            2     6.480    tcbn65gpluswc 
IND2D1           134   289.440    tcbn65gpluswc 
IND2D2            96   276.480    tcbn65gpluswc 
IND2D4            59   339.840    tcbn65gpluswc 
IND3D1             1     2.520    tcbn65gpluswc 
IND3D2             4    17.280    tcbn65gpluswc 
IND3D4             4    30.240    tcbn65gpluswc 
INR2D1            43    92.880    tcbn65gpluswc 
INR2D2            38   109.440    tcbn65gpluswc 
INR2D4            25   126.000    tcbn65gpluswc 
INR2XD0            3     6.480    tcbn65gpluswc 
INR2XD1           14    40.320    tcbn65gpluswc 
INR2XD2           22   102.960    tcbn65gpluswc 
INR2XD4           28   262.080    tcbn65gpluswc 
INVD1            325   351.000    tcbn65gpluswc 
INVD2             68    97.920    tcbn65gpluswc 
INVD3              8    17.280    tcbn65gpluswc 
INVD4              9    22.680    tcbn65gpluswc 
INVD6              1     3.240    tcbn65gpluswc 
IOA21D1           47   118.440    tcbn65gpluswc 
IOA21D2           14    45.360    tcbn65gpluswc 
MAOI222D0          2     5.760    tcbn65gpluswc 
MAOI222D1         32    92.160    tcbn65gpluswc 
MAOI22D1          17    48.960    tcbn65gpluswc 
MOAI22D1          65   187.200    tcbn65gpluswc 
MUX2D1            24    86.400    tcbn65gpluswc 
MUX2D2             4    15.840    tcbn65gpluswc 
MUX2ND0            6    17.280    tcbn65gpluswc 
MUX2ND1            1     4.320    tcbn65gpluswc 
MUX2ND4            2    14.400    tcbn65gpluswc 
ND2D1            518   745.920    tcbn65gpluswc 
ND2D2            219   551.880    tcbn65gpluswc 
ND2D3             50   162.000    tcbn65gpluswc 
ND2D4             35   151.200    tcbn65gpluswc 
ND2D8              1     7.920    tcbn65gpluswc 
ND3D1              5    10.800    tcbn65gpluswc 
ND3D2              3     9.720    tcbn65gpluswc 
ND3D3              1     4.680    tcbn65gpluswc 
ND3D4              1     6.120    tcbn65gpluswc 
NR2D1             81   116.640    tcbn65gpluswc 
NR2D2              7    17.640    tcbn65gpluswc 
NR2D3              6    19.440    tcbn65gpluswc 
NR2D4              5    21.600    tcbn65gpluswc 
NR2XD0            26    37.440    tcbn65gpluswc 
NR2XD1            41   103.320    tcbn65gpluswc 
NR2XD2            17    73.440    tcbn65gpluswc 
NR2XD3             3    18.360    tcbn65gpluswc 
OA21D1             3     7.560    tcbn65gpluswc 
OA21D2             1     2.880    tcbn65gpluswc 
OA21D4             1     5.760    tcbn65gpluswc 
OAI211D1           1     2.520    tcbn65gpluswc 
OAI211D4           3    25.920    tcbn65gpluswc 
OAI21D1           15    32.400    tcbn65gpluswc 
OAI21D2           13    42.120    tcbn65gpluswc 
OAI21D4            4    25.920    tcbn65gpluswc 
OAI22D1            1     2.520    tcbn65gpluswc 
OR2D1             32    69.120    tcbn65gpluswc 
OR2D2              1     2.520    tcbn65gpluswc 
OR2D4              2     8.640    tcbn65gpluswc 
OR2XD1             6    12.960    tcbn65gpluswc 
XNR2D1            33   118.800    tcbn65gpluswc 
XNR2D2             1     3.960    tcbn65gpluswc 
XNR3D1            12    73.440    tcbn65gpluswc 
XNR3D4             1    10.440    tcbn65gpluswc 
XNR4D1             1     9.000    tcbn65gpluswc 
XOR2D1            12    43.200    tcbn65gpluswc 
XOR2D2            14    55.440    tcbn65gpluswc 
XOR3D1            14    85.680    tcbn65gpluswc 
XOR3D2             3    20.520    tcbn65gpluswc 
------------------------------------------------
total           3060  8267.400                  


                                     
   Type    Instances   Area   Area % 
-------------------------------------
sequential        49  363.960    4.4 
inverter         676  848.880   10.3 
buffer            39   76.680    0.9 
logic           2296 6977.880   84.4 
-------------------------------------
total           3060 8267.400  100.0 

