============================================================
  Generated by:           Encounter(R) RTL Compiler v12.10-s012_1
  Generated on:           Oct 14 2015  05:02:05 pm
  Module:                 ALT_MULTADD_pipe
  Technology library:     tcbn65gpluswc 121
  Operating conditions:   WCCOM (balanced_tree)
  Wireload mode:          segmented
  Area mode:              timing library
============================================================

                               
   Gate    Instances    Area        Library     
------------------------------------------------
AO22D0             9    25.920    tcbn65gpluswc 
AOI21D0            2     4.320    tcbn65gpluswc 
AOI22D0            2     5.040    tcbn65gpluswc 
CKAN2D0           65   140.400    tcbn65gpluswc 
CKND0             12    12.960    tcbn65gpluswc 
CKND2D0           70   100.800    tcbn65gpluswc 
CMPE42D1          29   480.240    tcbn65gpluswc 
DFKCNQD1           8    57.600    tcbn65gpluswc 
DFQD1             59   403.560    tcbn65gpluswc 
FA1D0             27   243.000    tcbn65gpluswc 
HA1D0             17    97.920    tcbn65gpluswc 
IND2D0             2     4.320    tcbn65gpluswc 
INR2D0             1     2.160    tcbn65gpluswc 
MAOI222D0          6    17.280    tcbn65gpluswc 
MAOI22D0           6    17.280    tcbn65gpluswc 
MOAI22D0           4    11.520    tcbn65gpluswc 
NR2D0             10    14.400    tcbn65gpluswc 
OR2D0              6    12.960    tcbn65gpluswc 
XNR2D0            10    36.000    tcbn65gpluswc 
XNR3D0             6    36.720    tcbn65gpluswc 
XNR4D0             2    18.000    tcbn65gpluswc 
XOR3D0             4    24.480    tcbn65gpluswc 
XOR3D1             2    12.240    tcbn65gpluswc 
------------------------------------------------
total            359  1779.120                  


                                     
   Type    Instances   Area   Area % 
-------------------------------------
sequential        67  461.160   25.9 
inverter          12   12.960    0.7 
logic            280 1305.000   73.4 
-------------------------------------
total            359 1779.120  100.0 

