============================================================
  Generated by:           Encounter(R) RTL Compiler v12.10-s012_1
  Generated on:           Oct 14 2015  05:02:06 pm
  Module:                 ALT_MULTADD_pipe
  Technology library:     tcbn65gpluswc 121
  Operating conditions:   WCCOM (balanced_tree)
  Wireload mode:          segmented
  Area mode:              timing library
============================================================

	Timing
	------

No paths found.


	Area
	----

    Instance      Cells  Cell Area  Net Area  Total Area    Wireload      
--------------------------------------------------------------------------
ALT_MULTADD_pipe    359       1779         0        1779 ZeroWireload (S) 

 (S) = wireload was automatically selected

	Design Rule Check
	-----------------

Max_transition design rule: no violations.

Max_capacitance design rule: no violations.


