============================================================
  Generated by:           Encounter(R) RTL Compiler v12.10-s012_1
  Generated on:           Nov 10 2014  06:04:40 pm
  Module:                 Elevator
  Technology library:     tcbn65gpluswc 121
  Operating conditions:   WCCOM (balanced_tree)
  Wireload mode:          segmented
  Area mode:              timing library
============================================================

                              
   Gate    Instances   Area        Library     
-----------------------------------------------
AN3D1              1    2.520    tcbn65gpluswc 
AO211D0            1    2.880    tcbn65gpluswc 
AO221D0            1    3.600    tcbn65gpluswc 
AO222D0            1    4.320    tcbn65gpluswc 
CKAN2D1            1    2.160    tcbn65gpluswc 
CKND0              7    7.560    tcbn65gpluswc 
DFKCNQD1           2   14.400    tcbn65gpluswc 
DFQD1              1    6.840    tcbn65gpluswc 
DFXD1              1    9.720    tcbn65gpluswc 
INR2D0             2    4.320    tcbn65gpluswc 
INR2D1             1    2.160    tcbn65gpluswc 
MAOI222D0          2    5.760    tcbn65gpluswc 
MOAI22D0           2    5.760    tcbn65gpluswc 
ND2D0              2    2.880    tcbn65gpluswc 
NR2D0              4    5.760    tcbn65gpluswc 
OA22D0             1    2.880    tcbn65gpluswc 
OAI221D0           2    5.760    tcbn65gpluswc 
SDFQND0            4   31.680    tcbn65gpluswc 
-----------------------------------------------
total             36  120.960                  


                                    
   Type    Instances   Area  Area % 
------------------------------------
sequential         8  62.640   51.8 
inverter           7   7.560    6.2 
logic             21  50.760   42.0 
------------------------------------
total             36 120.960  100.0 

