============================================================
  Generated by:           Encounter(R) RTL Compiler v12.10-s012_1
  Generated on:           Nov 10 2014  06:04:40 pm
  Module:                 Elevator
  Technology library:     tcbn65gpluswc 121
  Operating conditions:   WCCOM (balanced_tree)
  Wireload mode:          segmented
  Area mode:              timing library
============================================================

	Timing
	------

No paths found.


	Area
	----

Instance  Cells  Cell Area  Net Area  Total Area    Wireload      
------------------------------------------------------------------
Elevator     36        121         0         121 ZeroWireload (S) 

 (S) = wireload was automatically selected

	Design Rule Check
	-----------------

Max_transition design rule: no violations.

Max_capacitance design rule: no violations.


