============================================================
  Generated by:           Encounter(R) RTL Compiler v12.10-s012_1
  Generated on:           Nov 10 2014  06:04:40 pm
  Module:                 Elevator
  Technology library:     tcbn65gpluswc 121
  Operating conditions:   WCCOM (balanced_tree)
  Wireload mode:          segmented
  Area mode:              timing library
============================================================

     Pin           Type      Fanout Load Slew Delay Arrival   
                                    (fF) (ps)  (ps)   (ps)    
--------------------------------------------------------------
floor_reg[0]/CP                             0             0 R 
floor_reg[0]/QN   SDFQND0         2  1.5   38  +110     110 R 
g848/I                                           +0     110   
g848/ZN           CKND0           4  2.9   45   +40     150 F 
g841/A1                                          +0     150   
g841/ZN           NR2D0           4  3.0  132   +89     239 R 
g835/A1                                          +0     239   
g835/ZN           OAI221D0        1  1.5  106   +92     331 F 
g834/A                                           +0     331   
g834/ZN           MAOI222D0       1  1.6  158  +113     444 R 
g833/A                                           +0     444   
g833/ZN           MAOI222D0       3  2.3  116  +103     547 F 
g829/A2                                          +0     547   
g829/ZN           ND2D0           4  3.1   78   +73     619 R 
g823/A1                                          +0     619   
g823/ZN           MOAI22D0        2  1.5   66   +51     671 F 
g818/B                                           +0     671   
g818/Z            AO211D0         1  0.7   44  +151     821 F 
g814/A1                                          +0     821   
g814/Z            AO222D0         1  0.8   51  +142     963 F 
floor_reg[3]/D    SDFQND0                        +0     963   
floor_reg[3]/CP   setup                     0  +100    1063 R 
--------------------------------------------------------------
Timing slack :  UNCONSTRAINED
Start-point  : floor_reg[0]/CP
End-point    : floor_reg[3]/D
