============================================================
  Generated by:           Encounter(R) RTL Compiler v12.10-s012_1
  Generated on:           Oct 01 2015  03:47:22 pm
  Module:                 ALT_MULTADD
  Technology library:     tcbn65gpluswc 121
  Operating conditions:   WCCOM (balanced_tree)
  Wireload mode:          segmented
  Area mode:              timing library
============================================================

                               
   Gate    Instances    Area        Library     
------------------------------------------------
AN2D2              2     5.040    tcbn65gpluswc 
AN2D4              4    17.280    tcbn65gpluswc 
AN2XD1            32    69.120    tcbn65gpluswc 
AO21D1             4    10.080    tcbn65gpluswc 
AO22D0            12    34.560    tcbn65gpluswc 
AOI211D1           1     2.520    tcbn65gpluswc 
AOI211XD1          1     4.320    tcbn65gpluswc 
AOI211XD2          1     8.280    tcbn65gpluswc 
AOI21D1           29    62.640    tcbn65gpluswc 
AOI21D2           10    32.400    tcbn65gpluswc 
AOI21D4            1     6.480    tcbn65gpluswc 
AOI221D1           1     3.240    tcbn65gpluswc 
AOI22D1            2     5.040    tcbn65gpluswc 
BMLD1              2    17.280    tcbn65gpluswc 
BMLD4              1    12.960    tcbn65gpluswc 
BUFFD2            15    32.400    tcbn65gpluswc 
CKBD1              8    11.520    tcbn65gpluswc 
CKBD2              3     6.480    tcbn65gpluswc 
CKMUX2D1           2     7.200    tcbn65gpluswc 
CKND0              3     3.240    tcbn65gpluswc 
CKND1            115   124.200    tcbn65gpluswc 
CKND2            109   156.960    tcbn65gpluswc 
CKND2D1           62    89.280    tcbn65gpluswc 
CKND2D2           81   204.120    tcbn65gpluswc 
CKND2D3           16    51.840    tcbn65gpluswc 
CKND2D4            6    25.920    tcbn65gpluswc 
CKND3              6    12.960    tcbn65gpluswc 
CKND4              3     7.560    tcbn65gpluswc 
CKXOR2D1          19    68.400    tcbn65gpluswc 
DFQD1             17   116.280    tcbn65gpluswc 
DFQD2             16   115.200    tcbn65gpluswc 
DFQD4             16   132.480    tcbn65gpluswc 
FA1D0             50   450.000    tcbn65gpluswc 
FA1D1             38   383.040    tcbn65gpluswc 
FA1D2              3    31.320    tcbn65gpluswc 
FA1D4              7   100.800    tcbn65gpluswc 
FCICIND1          25   117.000    tcbn65gpluswc 
FCICIND2           6    30.240    tcbn65gpluswc 
FCICOND1           2     6.480    tcbn65gpluswc 
FICIND2            1    12.240    tcbn65gpluswc 
FICOND2            1    12.240    tcbn65gpluswc 
FIICOND1           2    20.880    tcbn65gpluswc 
FIICOND2           1    12.600    tcbn65gpluswc 
HA1D0              3    17.280    tcbn65gpluswc 
HA1D1              2    12.240    tcbn65gpluswc 
HA1D2              7    47.880    tcbn65gpluswc 
HICIND1            8    54.720    tcbn65gpluswc 
HICIND2            3    22.680    tcbn65gpluswc 
IAO21D1            2     5.040    tcbn65gpluswc 
IAO21D2            3     9.720    tcbn65gpluswc 
IAO22D1            4    12.960    tcbn65gpluswc 
IAO22D2            1     3.960    tcbn65gpluswc 
IND2D1           101   218.160    tcbn65gpluswc 
IND2D2            86   247.680    tcbn65gpluswc 
IND2D4            37   213.120    tcbn65gpluswc 
IND3D1             4    10.080    tcbn65gpluswc 
IND3D2             6    25.920    tcbn65gpluswc 
INR2D1            47   101.520    tcbn65gpluswc 
INR2D2            32    92.160    tcbn65gpluswc 
INR2D4            22   110.880    tcbn65gpluswc 
INR2XD0            4     8.640    tcbn65gpluswc 
INR2XD1           18    51.840    tcbn65gpluswc 
INR2XD2           11    51.480    tcbn65gpluswc 
INR2XD4           16   149.760    tcbn65gpluswc 
INVD1            409   441.720    tcbn65gpluswc 
INVD2             42    60.480    tcbn65gpluswc 
INVD3              8    17.280    tcbn65gpluswc 
INVD4              7    17.640    tcbn65gpluswc 
IOA21D1           49   123.480    tcbn65gpluswc 
IOA21D2            9    29.160    tcbn65gpluswc 
MAOI222D0          7    20.160    tcbn65gpluswc 
MAOI222D1         13    37.440    tcbn65gpluswc 
MAOI22D1          17    48.960    tcbn65gpluswc 
MAOI22D2           1     4.320    tcbn65gpluswc 
MOAI22D1          65   187.200    tcbn65gpluswc 
MUX2D0             4    12.960    tcbn65gpluswc 
MUX2D1            14    50.400    tcbn65gpluswc 
MUX2D2             3    11.880    tcbn65gpluswc 
MUX2D4             1     6.120    tcbn65gpluswc 
MUX2ND0            6    17.280    tcbn65gpluswc 
MUX2ND2            1     4.680    tcbn65gpluswc 
MUX2ND4            2    14.400    tcbn65gpluswc 
ND2D1            500   720.000    tcbn65gpluswc 
ND2D2            219   551.880    tcbn65gpluswc 
ND2D3             39   126.360    tcbn65gpluswc 
ND2D4             12    51.840    tcbn65gpluswc 
ND3D1              2     4.320    tcbn65gpluswc 
ND3D2              2     6.480    tcbn65gpluswc 
ND3D4              1     6.120    tcbn65gpluswc 
NR2D1             90   129.600    tcbn65gpluswc 
NR2D2             24    60.480    tcbn65gpluswc 
NR2D3              5    16.200    tcbn65gpluswc 
NR2D4              3    12.960    tcbn65gpluswc 
NR2D8              1     7.920    tcbn65gpluswc 
NR2XD0            24    34.560    tcbn65gpluswc 
NR2XD1            39    98.280    tcbn65gpluswc 
NR2XD2            15    64.800    tcbn65gpluswc 
NR2XD3             3    18.360    tcbn65gpluswc 
OA21D1             5    12.600    tcbn65gpluswc 
OA21D4             1     5.760    tcbn65gpluswc 
OAI211D2           2     8.640    tcbn65gpluswc 
OAI21D1           16    34.560    tcbn65gpluswc 
OAI21D2           12    38.880    tcbn65gpluswc 
OAI22D1            1     2.520    tcbn65gpluswc 
OR2D1             28    60.480    tcbn65gpluswc 
OR2XD1             2     4.320    tcbn65gpluswc 
XNR2D1            31   111.600    tcbn65gpluswc 
XNR2D4             1     7.560    tcbn65gpluswc 
XNR3D1            11    67.320    tcbn65gpluswc 
XNR3D2             1     7.920    tcbn65gpluswc 
XNR4D1             1     9.000    tcbn65gpluswc 
XOR2D1            12    43.200    tcbn65gpluswc 
XOR2D2            13    51.480    tcbn65gpluswc 
XOR2D4             1     7.560    tcbn65gpluswc 
XOR3D1            21   128.520    tcbn65gpluswc 
XOR3D2             8    54.720    tcbn65gpluswc 
------------------------------------------------
total           2957  7774.200                  


                                     
   Type    Instances   Area   Area % 
-------------------------------------
sequential        49  363.960    4.7 
inverter         702  842.040   10.8 
buffer            26   50.400    0.6 
logic           2180 6517.800   83.8 
-------------------------------------
total           2957 7774.200  100.0 

