============================================================
  Generated by:           Encounter(R) RTL Compiler v12.10-s012_1
  Generated on:           Oct 01 2015  03:47:22 pm
  Module:                 ALT_MULTADD
  Technology library:     tcbn65gpluswc 121
  Operating conditions:   WCCOM (balanced_tree)
  Wireload mode:          segmented
  Area mode:              timing library
============================================================

               Pin                     Type       Fanout Load Slew Delay Arrival   
                                                         (fF) (ps)  (ps)   (ps)    
-----------------------------------------------------------------------------------
(clock clk)                          launch                                  200 R 
                                     latency                          +2     202 R 
A0_reg[2]/CP                                                   100           202 R 
A0_reg[2]/Q                          DFQD4             4  9.0   35  +143     345 R 
mul_25_35_g3051/A1                                                    +0     345   
mul_25_35_g3051/ZN                   ND2D1             1  2.0   33   +31     376 F 
mul_25_35_g3049/I                                                     +0     376   
mul_25_35_g3049/ZN                   CKND2             2  6.1   32   +28     404 R 
mul_25_35_g2884/A1                                                    +0     404   
mul_25_35_g2884/ZN                   NR2XD2            1  2.3   20   +19     424 F 
mul_25_35_g2854/A1                                                    +0     424   
mul_25_35_g2854/ZN                   IND2D4            2  5.8   28   +52     475 F 
mul_25_35_g2820/A1                                                    +0     475   
mul_25_35_g2820/ZN                   ND2D2             1  2.3   26   +20     495 R 
mul_25_35_g2812/A1                                                    +0     495   
mul_25_35_g2812/ZN                   INR2XD4           2  7.0   31   +44     539 R 
mul_25_35_fopt3179/I                                                  +0     539   
mul_25_35_fopt3179/ZN                INVD4             3  5.6   15   +17     556 F 
mul_25_35_g2765/A1                                                    +0     556   
mul_25_35_g2765/ZN                   ND2D3             1  2.5   20   +15     571 R 
mul_25_35_g2761/A2                                                    +0     571   
mul_25_35_g2761/ZN                   ND2D2             2  4.0   30   +28     599 F 
mul_25_35_g2686/A1                                                    +0     599   
mul_25_35_g2686/ZN                   CKND2D2           1  2.4   28   +24     623 R 
mul_25_35_g2684/A1                                                    +0     623   
mul_25_35_g2684/ZN                   INR2D4            3  6.9   50   +59     682 R 
mul_25_35_g2570/A2                                                    +0     682   
mul_25_35_g2570/ZN                   ND2D2             1  2.4   24   +30     712 F 
mul_25_35_g2565/A1                                                    +0     712   
mul_25_35_g2565/ZN                   INR2D4            2  7.8   24   +45     757 F 
mul_25_35_g2542/I                                                     +0     757   
mul_25_35_g2542/ZN                   INVD3             1  4.5   21   +20     776 R 
mul_25_35_g2528/A1                                                    +0     776   
mul_25_35_g2528/ZN                   ND2D4             2  4.2   22   +20     796 F 
mul_25_35_g2503/A1                                                    +0     796   
mul_25_35_g2503/ZN                   INR2XD2           1  4.5   33   +66     862 F 
mul_25_35_g2490/A1                                                    +0     862   
mul_25_35_g2490/ZN                   ND2D4             1  8.4   34   +26     888 R 
mul_25_35_g2483/A1                                                    +0     888   
mul_25_35_g2483/ZN                   NR2D8             5  9.9   29   +18     906 F 
mul_25_35_g2471/A1                                                    +0     906   
mul_25_35_g2471/ZN                   OAI21D1           1  1.2   47   +36     942 R 
mul_25_35_g2463/B1                                                    +0     942   
mul_25_35_g2463/ZN                   IND2D1            1  3.4   49   +42     984 F 
mul_25_35_g2459/A1                                                    +0     984   
mul_25_35_g2459/ZN                   ND2D3             4  9.8   44   +36    1020 R 
csa_tree_mul_25_40_groupi_g4827/A1                                    +0    1020   
csa_tree_mul_25_40_groupi_g4827/ZN   ND2D3             3  3.8   28   +27    1047 F 
g6109/S                                                               +0    1047   
g6109/ZN                             MUX2ND0           2  2.4   71   +81    1128 F 
csa_tree_mul_25_40_groupi_g5096/A1                                    +0    1128   
csa_tree_mul_25_40_groupi_g5096/ZN   IND2D2            1  2.1   27   +61    1189 F 
csa_tree_mul_25_40_groupi_g4203/A1                                    +0    1189   
csa_tree_mul_25_40_groupi_g4203/ZN   ND2D2             4  5.1   35   +26    1215 R 
csa_tree_mul_25_40_groupi_g4103/A1                                    +0    1215   
csa_tree_mul_25_40_groupi_g4103/ZN   ND2D1             1  2.5   38   +34    1249 F 
csa_tree_mul_25_40_groupi_g4098/B1                                    +0    1249   
csa_tree_mul_25_40_groupi_g4098/ZN   IND2D2            2  3.7   28   +28    1277 R 
csa_tree_mul_25_40_groupi_g5078/A1                                    +0    1277   
csa_tree_mul_25_40_groupi_g5078/ZN   IND2D2            1  2.1   22   +38    1315 R 
csa_tree_mul_25_40_groupi_g3949/A1                                    +0    1315   
csa_tree_mul_25_40_groupi_g3949/ZN   ND2D2             2  5.0   35   +28    1344 F 
csa_tree_mul_25_40_groupi_g3923/A1                                    +0    1344   
csa_tree_mul_25_40_groupi_g3923/ZN   CKND2D3           3  8.1   49   +35    1379 R 
csa_tree_mul_25_40_groupi_g3922/I                                     +0    1379   
csa_tree_mul_25_40_groupi_g3922/ZN   INVD2             1  1.2   16   +17    1395 F 
csa_tree_mul_25_40_groupi_g3917/B                                     +0    1395   
csa_tree_mul_25_40_groupi_g3917/ZN   AOI21D1           2  1.9   65   +54    1449 R 
csa_tree_mul_25_40_groupi_g5069/A1                                    +0    1449   
csa_tree_mul_25_40_groupi_g5069/ZN   IND2D1            1  3.5   45   +64    1513 R 
csa_tree_mul_25_40_groupi_g3887/A1                                    +0    1513   
csa_tree_mul_25_40_groupi_g3887/ZN   ND2D3             6 10.2   46   +40    1553 F 
csa_tree_add_25_30_groupi_g5558/A1                                    +0    1553   
csa_tree_add_25_30_groupi_g5558/ZN   CKND2D2           3  4.3   39   +34    1587 R 
csa_tree_add_25_30_groupi_g5388/X2                                    +0    1587   
csa_tree_add_25_30_groupi_g5388/PP   BMLD1             1  2.2   39   +75    1663 R 
csa_tree_add_25_30_groupi_g5305/B                                     +0    1663   
csa_tree_add_25_30_groupi_g5305/CO   FA1D1             2  2.3   37  +123    1786 R 
csa_tree_add_25_30_groupi_g5269/B1                                    +0    1786   
csa_tree_add_25_30_groupi_g5269/ZN   MOAI22D1          2  2.3   68   +64    1849 R 
csa_tree_add_25_30_groupi_g5222/B1                                    +0    1849   
csa_tree_add_25_30_groupi_g5222/ZN   MOAI22D1          2  2.3   68   +71    1920 R 
csa_tree_add_25_30_groupi_g5111/B1                                    +0    1920   
csa_tree_add_25_30_groupi_g5111/ZN   MOAI22D1          2  2.3   68   +71    1991 R 
csa_tree_add_25_30_groupi_g5095/B1                                    +0    1991   
csa_tree_add_25_30_groupi_g5095/ZN   MOAI22D1          2  2.3   68   +71    2062 R 
csa_tree_add_25_30_groupi_g5082/B1                                    +0    2062   
csa_tree_add_25_30_groupi_g5082/ZN   MOAI22D1          2  2.4   70   +71    2133 R 
csa_tree_add_25_30_groupi_g5011/A2                                    +0    2133   
csa_tree_add_25_30_groupi_g5011/ZN   ND2D1             1  1.1   29   +36    2169 F 
csa_tree_add_25_30_groupi_g5009/A2                                    +0    2169   
csa_tree_add_25_30_groupi_g5009/ZN   ND2D1             1  2.1   31   +28    2196 R 
g338/A1                                                               +0    2196   
g338/ZN                              ND2D2             1  1.2   19   +20    2216 F 
g324/B                                                                +0    2216   
g324/ZN                              IOA21D1           1  1.1   30   +18    2234 R 
oR_reg[16]/D                         DFQD1                            +0    2234   
oR_reg[16]/CP                        setup                     100    +8    2242 R 
- - - - - - - - - - - - - - - - - - - - - - - - - - - - - - - - - - - - - - - - - -
(clock clk)                          capture                                2200 R 
                                     latency                          +2    2202 R 
                                     uncertainty                    -200    2002 R 
-----------------------------------------------------------------------------------
Timing slack :    -240ps (TIMING VIOLATION)
Start-point  : A0_reg[2]/CP
End-point    : oR_reg[16]/D
