============================================================
  Generated by:           Encounter(R) RTL Compiler v12.10-s012_1
  Generated on:           Oct 24 2014  04:59:24 pm
  Module:                 ALT_MULTADD
  Technology library:     tcbn65gpluswc 121
  Operating conditions:   WCCOM (balanced_tree)
  Wireload mode:          segmented
  Area mode:              timing library
============================================================

                               
   Gate    Instances    Area        Library     
------------------------------------------------
AN2D8              1     6.840    tcbn65gpluswc 
AN2XD1            19    41.040    tcbn65gpluswc 
AO21D0             1     2.520    tcbn65gpluswc 
AO21D1             5    12.600    tcbn65gpluswc 
AO21D2             2     5.760    tcbn65gpluswc 
AO22D0            16    46.080    tcbn65gpluswc 
AO22D1             6    19.440    tcbn65gpluswc 
AOI21D0            2     4.320    tcbn65gpluswc 
AOI21D1           18    38.880    tcbn65gpluswc 
AOI21D2            4    12.960    tcbn65gpluswc 
AOI22D0            2     5.040    tcbn65gpluswc 
AOI22D1           49   123.480    tcbn65gpluswc 
AOI22D2            1     4.320    tcbn65gpluswc 
BUFFD0             1     1.440    tcbn65gpluswc 
CKAN2D2            1     2.520    tcbn65gpluswc 
CKBD0              1     1.440    tcbn65gpluswc 
CKBD1              2     2.880    tcbn65gpluswc 
CKLNQD1            3    19.440    tcbn65gpluswc 
CKMUX2D1           1     3.600    tcbn65gpluswc 
CKND0              6     6.480    tcbn65gpluswc 
CKND1             50    54.000    tcbn65gpluswc 
CKND2              7    10.080    tcbn65gpluswc 
CKND2D1           59    84.960    tcbn65gpluswc 
CKND2D2           12    30.240    tcbn65gpluswc 
CKND3              4     8.640    tcbn65gpluswc 
CKND4              5    12.600    tcbn65gpluswc 
CKXOR2D1           5    18.000    tcbn65gpluswc 
DFCND1            16   138.240    tcbn65gpluswc 
DFCND2             1    10.080    tcbn65gpluswc 
DFCNQD1           30   237.600    tcbn65gpluswc 
DFCSNQD4           2    23.040    tcbn65gpluswc 
DFD1              15   108.000    tcbn65gpluswc 
DFD2               1     8.280    tcbn65gpluswc 
DFKCNQD1           2    14.400    tcbn65gpluswc 
DFQD1             40   273.600    tcbn65gpluswc 
DFSND1             6    54.000    tcbn65gpluswc 
DFSND4             1    11.520    tcbn65gpluswc 
DFSNQD1           18   149.040    tcbn65gpluswc 
DFSNQD2            1     9.000    tcbn65gpluswc 
DFSNQD4            1     9.720    tcbn65gpluswc 
FCICIND1           6    28.080    tcbn65gpluswc 
FCICIND2           1     5.040    tcbn65gpluswc 
FCICOND1           6    19.440    tcbn65gpluswc 
FICIND1            5    52.200    tcbn65gpluswc 
FICIND2            1    12.240    tcbn65gpluswc 
FIICOND1           1    10.440    tcbn65gpluswc 
HA1D0              4    23.040    tcbn65gpluswc 
IAO21D1            2     5.040    tcbn65gpluswc 
IAO21D2            1     3.240    tcbn65gpluswc 
IAO22D1            1     3.240    tcbn65gpluswc 
IAO22D2            1     3.960    tcbn65gpluswc 
IND2D1            28    60.480    tcbn65gpluswc 
IND2D2            12    34.560    tcbn65gpluswc 
IND2D4             1     5.760    tcbn65gpluswc 
INR2D0             6    12.960    tcbn65gpluswc 
INR2D1             8    17.280    tcbn65gpluswc 
INR2D2             1     2.880    tcbn65gpluswc 
INR2XD0           25    54.000    tcbn65gpluswc 
INR2XD1            1     2.880    tcbn65gpluswc 
INR3D1             1     3.600    tcbn65gpluswc 
INVD0              4     4.320    tcbn65gpluswc 
INVD1             51    55.080    tcbn65gpluswc 
INVD2             12    17.280    tcbn65gpluswc 
INVD6              1     3.240    tcbn65gpluswc 
IOA21D1           16    40.320    tcbn65gpluswc 
IOA21D2           10    32.400    tcbn65gpluswc 
IOA22D2            1     3.960    tcbn65gpluswc 
MAOI222D0          8    23.040    tcbn65gpluswc 
MAOI222D1         72   207.360    tcbn65gpluswc 
MAOI22D1          42   120.960    tcbn65gpluswc 
MAOI22D2           1     4.320    tcbn65gpluswc 
MOAI22D0          13    37.440    tcbn65gpluswc 
MOAI22D1         111   319.680    tcbn65gpluswc 
MUX2D1             1     3.600    tcbn65gpluswc 
MUX2ND0            1     2.880    tcbn65gpluswc 
ND2D0             11    15.840    tcbn65gpluswc 
ND2D1            200   288.000    tcbn65gpluswc 
ND2D2             22    55.440    tcbn65gpluswc 
ND2D3              6    19.440    tcbn65gpluswc 
ND2D4              3    12.960    tcbn65gpluswc 
ND3D1              2     4.320    tcbn65gpluswc 
NR2D0              8    11.520    tcbn65gpluswc 
NR2D1             44    63.360    tcbn65gpluswc 
NR2D2              5    12.600    tcbn65gpluswc 
NR2D3              3     9.720    tcbn65gpluswc 
NR2D4              1     4.320    tcbn65gpluswc 
NR2XD0            75   108.000    tcbn65gpluswc 
NR2XD1            11    27.720    tcbn65gpluswc 
OA211D1            2     5.760    tcbn65gpluswc 
OA21D0             3     7.560    tcbn65gpluswc 
OA21D1             9    22.680    tcbn65gpluswc 
OA22D0             1     2.880    tcbn65gpluswc 
OA22D1             4    12.960    tcbn65gpluswc 
OAI211D1           3     7.560    tcbn65gpluswc 
OAI21D0            1     2.160    tcbn65gpluswc 
OAI21D1           29    62.640    tcbn65gpluswc 
OAI21D2            3     9.720    tcbn65gpluswc 
OAI21D4            1     6.480    tcbn65gpluswc 
OAI222D2           1     6.480    tcbn65gpluswc 
OAI22D0            1     2.520    tcbn65gpluswc 
OAI22D1           38    95.760    tcbn65gpluswc 
OAI22D2            3    12.960    tcbn65gpluswc 
OR2D0              1     2.160    tcbn65gpluswc 
OR2D1             10    21.600    tcbn65gpluswc 
OR2XD1             2     4.320    tcbn65gpluswc 
SDFCNQD1           9    93.960    tcbn65gpluswc 
SDFKCNQD0          1    10.080    tcbn65gpluswc 
SDFQD1             4    36.000    tcbn65gpluswc 
SDFQND0            2    15.840    tcbn65gpluswc 
SDFQND1            7    63.000    tcbn65gpluswc 
XNR2D1            16    57.600    tcbn65gpluswc 
XNR2D4             1     7.560    tcbn65gpluswc 
XNR3D0             2    12.240    tcbn65gpluswc 
XNR3D1            24   146.880    tcbn65gpluswc 
XNR3D2             1     7.920    tcbn65gpluswc 
XOR2D1             4    14.400    tcbn65gpluswc 
XOR3D0             2    12.240    tcbn65gpluswc 
XOR3D1            19   116.280    tcbn65gpluswc 
XOR3D2             3    20.520    tcbn65gpluswc 
------------------------------------------------
total           1471  4396.320                  


                                                       
            Type             Instances   Area   Area % 
-------------------------------------------------------
sequential                         157 1265.400   28.8 
inverter                           140  171.720    3.9 
buffer                               4    5.760    0.1 
clock_gating_integrated_cell         3   19.440    0.4 
logic                             1167 2934.000   66.7 
-------------------------------------------------------
total                             1471 4396.320  100.0 

