============================================================
  Generated by:           Encounter(R) RTL Compiler v12.10-s012_1
  Generated on:           Sep 23 2015  03:31:51 pm
  Module:                 lab1
  Technology library:     tcbn65gpluswc 121
  Operating conditions:   WCCOM (balanced_tree)
  Wireload mode:          segmented
  Area mode:              timing library
============================================================

                               
   Gate    Instances    Area        Library     
------------------------------------------------
AN2D0              2     4.320    tcbn65gpluswc 
AN2D4              3    12.960    tcbn65gpluswc 
AN2XD1            51   110.160    tcbn65gpluswc 
AN3XD1             2     5.040    tcbn65gpluswc 
AO21D1            20    50.400    tcbn65gpluswc 
AO22D0            10    28.800    tcbn65gpluswc 
AO22D1             1     3.240    tcbn65gpluswc 
AO31D0             1     2.880    tcbn65gpluswc 
AO32D1             1     3.960    tcbn65gpluswc 
AOI21D1           32    69.120    tcbn65gpluswc 
AOI21D2            9    29.160    tcbn65gpluswc 
AOI21D4            1     6.480    tcbn65gpluswc 
AOI22D1            6    15.120    tcbn65gpluswc 
AOI22D2            3    12.960    tcbn65gpluswc 
AOI31D1            1     2.520    tcbn65gpluswc 
AOI31D2            2     8.640    tcbn65gpluswc 
AOI33D1            1     3.240    tcbn65gpluswc 
BMLD4              1    12.960    tcbn65gpluswc 
BUFFD0             2     2.880    tcbn65gpluswc 
BUFFD1             9    12.960    tcbn65gpluswc 
BUFFD12            3    23.760    tcbn65gpluswc 
BUFFD2            12    25.920    tcbn65gpluswc 
BUFFD3             2     5.040    tcbn65gpluswc 
BUFFD4             7    22.680    tcbn65gpluswc 
BUFFD6             3    12.960    tcbn65gpluswc 
BUFFD8             2    11.520    tcbn65gpluswc 
CKAN2D1            3     6.480    tcbn65gpluswc 
CKBD0              1     1.440    tcbn65gpluswc 
CKBD1             32    46.080    tcbn65gpluswc 
CKBD4              2     6.480    tcbn65gpluswc 
CKBD8              1     5.760    tcbn65gpluswc 
CKMUX2D1           2     7.200    tcbn65gpluswc 
CKND0             14    15.120    tcbn65gpluswc 
CKND1            289   312.120    tcbn65gpluswc 
CKND2            250   360.000    tcbn65gpluswc 
CKND2D0            2     2.880    tcbn65gpluswc 
CKND2D1          296   426.240    tcbn65gpluswc 
CKND2D2          276   695.520    tcbn65gpluswc 
CKND2D3           14    45.360    tcbn65gpluswc 
CKND2D4            7    30.240    tcbn65gpluswc 
CKND3              7    15.120    tcbn65gpluswc 
CKND4             16    40.320    tcbn65gpluswc 
CKND6              3     9.720    tcbn65gpluswc 
CKXOR2D1           8    28.800    tcbn65gpluswc 
DFD1               1     7.200    tcbn65gpluswc 
DFD2               1     8.280    tcbn65gpluswc 
DFKCND1            3    24.840    tcbn65gpluswc 
DFKCNQD1          10    72.000    tcbn65gpluswc 
DFQD1              5    34.200    tcbn65gpluswc 
DFQD2              8    57.600    tcbn65gpluswc 
DFQD4             21   173.880    tcbn65gpluswc 
FCICIND1           4    18.720    tcbn65gpluswc 
FCICIND2           1     5.040    tcbn65gpluswc 
FCICOND1           6    19.440    tcbn65gpluswc 
FICIND1            1    10.440    tcbn65gpluswc 
FIICOND1           1    10.440    tcbn65gpluswc 
HA1D1              1     6.120    tcbn65gpluswc 
HICIND1            1     6.840    tcbn65gpluswc 
IAO21D1            2     5.040    tcbn65gpluswc 
IAO21D2           15    48.600    tcbn65gpluswc 
IAO22D1            1     3.240    tcbn65gpluswc 
IND2D0             5    10.800    tcbn65gpluswc 
IND2D1           171   369.360    tcbn65gpluswc 
IND2D2            45   129.600    tcbn65gpluswc 
IND2D4             3    17.280    tcbn65gpluswc 
IND3D1             4    10.080    tcbn65gpluswc 
IND3D2             1     4.320    tcbn65gpluswc 
IND4D1             1     2.880    tcbn65gpluswc 
INR2D1            21    45.360    tcbn65gpluswc 
INR2D2            12    34.560    tcbn65gpluswc 
INR2D4             5    25.200    tcbn65gpluswc 
INR2XD0           12    25.920    tcbn65gpluswc 
INR2XD1           11    31.680    tcbn65gpluswc 
INR2XD2            1     4.680    tcbn65gpluswc 
INR3D0             2     5.040    tcbn65gpluswc 
INR3D1             2     7.200    tcbn65gpluswc 
INVD0             11    11.880    tcbn65gpluswc 
INVD1            334   360.720    tcbn65gpluswc 
INVD2             52    74.880    tcbn65gpluswc 
INVD3              7    15.120    tcbn65gpluswc 
INVD4              4    10.080    tcbn65gpluswc 
INVD6              2     6.480    tcbn65gpluswc 
IOA21D1           40   100.800    tcbn65gpluswc 
IOA21D2           85   275.400    tcbn65gpluswc 
IOA22D1            1     3.240    tcbn65gpluswc 
IOA22D2            3    11.880    tcbn65gpluswc 
MAOI222D0          5    14.400    tcbn65gpluswc 
MAOI222D1         32    92.160    tcbn65gpluswc 
MAOI222D2          1     4.680    tcbn65gpluswc 
MAOI22D1          20    57.600    tcbn65gpluswc 
MAOI22D2           1     4.320    tcbn65gpluswc 
MOAI22D0           1     2.880    tcbn65gpluswc 
MOAI22D1          95   273.600    tcbn65gpluswc 
MOAI22D2           2     8.640    tcbn65gpluswc 
MUX2D1            12    43.200    tcbn65gpluswc 
MUX2D2             2     7.920    tcbn65gpluswc 
ND2D0             17    24.480    tcbn65gpluswc 
ND2D1            569   819.360    tcbn65gpluswc 
ND2D2            511  1287.720    tcbn65gpluswc 
ND2D3             48   155.520    tcbn65gpluswc 
ND2D4             36   155.520    tcbn65gpluswc 
ND3D0              1     2.160    tcbn65gpluswc 
ND3D1             53   114.480    tcbn65gpluswc 
ND3D2             31   100.440    tcbn65gpluswc 
ND3D3              1     4.680    tcbn65gpluswc 
ND4D1              3     7.560    tcbn65gpluswc 
NR2D0              1     1.440    tcbn65gpluswc 
NR2D1             44    63.360    tcbn65gpluswc 
NR2D2             23    57.960    tcbn65gpluswc 
NR2D3              4    12.960    tcbn65gpluswc 
NR2D4              2     8.640    tcbn65gpluswc 
NR2XD0            68    97.920    tcbn65gpluswc 
NR2XD1           123   309.960    tcbn65gpluswc 
NR2XD2            45   194.400    tcbn65gpluswc 
NR2XD3             2    12.240    tcbn65gpluswc 
NR2XD4             8    63.360    tcbn65gpluswc 
NR3D1              1     3.240    tcbn65gpluswc 
OA211D1            1     2.880    tcbn65gpluswc 
OA21D1             7    17.640    tcbn65gpluswc 
OA21D2             3     8.640    tcbn65gpluswc 
OAI211D1           1     2.520    tcbn65gpluswc 
OAI21D0            2     4.320    tcbn65gpluswc 
OAI21D1           46    99.360    tcbn65gpluswc 
OAI21D2           11    35.640    tcbn65gpluswc 
OAI21D4            4    25.920    tcbn65gpluswc 
OAI221D0           3     8.640    tcbn65gpluswc 
OAI221D1           1     3.240    tcbn65gpluswc 
OAI22D1            3     7.560    tcbn65gpluswc 
OAI22D2            1     4.320    tcbn65gpluswc 
OAI31D1            1     2.520    tcbn65gpluswc 
OR2D0              4     8.640    tcbn65gpluswc 
OR2D1             30    64.800    tcbn65gpluswc 
OR2D2              1     2.520    tcbn65gpluswc 
OR2XD1            16    34.560    tcbn65gpluswc 
XNR2D1             9    32.400    tcbn65gpluswc 
XNR3D1             8    48.960    tcbn65gpluswc 
XOR2D1             1     3.600    tcbn65gpluswc 
XOR2D2             1     3.960    tcbn65gpluswc 
XOR3D1             7    42.840    tcbn65gpluswc 
XOR3D2             4    27.360    tcbn65gpluswc 
------------------------------------------------
total           4254  9160.560                  


                                     
   Type    Instances   Area   Area % 
-------------------------------------
sequential        49  378.000    4.1 
inverter         989 1231.560   13.4 
buffer            76  177.480    1.9 
logic           3140 7373.520   80.5 
-------------------------------------
total           4254 9160.560  100.0 

