============================================================
  Generated by:           Encounter(R) RTL Compiler v12.10-s012_1
  Generated on:           Sep 23 2015  03:31:51 pm
  Module:                 lab1
  Technology library:     tcbn65gpluswc 121
  Operating conditions:   WCCOM (balanced_tree)
  Wireload mode:          segmented
  Area mode:              timing library
============================================================

	Timing
	------

 Slack    Endpoint   Cost Group 
-------------------------------------
 -943ps oR_reg[15]/D iCLK       


	Area
	----

Instance  Cells  Cell Area  Net Area  Total Area    Wireload      
------------------------------------------------------------------
lab1       4254       9161         0        9161 ZeroWireload (S) 

 (S) = wireload was automatically selected

	Design Rule Check
	-----------------

Max_transition design rule: no violations.

Max_capacitance design rule: no violations.


