============================================================
  Generated by:           Encounter(R) RTL Compiler v12.10-s012_1
  Generated on:           Sep 23 2015  03:31:51 pm
  Module:                 lab1
  Technology library:     tcbn65gpluswc 121
  Operating conditions:   WCCOM (balanced_tree)
  Wireload mode:          segmented
  Area mode:              timing library
============================================================

    Pin         Type     Fanout Load Slew Delay Arrival   
                                (fF) (ps)  (ps)   (ps)    
----------------------------------------------------------
(clock iCLK)    launch                                0 R 
A1_reg[5]/CP                            0             0 R 
A1_reg[5]/Q     DFQD4         6 12.6   37  +131     131 F 
g14891/A2                                    +0     131   
g14891/ZN       ND2D2         3  4.5   31   +30     160 R 
fopt14890/I                                  +0     160   
fopt14890/ZN    INVD2         2  2.4   14   +16     176 F 
g14889/A1                                    +0     176   
g14889/ZN       ND2D1         2  2.4   34   +23     199 R 
g9625/A2                                     +0     199   
g9625/ZN        ND2D1         1  2.1   34   +34     232 F 
g20067/A1                                    +0     232   
g20067/ZN       ND2D2         1  2.5   22   +22     254 R 
g20079/A2                                    +0     254   
g20079/ZN       ND2D2         3  4.1   31   +29     283 F 
g20078/I                                     +0     283   
g20078/ZN       CKND2         2  4.7   26   +24     307 R 
g12321/A2                                    +0     307   
g12321/ZN       ND2D2         1  3.4   27   +28     334 F 
g10006/A1                                    +0     334   
g10006/ZN       ND2D3         2  7.1   34   +25     360 R 
g18929/A1                                    +0     360   
g18929/ZN       ND2D3         1  4.0   26   +26     386 F 
g18928/I                                     +0     386   
g18928/ZN       CKND4         1  6.9   21   +20     406 R 
g18927/A1                                    +0     406   
g18927/ZN       NR2XD4        3  7.9   25   +19     425 F 
g20260/A2                                    +0     425   
g20260/ZN       ND2D2         1  4.1   29   +25     450 R 
g20259/I                                     +0     450   
g20259/ZN       CKND4         1  6.5   16   +19     469 F 
g21179/A1                                    +0     469   
g21179/ZN       NR2XD4        2  6.5   28   +21     490 R 
g21178/A1                                    +0     490   
g21178/ZN       CKND2D3       3  6.1   31   +28     518 F 
g21176/A2                                    +0     518   
g21176/ZN       ND2D2         1  4.5   30   +28     546 R 
g21470/A1                                    +0     546   
g21470/ZN       ND2D4         5  9.3   33   +30     575 F 
g21315/A1                                    +0     575   
g21315/ZN       CKND2D2       1  4.8   41   +32     608 R 
g21314/A2                                    +0     608   
g21314/ZN       ND2D4         5  9.4   34   +35     643 F 
g21821/A1                                    +0     643   
g21821/ZN       CKND2D2       1  1.9   25   +24     666 R 
g21820/A1                                    +0     666   
g21820/ZN       CKND2D2       1  2.1   21   +20     686 F 
g21819/A1                                    +0     686   
g21819/ZN       ND2D2         2  2.4   23   +18     704 R 
g21818/I                                     +0     704   
g21818/ZN       INVD1         1  2.1   17   +18     722 F 
g21817/A1                                    +0     722   
g21817/ZN       ND2D2         2  3.3   26   +19     740 R 
g20631/A2                                    +0     740   
g20631/ZN       ND3D1         1  2.1   57   +48     788 F 
g20630/A1                                    +0     788   
g20630/ZN       ND2D2         2  4.0   32   +31     819 R 
g16219/I                                     +0     819   
g16219/ZN       CKND2         1  2.1   14   +17     836 F 
g16218/A1                                    +0     836   
g16218/ZN       ND2D2         2  4.0   28   +20     856 R 
g128/A1                                      +0     856   
g128/ZN         ND3D2         2  3.1   45   +36     892 F 
g16225/I                                     +0     892   
g16225/ZN       CKND2         1  1.8   20   +20     912 R 
g16992/A2                                    +0     912   
g16992/ZN       NR2XD1        1  3.4   32   +28     939 F 
g18974/A1                                    +0     939   
g18974/ZN       NR2XD2        3  7.6   46   +35     974 R 
g20737/A1                                    +0     974   
g20737/ZN       OAI21D4       3  4.7   34   +30    1004 F 
g20741/A2                                    +0    1004   
g20741/ZN       ND2D2         1  4.5   30   +29    1033 R 
g22013/A1                                    +0    1033   
g22013/ZN       ND2D4         4  8.1   31   +28    1061 F 
g21596/I                                     +0    1061   
g21596/ZN       CKND2         1  3.6   22   +21    1082 R 
g20823/A1                                    +0    1082   
g20823/ZN       NR2XD2        1  2.1   20   +16    1099 F 
g20134/A1                                    +0    1099   
g20134/ZN       ND2D2         1  4.8   32   +23    1122 R 
g20128/A2                                    +0    1122   
g20128/ZN       ND2D4         4  8.2   31   +31    1153 F 
g17832/A1                                    +0    1153   
g17832/ZN       CKND2D2       1  4.8   41   +32    1185 R 
g21709/A2                                    +0    1185   
g21709/ZN       ND2D4         4  8.5   32   +34    1218 F 
g21708/A1                                    +0    1218   
g21708/ZN       ND2D4         2  4.3   22   +21    1239 R 
g21710/A1                                    +0    1239   
g21710/ZN       ND2D1         1  2.1   34   +29    1268 F 
g14287/A1                                    +0    1268   
g14287/ZN       ND2D2         1  2.1   21   +21    1288 R 
g21555/A1                                    +0    1288   
g21555/ZN       ND2D2         2  3.2   26   +23    1311 F 
g14285/A1                                    +0    1311   
g14285/ZN       ND2D1         2  2.4   34   +26    1338 R 
g17214/A2                                    +0    1338   
g17214/ZN       ND2D1         1  2.1   34   +34    1371 F 
g19198/A1                                    +0    1371   
g19198/ZN       ND2D2         2  2.4   22   +22    1393 R 
g19197/A1                                    +0    1393   
g19197/ZN       ND2D1         1  1.7   30   +27    1419 F 
g17779/A1                                    +0    1419   
g17779/ZN       NR2XD1        1  2.1   32   +26    1446 R 
g143/A1                                      +0    1446   
g143/ZN         ND2D2         1  2.1   22   +22    1468 F 
g18364/A1                                    +0    1468   
g18364/ZN       ND2D2         1  2.1   22   +18    1486 R 
g19292/A1                                    +0    1486   
g19292/ZN       ND2D2         2  3.3   27   +24    1509 F 
g20172/A1                                    +0    1509   
g20172/ZN       ND2D2         3  4.6   31   +25    1534 R 
g20302/A2                                    +0    1534   
g20302/ZN       ND2D1         1  2.1   36   +33    1567 F 
g20301/A1                                    +0    1567   
g20301/ZN       ND2D2         1  2.1   21   +21    1588 R 
g20300/I                                     +0    1588   
g20300/ZN       CKND2         3  3.4   15   +17    1605 F 
g22042/A1                                    +0    1605   
g22042/ZN       ND2D1         1  1.9   30   +21    1626 R 
g22041/A1                                    +0    1626   
g22041/ZN       CKND2D2       1  1.2   17   +19    1645 F 
g22038/B                                     +0    1645   
g22038/ZN       OAI21D1       1  1.1   46   +24    1668 R 
oR_reg[15]/D    DFKCND1                      +0    1668   
oR_reg[15]/CP   setup                   0   +75    1743 R 
- - - - - - - - - - - - - - - - - - - - - - - - - - - - - 
(clock iCLK)    capture                             800 R 
----------------------------------------------------------
Cost Group   : 'iCLK' (path_group 'iCLK')
Timing slack :    -943ps (TIMING VIOLATION)
Start-point  : A1_reg[5]/CP
End-point    : oR_reg[15]/D
