============================================================
  Generated by:           Encounter(R) RTL Compiler v10.10-s209_1
  Generated on:           Oct 09 2015  03:57:39 pm
  Module:                 ALT_MULTADD
  Technology libraries:   tcbn65gpluswc 121
                          physical_cells 
  Operating conditions:   WCCOM 
  Interconnect mode:      ple
  Area mode:              physical library
============================================================

    Pin                Type         Fanout Load Slew Delay Arrival   
                                           (fF) (ps)  (ps)   (ps)    
---------------------------------------------------------------------
(clock iCLK)       launch                                        0 R 
oR_reg[0]/clk                                      0             0 R 
oR_reg[0]/q        unmapped_d_flop       1  0.6    0  +128     128 R 
oR[0]         <<<  out port                             +0     128 R 
---------------------------------------------------------------------
Timing slack :  UNCONSTRAINED
Start-point  : oR_reg[0]/clk
End-point    : oR[0]
