###############################################################
#  Generated by:      Cadence Encounter 10.12-s181_1
#  OS:                Linux x86_64(Host ID co2046-06.ece.iastate.edu)
#  Generated on:      Thu Dec 10 21:11:50 2015
#  Design:            triangle
#  Command:           report_timing > timing.rpt
###############################################################
Path 1: VIOLATED Clock Gating Setup Check with Pin RC_CG_HIER_INST17/RC_CGIC_
INST/CP 
Endpoint:   RC_CG_HIER_INST17/RC_CGIC_INST/E (v) checked with  leading edge of 
'clk'
Beginpoint: y_min_reg[1]/Q                   (v) triggered by  leading edge of 
'clk'
Other End Arrival Time          0.137
- Clock Gating Setup            0.048
+ Phase Shift                   0.400
= Required Time                 0.490
- Arrival Time                  0.561
= Slack Time                   -0.071
     Clock Rise Edge                 0.040
     + Clock Network Latency (Prop)  0.178
     = Beginpoint Arrival Time       0.218
     +-------------------------------------------------------------------------------------------+ 
     |            Instance            |     Arc      |     Cell     | Delay | Arrival | Required | 
     |                                |              |              |       |  Time   |   Time   | 
     |--------------------------------+--------------+--------------+-------+---------+----------| 
     | y_min_reg[1]                   | CP ^         |              |       |   0.218 |    0.147 | 
     | y_min_reg[1]                   | CP ^ -> Q v  | DFQD4        | 0.143 |   0.361 |    0.290 | 
     | g7363                          | A2 v -> ZN ^ | OAI211D2     | 0.037 |   0.398 |    0.327 | 
     | g7362                          | A1 ^ -> ZN v | ND2D1        | 0.040 |   0.438 |    0.367 | 
     | g7361                          | A v -> CON ^ | FCICOND1     | 0.073 |   0.511 |    0.440 | 
     | g5975                          | A2 ^ -> ZN v | OAI21D2      | 0.049 |   0.561 |    0.490 | 
     | RC_CG_HIER_INST17              | enable v     | RC_CG_MOD_17 |       |   0.561 |    0.490 | 
     | RC_CG_HIER_INST17/RC_CGIC_INST | E v          | CKLNQD1      | 0.000 |   0.561 |    0.490 | 
     +-------------------------------------------------------------------------------------------+ 

