============================================================
  Generated by:           Encounter(R) RTL Compiler v10.10-s209_1
  Generated on:           Nov 10 2015  11:34:52 am
  Module:                 ALT_MULTADD_9
  Technology library:     tcbn65gpluswc 121
  Operating conditions:   WCCOM (balanced_tree)
  Wireload mode:          segmented
  Area mode:              timing library
============================================================


Summary
-------
---------------------------------------------
            Category            Number   %   
---------------------------------------------
 RC Clock Gating Instances           1    -  
 Non-RC Clock Gating Instances       0    -  
---------------------------------------------
 RC Gated Flip-flops                17   16  
 Non-RC Gated Flip-flops             0    0  
 Ungated Flip-flops                 88   84  
 Total Flip-flops                  105  100  
---------------------------------------------

