============================================================
  Generated by:           Encounter(R) RTL Compiler v10.10-s209_1
  Generated on:           Nov 10 2015  11:18:39 am
  Module:                 ALT_MULTADD_9
  Technology library:     tcbn65gpluswc 121
  Operating conditions:   WCCOM (balanced_tree)
  Wireload mode:          segmented
  Area mode:              timing library
============================================================

                               
   Gate    Instances    Area        Library     
------------------------------------------------
AN2XD1             1     2.160    tcbn65gpluswc 
AO22D0            43   123.840    tcbn65gpluswc 
AOI21D0            2     4.320    tcbn65gpluswc 
AOI221D0           6    17.280    tcbn65gpluswc 
AOI22D0           71   178.920    tcbn65gpluswc 
AOI33D0            1     3.240    tcbn65gpluswc 
BUFFD16            1    10.440    tcbn65gpluswc 
BUFFD2             5    10.800    tcbn65gpluswc 
CKAN2D0           49   105.840    tcbn65gpluswc 
CKBD0              2     2.880    tcbn65gpluswc 
CKLNQD1            1     6.480    tcbn65gpluswc 
CKND0             51    55.080    tcbn65gpluswc 
CKND1              2     2.160    tcbn65gpluswc 
CKND2             14    20.160    tcbn65gpluswc 
CKND2D0           38    54.720    tcbn65gpluswc 
CKND2D1            1     1.440    tcbn65gpluswc 
CKND2D2            1     2.520    tcbn65gpluswc 
CKXOR2D1           8    28.800    tcbn65gpluswc 
CMPE42D1          25   414.000    tcbn65gpluswc 
DFKCND1           28   231.840    tcbn65gpluswc 
DFKCND4            1    11.880    tcbn65gpluswc 
DFKCNQD1          55   396.000    tcbn65gpluswc 
DFKCNQD2           1     7.920    tcbn65gpluswc 
DFKCNQD4           7    60.480    tcbn65gpluswc 
DFQD1              8    54.720    tcbn65gpluswc 
DFQD4              5    41.400    tcbn65gpluswc 
FA1D0             76   684.000    tcbn65gpluswc 
FCICIND1           2     9.360    tcbn65gpluswc 
HA1D0              1     5.760    tcbn65gpluswc 
IND2D0             2     4.320    tcbn65gpluswc 
INR2D0             1     2.160    tcbn65gpluswc 
INR2XD1            1     2.880    tcbn65gpluswc 
INVD0              3     3.240    tcbn65gpluswc 
INVD1              9     9.720    tcbn65gpluswc 
INVD2              1     1.440    tcbn65gpluswc 
LHQD1              1     5.040    tcbn65gpluswc 
LNQD1              1     5.040    tcbn65gpluswc 
MAOI222D0         19    54.720    tcbn65gpluswc 
MAOI22D0          20    57.600    tcbn65gpluswc 
MOAI22D0          24    69.120    tcbn65gpluswc 
NR2D0             24    34.560    tcbn65gpluswc 
NR2XD0             5     7.200    tcbn65gpluswc 
OA22D0             2     5.760    tcbn65gpluswc 
OAI211D0           1     2.520    tcbn65gpluswc 
OAI21D0            2     4.320    tcbn65gpluswc 
OAI221D0           5    14.400    tcbn65gpluswc 
OAI22D0           74   186.480    tcbn65gpluswc 
OR2D0              1     2.160    tcbn65gpluswc 
XNR2D1             6    21.600    tcbn65gpluswc 
XNR3D1             4    24.480    tcbn65gpluswc 
XNR4D0             1     9.000    tcbn65gpluswc 
XOR2D2             1     3.960    tcbn65gpluswc 
------------------------------------------------
total            714  3080.160                  


                                       
    Type     Instances   Area   Area % 
---------------------------------------
timing_model         0    0.000    0.0 
sequential         108  820.800   26.6 
inverter            80   91.800    3.0 
buffer               8   24.120    0.8 
logic              518 2143.440   69.6 
---------------------------------------
total              714 3080.160  100.0 

