============================================================
  Generated by:           Encounter(R) RTL Compiler v12.10-s012_1
  Generated on:           Nov 14 2015  02:48:27 pm
  Module:                 elevator
  Technology library:     tcbn65gpluswc 121
  Operating conditions:   WCCOM (balanced_tree)
  Wireload mode:          segmented
  Area mode:              timing library
============================================================

                              
   Gate    Instances   Area        Library     
-----------------------------------------------
AO21D0             1    2.520    tcbn65gpluswc 
AOI21D0            1    2.160    tcbn65gpluswc 
AOI221D0           3    8.640    tcbn65gpluswc 
AOI22D0            2    5.040    tcbn65gpluswc 
BUFFD2             3    6.480    tcbn65gpluswc 
CKAN2D0            1    2.160    tcbn65gpluswc 
CKLNQD1            3   19.440    tcbn65gpluswc 
CKND0             11   11.880    tcbn65gpluswc 
CKND2D0            7   10.080    tcbn65gpluswc 
DFKCNQD1          15  108.000    tcbn65gpluswc 
EDFKCND1           2   20.880    tcbn65gpluswc 
EDFKCNQD1          6   60.480    tcbn65gpluswc 
IIND4D0            1    3.600    tcbn65gpluswc 
IND2D0             8   17.280    tcbn65gpluswc 
IND4D0             1    2.880    tcbn65gpluswc 
INR2D0             2    4.320    tcbn65gpluswc 
IOA21D0            2    5.040    tcbn65gpluswc 
LNQD1              2   10.080    tcbn65gpluswc 
MOAI22D0           8   23.040    tcbn65gpluswc 
ND4D0              1    2.520    tcbn65gpluswc 
NR2D0              5    7.200    tcbn65gpluswc 
NR3D0              1    2.160    tcbn65gpluswc 
OA21D0             2    5.040    tcbn65gpluswc 
OA22D0             1    2.880    tcbn65gpluswc 
OAI211D0           1    2.520    tcbn65gpluswc 
OAI21D0            1    2.160    tcbn65gpluswc 
OAI221D0           1    2.880    tcbn65gpluswc 
OAI22D0            2    5.040    tcbn65gpluswc 
OR2D0              1    2.160    tcbn65gpluswc 
XNR2D0             7   25.200    tcbn65gpluswc 
-----------------------------------------------
total            102  383.760                  


                                                      
            Type             Instances   Area  Area % 
------------------------------------------------------
sequential                          25 199.440   52.0 
inverter                            11  11.880    3.1 
buffer                               3   6.480    1.7 
clock_gating_integrated_cell         3  19.440    5.1 
logic                               60 146.520   38.2 
------------------------------------------------------
total                              102 383.760  100.0 

