============================================================
  Generated by:           Encounter(R) RTL Compiler v12.10-s012_1
  Generated on:           Nov 14 2015  02:48:27 pm
  Module:                 elevator
  Technology library:     tcbn65gpluswc 121
  Operating conditions:   WCCOM (balanced_tree)
  Wireload mode:          segmented
  Area mode:              timing library
============================================================

     Pin           Type     Fanout Load Slew Delay Arrival   
                                   (fF) (ps)  (ps)   (ps)    
-------------------------------------------------------------
timer_reg[0]/CP                            0             0 R 
timer_reg[0]/Q    DFKCNQD1       3  3.3   40  +119     119 R 
g1770/A2                                        +0     119   
g1770/ZN          CKND2D0        3  2.4   63   +51     170 F 
g1754/A1                                        +0     170   
g1754/ZN          IND2D0         3  2.4   66   +87     257 F 
g1746/A1                                        +0     257   
g1746/ZN          IND2D0         3  2.4   66   +88     345 F 
g1741/A1                                        +0     345   
g1741/ZN          IND2D0         3  2.4   66   +88     433 F 
g1738/A1                                        +0     433   
g1738/ZN          IND2D0         3  2.4   66   +88     521 F 
g1735/A1                                        +0     521   
g1735/ZN          IND2D0         3  2.4   66   +88     608 F 
g1732/A1                                        +0     608   
g1732/ZN          IND2D0         3  2.4   66   +88     696 F 
g1729/A1                                        +0     696   
g1729/ZN          IND2D0         3  2.5   68   +89     785 F 
g1719/A1                                        +0     785   
g1719/ZN          IIND4D0        2  1.5  121  +120     905 F 
g1721/A1                                        +0     905   
g1721/ZN          ND4D0          1  1.9   67   +65     970 R 
power_reg/E       EDFKCND1                      +0     970   
power_reg/CP      setup                    0  +180    1150 R 
-------------------------------------------------------------
Timing slack :  UNCONSTRAINED
Start-point  : timer_reg[0]/CP
End-point    : power_reg/E
