============================================================
  Generated by:           Encounter(R) RTL Compiler v10.10-s209_1
  Generated on:           Sep 29 2014  10:24:17 am
  Module:                 lab1
  Technology library:     tcbn65gpluswc 121
  Operating conditions:   WCCOM (balanced_tree)
  Wireload mode:          segmented
  Area mode:              timing library
============================================================

                               
   Gate    Instances    Area        Library     
------------------------------------------------
AN2D0              4     8.640    tcbn65gpluswc 
AN2D1              2     4.320    tcbn65gpluswc 
AN2D2              3     7.560    tcbn65gpluswc 
AN2D4              2     8.640    tcbn65gpluswc 
AN2D8              1     6.840    tcbn65gpluswc 
AN2XD1            30    64.800    tcbn65gpluswc 
AN3XD1             2     5.040    tcbn65gpluswc 
AO21D1             4    10.080    tcbn65gpluswc 
AO21D4             1     5.040    tcbn65gpluswc 
AO22D0            10    28.800    tcbn65gpluswc 
AO22D1             8    25.920    tcbn65gpluswc 
AO22D2             1     3.960    tcbn65gpluswc 
AOI21D1           20    43.200    tcbn65gpluswc 
AOI21D2           10    32.400    tcbn65gpluswc 
AOI21D4            3    19.440    tcbn65gpluswc 
AOI22D0            4    10.080    tcbn65gpluswc 
AOI22D1           20    50.400    tcbn65gpluswc 
AOI22D2           12    51.840    tcbn65gpluswc 
AOI31D2            4    17.280    tcbn65gpluswc 
BMLD1              3    25.920    tcbn65gpluswc 
BMLD2              1     9.000    tcbn65gpluswc 
BUFFD0             3     4.320    tcbn65gpluswc 
BUFFD1             5     7.200    tcbn65gpluswc 
BUFFD2             2     4.320    tcbn65gpluswc 
CKAN2D1            5    10.800    tcbn65gpluswc 
CKAN2D4            1     3.240    tcbn65gpluswc 
CKBD0              1     1.440    tcbn65gpluswc 
CKBD1             17    24.480    tcbn65gpluswc 
CKMUX2D1           2     7.200    tcbn65gpluswc 
CKND0              6     6.480    tcbn65gpluswc 
CKND1            176   190.080    tcbn65gpluswc 
CKND2            182   262.080    tcbn65gpluswc 
CKND2D0            1     1.440    tcbn65gpluswc 
CKND2D1          181   260.640    tcbn65gpluswc 
CKND2D2          222   559.440    tcbn65gpluswc 
CKND2D3           19    61.560    tcbn65gpluswc 
CKND2D4            5    21.600    tcbn65gpluswc 
CKND2D8            2    15.840    tcbn65gpluswc 
CKND3              6    12.960    tcbn65gpluswc 
CKND4              6    15.120    tcbn65gpluswc 
CKXOR2D1           6    21.600    tcbn65gpluswc 
DFCND1             1     8.640    tcbn65gpluswc 
DFCND2             2    20.160    tcbn65gpluswc 
DFCNQD1           21   166.320    tcbn65gpluswc 
DFCNQD4           25   252.000    tcbn65gpluswc 
FCICIND1           3    14.040    tcbn65gpluswc 
FCICOND1           1     3.240    tcbn65gpluswc 
FCICOND2           1     5.040    tcbn65gpluswc 
FICIND1            2    20.880    tcbn65gpluswc 
FICIND2            1    12.240    tcbn65gpluswc 
FICOND2            2    24.480    tcbn65gpluswc 
HA1D0              2    11.520    tcbn65gpluswc 
HA1D1              4    24.480    tcbn65gpluswc 
HA1D2              5    34.200    tcbn65gpluswc 
HICIND1            2    13.680    tcbn65gpluswc 
HICIND2            1     7.560    tcbn65gpluswc 
HICOND1            1     6.480    tcbn65gpluswc 
IAO21D1            1     2.520    tcbn65gpluswc 
IAO21D2           14    45.360    tcbn65gpluswc 
IAO22D1            3     9.720    tcbn65gpluswc 
IAO22D2            2     7.920    tcbn65gpluswc 
IND2D0             5    10.800    tcbn65gpluswc 
IND2D1            80   172.800    tcbn65gpluswc 
IND2D2            64   184.320    tcbn65gpluswc 
IND2D4             2    11.520    tcbn65gpluswc 
IND3D1            15    37.800    tcbn65gpluswc 
IND3D2             2     8.640    tcbn65gpluswc 
IND4D1             1     2.880    tcbn65gpluswc 
INR2D1            10    21.600    tcbn65gpluswc 
INR2D2            11    31.680    tcbn65gpluswc 
INR2XD0            6    12.960    tcbn65gpluswc 
INR2XD1            3     8.640    tcbn65gpluswc 
INR2XD2            1     4.680    tcbn65gpluswc 
INR3D0             1     2.520    tcbn65gpluswc 
INVD0             14    15.120    tcbn65gpluswc 
INVD1            285   307.800    tcbn65gpluswc 
INVD12             1     6.120    tcbn65gpluswc 
INVD2             51    73.440    tcbn65gpluswc 
INVD3             10    21.600    tcbn65gpluswc 
INVD6              2     6.480    tcbn65gpluswc 
IOA21D0            1     2.520    tcbn65gpluswc 
IOA21D1           26    65.520    tcbn65gpluswc 
IOA21D2           73   236.520    tcbn65gpluswc 
IOA22D2            1     3.960    tcbn65gpluswc 
MAOI222D0          3     8.640    tcbn65gpluswc 
MAOI222D1         15    43.200    tcbn65gpluswc 
MAOI22D1          11    31.680    tcbn65gpluswc 
MAOI22D2           2     8.640    tcbn65gpluswc 
MOAI22D0           3     8.640    tcbn65gpluswc 
MOAI22D1          54   155.520    tcbn65gpluswc 
MOAI22D2           1     4.320    tcbn65gpluswc 
MUX2D1             3    10.800    tcbn65gpluswc 
MUX2D2             2     7.920    tcbn65gpluswc 
MUX2D4             1     6.120    tcbn65gpluswc 
MUX2ND0            6    17.280    tcbn65gpluswc 
ND2D0             29    41.760    tcbn65gpluswc 
ND2D1            352   506.880    tcbn65gpluswc 
ND2D2            357   899.640    tcbn65gpluswc 
ND2D3             28    90.720    tcbn65gpluswc 
ND2D4             16    69.120    tcbn65gpluswc 
ND3D1             32    69.120    tcbn65gpluswc 
ND3D2             25    81.000    tcbn65gpluswc 
ND3D3              3    14.040    tcbn65gpluswc 
NR2D0              7    10.080    tcbn65gpluswc 
NR2D1             41    59.040    tcbn65gpluswc 
NR2D2             39    98.280    tcbn65gpluswc 
NR2D3              6    19.440    tcbn65gpluswc 
NR2D4              3    12.960    tcbn65gpluswc 
NR2XD0            40    57.600    tcbn65gpluswc 
NR2XD1            74   186.480    tcbn65gpluswc 
NR2XD2            31   133.920    tcbn65gpluswc 
NR2XD3             1     6.120    tcbn65gpluswc 
NR3D1              3     9.720    tcbn65gpluswc 
OA21D1            10    25.200    tcbn65gpluswc 
OA22D0             1     2.880    tcbn65gpluswc 
OA22D1             1     3.240    tcbn65gpluswc 
OA22D2             1     3.960    tcbn65gpluswc 
OAI211D1           2     5.040    tcbn65gpluswc 
OAI21D1           47   101.520    tcbn65gpluswc 
OAI21D2           18    58.320    tcbn65gpluswc 
OAI21D4            4    25.920    tcbn65gpluswc 
OAI221D0           1     2.880    tcbn65gpluswc 
OAI22D0            4    10.080    tcbn65gpluswc 
OAI22D1           19    47.880    tcbn65gpluswc 
OAI22D2            5    21.600    tcbn65gpluswc 
OR2D0              1     2.160    tcbn65gpluswc 
OR2D1             17    36.720    tcbn65gpluswc 
OR2D4              1     4.320    tcbn65gpluswc 
OR2XD1             7    15.120    tcbn65gpluswc 
XNR2D1            11    39.600    tcbn65gpluswc 
XNR3D1             1     6.120    tcbn65gpluswc 
XOR2D1             2     7.200    tcbn65gpluswc 
XOR3D1             1     6.120    tcbn65gpluswc 
------------------------------------------------
total           3094  6966.000                  


                                     
   Type    Instances   Area   Area % 
-------------------------------------
sequential        49  447.120    6.4 
inverter         739  917.280   13.2 
buffer            28   41.760    0.6 
logic           2278 5559.840   79.8 
-------------------------------------
total           3094 6966.000  100.0 

