============================================================
  Generated by:           Encounter(R) RTL Compiler v10.10-s209_1
  Generated on:           Sep 29 2014  10:24:17 am
  Module:                 lab1
  Technology library:     tcbn65gpluswc 121
  Operating conditions:   WCCOM (balanced_tree)
  Wireload mode:          segmented
  Area mode:              timing library
============================================================

	Timing
	------

 Slack       Endpoint     Cost Group 
------------------------------------------
   +0ps oRESULT_reg[15]/D iCLK       


	Area
	----

Instance  Cells  Cell Area  Net Area     Wireload      
-------------------------------------------------------
lab1       3094       6966         0  ZeroWireload (S) 

 (S) = wireload was automatically selected

	Design Rule Check
	-----------------

Max_transition design rule: no violations.

Max_capacitance design rule: no violations.


