============================================================
  Generated by:           Encounter(R) RTL Compiler v10.10-s209_1
  Generated on:           Sep 30 2014  10:16:12 am
  Module:                 ALT_MULTADD
  Technology library:     tcbn65gpluswc 121
  Operating conditions:   WCCOM (balanced_tree)
  Wireload mode:          segmented
  Area mode:              timing library
============================================================

                         Pin                                Type       Fanout Load Slew Delay Arrival   
                                                                              (fF) (ps)  (ps)   (ps)    
--------------------------------------------------------------------------------------------------------
(clock clk)                                               launch                                  200 R 
                                                          latency                          +1     201 R 
A1_reg[7]/CP                                                                         55           201 R 
A1_reg[7]/Q                                               DFCNQD1           2  4.3   51  +168     370 R 
fopt14600/I                                                                                +0     370   
fopt14600/ZN                                              CKND2             3  6.3   28   +31     400 F 
fopt14601/I                                                                                +0     400   
fopt14601/ZN                                              INVD2             1  2.5   19   +19     419 R 
g21593/A2                                                                                  +0     419   
g21593/ZN                                                 ND2D2             2  4.1   30   +28     447 F 
csa_tree_mul_9_16_g2546/I                                                                  +0     447   
csa_tree_mul_9_16_g2546/ZN                                CKND2             1  1.9   16   +17     464 R 
csa_tree_mul_9_16_g2400/A1                                                                 +0     464   
csa_tree_mul_9_16_g2400/ZN                                CKND2D2           1  2.1   20   +18     482 F 
g40/A1                                                                                     +0     482   
g40/ZN                                                    ND2D2             3  4.9   32   +24     506 R 
g18032/I                                                                                   +0     506   
g18032/ZN                                                 INVD1             1  1.7   17   +19     524 F 
g18031/A1                                                                                  +0     524   
g18031/ZN                                                 NR2XD1            1  3.6   44   +30     555 R 
g21642/A1                                                                                  +0     555   
g21642/ZN                                                 NR2XD2            3  4.5   26   +26     581 F 
g21641/I                                                                                   +0     581   
g21641/ZN                                                 INVD2             2  2.3   18   +18     599 R 
g58/A1                                                                                     +0     599   
g58/ZN                                                    ND2D1             2  3.1   44   +34     633 F 
g21903/A1                                                                                  +0     633   
g21903/ZN                                                 CKND2D2           1  2.1   28   +27     660 R 
g21902/A1                                                                                  +0     660   
g21902/ZN                                                 ND2D2             1  2.5   23   +23     682 F 
g20515/A2                                                                                  +0     682   
g20515/ZN                                                 ND2D2             3  5.7   38   +28     711 R 
g20514/I                                                                                   +0     711   
g20514/ZN                                                 INVD2             1  2.1   15   +17     728 F 
g25/A1                                                                                     +0     728   
g25/ZN                                                    ND2D2             2  4.4   30   +21     748 R 
g21769/A1                                                                                  +0     748   
g21769/ZN                                                 CKND2D2           1  4.2   30   +27     776 F 
g21768/B1                                                                                  +0     776   
g21768/ZN                                                 INR2D4            4  5.7   44   +34     810 R 
g21767/A1                                                                                  +0     810   
g21767/ZN                                                 NR2XD1            2  4.6   38   +34     843 F 
g20607/A3                                                                                  +0     843   
g20607/ZN                                                 AOI31D2           1  1.9   61   +48     892 R 
g16878/A1                                                                                  +0     892   
g16878/ZN                                                 CKND2D2           2  4.1   34   +34     925 F 
g16877/I                                                                                   +0     925   
g16877/ZN                                                 CKND2             1  4.5   26   +24     950 R 
g16876/A1                                                                                  +0     950   
g16876/ZN                                                 ND2D4             2  9.6   34   +29     979 F 
g19206/A1                                                                                  +0     979   
g19206/ZN                                                 ND2D8            13 19.8   37   +29    1008 R 
g18408/I                                                                                   +0    1008   
g18408/ZN                                                 CKND2             1  1.7   14   +17    1025 F 
g18407/A1                                                                                  +0    1025   
g18407/ZN                                                 NR2XD1            1  3.6   44   +30    1055 R 
g19695/A2                                                                                  +0    1055   
g19695/ZN                                                 NR2XD2            2  3.7   24   +29    1084 F 
g19694/I                                                                                   +0    1084   
g19694/ZN                                                 CKND2             2  5.2   27   +23    1108 R 
g19697/I                                                                                   +0    1108   
g19697/ZN                                                 CKND3             1  4.8   17   +19    1126 F 
g20981/A2                                                                                  +0    1126   
g20981/ZN                                                 ND2D4             3  7.5   27   +22    1149 R 
g256/A1                                                                                    +0    1149   
g256/ZN                                                   NR2XD1            1  1.7   23   +20    1169 F 
g22544/A1                                                                                  +0    1169   
g22544/ZN                                                 NR2XD1            2  3.1   40   +30    1198 R 
g22543/I                                                                                   +0    1198   
g22543/ZN                                                 CKND2             2  4.3   21   +24    1222 F 
g22542/A1                                                                                  +0    1222   
g22542/ZN                                                 ND2D2             1  2.1   22   +17    1239 R 
g19085/A1                                                                                  +0    1239   
g19085/ZN                                                 ND2D2             3  3.4   27   +24    1263 F 
g17159/I                                                                                   +0    1263   
g17159/ZN                                                 CKND1             1  2.1   26   +23    1286 R 
g22319/A1                                                                                  +0    1286   
g22319/ZN                                                 ND2D2             1  2.1   21   +21    1308 F 
g19083/A1                                                                                  +0    1308   
g19083/ZN                                                 ND2D2             4  5.6   35   +25    1333 R 
g19082/A1                                                                                  +0    1333   
g19082/ZN                                                 NR3D0             1  1.1   36   +28    1361 F 
g18210/A2                                                                                  +0    1361   
g18210/ZN                                                 NR2D1             1  2.1   57   +47    1408 R 
g19505/A1                                                                                  +0    1408   
g19505/ZN                                                 ND2D2             2  3.1   30   +31    1439 F 
g19504/I                                                                                   +0    1439   
g19504/ZN                                                 CKND2             2  3.7   22   +21    1460 R 
g19503/A2                                                                                  +0    1460   
g19503/ZN                                                 NR2XD1            1  4.3   36   +31    1491 F 
g19502/A2                                                                                  +0    1491   
g19502/ZN                                                 OAI21D4           2  4.0   43   +42    1533 R 
g17857/A1                                                                                  +0    1533   
g17857/ZN                                                 CKND2D2           1  2.1   23   +24    1557 F 
g16481/A1                                                                                  +0    1557   
g16481/ZN                                                 ND2D2             2  2.4   22   +18    1576 R 
fopt20252/I                                                                                +0    1576   
fopt20252/ZN                                              INVD1             2  4.1   27   +23    1599 F 
g16475/B                                                                                   +0    1599   
g16475/ZN                                                 AOI21D2           2  3.3   63   +55    1654 R 
g12692/A1                                                                                  +0    1654   
g12692/ZN                                                 ND3D2             1  1.2   36   +35    1689 F 
final_adder_add_11_19_Y_final_adder_add_31_30_g10864/A1                                    +0    1689   
final_adder_add_11_19_Y_final_adder_add_31_30_g10864/ZN   ND2D1             1  1.1   23   +23    1712 R 
oRESULT_reg[15]/D                                         DFCNQD1                          +0    1712   
oRESULT_reg[15]/CP                                        setup                      55   +20    1732 R 
- - - - - - - - - - - - - - - - - - - - - - - - - - - - - - - - - - - - - - - - - - - - - - - - - - - - 
(clock clk)                                               capture                                 600 R 
                                                          latency                          +1     601 R 
                                                          uncertainty                    -100     501 R 
--------------------------------------------------------------------------------------------------------
Timing slack :   -1232ps (TIMING VIOLATION)
Start-point  : A1_reg[7]/CP
End-point    : oRESULT_reg[15]/D
