============================================================
  Generated by:           Encounter(R) RTL Compiler v12.10-s012_1
  Generated on:           Oct 01 2015  03:21:21 pm
  Module:                 ALT_MULTADD
  Technology library:     tcbn65gpluswc 121
  Operating conditions:   WCCOM (balanced_tree)
  Wireload mode:          segmented
  Area mode:              timing library
============================================================

                               
   Gate    Instances    Area        Library     
------------------------------------------------
AN2D2              2     5.040    tcbn65gpluswc 
AN2D4              5    21.600    tcbn65gpluswc 
AN2XD1            38    82.080    tcbn65gpluswc 
AO21D1             2     5.040    tcbn65gpluswc 
AO22D0            13    37.440    tcbn65gpluswc 
AOI211D1           1     2.520    tcbn65gpluswc 
AOI211XD1          1     4.320    tcbn65gpluswc 
AOI21D1           31    66.960    tcbn65gpluswc 
AOI21D2            7    22.680    tcbn65gpluswc 
AOI21D4            2    12.960    tcbn65gpluswc 
AOI221D0           1     2.880    tcbn65gpluswc 
AOI22D2            1     4.320    tcbn65gpluswc 
BMLD1              3    25.920    tcbn65gpluswc 
BUFFD2            10    21.600    tcbn65gpluswc 
BUFFD4             2     6.480    tcbn65gpluswc 
CKBD1             16    23.040    tcbn65gpluswc 
CKBD2              8    17.280    tcbn65gpluswc 
CKMUX2D1           4    14.400    tcbn65gpluswc 
CKND0              5     5.400    tcbn65gpluswc 
CKND1            101   109.080    tcbn65gpluswc 
CKND2             97   139.680    tcbn65gpluswc 
CKND2D1           63    90.720    tcbn65gpluswc 
CKND2D2           73   183.960    tcbn65gpluswc 
CKND2D3           18    58.320    tcbn65gpluswc 
CKND2D4           13    56.160    tcbn65gpluswc 
CKND2D8            1     7.920    tcbn65gpluswc 
CKND3              7    15.120    tcbn65gpluswc 
CKND4             12    30.240    tcbn65gpluswc 
CKND8              1     4.320    tcbn65gpluswc 
CKXOR2D1          21    75.600    tcbn65gpluswc 
DFD4               1    10.800    tcbn65gpluswc 
DFQD1             19   129.960    tcbn65gpluswc 
DFQD2             14   100.800    tcbn65gpluswc 
DFQD4             15   124.200    tcbn65gpluswc 
FA1D0             49   441.000    tcbn65gpluswc 
FA1D1             42   423.360    tcbn65gpluswc 
FA1D2              1    10.440    tcbn65gpluswc 
FA1D4              3    43.200    tcbn65gpluswc 
FCICIND1          29   135.720    tcbn65gpluswc 
FCICIND2           1     5.040    tcbn65gpluswc 
FCICOND1           4    12.960    tcbn65gpluswc 
FICOND2            1    12.240    tcbn65gpluswc 
FIICOND1           2    20.880    tcbn65gpluswc 
FIICOND2           1    12.600    tcbn65gpluswc 
HA1D0              2    11.520    tcbn65gpluswc 
HA1D1              4    24.480    tcbn65gpluswc 
HICIND1            2    13.680    tcbn65gpluswc 
HICIND2            1     7.560    tcbn65gpluswc 
HICOND2            2    15.120    tcbn65gpluswc 
IAO21D1            6    15.120    tcbn65gpluswc 
IAO21D2            1     3.240    tcbn65gpluswc 
IAO22D1            3     9.720    tcbn65gpluswc 
IAO22D2            1     3.960    tcbn65gpluswc 
IND2D1           119   257.040    tcbn65gpluswc 
IND2D2            64   184.320    tcbn65gpluswc 
IND2D4            51   293.760    tcbn65gpluswc 
IND3D1             3     7.560    tcbn65gpluswc 
IND3D2             5    21.600    tcbn65gpluswc 
IND3D4             1     7.560    tcbn65gpluswc 
INR2D1            51   110.160    tcbn65gpluswc 
INR2D2            34    97.920    tcbn65gpluswc 
INR2D4            14    70.560    tcbn65gpluswc 
INR2XD0            4     8.640    tcbn65gpluswc 
INR2XD1           20    57.600    tcbn65gpluswc 
INR2XD2            8    37.440    tcbn65gpluswc 
INR2XD4           23   215.280    tcbn65gpluswc 
INVD1            320   345.600    tcbn65gpluswc 
INVD2             65    93.600    tcbn65gpluswc 
INVD3              8    17.280    tcbn65gpluswc 
INVD4              8    20.160    tcbn65gpluswc 
IOA21D1           50   126.000    tcbn65gpluswc 
IOA21D2            9    29.160    tcbn65gpluswc 
MAOI222D0          7    20.160    tcbn65gpluswc 
MAOI222D1         11    31.680    tcbn65gpluswc 
MAOI22D1          18    51.840    tcbn65gpluswc 
MOAI22D1          72   207.360    tcbn65gpluswc 
MUX2D0             4    12.960    tcbn65gpluswc 
MUX2D1            11    39.600    tcbn65gpluswc 
MUX2D2             6    23.760    tcbn65gpluswc 
MUX2D4             2    12.240    tcbn65gpluswc 
MUX2ND0            6    17.280    tcbn65gpluswc 
MUX2ND2            2     9.360    tcbn65gpluswc 
MUX2ND4            6    43.200    tcbn65gpluswc 
ND2D1            529   761.760    tcbn65gpluswc 
ND2D2            221   556.920    tcbn65gpluswc 
ND2D3             41   132.840    tcbn65gpluswc 
ND2D4             34   146.880    tcbn65gpluswc 
ND2D8              3    23.760    tcbn65gpluswc 
ND3D1              3     6.480    tcbn65gpluswc 
ND3D2              2     6.480    tcbn65gpluswc 
ND3D3              1     4.680    tcbn65gpluswc 
NR2D1             95   136.800    tcbn65gpluswc 
NR2D2             27    68.040    tcbn65gpluswc 
NR2D3              9    29.160    tcbn65gpluswc 
NR2D4              3    12.960    tcbn65gpluswc 
NR2XD0            17    24.480    tcbn65gpluswc 
NR2XD1            33    83.160    tcbn65gpluswc 
NR2XD2            17    73.440    tcbn65gpluswc 
NR2XD3             4    24.480    tcbn65gpluswc 
NR2XD4             4    31.680    tcbn65gpluswc 
OA21D1             4    10.080    tcbn65gpluswc 
OA21D2             1     2.880    tcbn65gpluswc 
OA22D1             1     3.240    tcbn65gpluswc 
OAI211D2           1     4.320    tcbn65gpluswc 
OAI211D4           2    17.280    tcbn65gpluswc 
OAI21D1           18    38.880    tcbn65gpluswc 
OAI21D2            3     9.720    tcbn65gpluswc 
OAI21D4            4    25.920    tcbn65gpluswc 
OAI22D1            1     2.520    tcbn65gpluswc 
OR2D1             24    51.840    tcbn65gpluswc 
OR2XD1             3     6.480    tcbn65gpluswc 
XNR2D1            33   118.800    tcbn65gpluswc 
XNR2D2             1     3.960    tcbn65gpluswc 
XNR3D1            12    73.440    tcbn65gpluswc 
XOR2D1             9    32.400    tcbn65gpluswc 
XOR2D2            10    39.600    tcbn65gpluswc 
XOR3D1            23   140.760    tcbn65gpluswc 
XOR3D2             2    13.680    tcbn65gpluswc 
------------------------------------------------
total           2960  7931.160                  


                                     
   Type    Instances   Area   Area % 
-------------------------------------
sequential        49  365.760    4.6 
inverter         624  780.480    9.8 
buffer            36   68.400    0.9 
logic           2251 6716.520   84.7 
-------------------------------------
total           2960 7931.160  100.0 

