============================================================
  Generated by:           Encounter(R) RTL Compiler v12.10-s012_1
  Generated on:           Oct 01 2015  03:21:22 pm
  Module:                 ALT_MULTADD
  Technology library:     tcbn65gpluswc 121
  Operating conditions:   WCCOM (balanced_tree)
  Wireload mode:          segmented
  Area mode:              timing library
============================================================

	Timing
	------

 Slack    Endpoint   Cost Group 
-------------------------------------
 -233ps oR_reg[16]/D default    


	Area
	----

  Instance   Cells  Cell Area  Net Area  Total Area    Wireload      
---------------------------------------------------------------------
ALT_MULTADD   2960       7931         0        7931 ZeroWireload (S) 

 (S) = wireload was automatically selected

	Design Rule Check
	-----------------

Max_transition design rule: no violations.

Max_capacitance design rule: no violations.

Max_fanout design rule (violation total = 33.000)
Worst violator:
Pin                 Fanout           Max     Violation
------------------------------------------------------
B1_reg[1]/Q         15.000        10.000         5.000


