============================================================
  Generated by:           Encounter(R) RTL Compiler v12.10-s012_1
  Generated on:           Oct 01 2015  03:21:21 pm
  Module:                 ALT_MULTADD
  Technology library:     tcbn65gpluswc 121
  Operating conditions:   WCCOM (balanced_tree)
  Wireload mode:          segmented
  Area mode:              timing library
============================================================

               Pin                     Type       Fanout Load Slew Delay Arrival   
                                                         (fF) (ps)  (ps)   (ps)    
-----------------------------------------------------------------------------------
(clock clk)                          launch                                  200 R 
                                     latency                          +2     202 R 
A1_reg[3]/CP                                                   100           202 R 
A1_reg[3]/Q                          DFQD4             8 17.5   43  +162     364 F 
g146/I                                                                +0     364   
g146/Z                               CKBD2             8  9.3   40   +61     425 F 
csa_tree_add_22_19_g5091/A1                                           +0     425   
csa_tree_add_22_19_g5091/ZN          INR2D1            1  1.2   22   +53     478 F 
csa_tree_add_22_19_g4734/A                                            +0     478   
csa_tree_add_22_19_g4734/CO          FA1D0             1  1.2   37  +161     639 F 
csa_tree_add_22_19_g4568/A                                            +0     639   
csa_tree_add_22_19_g4568/S           FA1D0             2  2.2   48  +167     806 F 
csa_tree_add_22_19_g4548/A2                                           +0     806   
csa_tree_add_22_19_g4548/ZN          NR2D1             1  1.2   44   +42     848 R 
csa_tree_add_22_19_g4538/B1                                           +0     848   
csa_tree_add_22_19_g4538/ZN          INR2D1            1  1.1   22   +20     868 F 
csa_tree_add_22_19_g4523/A2                                           +0     868   
csa_tree_add_22_19_g4523/ZN          NR2D1             3  3.5   81   +57     925 R 
csa_tree_add_22_19_g4476/A2                                           +0     925   
csa_tree_add_22_19_g4476/ZN          NR2D1             1  1.2   28   +30     954 F 
csa_tree_add_22_19_g4471/A1                                           +0     954   
csa_tree_add_22_19_g4471/ZN          NR2D1             2  2.1   57   +42     996 R 
csa_tree_add_22_19_g5354/A2                                           +0     996   
csa_tree_add_22_19_g5354/Z           OR2D1             1  1.2   24   +57    1053 R 
csa_tree_add_22_19_g4446/A1                                           +0    1053   
csa_tree_add_22_19_g4446/ZN          ND2D1             2  3.3   46   +36    1089 F 
csa_tree_add_22_19_g4439/I                                            +0    1089   
csa_tree_add_22_19_g4439/ZN          INVD1             2  1.8   27   +27    1116 R 
csa_tree_add_22_19_g4431/A1                                           +0    1116   
csa_tree_add_22_19_g4431/Z           OR2D1             1  1.2   24   +44    1160 R 
csa_tree_add_22_19_g4429/B                                            +0    1160   
csa_tree_add_22_19_g4429/ZN          IOA21D1           6  6.6   81   +55    1215 F 
csa_tree_add_25_30_groupi_g5521/A2                                    +0    1215   
csa_tree_add_25_30_groupi_g5521/ZN   OAI21D1           1  1.2   50   +52    1267 R 
csa_tree_add_25_30_groupi_g5510/B                                     +0    1267   
csa_tree_add_25_30_groupi_g5510/ZN   IOA21D1           3  4.4   59   +49    1316 F 
csa_tree_add_25_30_groupi_g5451/B2                                    +0    1316   
csa_tree_add_25_30_groupi_g5451/ZN   MAOI22D1          1  1.7   35   +77    1392 F 
g5907/A1                                                              +0    1392   
g5907/ZN                             XNR2D1            3  3.6   49   +95    1488 R 
csa_tree_add_25_30_groupi_g5264/I                                     +0    1488   
csa_tree_add_25_30_groupi_g5264/ZN   INVD1             1  1.2   19   +21    1508 F 
csa_tree_add_25_30_groupi_g5242/B                                     +0    1508   
csa_tree_add_25_30_groupi_g5242/ZN   AOI21D1           1  1.8   64   +53    1562 R 
csa_tree_add_25_30_groupi_g5229/A1                                    +0    1562   
csa_tree_add_25_30_groupi_g5229/ZN   NR2XD1            3  3.4   34   +35    1596 F 
csa_tree_add_25_30_groupi_g5157/B2                                    +0    1596   
csa_tree_add_25_30_groupi_g5157/ZN   MAOI22D1          2  2.4   39   +74    1670 F 
csa_tree_add_25_30_groupi_g5131/A1                                    +0    1670   
csa_tree_add_25_30_groupi_g5131/ZN   NR2D1             1  0.9   38   +34    1704 R 
csa_tree_add_25_30_groupi_g5123/A1                                    +0    1704   
csa_tree_add_25_30_groupi_g5123/ZN   IND2D1            2  2.5   36   +52    1756 R 
g5897/CIN                                                             +0    1756   
g5897/CO                             FCICIND1          2  3.5   52  +122    1878 F 
csa_tree_add_25_30_groupi_g5768/A2                                    +0    1878   
csa_tree_add_25_30_groupi_g5768/Z    OR2D1             2  3.7   34   +72    1950 F 
csa_tree_add_25_30_groupi_g5049/A2                                    +0    1950   
csa_tree_add_25_30_groupi_g5049/ZN   ND2D2             1  2.2   22   +24    1974 R 
csa_tree_add_25_30_groupi_g5038/A1                                    +0    1974   
csa_tree_add_25_30_groupi_g5038/ZN   NR2D2             2  3.3   19   +16    1990 F 
csa_tree_add_25_30_groupi_g5029/A1                                    +0    1990   
csa_tree_add_25_30_groupi_g5029/ZN   ND2D2             3  4.8   34   +23    2013 R 
csa_tree_add_25_30_groupi_g5027/A1                                    +0    2013   
csa_tree_add_25_30_groupi_g5027/ZN   ND3D2             2  3.5   49   +39    2052 F 
csa_tree_add_25_30_groupi_g5018/A1                                    +0    2052   
csa_tree_add_25_30_groupi_g5018/ZN   OAI21D2           1  3.4   58   +47    2099 R 
csa_tree_add_25_30_groupi_g5015/A1                                    +0    2099   
csa_tree_add_25_30_groupi_g5015/ZN   NR2D3             2  3.1   21   +21    2120 F 
csa_tree_add_25_30_groupi_g5014/I                                     +0    2120   
csa_tree_add_25_30_groupi_g5014/ZN   INVD1             1  1.9   24   +21    2141 R 
csa_tree_add_25_30_groupi_g5012/A1                                    +0    2141   
csa_tree_add_25_30_groupi_g5012/ZN   CKND2D2           1  1.1   15   +17    2158 F 
csa_tree_add_25_30_groupi_g5009/A2                                    +0    2158   
csa_tree_add_25_30_groupi_g5009/ZN   ND2D1             1  1.2   24   +20    2178 R 
g338/A1                                                               +0    2178   
g338/ZN                              ND2D1             1  1.2   45   +24    2202 F 
g324/B                                                                +0    2202   
g324/ZN                              IOA21D1           1  1.1   31   +25    2227 R 
oR_reg[16]/D                         DFQD1                            +0    2227   
oR_reg[16]/CP                        setup                     100    +8    2235 R 
- - - - - - - - - - - - - - - - - - - - - - - - - - - - - - - - - - - - - - - - - -
(clock clk)                          capture                                2200 R 
                                     latency                          +2    2202 R 
                                     uncertainty                    -200    2002 R 
-----------------------------------------------------------------------------------
Timing slack :    -233ps (TIMING VIOLATION)
Start-point  : A1_reg[3]/CP
End-point    : oR_reg[16]/D
