============================================================
  Generated by:           Encounter(R) RTL Compiler v12.10-s012_1
  Generated on:           Oct 24 2014  05:34:55 pm
  Module:                 lab1
  Technology libraries:   tcbn65gpluswc 121
                          physical_cells 
  Operating conditions:   WCCOM 
  Interconnect mode:      global
  Area mode:              physical library
============================================================

      Pin               Type     Fanout Load Slew Delay Arrival   
                                        (fF) (ps)  (ps)   (ps)    
------------------------------------------------------------------
(clock iCLK)           launch                                 0 R 
oRESULT_reg[0]/CP                               0             0 R 
oRESULT_reg[0]/Q       DFCNQD1        1  1.8   25  +149     149 F 
oRESULT[0]        <<<  out port                      +0     149 F 
------------------------------------------------------------------
Timing slack :  UNCONSTRAINED
Start-point  : oRESULT_reg[0]/CP
End-point    : oRESULT[0]
