============================================================
  Generated by:           Encounter(R) RTL Compiler v12.10-s012_1
  Generated on:           Oct 24 2014  05:28:42 pm
  Module:                 lab1
  Technology libraries:   tcbn65gpluswc 121
                          physical_cells 
  Operating conditions:   WCCOM 
  Interconnect mode:      global
  Area mode:              physical library
============================================================

       Pin                  Type         Fanout Load Slew Delay Arrival   
                                                (fF) (ps)  (ps)   (ps)    
--------------------------------------------------------------------------
(clock iCLK)            launch                                        0 R 
oRESULT_reg[0]/clk                                      0             0 R 
oRESULT_reg[0]/q        unmapped_d_flop       1  1.8    0  +128     128 R 
oRESULT[0]         <<<  out port                             +0     128 R 
--------------------------------------------------------------------------
Timing slack :  UNCONSTRAINED
Start-point  : oRESULT_reg[0]/clk
End-point    : oRESULT[0]
