============================================================
  Generated by:           Encounter(R) RTL Compiler v12.10-s012_1
  Generated on:           Oct 01 2015  02:37:53 pm
  Module:                 ALT_MULTADD
  Technology library:     tcbn65gpluswc 121
  Operating conditions:   WCCOM (balanced_tree)
  Wireload mode:          segmented
  Area mode:              timing library
============================================================

               Pin                     Type       Fanout Load Slew Delay Arrival   
                                                         (fF) (ps)  (ps)   (ps)    
-----------------------------------------------------------------------------------
(clock clk)                          launch                                 1000 R 
                                     latency                          +1    1001 R 
A0_reg[2]/CP                                                   110          1001 R 
A0_reg[2]/Q                          DFQD4             3  7.3   30  +153    1154 F 
mul_25_35_g3101/I                                                     +0    1154   
mul_25_35_g3101/ZN                   CKND4             2  9.8   27   +25    1178 R 
mul_25_35_g3100/I                                                     +0    1178   
mul_25_35_g3100/ZN                   INVD3             2  6.2   17   +18    1197 F 
mul_25_35_g2996/A1                                                    +0    1197   
mul_25_35_g2996/ZN                   CKND2D4           3  6.4   33   +23    1220 R 
fopt6599/I                                                            +0    1220   
fopt6599/ZN                          CKND4             1  3.4   13   +16    1236 F 
mul_25_35_g2920/A1                                                    +0    1236   
mul_25_35_g2920/ZN                   NR2XD2            1  2.4   26   +19    1255 R 
mul_25_35_g2871/A1                                                    +0    1255   
mul_25_35_g2871/ZN                   IND2D4            2  7.8   31   +44    1298 R 
mul_25_35_g2789/A1                                                    +0    1298   
mul_25_35_g2789/ZN                   CKND2D3           1  2.3   20   +21    1320 F 
mul_25_35_g2767/A1                                                    +0    1320   
mul_25_35_g2767/ZN                   INR2XD4           2  4.5   23   +48    1368 F 
mul_25_35_g2647/B                                                     +0    1368   
mul_25_35_g2647/CO                   HA1D2             1  2.2   19   +45    1413 F 
mul_25_35_g2606/A2                                                    +0    1413   
mul_25_35_g2606/ZN                   OAI21D2           1  3.4   58   +44    1457 R 
mul_25_35_g2519/A                                                     +0    1457   
mul_25_35_g2519/S                    FA1D4             2  9.0   47  +166    1623 R 
mul_25_35_g2490/A1                                                    +0    1623   
mul_25_35_g2490/ZN                   NR2XD4            3 15.4   34   +32    1654 F 
mul_25_35_g2472/B1                                                    +0    1654   
mul_25_35_g2472/ZN                   INR2XD4           3  6.0   29   +33    1687 R 
mul_25_35_g2471/I                                                     +0    1687   
mul_25_35_g2471/ZN                   INVD2             1  2.3   13   +15    1703 F 
mul_25_35_g2449/A1                                                    +0    1703   
mul_25_35_g2449/ZN                   IND3D4            2  4.2   40   +62    1765 F 
mul_25_35_g2440/A2                                                    +0    1765   
mul_25_35_g2440/ZN                   ND2D3             3  5.3   28   +29    1794 R 
mul_25_35_g2438/I                                                     +0    1794   
mul_25_35_g2438/ZN                   CKND3             4  6.0   19   +21    1815 F 
mul_25_35_g2429/A1                                                    +0    1815   
mul_25_35_g2429/ZN                   OAI21D1           1  2.1   62   +42    1857 R 
mul_25_35_g2422/A1                                                    +0    1857   
mul_25_35_g2422/ZN                   ND2D2             1  2.5   29   +30    1886 F 
mul_25_35_g2421/B1                                                    +0    1886   
mul_25_35_g2421/ZN                   IND2D2            4  7.2   42   +33    1919 R 
csa_tree_mul_25_40_groupi_g4976/A1                                    +0    1919   
csa_tree_mul_25_40_groupi_g4976/ZN   CKND2D2           3  3.4   36   +28    1947 F 
csa_tree_mul_25_40_groupi_g5292/A1                                    +0    1947   
csa_tree_mul_25_40_groupi_g5292/ZN   IND2D2            1  1.2   22   +48    1996 F 
csa_tree_mul_25_40_groupi_g4840/A1                                    +0    1996   
csa_tree_mul_25_40_groupi_g4840/ZN   ND2D1             1  1.9   30   +23    2019 R 
g6368/S                                                               +0    2019   
g6368/Z                              MUX2D2            3  3.5   39   +86    2104 R 
csa_tree_mul_25_40_groupi_g5265/A1                                    +0    2104   
csa_tree_mul_25_40_groupi_g5265/Z    AN2XD1            1  2.2   31   +52    2157 R 
csa_tree_mul_25_40_groupi_g4570/A1                                    +0    2157   
csa_tree_mul_25_40_groupi_g4570/ZN   NR2D2             1  1.8   22   +16    2173 F 
g6352/S                                                               +0    2173   
g6352/Z                              MUX2D1            1  2.3   38   +78    2250 R 
csa_tree_mul_25_40_groupi_g4249/CI                                    +0    2250   
csa_tree_mul_25_40_groupi_g4249/S    FA1D1             2  3.0   43   +96    2346 R 
csa_tree_mul_25_40_groupi_g4206/A1                                    +0    2346   
csa_tree_mul_25_40_groupi_g4206/ZN   NR2XD1            3  5.1   41   +35    2381 F 
csa_tree_mul_25_40_groupi_g5247/A1                                    +0    2381   
csa_tree_mul_25_40_groupi_g5247/ZN   NR2D2             2  3.1   45   +37    2418 R 
csa_tree_mul_25_40_groupi_g4131/A1                                    +0    2418   
csa_tree_mul_25_40_groupi_g4131/ZN   CKND2D2           2  2.1   23   +25    2443 F 
csa_tree_mul_25_40_groupi_g4114/A1                                    +0    2443   
csa_tree_mul_25_40_groupi_g4114/ZN   OAI21D1           1  1.9   58   +41    2484 R 
csa_tree_mul_25_40_groupi_g4108/B1                                    +0    2484   
csa_tree_mul_25_40_groupi_g4108/ZN   INR2XD1           1  1.9   27   +28    2512 F 
csa_tree_mul_25_40_groupi_g4103/A1                                    +0    2512   
csa_tree_mul_25_40_groupi_g4103/ZN   CKND2D2           2  2.4   28   +23    2536 R 
csa_tree_mul_25_40_groupi_g4093/B1                                    +0    2536   
csa_tree_mul_25_40_groupi_g4093/ZN   MOAI22D1          1  2.1   65   +60    2596 R 
csa_tree_add_25_30_groupi_g5865/A1                                    +0    2596   
csa_tree_add_25_30_groupi_g5865/ZN   ND2D2             2  2.4   31   +30    2626 F 
csa_tree_add_25_30_groupi_g5495/B1                                    +0    2626   
csa_tree_add_25_30_groupi_g5495/ZN   MOAI22D1          2  2.0   41   +62    2687 F 
csa_tree_add_25_30_groupi_g5453/A1                                    +0    2687   
csa_tree_add_25_30_groupi_g5453/ZN   IAO22D1           2  2.4   46   +88    2776 F 
csa_tree_add_25_30_groupi_g5297/B1                                    +0    2776   
csa_tree_add_25_30_groupi_g5297/ZN   MOAI22D1          1  1.8   42   +64    2840 F 
csa_tree_add_25_30_groupi_g5284/S                                     +0    2840   
csa_tree_add_25_30_groupi_g5284/Z    MUX2D2            2  3.9   38   +83    2923 F 
csa_tree_add_25_30_groupi_g5235/A2                                    +0    2923   
csa_tree_add_25_30_groupi_g5235/ZN   NR2XD1            1  1.2   26   +32    2954 R 
csa_tree_add_25_30_groupi_g5233/A1                                    +0    2954   
csa_tree_add_25_30_groupi_g5233/ZN   IND2D2            1  1.9   21   +37    2991 R 
g339/A1                                                               +0    2991   
g339/ZN                              CKND2D2           1  1.2   40   +16    3008 F 
g324/B                                                                +0    3008   
g324/ZN                              IOA21D1           1  1.1   31   +24    3031 R 
oR_reg[16]/D                         DFQD1                            +0    3031   
oR_reg[16]/CP                        setup                     110    +7    3038 R 
- - - - - - - - - - - - - - - - - - - - - - - - - - - - - - - - - - - - - - - - - -
(clock clk)                          capture                                3000 R 
                                     latency                          +1    3001 R 
                                     uncertainty                    -100    2901 R 
-----------------------------------------------------------------------------------
Timing slack :    -138ps (TIMING VIOLATION)
Start-point  : A0_reg[2]/CP
End-point    : oR_reg[16]/D
