============================================================
  Generated by:           Encounter(R) RTL Compiler v10.10-s209_1
  Generated on:           Dec 17 2014  08:34:20 pm
  Module:                 GCC
  Technology library:     tcbn65gpluswc 121
  Operating conditions:   WCCOM (balanced_tree)
  Wireload mode:          segmented
  Area mode:              timing library
============================================================

              Instance               Cells  Cell Area  Net Area     Wireload      
----------------------------------------------------------------------------------
GCC                                  13457      31900         0  ZeroWireload (S) 
  csa_tree_distance5_add1029_groupi    239        650         0  ZeroWireload (S) 
  csa_tree_distance4_add1030_groupi    239        650         0  ZeroWireload (S) 
  csa_tree_distance2_add1032_groupi    239        650         0  ZeroWireload (S) 
  csa_tree_distance1_add1033_groupi    239        650         0  ZeroWireload (S) 
  csa_tree_distance3_add1031_groupi    238        649         0  ZeroWireload (S) 
  csa_tree_distance0_add1034_groupi    238        649         0  ZeroWireload (S) 
  CompareAll                           124        253         0  ZeroWireload (S) 
  Compare0123                          125        247         0  ZeroWireload (S) 
  compare01                            120        244         0  ZeroWireload (S) 
  Compare45                            120        244         0  ZeroWireload (S) 
  Compare23                            120        243         0  ZeroWireload (S) 
  RC_CG_HIER_INST6                       1          6         0  ZeroWireload (S) 
  RC_CG_HIER_INST5                       1          6         0  ZeroWireload (S) 
  RC_CG_HIER_INST4                       1          6         0  ZeroWireload (S) 
  RC_CG_HIER_INST3                       1          6         0  ZeroWireload (S) 
  RC_CG_HIER_INST2                       1          6         0  ZeroWireload (S) 
  RC_CG_HIER_INST1                       1          6         0  ZeroWireload (S) 
  RC_CG_HIER_INST0                       1          6         0  ZeroWireload (S) 

 (S) = wireload was automatically selected
