Checking out Encounter license ...
Encounter_Digital_Impl_Sys_XL 10.1 license checkout succeeded.
You can run 2 CPU jobs with the base license that is currently checked out.
If required, use the setMultiCpuUsage command to enable multi-CPU processing.
This Encounter release has been compiled with OA version 22.04-p011.

*******************************************************************
*   Copyright (c)  Cadence Design Systems, Inc.  1996 - 2011.     *
*                     All rights reserved.                        *
*                                                                 *
*                                                                 *
*                                                                 *
* This program contains confidential and trade secret information *
* of Cadence Design Systems, Inc. and is protected by copyright   *
* law and international treaties.  Any reproduction, use,         *
* distribution or disclosure of this program or any portion of it,*
* or any attempt to obtain a human-readable version of this       *
* program, without the express, prior written consent of          *
* Cadence Design Systems, Inc., is strictly prohibited.           *
*                                                                 *
*                 Cadence Design Systems, Inc.                    *
*                    2655 Seely Avenue                            *
*                   San Jose, CA 95134,  USA                      *
*                                                                 *
*                                                                 *
*******************************************************************

@(#)CDS: Encounter v10.12-s181_1 (32bit) 07/28/2011 22:56 (Linux 2.6)
@(#)CDS: NanoRoute v10.12-s010 NR110720-1815/10_10_USR2-UB (database version 2.30, 124.2.1) {superthreading v1.15}
@(#)CDS: CeltIC v10.12-s013_1 (32bit) 07/27/2011 04:13:10 (Linux 2.6.9-89.0.19.ELsmp)
@(#)CDS: AAE 10.12-s001 (32bit) 07/28/2011 (Linux 2.6.9-89.0.19.ELsmp)
@(#)CDS: CTE 10.12-s010_1 (32bit) Jul 18 2011 23:05:29 (Linux 2.6.9-89.0.19.ELsmp)
@(#)CDS: CPE v10.12-s007
--- Starting "Encounter v10.12-s181_1" on Wed Dec 17 17:48:39 2014 (mem=45.9M) ---
--- Running on co1313-03.ece.iastate.edu (x86_64 w/Linux 2.6.32-504.1.3.el6.x86_64) ---
This version was compiled on Thu Jul 28 22:56:00 PDT 2011.
Set DBUPerIGU to 1000.
Set net toggle Scale Factor to 1.00
Set Shrink Factor to 1.00000
<CMD> win
<CMD> uiSetTool stretchWire
**ERROR: (ENCSYT-6788):	Design not in memory
**ERROR: (ENCSYT-6896):	Please select at least 1 instance to rotate/flip

<CMD> uiSetTool defineArea Rda_Event::areaDeselect
<CMD> uiSetTool defineArea Rda_Event::areaDeselect
*** Memory pool thread-safe mode activated.

*** Memory Usage v#8 (Current mem = 227.105M, initial mem = 45.898M) ***
--- Ending "Encounter" (totcpu=0:01:30, real=0:07:49, mem=227.1M) ---
