============================================================
  Generated by:           Encounter(R) RTL Compiler v10.10-s209_1
  Generated on:           Dec 17 2014  08:34:20 pm
  Module:                 GCC
  Technology library:     tcbn65gpluswc 121
  Operating conditions:   WCCOM (balanced_tree)
  Wireload mode:          segmented
  Area mode:              timing library
============================================================

-------------------------------------------------------------------------------
The following sequential clock pins have no clock waveform driving them.  No    
timing constraints will be derived for paths leading to or from these pins.     

/designs/GCC/instances_hier/Compare0123/instances_seq/max_reg[0]/pins_in/EN
/designs/GCC/instances_hier/Compare0123/instances_seq/max_reg[1]/pins_in/EN
/designs/GCC/instances_hier/Compare23/instances_seq/max_reg[0]/pins_in/EN
  ... 5 other warnings in this category.
 Use the -verbose option for more details.
-------------------------------------------------------------------------------

-------------------------------------------------------------------------------
The following primary inputs have no clocked external delays.  As a result the  
timing paths leading from the ports have no timing constraints derived from     
clock waveforms.  The'external_delay' command is used to create new external    
delays.                                                                         

/designs/GCC/ports_in/RESET
-------------------------------------------------------------------------------

-------------------------------------------------------------------------------
The following primary outputs have no clocked external delays.  As a result the 
timing paths leading to the ports have no timing constraints derived from clock 
waveforms.  The'external_delay' command is used to create new external delays.  

/designs/GCC/ports_out/READY
/designs/GCC/ports_out/Xc[0]
/designs/GCC/ports_out/Xc[1]
  ... 14 other warnings in this category.
 Use the -verbose option for more details.
-------------------------------------------------------------------------------

