============================================================
  Generated by:           Encounter(R) RTL Compiler v10.10-s209_1
  Generated on:           Dec 17 2014  08:34:20 pm
  Module:                 GCC
  Technology library:     tcbn65gpluswc 121
  Operating conditions:   WCCOM (balanced_tree)
  Wireload mode:          segmented
  Area mode:              timing library
============================================================

                                    Leakage    Dynamic      Total    
          Instance          Cells  Power(nW)  Power(nW)   Power(nW)  
---------------------------------------------------------------------
GCC                         13457 291122.035 1549842.445 1840964.480 
  csa_tree_d..dd1034_groupi   238   3402.106    1232.946    4635.052 
  csa_tree_d..dd1033_groupi   239   3387.962    1224.738    4612.699 
  csa_tree_d..dd1030_groupi   239   3387.962    1219.897    4607.859 
  csa_tree_d..dd1032_groupi   239   3386.079    1232.028    4618.107 
  csa_tree_d..dd1031_groupi   238   3385.687    1225.404    4611.091 
  csa_tree_d..dd1029_groupi   239   3362.816    1195.411    4558.227 
  Compare45                   120   1285.290     544.504    1829.794 
  compare01                   120   1279.690     547.940    1827.630 
  Compare0123                 125   1241.406    1419.395    2660.801 
  Compare23                   120   1224.720    1141.412    2366.133 
  CompareAll                  124   1220.994    1103.378    2324.372 
  RC_CG_HIER_INST6              1     40.862    7330.263    7371.126 
  RC_CG_HIER_INST0              1     40.714   15805.542   15846.256 
  RC_CG_HIER_INST1              1     40.538   14421.135   14461.673 
  RC_CG_HIER_INST4              1     40.527   14720.616   14761.144 
  RC_CG_HIER_INST2              1     40.470   14499.263   14539.734 
  RC_CG_HIER_INST3              1     40.409   13146.908   13187.316 
  RC_CG_HIER_INST5              1     40.375   12732.576   12772.951 

