============================================================
  Generated by:           Encounter(R) RTL Compiler v10.10-s209_1
  Generated on:           Dec 17 2014  08:34:20 pm
  Module:                 GCC
  Technology library:     tcbn65gpluswc 121
  Operating conditions:   WCCOM (balanced_tree)
  Wireload mode:          segmented
  Area mode:              timing library
============================================================

	Timing
	------

 Slack    Endpoint   Cost Group 
-------------------------------------
-2010ps Ycc_reg[2]/D CLK        


	Area
	----

Instance  Cells  Cell Area  Net Area     Wireload      
-------------------------------------------------------
GCC       13457      31900         0  ZeroWireload (S) 

 (S) = wireload was automatically selected

	Design Rule Check
	-----------------

Max_transition design rule: no violations.

Max_capacitance design rule: no violations.


