============================================================
  Generated by:           Encounter(R) RTL Compiler v10.10-s209_1
  Generated on:           Dec 17 2014  08:34:20 pm
  Module:                 GCC
  Technology library:     tcbn65gpluswc 121
  Operating conditions:   WCCOM (balanced_tree)
  Wireload mode:          segmented
  Area mode:              timing library
============================================================

                Pin                     Type     Fanout Load Slew Delay Arrival   
                                                        (fF) (ps)  (ps)   (ps)    
----------------------------------------------------------------------------------
(clock CLK)                            launch                                 0 R 
w_reg[4][3]/CP                                                  0             0 R 
w_reg[4][3]/Q                          DFQD4         18 28.6   72  +140     140 R 
csa_tree_add_35_74_groupi_g19521/A1                                  +0     140   
csa_tree_add_35_74_groupi_g19521/ZN    ND2D2          2  3.1   34   +34     174 F 
g168065/I                                                            +0     174   
g168065/ZN                             CKND2          3  4.8   27   +25     199 R 
g168064/B1                                                           +0     199   
g168064/ZN                             IND2D2         1  2.9   30   +28     226 F 
g170266/A2                                                           +0     226   
g170266/ZN                             CKND2D3        2  3.9   30   +28     255 R 
g168062/I                                                            +0     255   
g168062/ZN                             CKND2          2  2.9   16   +18     273 F 
csa_tree_add_35_74_groupi_g18879/I                                   +0     273   
csa_tree_add_35_74_groupi_g18879/ZN    INVD1          2  2.2   26   +21     294 R 
csa_tree_add_35_74_groupi_g18587/A2                                  +0     294   
csa_tree_add_35_74_groupi_g18587/ZN    NR2D1          1  2.1   21   +20     314 F 
g164913/B1                                                           +0     314   
g164913/ZN                             INR2D2         1  3.6   50   +35     349 R 
g171265/A1                                                           +0     349   
g171265/ZN                             NR2XD2         3  5.2   27   +29     378 F 
g171264/I                                                            +0     378   
g171264/ZN                             CKND2          2  3.0   19   +19     397 R 
g163935/A1                                                           +0     397   
g163935/ZN                             NR2XD1         1  2.4   26   +20     417 F 
g165560/A1                                                           +0     417   
g165560/ZN                             OAI21D2        2  3.3   56   +41     458 R 
g165562/I                                                            +0     458   
g165562/ZN                             CKND2          2  4.1   24   +27     485 F 
g163932/A1                                                           +0     485   
g163932/ZN                             ND2D2          1  2.1   20   +18     503 R 
g166049/A1                                                           +0     503   
g166049/ZN                             ND2D2          2  4.1   30   +25     528 F 
csa_tree_add_35_74_groupi_g17500/I                                   +0     528   
csa_tree_add_35_74_groupi_g17500/ZN    CKND2          1  1.9   16   +17     545 R 
csa_tree_add_35_74_groupi_g17385/A1                                  +0     545   
csa_tree_add_35_74_groupi_g17385/ZN    CKND2D2        1  2.1   20   +18     563 F 
g165772/A1                                                           +0     563   
g165772/ZN                             ND2D2          3  5.3   34   +24     588 R 
g165774/I                                                            +0     588   
g165774/ZN                             CKND2          1  1.9   14   +17     604 F 
g166394/A1                                                           +0     604   
g166394/ZN                             CKND2D2        2  4.8   42   +27     631 R 
g171525/A2                                                           +0     631   
g171525/ZN                             ND2D2          1  4.5   32   +34     666 F 
g171524/A1                                                           +0     666   
g171524/ZN                             ND2D4          3  5.8   24   +23     688 R 
csa_tree_add_35_74_groupi_g160011/A2                                 +0     688   
csa_tree_add_35_74_groupi_g160011/ZN   ND2D2          1  2.1   23   +24     712 F 
g164946/A1                                                           +0     712   
g164946/ZN                             ND2D2          1  3.5   26   +21     733 R 
g171542/A1                                                           +0     733   
g171542/ZN                             ND2D3          2  6.8   34   +29     762 F 
g162416/A1                                                           +0     762   
g162416/ZN                             ND2D3          1  4.1   24   +23     785 R 
g162415/I                                                            +0     785   
g162415/ZN                             CKND4          1  8.1   18   +19     804 F 
g162414/A1                                                           +0     804   
g162414/ZN                             NR2D8          2  9.8   40   +30     834 R 
g163457/A1                                                           +0     834   
g163457/ZN                             NR2XD3         4  7.7   28   +27     860 F 
g48_dup173559/A2                                                     +0     860   
g48_dup173559/ZN                       ND2D2          1  1.9   20   +21     882 R 
g47_dup/A1                                                           +0     882   
g47_dup/ZN                             CKND2D2        1  2.1   20   +19     900 F 
g168191/A1                                                           +0     900   
g168191/ZN                             ND2D2          1  3.0   25   +19     919 R 
g168190/A1                                                           +0     919   
g168190/ZN                             CKND2D3        1  3.4   22   +22     941 F 
g213/A1                                                              +0     941   
g213/ZN                                NR2XD2         2  4.2   32   +25     966 R 
g171995/A1                                                           +0     966   
g171995/ZN                             ND2D2          1  2.1   22   +22     989 F 
g205/A1                                                              +0     989   
g205/ZN                                ND2D2          1  4.5   30   +23    1012 R 
g170412/A1                                                           +0    1012   
g170412/ZN                             ND2D4          9 19.0   57   +43    1055 F 
centery_rem_18_19_g133229/A1                                         +0    1055   
centery_rem_18_19_g133229/ZN           NR2XD0         1  1.2   43   +38    1093 R 
g161404/A1                                                           +0    1093   
g161404/ZN                             OAI21D1        1  1.9   41   +32    1125 F 
g166303/A1                                                           +0    1125   
g166303/ZN                             CKND2D2        1  3.4   34   +30    1156 R 
centery_rem_18_19_g172609/A2                                         +0    1156   
centery_rem_18_19_g172609/ZN           ND2D3          3  6.8   34   +34    1189 F 
centery_rem_18_19_g133024/I                                          +0    1189   
centery_rem_18_19_g133024/ZN           INVD4          3 12.0   32   +29    1218 R 
centery_rem_18_19_g132976/A1                                         +0    1218   
centery_rem_18_19_g132976/ZN           AOI21D4        1  3.4   28   +25    1242 F 
centery_rem_18_19_g132969/A1                                         +0    1242   
centery_rem_18_19_g132969/ZN           NR2XD2         2  4.7   34   +27    1270 R 
g172781/A1                                                           +0    1270   
g172781/ZN                             NR2XD2         3  4.7   28   +24    1294 F 
g172468/A1                                                           +0    1294   
g172468/ZN                             NR2XD1         2  3.6   44   +33    1327 R 
g167519/A2                                                           +0    1327   
g167519/ZN                             NR2XD1         2  2.9   30   +33    1360 F 
g166371/A2                                                           +0    1360   
g166371/ZN                             CKND2D1        1  3.6   58   +42    1402 R 
g164596/A3                                                           +0    1402   
g164596/ZN                             ND3D3          4  5.7   51   +52    1454 F 
g165402/A1                                                           +0    1454   
g165402/ZN                             NR2XD0         1  1.9   53   +43    1498 R 
g166854/A1                                                           +0    1498   
g166854/ZN                             CKND2D2        1  2.2   25   +26    1524 F 
g166853/A1                                                           +0    1524   
g166853/ZN                             ND3D2          1  2.1   27   +20    1544 R 
g166852/A1                                                           +0    1544   
g166852/ZN                             ND2D2          1  4.8   34   +29    1573 F 
g169659/A2                                                           +0    1573   
g169659/ZN                             ND2D4          5  8.5   30   +28    1602 R 
g164586/B2                                                           +0    1602   
g164586/ZN                             MAOI22D1       1  1.9   65   +73    1674 R 
g164585/A1                                                           +0    1674   
g164585/ZN                             CKND2D2        1  3.4   32   +32    1707 F 
centery_rem_18_19_g132706/A1                                         +0    1707   
centery_rem_18_19_g132706/ZN           NR2XD2         4  8.0   48   +36    1743 R 
centery_rem_18_19_g172809/I                                          +0    1743   
centery_rem_18_19_g172809/ZN           CKND3          4  7.1   25   +27    1770 F 
g168161/A1                                                           +0    1770   
g168161/ZN                             CKND2D2        2  3.0   32   +24    1794 R 
g172813/B                                                            +0    1794   
g172813/ZN                             OAI21D2        2  2.8   36   +38    1832 F 
centery_rem_18_19_g132582/I                                          +0    1832   
centery_rem_18_19_g132582/ZN           CKND0          2  2.1   46   +37    1870 R 
centery_rem_18_19_g132581/I                                          +0    1870   
centery_rem_18_19_g132581/ZN           INVD1          1  1.2   18   +20    1890 F 
centery_rem_18_19_g158361/B                                          +0    1890   
centery_rem_18_19_g158361/ZN           AOI21D1        1  0.8   47   +44    1934 R 
centery_rem_18_19_g132480/I0                                         +0    1934   
centery_rem_18_19_g132480/ZN           MUX2ND0        1  1.2   51   +47    1981 F 
g173455/A1                                                           +0    1981   
g173455/ZN                             MOAI22D1       1  1.8   60   +49    2030 R 
centery_rem_18_19_g132447/A1                                         +0    2030   
centery_rem_18_19_g132447/ZN           NR2XD1         1  2.1   27   +29    2059 F 
centery_rem_18_19_g132428/A1                                         +0    2059   
centery_rem_18_19_g132428/ZN           ND2D2          2  6.3   42   +29    2087 R 
fopt157574/I                                                         +0    2087   
fopt157574/ZN                          INVD4          3  6.5   18   +20    2107 F 
centery_rem_18_19_g132380/A1                                         +0    2107   
centery_rem_18_19_g132380/ZN           ND2D3          1  4.1   34   +18    2126 R 
centery_rem_18_19_g132252/B                                          +0    2126   
centery_rem_18_19_g132252/ZN           OAI21D4        1  4.3   34   +36    2162 F 
g162049/B                                                            +0    2162   
g162049/ZN                             AOI21D4        1  6.9   63   +57    2218 R 
g169953/A1                                                           +0    2218   
g169953/ZN                             NR2XD4        13 19.1   41   +39    2257 F 
centery_rem_18_19_g157755/A1                                         +0    2257   
centery_rem_18_19_g157755/ZN           OAI21D1        1  1.8   57   +44    2301 R 
centery_rem_18_19_g132187/A1                                         +0    2301   
centery_rem_18_19_g132187/ZN           NR2XD1         1  2.1   27   +28    2330 F 
g161042/A1                                                           +0    2330   
g161042/ZN                             ND2D2          2  6.3   42   +29    2358 R 
centery_rem_18_19_g172979/I                                          +0    2358   
centery_rem_18_19_g172979/ZN           CKND4          3  8.2   21   +24    2382 F 
centery_rem_18_19_g172982/I                                          +0    2382   
centery_rem_18_19_g172982/ZN           CKND4          4  9.1   25   +21    2404 R 
centery_rem_18_19_g172985/A1                                         +0    2404   
centery_rem_18_19_g172985/ZN           ND2D4          2  4.7   23   +22    2426 F 
centery_rem_18_19_g132021/B                                          +0    2426   
centery_rem_18_19_g132021/ZN           OAI21D4        2  2.0   35   +22    2448 R 
centery_rem_18_19_g131986/A1                                         +0    2448   
centery_rem_18_19_g131986/ZN           ND2D1          1  2.1   34   +32    2480 F 
g171792/A1                                                           +0    2480   
g171792/ZN                             ND2D2          1  3.6   27   +24    2504 R 
centery_rem_18_19_g131969/A2                                         +0    2504   
centery_rem_18_19_g131969/ZN           NR2XD2         3  7.3   33   +30    2534 F 
centery_rem_18_19_g131941/A1                                         +0    2534   
centery_rem_18_19_g131941/ZN           ND2D4          8 15.0   43   +33    2567 R 
centery_rem_18_19_g131940/I                                          +0    2567   
centery_rem_18_19_g131940/ZN           CKND2          1  2.1   17   +19    2587 F 
centery_rem_18_19_g131925/A1                                         +0    2587   
centery_rem_18_19_g131925/ZN           ND2D2          1  2.2   22   +16    2603 R 
centery_rem_18_19_g157292/A2                                         +0    2603   
centery_rem_18_19_g157292/ZN           CKND2D2        1  5.0   39   +30    2634 F 
g172629/A1                                                           +0    2634   
g172629/ZN                             NR2XD3         4  9.7   42   +35    2668 R 
centery_rem_18_19_g157290/I                                          +0    2668   
centery_rem_18_19_g157290/ZN           CKND4          4  8.1   21   +24    2692 F 
centery_rem_18_19_g131807/A1                                         +0    2692   
centery_rem_18_19_g131807/ZN           ND2D2          2  4.8   34   +24    2716 R 
g171307/B                                                            +0    2716   
g171307/ZN                             OAI21D4        4  5.1   40   +37    2753 F 
g171306/A2                                                           +0    2753   
g171306/ZN                             ND2D2          1  4.6   31   +31    2784 R 
g163048/A1                                                           +0    2784   
g163048/ZN                             ND3D4          3  6.9   48   +37    2821 F 
g163050/I                                                            +0    2821   
g163050/ZN                             CKND4          1  4.5   22   +22    2843 R 
g166415/A1                                                           +0    2843   
g166415/ZN                             ND2D4          7 11.7   39   +31    2874 F 
g165592/A1                                                           +0    2874   
g165592/ZN                             NR2XD1         1  1.8   30   +27    2902 R 
g160747/A2                                                           +0    2902   
g160747/ZN                             NR2XD1         1  2.5   27   +28    2929 F 
g161921/A2                                                           +0    2929   
g161921/ZN                             ND2D2          2  2.9   24   +23    2952 R 
g164440/A1                                                           +0    2952   
g164440/ZN                             NR2XD1         1  3.4   32   +24    2976 F 
g164439/A1                                                           +0    2976   
g164439/ZN                             NR2XD2         2  4.6   34   +28    3005 R 
g160946/A2                                                           +0    3005   
g160946/ZN                             ND2D2          1  4.8   37   +34    3038 F 
g201/A2                                                              +0    3038   
g201/ZN                                NR2D4          1  8.3   54   +46    3084 R 
g199/A2                                                              +0    3084   
g199/ZN                                NR2D8          9 14.7   26   +26    3111 F 
g15017/I                                                             +0    3111   
g15017/ZN                              CKND6          8 15.2   28   +24    3135 R 
g15003/A1                                                            +0    3135   
g15003/ZN                              CKND2D2        1  2.2   21   +21    3156 F 
g14961/B                                                             +0    3156   
g14961/ZN                              IOA21D2        4  3.8   35   +22    3178 R 
Ycc_reg[2]/D                           DFQD1                         +0    3178   
Ycc_reg[2]/CP                          setup                    0   +33    3210 R 
- - - - - - - - - - - - - - - - - - - - - - - - - - - - - - - - - - - - - - - - - 
(clock CLK)                            capture                             1200 R 
----------------------------------------------------------------------------------
Cost Group   : 'CLK' (path_group 'CLK')
Timing slack :   -2010ps (TIMING VIOLATION)
Start-point  : w_reg[4][3]/CP
End-point    : Ycc_reg[2]/D
