============================================================
  Generated by:           Encounter(R) RTL Compiler v10.10-s209_1
  Generated on:           Oct 02 2014  11:50:11 pm
  Module:                 ALT_MULTADD
  Technology library:     tcbn65gpluswc 121
  Operating conditions:   WCCOM (balanced_tree)
  Wireload mode:          segmented
  Area mode:              timing library
============================================================

            Pin                  Type       Fanout Load Slew Delay Arrival   
                                                   (fF) (ps)  (ps)   (ps)    
-----------------------------------------------------------------------------
(clock iCLK)                   launch                                    0 R 
B1_reg[5]/CP                                               1             0 R 
B1_reg[5]/Q                    DFCNQD4           9 14.5   58  +189     189 R 
g27175/A1                                                       +0     189   
g27175/Z                       AN2XD1            2  2.4   33   +58     247 R 
csa_tree_mul_9_16_g2845/I                                       +0     247   
csa_tree_mul_9_16_g2845/ZN     INVD1             2  3.4   24   +24     272 F 
csa_tree_mul_9_16_g3052/A1                                      +0     272   
csa_tree_mul_9_16_g3052/ZN     IND2D2            1  2.2   27   +48     320 F 
g25018/B                                                        +0     320   
g25018/ZN                      IOA21D2           3  5.6   42   +28     347 R 
g19659/I                                                        +0     347   
g19659/ZN                      INVD2             1  2.1   16   +18     365 F 
g21424/A1                                                       +0     365   
g21424/ZN                      ND2D2             2  4.8   32   +22     387 R 
g25983/A2                                                       +0     387   
g25983/ZN                      ND3D2             1  4.8   58   +49     436 F 
g25981/A2                                                       +0     436   
g25981/ZN                      ND2D4             4  6.9   32   +33     469 R 
g25752/I                                                        +0     469   
g25752/ZN                      INVD2             1  2.1   13   +16     484 F 
g25182/A1                                                       +0     484   
g25182/ZN                      ND2D2             2  4.0   29   +20     504 R 
g25181/A1                                                       +0     504   
g25181/ZN                      CKND2D2           1  2.1   20   +21     525 F 
g25356/A1                                                       +0     525   
g25356/ZN                      ND2D2             1  3.5   27   +20     545 R 
g26050/A1                                                       +0     545   
g26050/ZN                      ND2D3             3  6.6   33   +29     574 F 
g26049/A1                                                       +0     574   
g26049/ZN                      NR2XD2            5  7.7   47   +36     610 R 
g22274/A1                                                       +0     610   
g22274/ZN                      NR2XD1            2  3.3   32   +30     640 F 
g22809/A2                                                       +0     640   
g22809/ZN                      ND2D1             1  2.1   32   +29     668 R 
g21021/A1                                                       +0     668   
g21021/ZN                      ND2D2             2  3.2   27   +26     694 F 
g21026/I                                                        +0     694   
g21026/ZN                      CKND2             2  4.8   26   +23     717 R 
g21739/A2                                                       +0     717   
g21739/ZN                      ND3D2             1  3.3   47   +42     758 F 
g26247/A2                                                       +0     758   
g26247/ZN                      ND2D3             5  8.6   38   +36     794 R 
csa_tree_add_31_30_g8113/A1                                     +0     794   
csa_tree_add_31_30_g8113/ZN    NR2XD1            1  1.7   25   +23     818 F 
g24561/A1                                                       +0     818   
g24561/ZN                      NR2XD1            1  3.6   44   +32     850 R 
g26059/A2                                                       +0     850   
g26059/ZN                      NR2XD2            4  5.3   28   +32     882 F 
g26058/I                                                        +0     882   
g26058/ZN                      CKND2             1  1.9   16   +17     898 R 
g26057/A1                                                       +0     898   
g26057/ZN                      CKND2D2           1  2.1   20   +18     916 F 
g26056/A1                                                       +0     916   
g26056/ZN                      ND2D2             1  2.1   22   +17     933 R 
g26055/A1                                                       +0     933   
g26055/ZN                      ND2D2             3  5.1   36   +29     962 F 
g25597/I                                                        +0     962   
g25597/ZN                      CKND2             1  2.1   18   +19     980 R 
g25596/A1                                                       +0     980   
g25596/ZN                      ND2D2             1  2.1   20   +19    1000 F 
g23366/A1                                                       +0    1000   
g23366/ZN                      ND2D2             2  4.0   28   +22    1021 R 
g20559/I                                                        +0    1021   
g20559/ZN                      CKND2             1  4.1   19   +20    1042 F 
g25974/A1                                                       +0    1042   
g25974/ZN                      CKND2D4           1  4.5   27   +21    1062 R 
g25973/A1                                                       +0    1062   
g25973/ZN                      ND2D4             4  7.7   30   +27    1089 F 
g19170/I                                                        +0    1089   
g19170/ZN                      CKND2             1  2.1   17   +17    1106 R 
g25776/A1                                                       +0    1106   
g25776/ZN                      ND2D2             2  4.3   31   +25    1131 F 
g25778/A1                                                       +0    1131   
g25778/ZN                      ND2D2             1  4.5   30   +26    1157 R 
g18759/A1                                                       +0    1157   
g18759/ZN                      ND2D4             2  4.6   24   +23    1180 F 
g25777/A1                                                       +0    1180   
g25777/ZN                      ND2D3             3  6.1   34   +23    1203 R 
fopt23858/I                                                     +0    1203   
fopt23858/ZN                   CKND2             1  2.2   15   +18    1221 F 
csa_tree_add_31_30_g23979/A2                                    +0    1221   
csa_tree_add_31_30_g23979/ZN   CKND2D2           1  2.1   26   +22    1243 R 
g23975/A1                                                       +0    1243   
g23975/ZN                      ND2D2             2  3.8   29   +26    1269 F 
g134/A1                                                         +0    1269   
g134/ZN                        CKND2D2           1  2.1   26   +23    1292 R 
g133/I                                                          +0    1292   
g133/ZN                        CKND2             1  3.4   16   +18    1310 F 
g25395/A1                                                       +0    1310   
g25395/ZN                      NR2XD2            3  5.8   39   +28    1337 R 
g130/I                                                          +0    1337   
g130/ZN                        INVD1             2  3.1   23   +25    1362 F 
g25394/A2                                                       +0    1362   
g25394/ZN                      AOI21D2           1  2.2   53   +39    1401 R 
g23078/A2                                                       +0    1401   
g23078/ZN                      CKND2D2           2  2.3   23   +30    1431 F 
g23077/A1                                                       +0    1431   
g23077/ZN                      OAI21D1           1  1.1   46   +34    1465 R 
oRESULT_reg[15]/D              DFCNQD1                          +0    1465   
oRESULT_reg[15]/CP             setup                       1   +41    1506 R 
- - - - - - - - - - - - - - - - - - - - - - - - - - - - - - - - - - - - - - -
(clock clk)                    capture                                 200 R 
                               latency                          +0     200 R 
                               uncertainty                     -10     190 R 
-----------------------------------------------------------------------------
Timing slack :   -1316ps (TIMING VIOLATION)
Start-point  : B1_reg[5]/CP
End-point    : oRESULT_reg[15]/D
