============================================================
  Generated by:           Encounter(R) RTL Compiler v10.10-s209_1
  Generated on:           Sep 30 2014  10:16:12 am
  Module:                 ALT_MULTADD
  Technology library:     tcbn65gpluswc 121
  Operating conditions:   WCCOM (balanced_tree)
  Wireload mode:          segmented
  Area mode:              timing library
============================================================

                               
   Gate    Instances    Area        Library     
------------------------------------------------
AN2D0              1     2.160    tcbn65gpluswc 
AN2D1              1     2.160    tcbn65gpluswc 
AN2D2              2     5.040    tcbn65gpluswc 
AN2D4              8    34.560    tcbn65gpluswc 
AN2XD1            45    97.200    tcbn65gpluswc 
AN3XD1             1     2.520    tcbn65gpluswc 
AO21D0             1     2.520    tcbn65gpluswc 
AO21D1            16    40.320    tcbn65gpluswc 
AO22D0             6    17.280    tcbn65gpluswc 
AO22D1             4    12.960    tcbn65gpluswc 
AOI21D1           20    43.200    tcbn65gpluswc 
AOI21D2            3     9.720    tcbn65gpluswc 
AOI21D4            2    12.960    tcbn65gpluswc 
AOI22D1           11    27.720    tcbn65gpluswc 
AOI22D2            4    17.280    tcbn65gpluswc 
AOI31D1            3     7.560    tcbn65gpluswc 
AOI31D2            3    12.960    tcbn65gpluswc 
AOI32D0            1     2.880    tcbn65gpluswc 
AOI32D1            1     2.880    tcbn65gpluswc 
AOI32D2            1     5.400    tcbn65gpluswc 
BUFFD1            12    17.280    tcbn65gpluswc 
BUFFD2            10    21.600    tcbn65gpluswc 
CKAN2D1            1     2.160    tcbn65gpluswc 
CKBD0              2     2.880    tcbn65gpluswc 
CKBD1             17    24.480    tcbn65gpluswc 
CKBD4              1     3.240    tcbn65gpluswc 
CKMUX2D1           1     3.600    tcbn65gpluswc 
CKND0             13    14.040    tcbn65gpluswc 
CKND1            217   234.360    tcbn65gpluswc 
CKND2            242   348.480    tcbn65gpluswc 
CKND2D0            8    11.520    tcbn65gpluswc 
CKND2D1          236   339.840    tcbn65gpluswc 
CKND2D2          258   650.160    tcbn65gpluswc 
CKND2D3           10    32.400    tcbn65gpluswc 
CKND2D4            8    34.560    tcbn65gpluswc 
CKND3             13    28.080    tcbn65gpluswc 
CKND4             18    45.360    tcbn65gpluswc 
CKXOR2D1           2     7.200    tcbn65gpluswc 
DFCND1             4    34.560    tcbn65gpluswc 
DFCND2             1    10.080    tcbn65gpluswc 
DFCND4             1    11.880    tcbn65gpluswc 
DFCNQD1           24   190.080    tcbn65gpluswc 
DFCNQD4           19   191.520    tcbn65gpluswc 
FA1D0              6    54.000    tcbn65gpluswc 
FA1D1              8    80.640    tcbn65gpluswc 
FA1D4              1    14.400    tcbn65gpluswc 
HA1D0              3    17.280    tcbn65gpluswc 
HA1D1              3    18.360    tcbn65gpluswc 
IAO21D2           13    42.120    tcbn65gpluswc 
IAO22D1            1     3.240    tcbn65gpluswc 
IND2D0             4     8.640    tcbn65gpluswc 
IND2D1            96   207.360    tcbn65gpluswc 
IND2D2            27    77.760    tcbn65gpluswc 
IND3D0             1     2.520    tcbn65gpluswc 
IND3D1            12    30.240    tcbn65gpluswc 
IND3D2             2     8.640    tcbn65gpluswc 
INR2D1            11    23.760    tcbn65gpluswc 
INR2D2             7    20.160    tcbn65gpluswc 
INR2D4             3    15.120    tcbn65gpluswc 
INR2XD0            7    15.120    tcbn65gpluswc 
INR2XD1            3     8.640    tcbn65gpluswc 
INR2XD2            1     4.680    tcbn65gpluswc 
INR3D0             3     7.560    tcbn65gpluswc 
INR3D1             3    10.800    tcbn65gpluswc 
INVD0             14    15.120    tcbn65gpluswc 
INVD1            282   304.560    tcbn65gpluswc 
INVD2             62    89.280    tcbn65gpluswc 
INVD3              9    19.440    tcbn65gpluswc 
INVD4              3     7.560    tcbn65gpluswc 
IOA21D1           24    60.480    tcbn65gpluswc 
IOA21D2           86   278.640    tcbn65gpluswc 
MAOI222D0          2     5.760    tcbn65gpluswc 
MAOI222D1          7    20.160    tcbn65gpluswc 
MAOI22D1           5    14.400    tcbn65gpluswc 
MOAI22D1          31    89.280    tcbn65gpluswc 
MUX2D1             3    10.800    tcbn65gpluswc 
MUX2ND0            1     2.880    tcbn65gpluswc 
ND2D0             14    20.160    tcbn65gpluswc 
ND2D1            416   599.040    tcbn65gpluswc 
ND2D2            427  1076.040    tcbn65gpluswc 
ND2D3             27    87.480    tcbn65gpluswc 
ND2D4             21    90.720    tcbn65gpluswc 
ND2D8              1     7.920    tcbn65gpluswc 
ND3D1             67   144.720    tcbn65gpluswc 
ND3D2             39   126.360    tcbn65gpluswc 
ND3D3              1     4.680    tcbn65gpluswc 
ND3D8              1    12.240    tcbn65gpluswc 
ND4D1              2     5.040    tcbn65gpluswc 
NR2D0              3     4.320    tcbn65gpluswc 
NR2D1             42    60.480    tcbn65gpluswc 
NR2D2             32    80.640    tcbn65gpluswc 
NR2D3              7    22.680    tcbn65gpluswc 
NR2D4              5    21.600    tcbn65gpluswc 
NR2XD0            50    72.000    tcbn65gpluswc 
NR2XD1           124   312.480    tcbn65gpluswc 
NR2XD2            37   159.840    tcbn65gpluswc 
NR2XD3             3    18.360    tcbn65gpluswc 
NR2XD4             1     7.920    tcbn65gpluswc 
NR3D0              2     4.320    tcbn65gpluswc 
NR3D1              2     6.480    tcbn65gpluswc 
NR3D2              2    11.520    tcbn65gpluswc 
NR3D3              1     8.640    tcbn65gpluswc 
OA21D1             4    10.080    tcbn65gpluswc 
OA21D2             1     2.880    tcbn65gpluswc 
OA21D4             1     5.760    tcbn65gpluswc 
OA22D1             3     9.720    tcbn65gpluswc 
OAI211D0           1     2.520    tcbn65gpluswc 
OAI21D1           65   140.400    tcbn65gpluswc 
OAI21D2           21    68.040    tcbn65gpluswc 
OAI21D4            3    19.440    tcbn65gpluswc 
OAI221D1           2     6.480    tcbn65gpluswc 
OAI22D1           12    30.240    tcbn65gpluswc 
OAI22D2            1     4.320    tcbn65gpluswc 
OR2D0              1     2.160    tcbn65gpluswc 
OR2D1             16    34.560    tcbn65gpluswc 
OR2XD1             8    17.280    tcbn65gpluswc 
XNR2D1             2     7.200    tcbn65gpluswc 
XNR2D2             1     3.960    tcbn65gpluswc 
XOR2D1             2     7.200    tcbn65gpluswc 
------------------------------------------------
total           3467  7545.960                  


                                     
   Type    Instances   Area   Area % 
-------------------------------------
sequential        49  438.120    5.8 
inverter         873 1106.280   14.7 
buffer            42   69.480    0.9 
logic           2503 5932.080   78.6 
-------------------------------------
total           3467 7545.960  100.0 

