============================================================
  Generated by:           Encounter(R) RTL Compiler v12.10-s012_1
  Generated on:           Oct 01 2015  03:16:04 pm
  Module:                 ALT_MULTADD
  Technology library:     tcbn65gpluswc 121
  Operating conditions:   WCCOM (balanced_tree)
  Wireload mode:          segmented
  Area mode:              timing library
============================================================

               Pin                     Type       Fanout Load Slew Delay Arrival   
                                                         (fF) (ps)  (ps)   (ps)    
-----------------------------------------------------------------------------------
(clock clk)                          launch                                  200 R 
                                     latency                          +2     202 R 
A0_reg[5]/CP                                                   110           202 R 
A0_reg[5]/Q                          DFQD4             7 13.3   43  +150     352 R 
mul_25_35_g2966/A1                                                    +0     352   
mul_25_35_g2966/ZN                   ND2D1             1  1.2   27   +29     381 F 
mul_25_35_g3213/A1                                                    +0     381   
mul_25_35_g3213/ZN                   IND2D2            1  4.8   39   +57     438 F 
mul_25_35_g2878/A2                                                    +0     438   
mul_25_35_g2878/ZN                   ND2D4             2  3.1   20   +24     462 R 
g6349/S                                                               +0     462   
g6349/Z                              MUX2D4            2  3.3   40   +81     543 F 
mul_25_35_g2722/B1                                                    +0     543   
mul_25_35_g2722/ZN                   IND2D1            1  2.5   36   +30     573 R 
mul_25_35_g2716/B1                                                    +0     573   
mul_25_35_g2716/ZN                   IND2D2            3  5.3   41   +37     610 F 
mul_25_35_g2673/I                                                     +0     610   
mul_25_35_g2673/ZN                   CKND2             1  2.1   20   +20     630 R 
mul_25_35_g2646/A1                                                    +0     630   
mul_25_35_g2646/ZN                   ND2D2             1  3.4   27   +23     653 F 
mul_25_35_g2633/A1                                                    +0     653   
mul_25_35_g2633/ZN                   ND2D3             2  6.4   31   +24     678 R 
mul_25_35_g2591/B1                                                    +0     678   
mul_25_35_g2591/ZN                   INR2XD2           3  6.6   38   +26     704 F 
mul_25_35_g2573/B1                                                    +0     704   
mul_25_35_g2573/ZN                   INR2D4            1  7.0   50   +39     743 R 
mul_25_35_g3202/B1                                                    +0     743   
mul_25_35_g3202/ZN                   INR2XD4           2  8.5   28   +31     774 F 
mul_25_35_g2484/A3                                                    +0     774   
mul_25_35_g2484/ZN                   NR3D3             1  3.6   46   +49     823 R 
mul_25_35_g2473/A1                                                    +0     823   
mul_25_35_g2473/ZN                   NR2XD2            1  4.4   26   +26     849 F 
mul_25_35_g2468/B1                                                    +0     849   
mul_25_35_g2468/ZN                   IND2D4            4 10.4   37   +26     875 R 
mul_25_35_g2458/A2                                                    +0     875   
mul_25_35_g2458/ZN                   ND2D2             2  5.1   35   +35     910 F 
mul_25_35_g2452/A2                                                    +0     910   
mul_25_35_g2452/ZN                   CKND2D3           2  3.1   28   +28     939 R 
mul_25_35_g2446/B1                                                    +0     939   
mul_25_35_g2446/ZN                   IND2D1            1  4.4   59   +44     982 F 
mul_25_35_g2438/B1                                                    +0     982   
mul_25_35_g2438/ZN                   IND2D4            3  9.6   35   +34    1016 R 
csa_tree_mul_25_40_groupi_g5148/I                                     +0    1016   
csa_tree_mul_25_40_groupi_g5148/ZN   CKND3             2  8.3   25   +25    1042 F 
csa_tree_mul_25_40_groupi_g5147/I                                     +0    1042   
csa_tree_mul_25_40_groupi_g5147/ZN   CKND6             5 11.4   22   +21    1063 R 
csa_tree_mul_25_40_groupi_g5060/A1                                    +0    1063   
csa_tree_mul_25_40_groupi_g5060/ZN   ND2D3             3  3.3   28   +22    1084 F 
csa_tree_mul_25_40_groupi_g5059/I                                     +0    1084   
csa_tree_mul_25_40_groupi_g5059/ZN   INVD1             2  2.4   28   +25    1109 R 
csa_tree_mul_25_40_groupi_g4912/B1                                    +0    1109   
csa_tree_mul_25_40_groupi_g4912/ZN   IND2D1            1  2.5   40   +32    1142 F 
csa_tree_mul_25_40_groupi_g4820/A2                                    +0    1142   
csa_tree_mul_25_40_groupi_g4820/ZN   ND2D2             3  3.2   26   +28    1169 R 
fopt6572/I                                                            +0    1169   
fopt6572/ZN                          INVD1             1  1.2   14   +16    1185 F 
g6322/I1                                                              +0    1185   
g6322/Z                              MUX2D2            2  3.2   36   +72    1256 F 
csa_tree_mul_25_40_groupi_g4611/B1                                    +0    1256   
csa_tree_mul_25_40_groupi_g4611/ZN   IND2D1            1  2.5   37   +29    1286 R 
csa_tree_mul_25_40_groupi_g4603/A2                                    +0    1286   
csa_tree_mul_25_40_groupi_g4603/ZN   ND2D2             2  2.3   22   +27    1313 F 
fopt6432/I                                                            +0    1313   
fopt6432/ZN                          INVD1             2  3.0   33   +26    1338 R 
csa_tree_mul_25_40_groupi_g4493/B1                                    +0    1338   
csa_tree_mul_25_40_groupi_g4493/ZN   INR2XD1           1  1.7   26   +22    1361 F 
csa_tree_mul_25_40_groupi_g4491/A1                                    +0    1361   
csa_tree_mul_25_40_groupi_g4491/ZN   NR2XD1            2  2.4   34   +27    1388 R 
fopt6545/I                                                            +0    1388   
fopt6545/ZN                          INVD1             1  1.9   18   +20    1408 F 
csa_tree_mul_25_40_groupi_g4418/A1                                    +0    1408   
csa_tree_mul_25_40_groupi_g4418/ZN   CKND2D2           1  2.1   26   +20    1427 R 
csa_tree_mul_25_40_groupi_g4396/A1                                    +0    1427   
csa_tree_mul_25_40_groupi_g4396/ZN   ND2D2             1  2.3   22   +22    1449 F 
csa_tree_mul_25_40_groupi_g4234/CI                                    +0    1449   
csa_tree_mul_25_40_groupi_g4234/S    FA1D1             2  3.5   47   +94    1542 R 
csa_tree_mul_25_40_groupi_g4233/I                                     +0    1542   
csa_tree_mul_25_40_groupi_g4233/ZN   INVD2             1  4.4   21   +24    1566 F 
csa_tree_mul_25_40_groupi_g4198/B1                                    +0    1566   
csa_tree_mul_25_40_groupi_g4198/ZN   IND2D4            3  5.8   27   +20    1586 R 
csa_tree_mul_25_40_groupi_g4189/A2                                    +0    1586   
csa_tree_mul_25_40_groupi_g4189/ZN   ND2D2             2  3.3   28   +28    1613 F 
csa_tree_mul_25_40_groupi_g4099/A1                                    +0    1613   
csa_tree_mul_25_40_groupi_g4099/ZN   IND2D2            1  2.1   26   +49    1662 F 
csa_tree_mul_25_40_groupi_g4095/A1                                    +0    1662   
csa_tree_mul_25_40_groupi_g4095/ZN   ND2D2             2  3.3   26   +22    1684 R 
csa_tree_add_25_30_groupi_g5876/A1                                    +0    1684   
csa_tree_add_25_30_groupi_g5876/ZN   ND2D2             4  5.2   40   +30    1713 F 
csa_tree_add_25_30_groupi_g5529/A1                                    +0    1713   
csa_tree_add_25_30_groupi_g5529/ZN   NR2XD1            1  1.2   26   +25    1738 R 
csa_tree_add_25_30_groupi_g5523/A1                                    +0    1738   
csa_tree_add_25_30_groupi_g5523/ZN   IND2D2            2  4.6   32   +44    1782 R 
csa_tree_add_25_30_groupi_g5500/I                                     +0    1782   
csa_tree_add_25_30_groupi_g5500/ZN   CKND2             1  2.1   14   +17    1798 F 
csa_tree_add_25_30_groupi_g5474/A1                                    +0    1798   
csa_tree_add_25_30_groupi_g5474/ZN   ND2D2             1  2.1   24   +15    1814 R 
csa_tree_add_25_30_groupi_g5472/A1                                    +0    1814   
csa_tree_add_25_30_groupi_g5472/ZN   ND2D2             2  3.2   26   +24    1838 F 
fopt6514/I                                                            +0    1838   
fopt6514/ZN                          CKND2             2  2.3   16   +17    1855 R 
csa_tree_add_25_30_groupi_g5393/A1                                    +0    1855   
csa_tree_add_25_30_groupi_g5393/ZN   INR2D2            1  2.2   38   +51    1906 R 
csa_tree_add_25_30_groupi_g5390/A1                                    +0    1906   
csa_tree_add_25_30_groupi_g5390/ZN   NR2D2             2  2.2   17   +18    1924 F 
csa_tree_add_25_30_groupi_g5389/I                                     +0    1924   
csa_tree_add_25_30_groupi_g5389/ZN   INVD1             1  2.2   26   +21    1945 R 
csa_tree_add_25_30_groupi_g5369/A2                                    +0    1945   
csa_tree_add_25_30_groupi_g5369/ZN   CKND2D2           1  2.1   20   +23    1968 F 
csa_tree_add_25_30_groupi_g5368/A1                                    +0    1968   
csa_tree_add_25_30_groupi_g5368/ZN   ND2D2             3  4.0   29   +22    1990 R 
csa_tree_add_25_30_groupi_g5264/A1                                    +0    1990   
csa_tree_add_25_30_groupi_g5264/ZN   OAI21D1           2  3.3   53   +37    2026 F 
csa_tree_add_25_30_groupi_g5253/A2                                    +0    2026   
csa_tree_add_25_30_groupi_g5253/ZN   OAI21D1           1  1.8   57   +51    2077 R 
csa_tree_add_25_30_groupi_g5252/A1                                    +0    2077   
csa_tree_add_25_30_groupi_g5252/ZN   NR2XD1            2  3.3   32   +33    2110 F 
csa_tree_add_25_30_groupi_g5249/B1                                    +0    2110   
csa_tree_add_25_30_groupi_g5249/ZN   INR2D1            1  1.2   44   +35    2145 R 
csa_tree_add_25_30_groupi_g5247/A1                                    +0    2145   
csa_tree_add_25_30_groupi_g5247/ZN   IND2D2            1  1.9   21   +42    2187 R 
g339/A1                                                               +0    2187   
g339/ZN                              CKND2D2           1  1.2   40   +16    2204 F 
g324/B                                                                +0    2204   
g324/ZN                              IOA21D1           1  1.1   31   +24    2227 R 
oR_reg[16]/D                         DFQD1                            +0    2227   
oR_reg[16]/CP                        setup                     110    +7    2234 R 
- - - - - - - - - - - - - - - - - - - - - - - - - - - - - - - - - - - - - - - - - -
(clock clk)                          capture                                2200 R 
                                     latency                          +2    2202 R 
                                     uncertainty                    -100    2102 R 
-----------------------------------------------------------------------------------
Timing slack :    -132ps (TIMING VIOLATION)
Start-point  : A0_reg[5]/CP
End-point    : oR_reg[16]/D
