============================================================
  Generated by:           Encounter(R) RTL Compiler v10.10-s209_1
  Generated on:           Dec 17 2014  08:34:20 pm
  Module:                 GCC
  Technology library:     tcbn65gpluswc 121
  Operating conditions:   WCCOM (balanced_tree)
  Wireload mode:          segmented
  Area mode:              timing library
============================================================

                                
   Gate    Instances    Area         Library     
-------------------------------------------------
AN2D0              1      2.160    tcbn65gpluswc 
AN2D1              4      8.640    tcbn65gpluswc 
AN2D2              7     17.640    tcbn65gpluswc 
AN2D4             15     64.800    tcbn65gpluswc 
AN2D8              1      6.840    tcbn65gpluswc 
AN2XD1           110    237.600    tcbn65gpluswc 
AN3D1              2      5.040    tcbn65gpluswc 
AN3D4              1      5.040    tcbn65gpluswc 
AN3XD1            10     25.200    tcbn65gpluswc 
AN4D1              3      8.640    tcbn65gpluswc 
AO211D0            1      2.880    tcbn65gpluswc 
AO21D0             2      5.040    tcbn65gpluswc 
AO21D1            37     93.240    tcbn65gpluswc 
AO21D2             1      2.880    tcbn65gpluswc 
AO221D0           30    108.000    tcbn65gpluswc 
AO22D0           200    576.000    tcbn65gpluswc 
AO22D1             4     12.960    tcbn65gpluswc 
AO22D2             1      3.960    tcbn65gpluswc 
AO32D1             1      3.960    tcbn65gpluswc 
AO32D4             1      7.560    tcbn65gpluswc 
AOI211D0           8     20.160    tcbn65gpluswc 
AOI211D1           1      2.520    tcbn65gpluswc 
AOI211XD0         14     35.280    tcbn65gpluswc 
AOI211XD1          5     21.600    tcbn65gpluswc 
AOI211XD2          1      8.280    tcbn65gpluswc 
AOI21D0           36     77.760    tcbn65gpluswc 
AOI21D1          123    265.680    tcbn65gpluswc 
AOI21D2           49    158.760    tcbn65gpluswc 
AOI21D4           30    194.400    tcbn65gpluswc 
AOI221D0           6     17.280    tcbn65gpluswc 
AOI222D0           9     32.400    tcbn65gpluswc 
AOI22D0          103    259.560    tcbn65gpluswc 
AOI22D1           24     60.480    tcbn65gpluswc 
AOI22D2            7     30.240    tcbn65gpluswc 
AOI31D0            1      2.520    tcbn65gpluswc 
AOI31D1            8     20.160    tcbn65gpluswc 
AOI31D2            9     38.880    tcbn65gpluswc 
AOI31D4            1      8.280    tcbn65gpluswc 
AOI32D0            3      8.640    tcbn65gpluswc 
AOI32D1            2      5.760    tcbn65gpluswc 
BMLD1             58    501.120    tcbn65gpluswc 
BUFFD0            10     14.400    tcbn65gpluswc 
BUFFD1            16     23.040    tcbn65gpluswc 
BUFFD2            21     45.360    tcbn65gpluswc 
CKAN2D1           47    101.520    tcbn65gpluswc 
CKBD0             17     24.480    tcbn65gpluswc 
CKBD1             54     77.760    tcbn65gpluswc 
CKBD2              7     15.120    tcbn65gpluswc 
CKBD4              1      3.240    tcbn65gpluswc 
CKLNQD1            7     45.360    tcbn65gpluswc 
CKMUX2D0           1      3.600    tcbn65gpluswc 
CKMUX2D1           3     10.800    tcbn65gpluswc 
CKND0             73     78.840    tcbn65gpluswc 
CKND1            728    786.240    tcbn65gpluswc 
CKND12             2     12.240    tcbn65gpluswc 
CKND16             1      7.920    tcbn65gpluswc 
CKND2            548    789.120    tcbn65gpluswc 
CKND2D0            4      5.760    tcbn65gpluswc 
CKND2D1          501    721.440    tcbn65gpluswc 
CKND2D2          617   1554.840    tcbn65gpluswc 
CKND2D3           41    132.840    tcbn65gpluswc 
CKND2D4           42    181.440    tcbn65gpluswc 
CKND2D8            1      7.920    tcbn65gpluswc 
CKND3             39     84.240    tcbn65gpluswc 
CKND4             62    156.240    tcbn65gpluswc 
CKND6              5     16.200    tcbn65gpluswc 
CKND8              3     12.960    tcbn65gpluswc 
CKXOR2D1          24     86.400    tcbn65gpluswc 
CKXOR2D2           1      3.960    tcbn65gpluswc 
DFD2               3     24.840    tcbn65gpluswc 
DFKCND1            2     16.560    tcbn65gpluswc 
DFQD1             16    109.440    tcbn65gpluswc 
DFQD2             18    129.600    tcbn65gpluswc 
DFQD4             99    819.720    tcbn65gpluswc 
EDFKCND1           1     10.440    tcbn65gpluswc 
FCICIND1           3     14.040    tcbn65gpluswc 
FCICIND2           2     10.080    tcbn65gpluswc 
FICOND2            1     12.240    tcbn65gpluswc 
HA1D0             15     86.400    tcbn65gpluswc 
HA1D1              1      6.120    tcbn65gpluswc 
HA1D2              1      6.840    tcbn65gpluswc 
HICIND1            1      6.840    tcbn65gpluswc 
HICIND2            1      7.560    tcbn65gpluswc 
IAO21D0           12     30.240    tcbn65gpluswc 
IAO21D1           12     30.240    tcbn65gpluswc 
IAO21D2           41    132.840    tcbn65gpluswc 
IAO21D4            2     10.800    tcbn65gpluswc 
IAO22D2            5     19.800    tcbn65gpluswc 
IAO22D4            4     25.920    tcbn65gpluswc 
IIND4D0            2      7.200    tcbn65gpluswc 
IIND4D1            1      3.600    tcbn65gpluswc 
IND2D0            53    114.480    tcbn65gpluswc 
IND2D1           226    488.160    tcbn65gpluswc 
IND2D2           100    288.000    tcbn65gpluswc 
IND2D4             2     11.520    tcbn65gpluswc 
IND3D0             1      2.520    tcbn65gpluswc 
IND3D1            31     78.120    tcbn65gpluswc 
IND3D2             5     21.600    tcbn65gpluswc 
IND4D0             5     14.400    tcbn65gpluswc 
IND4D1             1      2.880    tcbn65gpluswc 
INR2D0           107    231.120    tcbn65gpluswc 
INR2D1            61    131.760    tcbn65gpluswc 
INR2D2            25     72.000    tcbn65gpluswc 
INR2D4             1      5.040    tcbn65gpluswc 
INR2XD0           26     56.160    tcbn65gpluswc 
INR2XD1           19     54.720    tcbn65gpluswc 
INR2XD2            2      9.360    tcbn65gpluswc 
INR2XD4            2     18.720    tcbn65gpluswc 
INR3D0             3      7.560    tcbn65gpluswc 
INR3D1             1      3.600    tcbn65gpluswc 
INR4D0            10     28.800    tcbn65gpluswc 
INVD0             43     46.440    tcbn65gpluswc 
INVD1           1041   1124.280    tcbn65gpluswc 
INVD16             1      7.920    tcbn65gpluswc 
INVD2            176    253.440    tcbn65gpluswc 
INVD3             25     54.000    tcbn65gpluswc 
INVD4             25     63.000    tcbn65gpluswc 
INVD6              6     19.440    tcbn65gpluswc 
INVD8              3     12.960    tcbn65gpluswc 
IOA21D0           27     68.040    tcbn65gpluswc 
IOA21D1           36     90.720    tcbn65gpluswc 
IOA21D2          200    648.000    tcbn65gpluswc 
IOA22D1            2      6.480    tcbn65gpluswc 
IOA22D2            1      3.960    tcbn65gpluswc 
IOA22D4            3     19.440    tcbn65gpluswc 
LNQD1              8     40.320    tcbn65gpluswc 
MAOI222D0        404   1163.520    tcbn65gpluswc 
MAOI222D1          7     20.160    tcbn65gpluswc 
MAOI222D2          1      4.680    tcbn65gpluswc 
MAOI22D0          17     48.960    tcbn65gpluswc 
MAOI22D1          57    164.160    tcbn65gpluswc 
MAOI22D2           5     21.600    tcbn65gpluswc 
MOAI22D0         204    587.520    tcbn65gpluswc 
MOAI22D1          68    195.840    tcbn65gpluswc 
MOAI22D2           5     21.600    tcbn65gpluswc 
MUX2D0             6     19.440    tcbn65gpluswc 
MUX2D1            11     39.600    tcbn65gpluswc 
MUX2D2             2      7.920    tcbn65gpluswc 
MUX2D4             1      6.120    tcbn65gpluswc 
MUX2ND0           54    155.520    tcbn65gpluswc 
MUX2ND1            1      4.320    tcbn65gpluswc 
MUX2ND4            1      7.200    tcbn65gpluswc 
ND2D0            611    879.840    tcbn65gpluswc 
ND2D1           1222   1759.680    tcbn65gpluswc 
ND2D2           1061   2673.720    tcbn65gpluswc 
ND2D3            123    398.520    tcbn65gpluswc 
ND2D4            111    479.520    tcbn65gpluswc 
ND2D8              6     47.520    tcbn65gpluswc 
ND3D0             13     28.080    tcbn65gpluswc 
ND3D1            109    235.440    tcbn65gpluswc 
ND3D2            108    349.920    tcbn65gpluswc 
ND3D3             13     60.840    tcbn65gpluswc 
ND3D4              6     36.720    tcbn65gpluswc 
ND3D8              6     73.440    tcbn65gpluswc 
ND4D0              6     15.120    tcbn65gpluswc 
ND4D1              3      7.560    tcbn65gpluswc 
ND4D2              1      4.680    tcbn65gpluswc 
NR2D0            174    250.560    tcbn65gpluswc 
NR2D1            236    339.840    tcbn65gpluswc 
NR2D2            155    390.600    tcbn65gpluswc 
NR2D3             48    155.520    tcbn65gpluswc 
NR2D4             13     56.160    tcbn65gpluswc 
NR2D8              7     55.440    tcbn65gpluswc 
NR2XD0           188    270.720    tcbn65gpluswc 
NR2XD1           603   1519.560    tcbn65gpluswc 
NR2XD2           243   1049.760    tcbn65gpluswc 
NR2XD3            20    122.400    tcbn65gpluswc 
NR2XD4            29    229.680    tcbn65gpluswc 
NR2XD8             2     30.960    tcbn65gpluswc 
NR3D0              6     12.960    tcbn65gpluswc 
NR3D1             11     35.640    tcbn65gpluswc 
NR3D2              1      5.760    tcbn65gpluswc 
NR4D0              9     22.680    tcbn65gpluswc 
OA211D0            1      2.880    tcbn65gpluswc 
OA211D1            3      8.640    tcbn65gpluswc 
OA21D0            88    221.760    tcbn65gpluswc 
OA21D1            34     85.680    tcbn65gpluswc 
OA21D2             1      2.880    tcbn65gpluswc 
OA21D4             4     23.040    tcbn65gpluswc 
OA221D0            1      3.600    tcbn65gpluswc 
OA22D0             5     14.400    tcbn65gpluswc 
OA22D1             2      6.480    tcbn65gpluswc 
OAI211D0          15     37.800    tcbn65gpluswc 
OAI211D1          32     80.640    tcbn65gpluswc 
OAI211D2          10     43.200    tcbn65gpluswc 
OAI211D4           1      8.640    tcbn65gpluswc 
OAI21D0           37     79.920    tcbn65gpluswc 
OAI21D1          214    462.240    tcbn65gpluswc 
OAI21D2           72    233.280    tcbn65gpluswc 
OAI21D4           76    492.480    tcbn65gpluswc 
OAI221D0          29     83.520    tcbn65gpluswc 
OAI221D1           1      3.240    tcbn65gpluswc 
OAI222D0          22     71.280    tcbn65gpluswc 
OAI22D0            7     17.640    tcbn65gpluswc 
OAI22D1            4     10.080    tcbn65gpluswc 
OAI22D2            8     34.560    tcbn65gpluswc 
OAI31D0            3      7.560    tcbn65gpluswc 
OAI31D1            4     10.080    tcbn65gpluswc 
OAI31D4            2     17.280    tcbn65gpluswc 
OAI32D2            2     10.800    tcbn65gpluswc 
OR2D0             16     34.560    tcbn65gpluswc 
OR2D1             36     77.760    tcbn65gpluswc 
OR2D2              2      5.040    tcbn65gpluswc 
OR2D4              3     12.960    tcbn65gpluswc 
OR2XD1            13     28.080    tcbn65gpluswc 
OR3D0              1      2.520    tcbn65gpluswc 
OR3D1              4     10.080    tcbn65gpluswc 
OR4D0              8     23.040    tcbn65gpluswc 
XNR2D0            39    140.400    tcbn65gpluswc 
XNR2D1            43    154.800    tcbn65gpluswc 
XNR2D2             1      3.960    tcbn65gpluswc 
XNR2D4             8     60.480    tcbn65gpluswc 
XNR3D0            95    581.400    tcbn65gpluswc 
XNR3D1            73    446.760    tcbn65gpluswc 
XOR2D0            48    172.800    tcbn65gpluswc 
XOR2D1            13     46.800    tcbn65gpluswc 
XOR2D2             4     15.840    tcbn65gpluswc 
XOR2D4             1      7.560    tcbn65gpluswc 
XOR3D0            54    330.480    tcbn65gpluswc 
XOR3D1             2     12.240    tcbn65gpluswc 
-------------------------------------------------
total          13457  31899.600                  


                                        
    Type     Instances    Area   Area % 
----------------------------------------
timing_model         0     0.000    0.0 
sequential         154  1196.280    3.8 
inverter          2781  3525.480   11.1 
buffer             126   203.400    0.6 
logic            10396 26974.440   84.6 
----------------------------------------
total            13457 31899.600  100.0 

