============================================================
  Generated by:           Encounter(R) RTL Compiler v12.10-s012_1
  Generated on:           Dec 10 2015  08:44:21 pm
  Module:                 triangle
  Technology library:     tcbn65gpluswc 121
  Operating conditions:   WCCOM (balanced_tree)
  Wireload mode:          segmented
  Area mode:              timing library
============================================================

      Instance       Cells  Cell Area  Net Area  Total Area    Wireload      
-----------------------------------------------------------------------------
triangle               577       2131         0        2131 ZeroWireload (S) 
  mul_211_31            74        199         0         199 ZeroWireload (S) 
  RC_CG_HIER_INST19      1          7         0           7 ZeroWireload (S) 
  RC_CG_HIER_INST18      1          7         0           7 ZeroWireload (S) 
  RC_CG_HIER_INST9       1          6         0           6 ZeroWireload (S) 
  RC_CG_HIER_INST8       1          6         0           6 ZeroWireload (S) 
  RC_CG_HIER_INST7       1          6         0           6 ZeroWireload (S) 
  RC_CG_HIER_INST6       1          6         0           6 ZeroWireload (S) 
  RC_CG_HIER_INST5       1          6         0           6 ZeroWireload (S) 
  RC_CG_HIER_INST4       1          6         0           6 ZeroWireload (S) 
  RC_CG_HIER_INST3       1          6         0           6 ZeroWireload (S) 
  RC_CG_HIER_INST2       1          6         0           6 ZeroWireload (S) 
  RC_CG_HIER_INST17      1          6         0           6 ZeroWireload (S) 
  RC_CG_HIER_INST16      1          6         0           6 ZeroWireload (S) 
  RC_CG_HIER_INST15      1          6         0           6 ZeroWireload (S) 
  RC_CG_HIER_INST14      1          6         0           6 ZeroWireload (S) 
  RC_CG_HIER_INST13      1          6         0           6 ZeroWireload (S) 
  RC_CG_HIER_INST12      1          6         0           6 ZeroWireload (S) 
  RC_CG_HIER_INST11      1          6         0           6 ZeroWireload (S) 
  RC_CG_HIER_INST10      1          6         0           6 ZeroWireload (S) 
  RC_CG_HIER_INST1       1          6         0           6 ZeroWireload (S) 
  RC_CG_HIER_INST0       1          6         0           6 ZeroWireload (S) 

 (S) = wireload was automatically selected
