============================================================
  Generated by:           Encounter(R) RTL Compiler v12.10-s012_1
  Generated on:           Dec 10 2015  08:44:21 pm
  Module:                 triangle
  Technology library:     tcbn65gpluswc 121
  Operating conditions:   WCCOM (balanced_tree)
  Wireload mode:          segmented
  Area mode:              timing library
============================================================

                           Leakage    Dynamic     Total   
      Instance      Cells Power(nW)  Power(nW)  Power(nW) 
----------------------------------------------------------
triangle              577 13865.421 639936.468 653801.889 
  mul_211_31           74   975.410      0.000    975.410 
  RC_CG_HIER_INST18     1    44.154  11500.000  11544.154 
  RC_CG_HIER_INST19     1    44.154  11500.000  11544.154 
  RC_CG_HIER_INST14     1    42.210  12274.479  12316.689 
  RC_CG_HIER_INST16     1    42.196  12398.698  12440.893 
  RC_CG_HIER_INST10     1    41.953  13730.599  13772.552 
  RC_CG_HIER_INST13     1    41.953  13730.599  13772.552 
  RC_CG_HIER_INST0      1    41.591  14379.297  14420.888 
  RC_CG_HIER_INST1      1    41.591  14379.297  14420.888 
  RC_CG_HIER_INST11     1    41.591  14379.297  14420.888 
  RC_CG_HIER_INST12     1    41.591  14379.297  14420.888 
  RC_CG_HIER_INST15     1    41.591  14379.297  14420.888 
  RC_CG_HIER_INST17     1    41.591  14379.297  14420.888 
  RC_CG_HIER_INST2      1    41.591  14379.297  14420.888 
  RC_CG_HIER_INST3      1    41.591  14379.297  14420.888 
  RC_CG_HIER_INST4      1    41.591  14379.297  14420.888 
  RC_CG_HIER_INST5      1    41.591  14379.297  14420.888 
  RC_CG_HIER_INST6      1    41.591  14379.297  14420.888 
  RC_CG_HIER_INST7      1    41.591  14379.297  14420.888 
  RC_CG_HIER_INST8      1    41.591  14379.297  14420.888 
  RC_CG_HIER_INST9      1    41.591  14379.297  14420.888 

