============================================================
  Generated by:           Encounter(R) RTL Compiler v12.10-s012_1
  Generated on:           Dec 10 2015  08:44:21 pm
  Module:                 triangle
  Technology library:     tcbn65gpluswc 121
  Operating conditions:   WCCOM (balanced_tree)
  Wireload mode:          segmented
  Area mode:              timing library
============================================================

	Timing
	------

 Slack              Endpoint                  Cost Group     
------------------------------------------------------------------
   +1ps RC_CG_HIER_INST14/RC_CGIC_INST/E cg_enable_group_clk 


	Area
	----

Instance  Cells  Cell Area  Net Area  Total Area    Wireload      
------------------------------------------------------------------
triangle    577       2131         0        2131 ZeroWireload (S) 

 (S) = wireload was automatically selected

	Design Rule Check
	-----------------

Max_transition design rule: no violations.

Max_capacitance design rule: no violations.


