============================================================
  Generated by:           Encounter(R) RTL Compiler v12.10-s012_1
  Generated on:           Sep 23 2015  04:56:11 pm
  Module:                 lab1
  Technology library:     tcbn65gpluswc 121
  Operating conditions:   WCCOM (balanced_tree)
  Wireload mode:          segmented
  Area mode:              timing library
============================================================

                               
   Gate    Instances    Area        Library     
------------------------------------------------
AN2D0              1     2.160    tcbn65gpluswc 
AN2D1              3     6.480    tcbn65gpluswc 
AN2D2              8    20.160    tcbn65gpluswc 
AN2D4              3    12.960    tcbn65gpluswc 
AN2XD1            59   127.440    tcbn65gpluswc 
AN3D2              1     2.880    tcbn65gpluswc 
AN3XD1             5    12.600    tcbn65gpluswc 
AO21D1            19    47.880    tcbn65gpluswc 
AO222D1            1     4.320    tcbn65gpluswc 
AO22D0            12    34.560    tcbn65gpluswc 
AO22D1             5    16.200    tcbn65gpluswc 
AO22D2             1     3.960    tcbn65gpluswc 
AO31D1             1     2.880    tcbn65gpluswc 
AOI211XD0          2     5.040    tcbn65gpluswc 
AOI21D1           33    71.280    tcbn65gpluswc 
AOI21D2           15    48.600    tcbn65gpluswc 
AOI21D4            6    38.880    tcbn65gpluswc 
AOI22D0            1     2.520    tcbn65gpluswc 
AOI22D1            7    17.640    tcbn65gpluswc 
AOI22D2            6    25.920    tcbn65gpluswc 
AOI22D4            1     8.640    tcbn65gpluswc 
AOI31D1            1     2.520    tcbn65gpluswc 
AOI32D1            2     5.760    tcbn65gpluswc 
BMLD1              1     8.640    tcbn65gpluswc 
BMLD4              1    12.960    tcbn65gpluswc 
BUFFD1             8    11.520    tcbn65gpluswc 
BUFFD2            14    30.240    tcbn65gpluswc 
BUFFD3             1     2.520    tcbn65gpluswc 
BUFFD4             2     6.480    tcbn65gpluswc 
BUFFD6             1     4.320    tcbn65gpluswc 
CKBD0              2     2.880    tcbn65gpluswc 
CKBD1             22    31.680    tcbn65gpluswc 
CKBD4              6    19.440    tcbn65gpluswc 
CKBD8              1     5.760    tcbn65gpluswc 
CKND0             12    12.960    tcbn65gpluswc 
CKND1            273   294.840    tcbn65gpluswc 
CKND2            223   321.120    tcbn65gpluswc 
CKND2D0            9    12.960    tcbn65gpluswc 
CKND2D1          305   439.200    tcbn65gpluswc 
CKND2D2          242   609.840    tcbn65gpluswc 
CKND2D3            8    25.920    tcbn65gpluswc 
CKND2D4            8    34.560    tcbn65gpluswc 
CKND3              4     8.640    tcbn65gpluswc 
CKND4              8    20.160    tcbn65gpluswc 
CKXOR2D1           4    14.400    tcbn65gpluswc 
CMPE42D1           2    33.120    tcbn65gpluswc 
DFD1               1     7.200    tcbn65gpluswc 
DFKCND1            1     8.280    tcbn65gpluswc 
DFKCNQD1          11    79.200    tcbn65gpluswc 
DFQD1              6    41.040    tcbn65gpluswc 
DFQD2              3    21.600    tcbn65gpluswc 
DFQD4             27   223.560    tcbn65gpluswc 
FA1D0             15   135.000    tcbn65gpluswc 
FA1D1             10   100.800    tcbn65gpluswc 
FCICIND1           6    28.080    tcbn65gpluswc 
FCICOND1           2     6.480    tcbn65gpluswc 
FICIND1            1    10.440    tcbn65gpluswc 
HA1D0              2    11.520    tcbn65gpluswc 
IAO21D2            5    16.200    tcbn65gpluswc 
IND2D0             5    10.800    tcbn65gpluswc 
IND2D1           141   304.560    tcbn65gpluswc 
IND2D2            50   144.000    tcbn65gpluswc 
IND2D4             3    17.280    tcbn65gpluswc 
IND3D1            10    25.200    tcbn65gpluswc 
INR2D1            13    28.080    tcbn65gpluswc 
INR2D2             8    23.040    tcbn65gpluswc 
INR2D4             1     5.040    tcbn65gpluswc 
INR2XD0            7    15.120    tcbn65gpluswc 
INR2XD1           12    34.560    tcbn65gpluswc 
INR2XD4            1     9.360    tcbn65gpluswc 
INR3D0             3     7.560    tcbn65gpluswc 
INR4D0             1     2.880    tcbn65gpluswc 
INVD0             15    16.200    tcbn65gpluswc 
INVD1            365   394.200    tcbn65gpluswc 
INVD12             1     6.120    tcbn65gpluswc 
INVD2             49    70.560    tcbn65gpluswc 
INVD3              3     6.480    tcbn65gpluswc 
INVD6              1     3.240    tcbn65gpluswc 
INVD8              1     4.320    tcbn65gpluswc 
IOA21D1           29    73.080    tcbn65gpluswc 
IOA21D2           70   226.800    tcbn65gpluswc 
MAOI222D0          1     2.880    tcbn65gpluswc 
MAOI222D1         25    72.000    tcbn65gpluswc 
MAOI22D0           1     2.880    tcbn65gpluswc 
MAOI22D1          12    34.560    tcbn65gpluswc 
MOAI22D0           1     2.880    tcbn65gpluswc 
MOAI22D1          73   210.240    tcbn65gpluswc 
MUX2D1             7    25.200    tcbn65gpluswc 
MUX2D2             2     7.920    tcbn65gpluswc 
MUX2D4             1     6.120    tcbn65gpluswc 
MUX2ND0            2     5.760    tcbn65gpluswc 
ND2D0             21    30.240    tcbn65gpluswc 
ND2D1            550   792.000    tcbn65gpluswc 
ND2D2            448  1128.960    tcbn65gpluswc 
ND2D3             23    74.520    tcbn65gpluswc 
ND2D4             14    60.480    tcbn65gpluswc 
ND3D1             71   153.360    tcbn65gpluswc 
ND3D2             32   103.680    tcbn65gpluswc 
ND3D3              1     4.680    tcbn65gpluswc 
ND4D1              2     5.040    tcbn65gpluswc 
NR2D0              2     2.880    tcbn65gpluswc 
NR2D1             70   100.800    tcbn65gpluswc 
NR2D2             29    73.080    tcbn65gpluswc 
NR2D3              9    29.160    tcbn65gpluswc 
NR2XD0            76   109.440    tcbn65gpluswc 
NR2XD1           121   304.920    tcbn65gpluswc 
NR2XD2            25   108.000    tcbn65gpluswc 
NR2XD3             1     6.120    tcbn65gpluswc 
NR3D0              7    15.120    tcbn65gpluswc 
NR3D1              1     3.240    tcbn65gpluswc 
OA21D1            11    27.720    tcbn65gpluswc 
OA21D2             2     5.760    tcbn65gpluswc 
OA31D0             1     2.880    tcbn65gpluswc 
OAI211D1           3     7.560    tcbn65gpluswc 
OAI21D0            2     4.320    tcbn65gpluswc 
OAI21D1           66   142.560    tcbn65gpluswc 
OAI21D2           16    51.840    tcbn65gpluswc 
OAI21D4            6    38.880    tcbn65gpluswc 
OAI221D0           1     2.880    tcbn65gpluswc 
OAI22D1            1     2.520    tcbn65gpluswc 
OR2D0              3     6.480    tcbn65gpluswc 
OR2D1             41    88.560    tcbn65gpluswc 
OR2D2              1     2.520    tcbn65gpluswc 
OR2XD1            17    36.720    tcbn65gpluswc 
OR3D1              2     5.040    tcbn65gpluswc 
XNR2D1            14    50.400    tcbn65gpluswc 
XNR3D1            12    73.440    tcbn65gpluswc 
XOR2D0             1     3.600    tcbn65gpluswc 
XOR2D1             1     3.600    tcbn65gpluswc 
XOR3D1             5    30.600    tcbn65gpluswc 
------------------------------------------------
total           4063  8667.360                  


                                     
   Type    Instances   Area   Area % 
-------------------------------------
sequential        49  380.880    4.4 
inverter         955 1158.840   13.4 
buffer            57  114.840    1.3 
logic           3002 7012.800   80.9 
-------------------------------------
total           4063 8667.360  100.0 

