============================================================
  Generated by:           Encounter(R) RTL Compiler v12.10-s012_1
  Generated on:           Sep 23 2015  04:56:11 pm
  Module:                 lab1
  Technology library:     tcbn65gpluswc 121
  Operating conditions:   WCCOM (balanced_tree)
  Wireload mode:          segmented
  Area mode:              timing library
============================================================

       Pin           Type     Fanout Load Slew Delay Arrival   
                                     (fF) (ps)  (ps)   (ps)    
---------------------------------------------------------------
(clock iCLK)         launch                                0 R 
A0_reg[2]/CP                                 0             0 R 
A0_reg[2]/Q          DFQD4         8 11.9   40  +121     121 R 
mul_25_35_g5293/A1                                +0     121   
mul_25_35_g5293/ZN   ND2D1         1  2.0   33   +33     154 F 
fopt16336/I                                       +0     154   
fopt16336/ZN         CKND2         2  3.3   22   +21     175 R 
g18862/A1                                         +0     175   
g18862/ZN            ND2D1         2  4.2   55   +41     216 F 
g137/A1                                           +0     216   
g137/ZN              ND2D2         1  2.2   26   +25     241 R 
g19593/A1                                         +0     241   
g19593/ZN            NR2D2         1  3.3   16   +17     258 F 
g128/A1                                           +0     258   
g128/ZN              NR2D3         3  4.5   46   +33     291 R 
g621/A2                                           +0     291   
g621/ZN              ND2D1         1  2.5   38   +38     329 F 
g16137/A2                                         +0     329   
g16137/ZN            ND2D2         2  3.0   25   +27     356 R 
g16136/A1                                         +0     356   
g16136/ZN            ND2D1         1  2.0   33   +29     385 F 
g14448/I                                          +0     385   
g14448/ZN            CKND2         2  3.9   24   +23     408 R 
g14450/A2                                         +0     408   
g14450/ZN            NR2XD1        2  2.8   28   +27     434 F 
g21324/A1                                         +0     434   
g21324/ZN            NR2XD1        1  3.6   44   +33     467 R 
g21323/A1                                         +0     467   
g21323/ZN            NR2XD2        3  7.4   33   +31     498 F 
g21322/A1                                         +0     498   
g21322/ZN            OAI21D4       2  3.3   40   +33     531 R 
g18763/A1                                         +0     531   
g18763/ZN            ND2D2         1  4.5   33   +31     562 F 
g16933/A1                                         +0     562   
g16933/ZN            ND2D4         5  9.9   33   +27     590 R 
g12083/A2                                         +0     590   
g12083/ZN            ND2D2         1  4.5   36   +32     622 F 
g231/A1                                           +0     622   
g231/ZN              ND2D4         3  6.3   25   +24     646 R 
g21037/I                                          +0     646   
g21037/ZN            INVD2         1  4.5   17   +18     664 F 
g13566/A1                                         +0     664   
g13566/ZN            ND2D4         1  4.5   22   +17     681 R 
g13565/A1                                         +0     681   
g13565/ZN            ND2D4         5  9.4   34   +28     709 F 
g14653/A1                                         +0     709   
g14653/ZN            CKND2D2       2  5.3   44   +34     743 R 
g14654/I                                          +0     743   
g14654/ZN            CKND4         3  6.5   20   +23     766 F 
g19709/A1                                         +0     766   
g19709/ZN            NR2XD2        2  3.7   30   +23     789 R 
g19707/A2                                         +0     789   
g19707/ZN            NR2XD1        2  3.4   32   +30     819 F 
g19706/A2                                         +0     819   
g19706/ZN            NR2XD1        3  4.3   50   +44     864 R 
g18396/I                                          +0     864   
g18396/ZN            CKND1         1  2.2   25   +28     892 F 
g18853/A2                                         +0     892   
g18853/ZN            CKND2D2       1  1.9   25   +24     916 R 
g18852/A1                                         +0     916   
g18852/ZN            CKND2D2       3  4.2   30   +26     942 F 
g15552/I                                          +0     942   
g15552/ZN            CKND2         2  3.5   22   +21     963 R 
g19134/A2                                         +0     963   
g19134/ZN            ND2D2         1  2.1   21   +23     986 F 
g337/A1                                           +0     986   
g337/ZN              ND2D2         2  3.9   28   +22    1007 R 
g17010/A1                                         +0    1007   
g17010/ZN            NR2XD1        2  3.4   32   +25    1033 F 
g17009/A1                                         +0    1033   
g17009/ZN            NR2XD1        2  4.6   53   +38    1071 R 
g17423/A3                                         +0    1071   
g17423/ZN            ND3D2         1  2.5   42   +46    1118 F 
g17537/A2                                         +0    1118   
g17537/ZN            ND2D2         3  4.5   31   +31    1148 R 
g21329/A1                                         +0    1148   
g21329/ZN            ND2D2         1  2.1   22   +22    1171 F 
g21328/A1                                         +0    1171   
g21328/ZN            ND2D2         3  3.4   27   +20    1191 R 
g21327/A1                                         +0    1191   
g21327/ZN            CKND2D1       1  2.1   33   +29    1220 F 
g18727/A1                                         +0    1220   
g18727/ZN            ND2D2         5  7.0   41   +32    1252 R 
g18726/I                                          +0    1252   
g18726/ZN            INVD2         1  2.3   16   +18    1270 F 
g18522/A1                                         +0    1270   
g18522/ZN            AOI21D2       1  2.1   53   +32    1302 R 
g20592/A1                                         +0    1302   
g20592/ZN            ND2D2         2  3.2   30   +30    1332 F 
g20591/I                                          +0    1332   
g20591/ZN            CKND2         2  5.3   28   +25    1357 R 
g20590/A1                                         +0    1357   
g20590/ZN            NR2D3         1  3.4   18   +16    1373 F 
g20260/A1                                         +0    1373   
g20260/ZN            NR2XD2        2  4.4   33   +25    1398 R 
g21210/A2                                         +0    1398   
g21210/ZN            ND3D2         1  2.5   41   +40    1438 F 
g21208/A2                                         +0    1438   
g21208/ZN            ND2D2         2  4.3   30   +30    1468 R 
g21207/I                                          +0    1468   
g21207/ZN            CKND2         1  2.1   14   +16    1484 F 
g21206/A1                                         +0    1484   
g21206/ZN            ND2D2         1  2.1   20   +15    1500 R 
g16163/A1                                         +0    1500   
g16163/ZN            ND2D2         2  3.1   26   +23    1522 F 
g18870/A2                                         +0    1522   
g18870/ZN            ND2D1         1  2.5   35   +28    1551 R 
g20743/A2                                         +0    1551   
g20743/ZN            ND2D2         2  2.3   22   +27    1577 F 
g20746/I                                          +0    1577   
g20746/ZN            INVD1         1  2.2   26   +22    1600 R 
g20815/A1                                         +0    1600   
g20815/ZN            NR2D2         2  2.1   14   +15    1615 F 
g20816/A1                                         +0    1615   
g20816/ZN            NR2XD0        1  1.2   39   +28    1643 R 
g14742/A3                                         +0    1643   
g14742/ZN            ND3D1         1  1.2   45   +46    1689 F 
g14741/A1                                         +0    1689   
g14741/ZN            ND2D1         1  1.1   25   +26    1715 R 
oR_reg[16]/D         DFQD1                        +0    1715   
oR_reg[16]/CP        setup                   0   +30    1745 R 
- - - - - - - - - - - - - - - - - - - - - - - - - - - - - - - -
(clock iCLK)         capture                             800 R 
---------------------------------------------------------------
Cost Group   : 'iCLK' (path_group 'iCLK')
Timing slack :    -945ps (TIMING VIOLATION)
Start-point  : A0_reg[2]/CP
End-point    : oR_reg[16]/D
