============================================================
  Generated by:           Encounter(R) RTL Compiler v10.10-s209_1
  Generated on:           Sep 29 2014  06:46:22 pm
  Module:                 ALT_MULTADD
  Technology library:     tcbn65gpluswc 121
  Operating conditions:   WCCOM (balanced_tree)
  Wireload mode:          segmented
  Area mode:              timing library
============================================================

                         Pin                               Type       Fanout Load Slew Delay Arrival   
                                                                             (fF) (ps)  (ps)   (ps)    
-------------------------------------------------------------------------------------------------------
(clock clk)                                              launch                                  200 R 
                                                         latency                          +1     201 R 
A1_reg[7]/CP                                                                       110           201 R 
A1_reg[7]/Q                                              DFCNQD4           7 10.0   50  +210     410 R 
csa_tree_mul_9_16_g13676/A2                                                               +0     410   
csa_tree_mul_9_16_g13676/ZN                              CKND2D1           2  3.1   45   +42     452 F 
g14987/I                                                                                  +0     452   
g14987/ZN                                                INVD1             1  1.9   27   +27     480 R 
g24851/A1                                                                                 +0     480   
g24851/ZN                                                CKND2D2           2  3.6   27   +25     504 F 
g20232/A2                                                                                 +0     504   
g20232/ZN                                                ND2D1             1  1.9   30   +26     531 R 
g58/A1                                                                                    +0     531   
g58/ZN                                                   CKND2D2           1  2.0   20   +21     552 F 
g25911/I                                                                                  +0     552   
g25911/ZN                                                CKND2             1  3.6   20   +18     570 R 
g26025/A1                                                                                 +0     570   
g26025/ZN                                                NR2XD2            3  4.2   26   +19     589 F 
g26024/I                                                                                  +0     589   
g26024/ZN                                                CKND2             2  2.3   16   +17     606 R 
g16749/A1                                                                                 +0     606   
g16749/ZN                                                ND2D1             2  2.4   38   +29     636 F 
g24427/A1                                                                                 +0     636   
g24427/ZN                                                ND2D1             1  1.9   30   +28     663 R 
g22508/A1                                                                                 +0     663   
g22508/ZN                                                CKND2D2           1  2.5   22   +22     686 F 
g26148/A2                                                                                 +0     686   
g26148/ZN                                                ND2D2             3  6.7   41   +30     716 R 
g24883/A1                                                                                 +0     716   
g24883/ZN                                                ND3D2             1  2.5   41   +36     752 F 
g24882/A2                                                                                 +0     752   
g24882/ZN                                                ND2D2             2  4.2   30   +30     782 R 
g25848/A1                                                                                 +0     782   
g25848/ZN                                                CKND2D2           3  4.2   30   +27     809 F 
g24965/A2                                                                                 +0     809   
g24965/ZN                                                NR2D2             2  3.6   48   +42     851 R 
g22803/A1                                                                                 +0     851   
g22803/ZN                                                NR2XD1            1  3.0   30   +30     880 F 
g20143/A1                                                                                 +0     880   
g20143/ZN                                                CKND2D3           2  5.6   37   +29     909 R 
final_adder_mul_9_16_g8771/A1                                                             +0     909   
final_adder_mul_9_16_g8771/ZN                            ND3D2             2  4.8   58   +45     954 F 
g22667/A2                                                                                 +0     954   
g22667/ZN                                                ND2D2             1  2.1   27   +29     982 R 
g22666/A1                                                                                 +0     982   
g22666/ZN                                                ND2D2             1  4.5   32   +28    1011 F 
g23862/A1                                                                                 +0    1011   
g23862/ZN                                                ND2D4             9 13.0   43   +31    1041 R 
g23861/I                                                                                  +0    1041   
g23861/ZN                                                CKND4             7 10.6   24   +27    1068 F 
g26776/A1                                                                                 +0    1068   
g26776/ZN                                                ND2D1             1  3.4   43   +30    1098 R 
g25733/A2                                                                                 +0    1098   
g25733/ZN                                                ND2D3             5  7.8   38   +38    1136 F 
g30_dup/A1                                                                                +0    1136   
g30_dup/ZN                                               CKND2D2           1  2.1   27   +25    1161 R 
g25816/I                                                                                  +0    1161   
g25816/ZN                                                CKND2             2  3.1   16   +18    1178 F 
g25815/A1                                                                                 +0    1178   
g25815/ZN                                                ND2D2             2  2.4   21   +16    1195 R 
g24519/A1                                                                                 +0    1195   
g24519/ZN                                                ND3D1             1  2.1   57   +43    1238 F 
g24172/A1                                                                                 +0    1238   
g24172/ZN                                                ND2D2             3  5.7   38   +35    1273 R 
g24171/B                                                                                  +0    1273   
g24171/ZN                                                OAI21D2           1  2.1   32   +37    1310 F 
g24492/A1                                                                                 +0    1310   
g24492/ZN                                                ND2D2             2  4.2   29   +25    1335 R 
g88/I                                                                                     +0    1335   
g88/ZN                                                   CKND2             3  5.0   22   +22    1357 F 
g26236/A1                                                                                 +0    1357   
g26236/ZN                                                CKND2D2           1  2.1   26   +21    1378 R 
g26235/A1                                                                                 +0    1378   
g26235/ZN                                                ND2D2             1  2.1   21   +21    1399 F 
g25124/A1                                                                                 +0    1399   
g25124/ZN                                                ND2D2             1  2.1   20   +17    1416 R 
g25123/A1                                                                                 +0    1416   
g25123/ZN                                                ND2D2             3  5.3   36   +29    1445 F 
g18271/I                                                                                  +0    1445   
g18271/ZN                                                CKND2             1  2.5   20   +20    1465 R 
g14667/A2                                                                                 +0    1465   
g14667/ZN                                                ND2D2             1  2.5   23   +24    1488 F 
g18265/A2                                                                                 +0    1488   
g18265/ZN                                                ND2D2             1  2.1   21   +20    1509 R 
g16959/A1                                                                                 +0    1509   
g16959/ZN                                                ND2D2             2  3.2   26   +23    1532 F 
g16958/I                                                                                  +0    1532   
g16958/ZN                                                CKND2             1  4.5   25   +22    1554 R 
g24811/A1                                                                                 +0    1554   
g24811/ZN                                                NR2D4             3  5.8   17   +16    1570 F 
g22382/A1                                                                                 +0    1570   
g22382/ZN                                                NR2XD2            3  4.6   34   +25    1595 R 
g22381/A2                                                                                 +0    1595   
g22381/ZN                                                CKND2D2           1  2.2   22   +25    1620 F 
g22352/A2                                                                                 +0    1620   
g22352/ZN                                                CKND2D2           2  2.3   27   +24    1644 R 
final_adder_add_11_19_Y_final_adder_add_31_30_g2879/A1                                    +0    1644   
final_adder_add_11_19_Y_final_adder_add_31_30_g2879/ZN   OAI21D1           1  1.2   32   +25    1669 F 
final_adder_add_11_19_Y_final_adder_add_31_30_g2876/B                                     +0    1669   
final_adder_add_11_19_Y_final_adder_add_31_30_g2876/ZN   OAI21D1           1  1.1   46   +28    1698 R 
oRESULT_reg[16]/D                                        DFCNQD1                          +0    1698   
oRESULT_reg[16]/CP                                       setup                     110   +15    1713 R 
- - - - - - - - - - - - - - - - - - - - - - - - - - - - - - - - - - - - - - - - - - - - - - - - - - - -
(clock clk)                                              capture                                 600 R 
                                                         latency                          +1     601 R 
                                                         uncertainty                    -100     501 R 
-------------------------------------------------------------------------------------------------------
Timing slack :   -1212ps (TIMING VIOLATION)
Start-point  : A1_reg[7]/CP
End-point    : oRESULT_reg[16]/D
