============================================================
  Generated by:           Encounter(R) RTL Compiler v10.10-s209_1
  Generated on:           Nov 10 2015  11:28:59 am
  Module:                 ALT_MULTADD_9
  Technology library:     tcbn65gpluswc 121
  Operating conditions:   WCCOM (balanced_tree)
  Wireload mode:          segmented
  Area mode:              timing library
============================================================

                               
   Gate    Instances    Area        Library     
------------------------------------------------
AO22D0            43   123.840    tcbn65gpluswc 
AOI21D0            2     4.320    tcbn65gpluswc 
AOI221D0           6    17.280    tcbn65gpluswc 
AOI22D0           71   178.920    tcbn65gpluswc 
AOI33D0            1     3.240    tcbn65gpluswc 
BUFFD0            10    14.400    tcbn65gpluswc 
BUFFD16            1    10.440    tcbn65gpluswc 
BUFFD2             5    10.800    tcbn65gpluswc 
BUFFD3             2     5.040    tcbn65gpluswc 
CKAN2D0           55   118.800    tcbn65gpluswc 
CKBD0             10    14.400    tcbn65gpluswc 
CKBD2              1     2.160    tcbn65gpluswc 
CKND0             41    44.280    tcbn65gpluswc 
CKND1              2     2.160    tcbn65gpluswc 
CKND2             27    38.880    tcbn65gpluswc 
CKND2D0           47    67.680    tcbn65gpluswc 
CKND2D1           18    25.920    tcbn65gpluswc 
CKND2D2            2     5.040    tcbn65gpluswc 
CKND4              2     5.040    tcbn65gpluswc 
CKXOR2D1           8    28.800    tcbn65gpluswc 
CMPE42D1          25   414.000    tcbn65gpluswc 
DFKCNQD1          79   568.800    tcbn65gpluswc 
DFKCNQD4           2    17.280    tcbn65gpluswc 
DFQD1             18   123.120    tcbn65gpluswc 
DFQD4              6    49.680    tcbn65gpluswc 
FA1D0             76   684.000    tcbn65gpluswc 
FCICIND1           2     9.360    tcbn65gpluswc 
HA1D0              1     5.760    tcbn65gpluswc 
IND2D0             2     4.320    tcbn65gpluswc 
IND2D1             5    10.800    tcbn65gpluswc 
INR2D0             2     4.320    tcbn65gpluswc 
INVD0              1     1.080    tcbn65gpluswc 
INVD1             14    15.120    tcbn65gpluswc 
INVD2              2     2.880    tcbn65gpluswc 
IOA21D2            1     3.240    tcbn65gpluswc 
LHQD1              1     5.040    tcbn65gpluswc 
LNQD1              1     5.040    tcbn65gpluswc 
MAOI222D0         19    54.720    tcbn65gpluswc 
MAOI22D0          20    57.600    tcbn65gpluswc 
MOAI22D0          24    69.120    tcbn65gpluswc 
ND2D1             11    15.840    tcbn65gpluswc 
NR2D0             24    34.560    tcbn65gpluswc 
NR2XD8             1    15.480    tcbn65gpluswc 
OA22D0             2     5.760    tcbn65gpluswc 
OAI211D0           1     2.520    tcbn65gpluswc 
OAI21D0            2     4.320    tcbn65gpluswc 
OAI221D0           5    14.400    tcbn65gpluswc 
OAI22D0           74   186.480    tcbn65gpluswc 
OR2D0              1     2.160    tcbn65gpluswc 
XNR2D1             6    21.600    tcbn65gpluswc 
XNR3D1             4    24.480    tcbn65gpluswc 
XNR4D0             1     9.000    tcbn65gpluswc 
XOR2D2             1     3.960    tcbn65gpluswc 
------------------------------------------------
total            788  3167.280                  


                                     
   Type    Instances   Area   Area % 
-------------------------------------
sequential       107  768.960   24.3 
inverter          89  109.440    3.5 
buffer            29   57.240    1.8 
logic            563 2231.640   70.5 
-------------------------------------
total            788 3167.280  100.0 

