============================================================
  Generated by:           Encounter(R) RTL Compiler v10.10-s209_1
  Generated on:           Nov 10 2015  11:28:59 am
  Module:                 ALT_MULTADD_9
  Technology library:     tcbn65gpluswc 121
  Operating conditions:   WCCOM (balanced_tree)
  Wireload mode:          segmented
  Area mode:              timing library
============================================================

	Timing
	------

 Slack      Endpoint     Cost Group 
-----------------------------------------
  -30ps oRESULT_reg[9]/D default    


	Area
	----

   Instance    Cells  Cell Area  Net Area     Wireload      
------------------------------------------------------------
ALT_MULTADD_9    788       3167         0  ZeroWireload (S) 

 (S) = wireload was automatically selected

	Design Rule Check
	-----------------

Max_transition design rule: no violations.

Max_capacitance design rule: no violations.


