============================================================
  Generated by:           Encounter(R) RTL Compiler v12.10-s012_1
  Generated on:           Oct 01 2015  03:45:57 pm
  Module:                 ALT_MULTADD
  Technology library:     tcbn65gpluswc 121
  Operating conditions:   WCCOM (balanced_tree)
  Wireload mode:          segmented
  Area mode:              timing library
============================================================

               Pin                     Type       Fanout Load Slew Delay Arrival   
                                                         (fF) (ps)  (ps)   (ps)    
-----------------------------------------------------------------------------------
(clock clk)                          launch                                  200 R 
                                     latency                          +2     202 R 
A1_reg[5]/CP                                                   100           202 R 
A1_reg[5]/Q                          DFQD4             4  5.9   30  +139     341 R 
mul_25_35_g3128/I                                                     +0     341   
mul_25_35_g3128/ZN                   INVD2             2  5.1   19   +20     361 F 
mul_25_35_g3126/I                                                     +0     361   
mul_25_35_g3126/ZN                   CKND2             4  8.1   39   +28     389 R 
mul_25_35_g2972/A2                                                    +0     389   
mul_25_35_g2972/ZN                   ND2D2             2  2.3   22   +28     417 F 
mul_25_35_g2971/I                                                     +0     417   
mul_25_35_g2971/ZN                   INVD1             2  2.4   28   +23     440 R 
mul_25_35_g2905/A1                                                    +0     440   
mul_25_35_g2905/ZN                   ND2D1             1  2.5   38   +32     472 F 
mul_25_35_g2884/A2                                                    +0     472   
mul_25_35_g2884/ZN                   ND2D2             2  3.4   27   +27     500 R 
mul_25_35_g2852/B1                                                    +0     500   
mul_25_35_g2852/ZN                   INR2D2            1  2.3   20   +16     515 F 
mul_25_35_g2844/A1                                                    +0     515   
mul_25_35_g2844/ZN                   IND2D4            3  5.6   30   +51     566 F 
mul_25_35_g2783/I                                                     +0     566   
mul_25_35_g2783/ZN                   INVD2             2  3.3   22   +21     588 R 
mul_25_35_g2724/A1                                                    +0     588   
mul_25_35_g2724/ZN                   ND2D2             1  3.4   27   +24     612 F 
mul_25_35_g2713/A1                                                    +0     612   
mul_25_35_g2713/ZN                   ND2D3             2  6.1   30   +24     636 R 
mul_25_35_g2660/A2                                                    +0     636   
mul_25_35_g2660/ZN                   ND2D2             1  2.3   25   +26     661 F 
mul_25_35_g2648/A1                                                    +0     661   
mul_25_35_g2648/ZN                   INR2XD4           4  8.3   28   +54     715 F 
mul_25_35_g3260/A1                                                    +0     715   
mul_25_35_g3260/Z                    OR2D2             1  3.3   29   +65     779 F 
mul_25_35_g2579/A2                                                    +0     779   
mul_25_35_g2579/ZN                   ND2D3             2  9.2   39   +32     811 R 
mul_25_35_g2530/A2                                                    +0     811   
mul_25_35_g2530/ZN                   NR2XD4            3 14.7   33   +33     844 F 
mul_25_35_g2492/B1                                                    +0     844   
mul_25_35_g2492/ZN                   INR2XD2           3  5.4   40   +31     876 R 
mul_25_35_g2467/A2                                                    +0     876   
mul_25_35_g2467/ZN                   ND2D1             1  1.8   31   +33     909 F 
mul_25_35_g2463/B1                                                    +0     909   
mul_25_35_g2463/ZN                   INR2XD1           1  3.6   46   +35     944 R 
mul_25_35_g2459/A1                                                    +0     944   
mul_25_35_g2459/ZN                   NR2XD2            2  4.1   24   +26     970 F 
fopt6089/I                                                            +0     970   
fopt6089/ZN                          CKND2             1  4.4   24   +21     992 R 
mul_25_35_g2441/B1                                                    +0     992   
mul_25_35_g2441/ZN                   IND2D4            1  4.5   25   +22    1013 F 
mul_25_35_g2440/A1                                                    +0    1013   
mul_25_35_g2440/ZN                   ND2D4             6 12.1   37   +28    1041 R 
csa_tree_mul_25_40_groupi_g4729/A1                                    +0    1041   
csa_tree_mul_25_40_groupi_g4729/ZN   ND2D2             2  3.2   33   +27    1068 F 
fopt6174/I                                                            +0    1068   
fopt6174/ZN                          CKND2             1  1.2   15   +16    1084 R 
csa_tree_mul_25_40_groupi_g4637/A1                                    +0    1084   
csa_tree_mul_25_40_groupi_g4637/ZN   NR2D1             1  1.2   18   +14    1097 F 
csa_tree_mul_25_40_groupi_g4608/A1                                    +0    1097   
csa_tree_mul_25_40_groupi_g4608/ZN   IND2D2            2  4.3   36   +53    1150 F 
csa_tree_mul_25_40_groupi_g4540/A1                                    +0    1150   
csa_tree_mul_25_40_groupi_g4540/ZN   NR2D2             1  7.0   77   +54    1204 R 
csa_tree_mul_25_40_groupi_g4532/B1                                    +0    1204   
csa_tree_mul_25_40_groupi_g4532/ZN   INR2XD4           4  5.4   30   +35    1239 F 
csa_tree_mul_25_40_groupi_g4481/I                                     +0    1239   
csa_tree_mul_25_40_groupi_g4481/ZN   CKND2             1  2.1   17   +17    1257 R 
csa_tree_mul_25_40_groupi_g4266/A1                                    +0    1257   
csa_tree_mul_25_40_groupi_g4266/ZN   ND2D2             1  2.1   21   +19    1276 F 
csa_tree_mul_25_40_groupi_g4255/A1                                    +0    1276   
csa_tree_mul_25_40_groupi_g4255/ZN   ND2D2             2  4.7   31   +23    1299 R 
csa_tree_mul_25_40_groupi_g4135/B1                                    +0    1299   
csa_tree_mul_25_40_groupi_g4135/ZN   IND2D2            1  2.4   28   +27    1326 F 
csa_tree_mul_25_40_groupi_g4122/A1                                    +0    1326   
csa_tree_mul_25_40_groupi_g4122/ZN   INR2D4            4  4.6   20   +43    1369 F 
csa_tree_mul_25_40_groupi_g3999/A1                                    +0    1369   
csa_tree_mul_25_40_groupi_g3999/ZN   ND2D1             1  2.4   34   +25    1394 R 
csa_tree_mul_25_40_groupi_g3987/A1                                    +0    1394   
csa_tree_mul_25_40_groupi_g3987/ZN   INR2D4            2  6.7   49   +60    1454 R 
csa_tree_mul_25_40_groupi_g3962/A1                                    +0    1454   
csa_tree_mul_25_40_groupi_g3962/ZN   ND2D4             3  9.3   36   +34    1487 F 
fopt6157/I                                                            +0    1487   
fopt6157/ZN                          INVD4             1  3.6   18   +19    1507 R 
csa_tree_mul_25_40_groupi_g3901/A1                                    +0    1507   
csa_tree_mul_25_40_groupi_g3901/ZN   NR2XD2            3  3.6   23   +18    1525 F 
csa_tree_mul_25_40_groupi_g3873/A1                                    +0    1525   
csa_tree_mul_25_40_groupi_g3873/ZN   ND2D1             1  2.2   32   +25    1549 R 
csa_tree_mul_25_40_groupi_g3869/A2                                    +0    1549   
csa_tree_mul_25_40_groupi_g3869/ZN   CKND2D2           2  2.3   30   +25    1574 F 
csa_tree_mul_25_40_groupi_g3868/I                                     +0    1574   
csa_tree_mul_25_40_groupi_g3868/ZN   INVD1             1  2.5   29   +26    1600 R 
csa_tree_mul_25_40_groupi_g3860/A2                                    +0    1600   
csa_tree_mul_25_40_groupi_g3860/ZN   ND2D2             1  2.1   21   +25    1625 F 
csa_tree_mul_25_40_groupi_g3857/A1                                    +0    1625   
csa_tree_mul_25_40_groupi_g3857/ZN   ND2D2             3  5.9   36   +26    1651 R 
csa_tree_add_25_30_groupi_g5590/A1                                    +0    1651   
csa_tree_add_25_30_groupi_g5590/ZN   ND2D3             3  5.7   48   +29    1680 F 
g6039/A                                                               +0    1680   
g6039/S                              HA1D1             1  1.9   32   +80    1760 R 
csa_tree_add_25_30_groupi_g5185/S                                     +0    1760   
csa_tree_add_25_30_groupi_g5185/Z    MUX2D1            1  2.2   38   +80    1840 R 
csa_tree_add_25_30_groupi_g5072/B                                     +0    1840   
csa_tree_add_25_30_groupi_g5072/S    FA1D1             2  3.6   40  +152    1992 F 
csa_tree_add_25_30_groupi_g5048/B1                                    +0    1992   
csa_tree_add_25_30_groupi_g5048/ZN   INR2D1            3  3.2   78   +56    2048 R 
csa_tree_add_25_30_groupi_g5034/A1                                    +0    2048   
csa_tree_add_25_30_groupi_g5034/ZN   ND2D1             1  2.1   41   +42    2090 F 
csa_tree_add_25_30_groupi_g5022/B                                     +0    2090   
csa_tree_add_25_30_groupi_g5022/ZN   OAI21D2           1  3.4   57   +34    2124 R 
csa_tree_add_25_30_groupi_g5015/A1                                    +0    2124   
csa_tree_add_25_30_groupi_g5015/ZN   NR2D3             2  3.1   21   +21    2145 F 
csa_tree_add_25_30_groupi_g5014/I                                     +0    2145   
csa_tree_add_25_30_groupi_g5014/ZN   INVD1             1  1.9   24   +21    2166 R 
csa_tree_add_25_30_groupi_g5012/A1                                    +0    2166   
csa_tree_add_25_30_groupi_g5012/ZN   CKND2D2           1  2.1   20   +20    2186 F 
csa_tree_add_25_30_groupi_g5009/A1                                    +0    2186   
csa_tree_add_25_30_groupi_g5009/ZN   ND2D2             1  2.1   21   +17    2203 R 
g338/A1                                                               +0    2203   
g338/ZN                              ND2D2             1  1.2   39   +17    2220 F 
g324/B                                                                +0    2220   
g324/ZN                              IOA21D1           1  1.1   31   +24    2244 R 
oR_reg[16]/D                         DFQD1                            +0    2244   
oR_reg[16]/CP                        setup                     100    +8    2252 R 
- - - - - - - - - - - - - - - - - - - - - - - - - - - - - - - - - - - - - - - - - -
(clock clk)                          capture                                2200 R 
                                     latency                          +2    2202 R 
                                     uncertainty                    -200    2002 R 
-----------------------------------------------------------------------------------
Timing slack :    -250ps (TIMING VIOLATION)
Start-point  : A1_reg[5]/CP
End-point    : oR_reg[16]/D
